

Processing LoginController#logout (for 127.0.0.1 at 2008-08-06 16:01:17) [GET]
  Session ID: BAh7CjoMdXNlcl9pZGkGOhFvcmlnaW5hbF91cmkwOgxyY2NfZXJyMDoMY3Ny
Zl9pZCIlZDcyN2Q2OTllN2U5YWU2MjY0ZTEyZmFkOTliNWIwMWQiCmZsYXNo
SUM6J0FjdGlvbkNvbnRyb2xsZXI6OkZsYXNoOjpGbGFzaEhhc2h7AAY6CkB1
c2VkewA=--cfc2009fadf5a504e0a1be62a1075c77df3489e9
  Parameters: {"action"=>"logout", "controller"=>"login"}
  [4;36;1mSQL (0.000333)[0m   [0;1mSET NAMES 'utf8'[0m
  [4;35;1mSQL (0.000232)[0m   [0mSET SQL_AUTO_IS_NULL=0[0m
Redirected to http://localhost:3000/login/login
Completed in 0.01478 (67 reqs/sec) | DB: 0.00057 (3%) | 302 Found [http://localhost/login/logout]


Processing LoginController#login (for 127.0.0.1 at 2008-08-06 16:01:17) [GET]
  Session ID: BAh7CjoMdXNlcl9pZDA6EW9yaWdpbmFsX3VyaTA6DGNzcmZfaWQiJWQ3Mjdk
Njk5ZTdlOWFlNjI2NGUxMmZhZDk5YjViMDFkOgxyY2NfZXJyMCIKZmxhc2hJ
QzonQWN0aW9uQ29udHJvbGxlcjo6Rmxhc2g6OkZsYXNoSGFzaHsGOgtub3Rp
Y2UiJllvdSBoYXZlIHN1Y2Nlc3NmdWxseSBsb2dnZWQgb3V0LgY6CkB1c2Vk
ewY7CkY=--37a5dde51aa6374107a782897b9cc252609f0daa
  Parameters: {"action"=>"login", "controller"=>"login"}
Rendering template within layouts/supramap
Rendering login/login
  [4;36;1mUser Columns (0.008728)[0m   [0;1mSHOW FIELDS FROM `users`[0m
  [4;35;1mUser Load (0.000836)[0m   [0mSELECT * FROM `users` WHERE (`users`.`id` IS NULL) LIMIT 1[0m
Completed in 0.21583 (4 reqs/sec) | Rendering: 0.19744 (91%) | DB: 0.00956 (4%) | 200 OK [http://localhost/login/login]


Processing LoginController#register (for 127.0.0.1 at 2008-08-06 16:01:20) [GET]
  Session ID: BAh7CjoMdXNlcl9pZDA6EW9yaWdpbmFsX3VyaTA6DHJjY19lcnIwOgxjc3Jm
X2lkIiVkNzI3ZDY5OWU3ZTlhZTYyNjRlMTJmYWQ5OWI1YjAxZCIKZmxhc2hJ
QzonQWN0aW9uQ29udHJvbGxlcjo6Rmxhc2g6OkZsYXNoSGFzaHsGOgtub3Rp
Y2UiJllvdSBoYXZlIHN1Y2Nlc3NmdWxseSBsb2dnZWQgb3V0LgY6CkB1c2Vk
ewY7ClQ=--50b8cd1446b35cdb62cfad1ce11641b68034c468
  Parameters: {"action"=>"register", "controller"=>"login"}
  [4;36;1mUser Columns (0.232099)[0m   [0;1mSHOW FIELDS FROM `users`[0m
Rendering template within layouts/supramap
Rendering login/register
  [4;35;1mUser Load (0.003891)[0m   [0mSELECT * FROM `users` WHERE (`users`.`id` IS NULL) LIMIT 1[0m
Completed in 0.32791 (3 reqs/sec) | Rendering: 0.04045 (12%) | DB: 0.23599 (71%) | 200 OK [http://localhost/login/register]


Processing LoginController#register (for 127.0.0.1 at 2008-08-06 16:01:33) [POST]
  Session ID: BAh7CjoMdXNlcl9pZDA6EW9yaWdpbmFsX3VyaTA6DGNzcmZfaWQiJWQ3Mjdk
Njk5ZTdlOWFlNjI2NGUxMmZhZDk5YjViMDFkOgxyY2NfZXJyMCIKZmxhc2hJ
QzonQWN0aW9uQ29udHJvbGxlcjo6Rmxhc2g6OkZsYXNoSGFzaHsABjoKQHVz
ZWR7AA==--7f0428d105181c5dd4aff9966ce0275aa4979963
  Parameters: {"user"=>{"password_confirmation"=>"superm@p1", "firstname"=>"s", "lastname"=>"s", "login"=>"s", "password"=>"superm@p1", "eula"=>"1", "email"=>"s@jdhf.com"}, "commit"=>"Register", "authenticity_token"=>"a0f0013eabbdc8254a0f4ab4fa5ebde699c104e8", "action"=>"register", "controller"=>"login"}
  [4;36;1mUser Columns (0.006772)[0m   [0;1mSHOW FIELDS FROM `users`[0m
  [4;35;1mSQL (0.000438)[0m   [0mBEGIN[0m
  [4;36;1mSQL (0.000929)[0m   [0;1mSELECT `login` FROM `users` WHERE (`users`.login = 's') [0m
  [4;35;1mSQL (0.000827)[0m   [0mSELECT `email` FROM `users` WHERE (`users`.email = 's@jdhf.com') [0m
  [4;36;1mUser Create (0.000934)[0m   [0;1mINSERT INTO `users` (`salt`, `auth`, `updated_at`, `hashed_password`, `admin`, `firstname`, `lastname`, `login`, `email`, `created_at`) VALUES('263990000.983752835800339', 1, '2008-08-06 16:01:33', 'd1e7d23f319e25653f0165f54591bb9ff3e7e103', 1, 's', 's', 's', 's@jdhf.com', '2008-08-06 16:01:33')[0m
  [4;35;1mSQL (0.018894)[0m   [0mCOMMIT[0m
Redirected to http://localhost:3000/login/login
Completed in 0.15032 (6 reqs/sec) | DB: 0.02879 (19%) | 302 Found [http://localhost/login/register]


Processing LoginController#login (for 127.0.0.1 at 2008-08-06 16:01:34) [GET]
  Session ID: BAh7CjoMdXNlcl9pZDA6EW9yaWdpbmFsX3VyaTA6DHJjY19lcnIwOgxjc3Jm
X2lkIiVkNzI3ZDY5OWU3ZTlhZTYyNjRlMTJmYWQ5OWI1YjAxZCIKZmxhc2hJ
QzonQWN0aW9uQ29udHJvbGxlcjo6Rmxhc2g6OkZsYXNoSGFzaHsGOgtub3Rp
Y2UiFFVzZXIgcyBjcmVhdGVkLgY6CkB1c2VkewY7CkY=--75e2429e8e218eb4f850854d4dfbea830fea3136
  Parameters: {"action"=>"login", "controller"=>"login"}
Rendering template within layouts/supramap
Rendering login/login
  [4;36;1mUser Columns (0.048574)[0m   [0;1mSHOW FIELDS FROM `users`[0m
  [4;35;1mUser Load (0.003100)[0m   [0mSELECT * FROM `users` WHERE (`users`.`id` IS NULL) LIMIT 1[0m
Completed in 0.22891 (4 reqs/sec) | Rendering: 0.16831 (73%) | DB: 0.05167 (22%) | 200 OK [http://localhost/login/login]


Processing LoginController#login (for 127.0.0.1 at 2008-08-06 16:01:39) [POST]
  Session ID: BAh7CjoMdXNlcl9pZDA6EW9yaWdpbmFsX3VyaTA6DGNzcmZfaWQiJWQ3Mjdk
Njk5ZTdlOWFlNjI2NGUxMmZhZDk5YjViMDFkOgxyY2NfZXJyMCIKZmxhc2hJ
QzonQWN0aW9uQ29udHJvbGxlcjo6Rmxhc2g6OkZsYXNoSGFzaHsGOgtub3Rp
Y2UiFFVzZXIgcyBjcmVhdGVkLgY6CkB1c2VkewY7ClQ=--c21dd02f94501f56816432c418b99335af54c0da
  Parameters: {"commit"=>"Login", "authenticity_token"=>"a0f0013eabbdc8254a0f4ab4fa5ebde699c104e8", "action"=>"login", "controller"=>"login", "password"=>"superm@p1", "login"=>"s"}
  [4;36;1mUser Columns (0.008055)[0m   [0;1mSHOW FIELDS FROM `users`[0m
  [4;35;1mUser Load (0.001124)[0m   [0mSELECT * FROM `users` WHERE (`users`.`login` = 's') LIMIT 1[0m
Redirected to http://localhost:3000/supramap/projects
Completed in 0.17083 (5 reqs/sec) | DB: 0.00918 (5%) | 302 Found [http://localhost/login/login]


Processing SupramapController#projects (for 127.0.0.1 at 2008-08-06 16:01:54) [GET]
  Session ID: BAh7CjoMdXNlcl9pZGkJOhFvcmlnaW5hbF91cmkwOgxyY2NfZXJyMDoMY3Ny
Zl9pZCIlZDcyN2Q2OTllN2U5YWU2MjY0ZTEyZmFkOTliNWIwMWQiCmZsYXNo
SUM6J0FjdGlvbkNvbnRyb2xsZXI6OkZsYXNoOjpGbGFzaEhhc2h7AAY6CkB1
c2VkewA=--ba3b5185b962983270d5021b32a481212be73063
  Parameters: {"action"=>"projects", "controller"=>"supramap"}
  [4;36;1mUser Columns (0.059233)[0m   [0;1mSHOW FIELDS FROM `users`[0m
  [4;35;1mUser Load (0.004077)[0m   [0mSELECT * FROM `users` WHERE (`users`.`id` = 4) LIMIT 1[0m
  [4;36;1mProject Columns (0.005427)[0m   [0;1mSHOW FIELDS FROM `projects`[0m
  [4;35;1mProject Load (0.055932)[0m   [0mSELECT * FROM `projects` WHERE (`projects`.`user_id` = 4) [0m
Rendering template within layouts/supramap
Rendering supramap/projects
  [4;36;1mCACHE (0.000000)[0m   [0;1mSELECT * FROM `users` WHERE (`users`.`id` = 4) LIMIT 1[0m
Completed in 0.33774 (2 reqs/sec) | Rendering: 0.03193 (9%) | DB: 0.12467 (36%) | 200 OK [http://localhost/supramap/projects]


Processing SupramapController#create_project (for 127.0.0.1 at 2008-08-06 16:01:59) [POST]
  Session ID: BAh7CjoMdXNlcl9pZGkJOhFvcmlnaW5hbF91cmkwOgxjc3JmX2lkIiVkNzI3
ZDY5OWU3ZTlhZTYyNjRlMTJmYWQ5OWI1YjAxZDoMcmNjX2VycjAiCmZsYXNo
SUM6J0FjdGlvbkNvbnRyb2xsZXI6OkZsYXNoOjpGbGFzaEhhc2h7AAY6CkB1
c2VkewA=--26aeec4d3b7dcffaaf2133fa16da753c933389ec
  Parameters: {"commit"=>"Create", "project"=>{"name"=>"1", "user_id"=>"4"}, "authenticity_token"=>"a0f0013eabbdc8254a0f4ab4fa5ebde699c104e8", "action"=>"create_project", "controller"=>"supramap"}
  [4;35;1mUser Columns (0.005915)[0m   [0mSHOW FIELDS FROM `users`[0m
  [4;36;1mUser Load (0.003202)[0m   [0;1mSELECT * FROM `users` WHERE (`users`.`id` = 4) LIMIT 1[0m
  [4;35;1mProject Columns (0.008968)[0m   [0mSHOW FIELDS FROM `projects`[0m
  [4;36;1mSQL (0.000424)[0m   [0;1mBEGIN[0m
  [4;35;1mSQL (0.009665)[0m   [0mSELECT `name` FROM `projects` WHERE (`projects`.name = '1' AND `projects`.user_id = 4) [0m
  [4;36;1mProject Create (0.001224)[0m   [0;1mINSERT INTO `projects` (`name`, `user_id`, `created_at`) VALUES('1', 4, '2008-08-06 16:01:59')[0m
  [4;35;1mSQL (0.001021)[0m   [0mCOMMIT[0m
Redirected to http://localhost:3000/supramap/projects
Completed in 0.10974 (9 reqs/sec) | DB: 0.03042 (27%) | 302 Found [http://localhost/supramap/create_project]


Processing SupramapController#projects (for 127.0.0.1 at 2008-08-06 16:01:59) [GET]
  Session ID: BAh7CjoMdXNlcl9pZGkJOhFvcmlnaW5hbF91cmkwOgxyY2NfZXJyMDoMY3Ny
Zl9pZCIlZDcyN2Q2OTllN2U5YWU2MjY0ZTEyZmFkOTliNWIwMWQiCmZsYXNo
SUM6J0FjdGlvbkNvbnRyb2xsZXI6OkZsYXNoOjpGbGFzaEhhc2h7BjoLbm90
aWNlIiRQcm9qZWN0IDEgc3VjY2Vzc2Z1bGx5IGNyZWF0ZWQuBjoKQHVzZWR7
BjsKRg==--21460cef2e501f223f4c3b2b77de089f8497c9d3
  Parameters: {"action"=>"projects", "controller"=>"supramap"}
  [4;36;1mUser Columns (0.031246)[0m   [0;1mSHOW FIELDS FROM `users`[0m
  [4;35;1mUser Load (0.004792)[0m   [0mSELECT * FROM `users` WHERE (`users`.`id` = 4) LIMIT 1[0m
  [4;36;1mProject Columns (0.021875)[0m   [0;1mSHOW FIELDS FROM `projects`[0m
  [4;35;1mProject Load (0.000964)[0m   [0mSELECT * FROM `projects` WHERE (`projects`.`user_id` = 4) [0m
Rendering template within layouts/supramap
Rendering supramap/projects
  [4;36;1mSfile Columns (0.005609)[0m   [0;1mSHOW FIELDS FROM `sfiles`[0m
  [4;35;1mSQL (0.054291)[0m   [0mSELECT count(*) AS count_all FROM `sfiles` WHERE (`sfiles`.project_id = 10) [0m
  [4;36;1mJob Columns (0.005483)[0m   [0;1mSHOW FIELDS FROM `jobs`[0m
  [4;35;1mSQL (0.006863)[0m   [0mSELECT count(*) AS count_all FROM `jobs` WHERE (`jobs`.project_id = 10) [0m
  [4;36;1mCACHE (0.000000)[0m   [0;1mSELECT * FROM `users` WHERE (`users`.`id` = 4) LIMIT 1[0m
Completed in 0.49901 (2 reqs/sec) | Rendering: 0.17286 (34%) | DB: 0.13112 (26%) | 200 OK [http://localhost/supramap/projects]


Processing SupramapController#show_project (for 127.0.0.1 at 2008-08-06 16:02:11) [POST]
  Session ID: BAh7CjoMdXNlcl9pZGkJOhFvcmlnaW5hbF91cmkwOgxjc3JmX2lkIiVkNzI3
ZDY5OWU3ZTlhZTYyNjRlMTJmYWQ5OWI1YjAxZDoMcmNjX2VycjAiCmZsYXNo
SUM6J0FjdGlvbkNvbnRyb2xsZXI6OkZsYXNoOjpGbGFzaEhhc2h7BjoLbm90
aWNlIiRQcm9qZWN0IDEgc3VjY2Vzc2Z1bGx5IGNyZWF0ZWQuBjoKQHVzZWR7
BjsKVA==--ee4520b90d8c733020c31567fd02d218c15fb62f
  Parameters: {"authenticity_token"=>"a0f0013eabbdc8254a0f4ab4fa5ebde699c104e8", "action"=>"show_project", "id"=>"10", "controller"=>"supramap"}
  [4;35;1mUser Columns (0.016886)[0m   [0mSHOW FIELDS FROM `users`[0m
  [4;36;1mUser Load (0.003416)[0m   [0;1mSELECT * FROM `users` WHERE (`users`.`id` = 4) LIMIT 1[0m
  [4;35;1mProject Columns (0.005435)[0m   [0mSHOW FIELDS FROM `projects`[0m
  [4;36;1mProject Load (0.003058)[0m   [0;1mSELECT * FROM `projects` WHERE (`projects`.`id` = 10) [0m
  [4;35;1mSfile Columns (0.013702)[0m   [0mSHOW FIELDS FROM `sfiles`[0m
  [4;36;1mSfile Load (0.003111)[0m   [0;1mSELECT * FROM `sfiles` WHERE (`sfiles`.`project_id` = 10) [0m
  [4;35;1mJob Columns (0.007591)[0m   [0mSHOW FIELDS FROM `jobs`[0m
  [4;36;1mJob Load (0.001039)[0m   [0;1mSELECT * FROM `jobs` WHERE (`jobs`.`project_id` = 10) [0m
Rendering template within layouts/supramap
Rendering supramap/show_project
  [4;35;1mCACHE (0.000000)[0m   [0mSELECT * FROM `users` WHERE (`users`.`id` = 4) LIMIT 1[0m
Completed in 0.39359 (2 reqs/sec) | Rendering: 0.15255 (38%) | DB: 0.05424 (13%) | 200 OK [http://localhost/supramap/show_project/10]


Processing SupramapController#add_file (for 127.0.0.1 at 2008-08-06 16:02:15) [POST]
  Session ID: BAh7CjoMdXNlcl9pZGkJOhFvcmlnaW5hbF91cmkwOgxyY2NfZXJyMDoMY3Ny
Zl9pZCIlZDcyN2Q2OTllN2U5YWU2MjY0ZTEyZmFkOTliNWIwMWQiCmZsYXNo
SUM6J0FjdGlvbkNvbnRyb2xsZXI6OkZsYXNoOjpGbGFzaEhhc2h7AAY6CkB1
c2VkewA=--ba3b5185b962983270d5021b32a481212be73063
  Parameters: {"authenticity_token"=>"a0f0013eabbdc8254a0f4ab4fa5ebde699c104e8", "action"=>"add_file", "id"=>"10", "controller"=>"supramap"}
  [4;36;1mUser Columns (0.008157)[0m   [0;1mSHOW FIELDS FROM `users`[0m
  [4;35;1mUser Load (0.001007)[0m   [0mSELECT * FROM `users` WHERE (`users`.`id` = 4) LIMIT 1[0m
  [4;36;1mSfile Columns (0.005215)[0m   [0;1mSHOW FIELDS FROM `sfiles`[0m
  [4;35;1mProject Columns (0.007446)[0m   [0mSHOW FIELDS FROM `projects`[0m
  [4;36;1mProject Load (0.004759)[0m   [0;1mSELECT * FROM `projects` WHERE (`projects`.`id` = 10) [0m
Rendering template within layouts/supramap
Rendering supramap/add_file
  [4;35;1mCACHE (0.000000)[0m   [0mSELECT * FROM `users` WHERE (`users`.`id` = 4) LIMIT 1[0m
Completed in 0.21896 (4 reqs/sec) | Rendering: 0.06757 (30%) | DB: 0.02658 (12%) | 200 OK [http://localhost/supramap/add_file/10]


Processing SupramapController#create_file (for 127.0.0.1 at 2008-08-06 16:02:19) [POST]
  Session ID: BAh7CjoMdXNlcl9pZGkJOhFvcmlnaW5hbF91cmkwOgxjc3JmX2lkIiVkNzI3
ZDY5OWU3ZTlhZTYyNjRlMTJmYWQ5OWI1YjAxZDoMcmNjX2VycjAiCmZsYXNo
SUM6J0FjdGlvbkNvbnRyb2xsZXI6OkZsYXNoOjpGbGFzaEhhc2h7AAY6CkB1
c2VkewA=--26aeec4d3b7dcffaaf2133fa16da753c933389ec
  Parameters: {"commit"=>"Upload", "sfile"=>{"project_id"=>"10", "uploaded_file"=>#<ActionController::UploadedStringIO:0x311ba40>}, "authenticity_token"=>"a0f0013eabbdc8254a0f4ab4fa5ebde699c104e8", "action"=>"create_file", "controller"=>"supramap"}
  [4;36;1mUser Columns (0.006334)[0m   [0;1mSHOW FIELDS FROM `users`[0m
  [4;35;1mUser Load (0.003730)[0m   [0mSELECT * FROM `users` WHERE (`users`.`id` = 4) LIMIT 1[0m
  [4;36;1mSfile Columns (0.005617)[0m   [0;1mSHOW FIELDS FROM `sfiles`[0m
  [4;35;1mProject Columns (0.081825)[0m   [0mSHOW FIELDS FROM `projects`[0m
  [4;36;1mProject Load (0.000927)[0m   [0;1mSELECT * FROM `projects` WHERE (`projects`.`id` = 10) [0m
  [4;35;1mUser Load (0.000985)[0m   [0mSELECT * FROM `users` WHERE (`users`.`id` = 4) [0m
  [4;36;1mSQL (0.025857)[0m   [0;1mBEGIN[0m
  [4;35;1mSQL (0.000816)[0m   [0mSELECT `filename` FROM `sfiles` WHERE (`sfiles`.filename = 'quick.csv' AND `sfiles`.project_id = 10) [0m
  [4;36;1mSfile Create (0.000716)[0m   [0;1mINSERT INTO `sfiles` (`filetype`, `project_id`, `size`, `filename`, `created_at`) VALUES('csv', 10, NULL, 'quick.csv', '2008-08-06 16:02:19')[0m
  [4;35;1mSQL (0.000929)[0m   [0mCOMMIT[0m
Redirected to http://localhost:3000/supramap/show_project/10
Completed in 0.45391 (2 reqs/sec) | DB: 0.12774 (28%) | 302 Found [http://localhost/supramap/create_file]


Processing SupramapController#show_project (for 127.0.0.1 at 2008-08-06 16:02:20) [GET]
  Session ID: BAh7CjoMdXNlcl9pZGkJOhFvcmlnaW5hbF91cmkwOgxyY2NfZXJyMDoMY3Ny
Zl9pZCIlZDcyN2Q2OTllN2U5YWU2MjY0ZTEyZmFkOTliNWIwMWQiCmZsYXNo
SUM6J0FjdGlvbkNvbnRyb2xsZXI6OkZsYXNoOjpGbGFzaEhhc2h7BjoLbm90
aWNlIipGaWxlIHF1aWNrLmNzdiBzdWNjZXNzZnVsbHkgdXBsb2FkZWQuBjoK
QHVzZWR7BjsKRg==--2ddaac322a3cd439d3d35656f425fa9cab573077
  Parameters: {"action"=>"show_project", "id"=>"10", "controller"=>"supramap"}
  [4;36;1mUser Columns (0.005588)[0m   [0;1mSHOW FIELDS FROM `users`[0m
  [4;35;1mUser Load (0.003492)[0m   [0mSELECT * FROM `users` WHERE (`users`.`id` = 4) LIMIT 1[0m
  [4;36;1mProject Columns (0.005592)[0m   [0;1mSHOW FIELDS FROM `projects`[0m
  [4;35;1mProject Load (0.002964)[0m   [0mSELECT * FROM `projects` WHERE (`projects`.`id` = 10) [0m
  [4;36;1mSfile Columns (0.012672)[0m   [0;1mSHOW FIELDS FROM `sfiles`[0m
  [4;35;1mSfile Load (0.003127)[0m   [0mSELECT * FROM `sfiles` WHERE (`sfiles`.`project_id` = 10) [0m
  [4;36;1mJob Columns (0.006070)[0m   [0;1mSHOW FIELDS FROM `jobs`[0m
  [4;35;1mJob Load (0.003029)[0m   [0mSELECT * FROM `jobs` WHERE (`jobs`.`project_id` = 10) [0m
Rendering template within layouts/supramap
Rendering supramap/show_project
  [4;36;1mCACHE (0.000000)[0m   [0;1mSELECT * FROM `projects` WHERE (`projects`.`id` = 10) [0m
  [4;35;1mUser Load (0.000875)[0m   [0mSELECT * FROM `users` WHERE (`users`.`id` = 4) [0m
  [4;36;1mCACHE (0.000000)[0m   [0;1mSELECT * FROM `users` WHERE (`users`.`id` = 4) LIMIT 1[0m
Completed in 0.98500 (1 reqs/sec) | Rendering: 0.75625 (76%) | DB: 0.04341 (4%) | 200 OK [http://localhost/supramap/show_project/10]


Processing SupramapController#add_file (for 127.0.0.1 at 2008-08-06 16:02:36) [POST]
  Session ID: BAh7CjoMdXNlcl9pZGkJOhFvcmlnaW5hbF91cmkwOgxjc3JmX2lkIiVkNzI3
ZDY5OWU3ZTlhZTYyNjRlMTJmYWQ5OWI1YjAxZDoMcmNjX2VycjAiCmZsYXNo
SUM6J0FjdGlvbkNvbnRyb2xsZXI6OkZsYXNoOjpGbGFzaEhhc2h7BjoLbm90
aWNlIipGaWxlIHF1aWNrLmNzdiBzdWNjZXNzZnVsbHkgdXBsb2FkZWQuBjoK
QHVzZWR7BjsKVA==--cfd5cd331035d16f1d7378090440c33feb7e5998
  Parameters: {"authenticity_token"=>"a0f0013eabbdc8254a0f4ab4fa5ebde699c104e8", "action"=>"add_file", "id"=>"10", "controller"=>"supramap"}
  [4;35;1mUser Columns (0.011501)[0m   [0mSHOW FIELDS FROM `users`[0m
  [4;36;1mUser Load (0.003512)[0m   [0;1mSELECT * FROM `users` WHERE (`users`.`id` = 4) LIMIT 1[0m
  [4;35;1mSfile Columns (0.005593)[0m   [0mSHOW FIELDS FROM `sfiles`[0m
  [4;36;1mProject Columns (0.085622)[0m   [0;1mSHOW FIELDS FROM `projects`[0m
  [4;35;1mProject Load (0.003384)[0m   [0mSELECT * FROM `projects` WHERE (`projects`.`id` = 10) [0m
Rendering template within layouts/supramap
Rendering supramap/add_file
  [4;36;1mCACHE (0.000000)[0m   [0;1mSELECT * FROM `users` WHERE (`users`.`id` = 4) LIMIT 1[0m
Completed in 0.39225 (2 reqs/sec) | Rendering: 0.05571 (14%) | DB: 0.10961 (27%) | 200 OK [http://localhost/supramap/add_file/10]


Processing SupramapController#create_file (for 127.0.0.1 at 2008-08-06 16:02:42) [POST]
  Session ID: BAh7CjoMdXNlcl9pZGkJOhFvcmlnaW5hbF91cmkwOgxyY2NfZXJyMDoMY3Ny
Zl9pZCIlZDcyN2Q2OTllN2U5YWU2MjY0ZTEyZmFkOTliNWIwMWQiCmZsYXNo
SUM6J0FjdGlvbkNvbnRyb2xsZXI6OkZsYXNoOjpGbGFzaEhhc2h7AAY6CkB1
c2VkewA=--ba3b5185b962983270d5021b32a481212be73063
  Parameters: {"commit"=>"Upload", "sfile"=>{"project_id"=>"10", "uploaded_file"=>#<ActionController::UploadedStringIO:0x31fc040>}, "authenticity_token"=>"a0f0013eabbdc8254a0f4ab4fa5ebde699c104e8", "action"=>"create_file", "controller"=>"supramap"}
  [4;35;1mUser Columns (0.075305)[0m   [0mSHOW FIELDS FROM `users`[0m
  [4;36;1mUser Load (0.012204)[0m   [0;1mSELECT * FROM `users` WHERE (`users`.`id` = 4) LIMIT 1[0m
  [4;35;1mSfile Columns (0.087552)[0m   [0mSHOW FIELDS FROM `sfiles`[0m
  [4;36;1mProject Columns (0.022119)[0m   [0;1mSHOW FIELDS FROM `projects`[0m
  [4;35;1mProject Load (0.002922)[0m   [0mSELECT * FROM `projects` WHERE (`projects`.`id` = 10) [0m
  [4;36;1mUser Load (0.000794)[0m   [0;1mSELECT * FROM `users` WHERE (`users`.`id` = 4) [0m
  [4;35;1mSQL (0.004721)[0m   [0mBEGIN[0m
  [4;36;1mSQL (0.004059)[0m   [0;1mSELECT `filename` FROM `sfiles` WHERE (`sfiles`.filename = 'quick.fas' AND `sfiles`.project_id = 10) [0m
  [4;35;1mSfile Create (0.000828)[0m   [0mINSERT INTO `sfiles` (`filetype`, `project_id`, `size`, `filename`, `created_at`) VALUES('fas', 10, NULL, 'quick.fas', '2008-08-06 16:02:43')[0m
  [4;36;1mSQL (0.001151)[0m   [0;1mCOMMIT[0m
Redirected to http://localhost:3000/supramap/show_project/10
Completed in 0.74413 (1 reqs/sec) | DB: 0.21166 (28%) | 302 Found [http://localhost/supramap/create_file]


Processing SupramapController#show_project (for 127.0.0.1 at 2008-08-06 16:02:43) [GET]
  Session ID: BAh7CjoMdXNlcl9pZGkJOhFvcmlnaW5hbF91cmkwOgxjc3JmX2lkIiVkNzI3
ZDY5OWU3ZTlhZTYyNjRlMTJmYWQ5OWI1YjAxZDoMcmNjX2VycjAiCmZsYXNo
SUM6J0FjdGlvbkNvbnRyb2xsZXI6OkZsYXNoOjpGbGFzaEhhc2h7BjoLbm90
aWNlIipGaWxlIHF1aWNrLmZhcyBzdWNjZXNzZnVsbHkgdXBsb2FkZWQuBjoK
QHVzZWR7BjsKRg==--a377f1b148a6ab12ce0e62573ae62bfdde1a2332
  Parameters: {"action"=>"show_project", "id"=>"10", "controller"=>"supramap"}
  [4;35;1mUser Columns (0.084464)[0m   [0mSHOW FIELDS FROM `users`[0m
  [4;36;1mUser Load (0.003337)[0m   [0;1mSELECT * FROM `users` WHERE (`users`.`id` = 4) LIMIT 1[0m
  [4;35;1mProject Columns (0.005321)[0m   [0mSHOW FIELDS FROM `projects`[0m
  [4;36;1mProject Load (0.003000)[0m   [0;1mSELECT * FROM `projects` WHERE (`projects`.`id` = 10) [0m
  [4;35;1mSfile Columns (0.015974)[0m   [0mSHOW FIELDS FROM `sfiles`[0m
  [4;36;1mSfile Load (0.003138)[0m   [0;1mSELECT * FROM `sfiles` WHERE (`sfiles`.`project_id` = 10) [0m
  [4;35;1mJob Columns (0.005491)[0m   [0mSHOW FIELDS FROM `jobs`[0m
  [4;36;1mJob Load (0.004800)[0m   [0;1mSELECT * FROM `jobs` WHERE (`jobs`.`project_id` = 10) [0m
Rendering template within layouts/supramap
Rendering supramap/show_project
  [4;35;1mCACHE (0.000000)[0m   [0mSELECT * FROM `projects` WHERE (`projects`.`id` = 10) [0m
  [4;36;1mUser Load (0.000863)[0m   [0;1mSELECT * FROM `users` WHERE (`users`.`id` = 4) [0m
  [4;35;1mCACHE (0.000000)[0m   [0mSELECT * FROM `projects` WHERE (`projects`.`id` = 10) [0m
  [4;36;1mCACHE (0.000000)[0m   [0;1mSELECT * FROM `users` WHERE (`users`.`id` = 4) [0m
  [4;35;1mCACHE (0.000000)[0m   [0mSELECT * FROM `users` WHERE (`users`.`id` = 4) LIMIT 1[0m
Completed in 0.51212 (1 reqs/sec) | Rendering: 0.03251 (6%) | DB: 0.12639 (24%) | 200 OK [http://localhost/supramap/show_project/10]


Processing SupramapController#add_job (for 127.0.0.1 at 2008-08-06 16:02:49) [POST]
  Session ID: BAh7CjoMdXNlcl9pZGkJOhFvcmlnaW5hbF91cmkwOgxyY2NfZXJyMDoMY3Ny
Zl9pZCIlZDcyN2Q2OTllN2U5YWU2MjY0ZTEyZmFkOTliNWIwMWQiCmZsYXNo
SUM6J0FjdGlvbkNvbnRyb2xsZXI6OkZsYXNoOjpGbGFzaEhhc2h7BjoLbm90
aWNlIipGaWxlIHF1aWNrLmZhcyBzdWNjZXNzZnVsbHkgdXBsb2FkZWQuBjoK
QHVzZWR7BjsKVA==--1c349f08fc895e28e3c0dfbae6082c31ad186812
  Parameters: {"commit"=>"Define", "authenticity_token"=>"a0f0013eabbdc8254a0f4ab4fa5ebde699c104e8", "action"=>"add_job", "controller"=>"supramap", "job"=>{"name"=>"1", "project_id"=>"10"}}
  [4;36;1mUser Columns (0.005991)[0m   [0;1mSHOW FIELDS FROM `users`[0m
  [4;35;1mUser Load (0.035937)[0m   [0mSELECT * FROM `users` WHERE (`users`.`id` = 4) LIMIT 1[0m
  [4;36;1mSfile Columns (0.009407)[0m   [0;1mSHOW FIELDS FROM `sfiles`[0m
  [4;35;1mSfile Load (0.002474)[0m   [0mSELECT * FROM `sfiles` WHERE (`sfiles`.`project_id` = '10') [0m
Rendering template within layouts/supramap
Rendering supramap/add_job
  [4;36;1mCACHE (0.000000)[0m   [0;1mSELECT * FROM `users` WHERE (`users`.`id` = 4) LIMIT 1[0m
Completed in 0.34668 (2 reqs/sec) | Rendering: 0.03275 (9%) | DB: 0.05381 (15%) | 200 OK [http://localhost/supramap/add_job]


Processing SupramapController#create_job (for 127.0.0.1 at 2008-08-06 16:02:53) [POST]
  Session ID: BAh7CjoMdXNlcl9pZGkJOhFvcmlnaW5hbF91cmkwOgxjc3JmX2lkIiVkNzI3
ZDY5OWU3ZTlhZTYyNjRlMTJmYWQ5OWI1YjAxZDoMcmNjX2VycjAiCmZsYXNo
SUM6J0FjdGlvbkNvbnRyb2xsZXI6OkZsYXNoOjpGbGFzaEhhc2h7AAY6CkB1
c2VkewA=--26aeec4d3b7dcffaaf2133fa16da753c933389ec
  Parameters: {"commit"=>"Save", "files"=>{"22"=>"1", "21"=>"1"}, "authenticity_token"=>"a0f0013eabbdc8254a0f4ab4fa5ebde699c104e8", "action"=>"create_job", "controller"=>"supramap", "job"=>{"status"=>"Running", "name"=>"1", "project_id"=>"10"}}
  [4;35;1mUser Columns (0.074127)[0m   [0mSHOW FIELDS FROM `users`[0m
  [4;36;1mUser Load (0.034194)[0m   [0;1mSELECT * FROM `users` WHERE (`users`.`id` = 4) LIMIT 1[0m
  [4;35;1mJob Columns (0.035999)[0m   [0mSHOW FIELDS FROM `jobs`[0m
  [4;36;1mSQL (0.000439)[0m   [0;1mBEGIN[0m
  [4;35;1mSQL (0.000928)[0m   [0mSELECT `name` FROM `jobs` WHERE (`jobs`.name = '1' AND `jobs`.project_id = 10) [0m
  [4;36;1mJob Create (0.000868)[0m   [0;1mINSERT INTO `jobs` (`completed_at`, `name`, `status`, `project_id`, `created_at`) VALUES(NULL, '1', 'Running', 10, '2008-08-06 16:02:53')[0m
  [4;35;1mSQL (0.001067)[0m   [0mCOMMIT[0m
  [4;36;1mProject Columns (0.009528)[0m   [0;1mSHOW FIELDS FROM `projects`[0m
  [4;35;1mProject Load (0.000888)[0m   [0mSELECT * FROM `projects` WHERE (`projects`.`id` = 10) [0m
  [4;36;1mUser Load (0.001114)[0m   [0;1mSELECT * FROM `users` WHERE (`users`.`id` = 4) [0m
  [4;35;1mSfile Load (0.000806)[0m   [0mSELECT * FROM `sfiles` [0m
  [4;36;1mSfile Columns (0.005378)[0m   [0;1mSHOW FIELDS FROM `sfiles`[0m
  [4;35;1mSQL (0.002561)[0m   [0mBEGIN[0m
  [4;36;1mjobs_sfiles Columns (0.012529)[0m   [0;1mSHOW FIELDS FROM `jobs_sfiles`[0m
  [4;35;1mSQL (0.002822)[0m   [0mINSERT INTO `jobs_sfiles` (`job_id`, `sfile_id`) VALUES (13, 21)[0m
  [4;36;1mSQL (0.001042)[0m   [0;1mCOMMIT[0m
  [4;35;1mSQL (0.000211)[0m   [0mBEGIN[0m
  [4;36;1mjobs_sfiles Columns (0.004620)[0m   [0;1mSHOW FIELDS FROM `jobs_sfiles`[0m
  [4;35;1mSQL (0.002786)[0m   [0mINSERT INTO `jobs_sfiles` (`job_id`, `sfile_id`) VALUES (13, 22)[0m
  [4;36;1mSQL (0.000725)[0m   [0;1mCOMMIT[0m
Redirected to http://localhost:3000/supramap/show_project/10
Completed in 2.52889 (0 reqs/sec) | DB: 0.19263 (7%) | 302 Found [http://localhost/supramap/create_job]


Processing SupramapController#show_project (for 127.0.0.1 at 2008-08-06 16:02:56) [GET]
  Session ID: BAh7CjoMdXNlcl9pZGkJOhFvcmlnaW5hbF91cmkwOgxyY2NfZXJyMDoMY3Ny
Zl9pZCIlZDcyN2Q2OTllN2U5YWU2MjY0ZTEyZmFkOTliNWIwMWQiCmZsYXNo
SUM6J0FjdGlvbkNvbnRyb2xsZXI6OkZsYXNoOjpGbGFzaEhhc2h7BjoLbm90
aWNlIixKb2IgMSBzdWNjZXNzZnVsbHkgY3JlYXRlZCBhbmQgc3RhcnRlZC4G
OgpAdXNlZHsGOwpG--7a024ecb55bf3c7262f6874b08b2790814bbc207
  Parameters: {"action"=>"show_project", "id"=>"10", "controller"=>"supramap"}
  [4;35;1mUser Columns (0.008868)[0m   [0mSHOW FIELDS FROM `users`[0m
  [4;36;1mUser Load (0.003306)[0m   [0;1mSELECT * FROM `users` WHERE (`users`.`id` = 4) LIMIT 1[0m
  [4;35;1mProject Columns (0.027999)[0m   [0mSHOW FIELDS FROM `projects`[0m
  [4;36;1mProject Load (0.000853)[0m   [0;1mSELECT * FROM `projects` WHERE (`projects`.`id` = 10) [0m
  [4;35;1mSfile Columns (0.063717)[0m   [0mSHOW FIELDS FROM `sfiles`[0m
  [4;36;1mSfile Load (0.000889)[0m   [0;1mSELECT * FROM `sfiles` WHERE (`sfiles`.`project_id` = 10) [0m
  [4;35;1mJob Columns (0.553411)[0m   [0mSHOW FIELDS FROM `jobs`[0m
  [4;36;1mJob Load (0.004133)[0m   [0;1mSELECT * FROM `jobs` WHERE (`jobs`.`project_id` = 10) [0m
Rendering template within layouts/supramap
Rendering supramap/show_project
  [4;35;1mCACHE (0.000000)[0m   [0mSELECT * FROM `projects` WHERE (`projects`.`id` = 10) [0m
  [4;36;1mUser Load (0.000851)[0m   [0;1mSELECT * FROM `users` WHERE (`users`.`id` = 4) [0m
  [4;35;1mCACHE (0.000000)[0m   [0mSELECT * FROM `projects` WHERE (`projects`.`id` = 10) [0m
  [4;36;1mCACHE (0.000000)[0m   [0;1mSELECT * FROM `users` WHERE (`users`.`id` = 4) [0m
  [4;35;1mJoin Table Columns (0.044990)[0m   [0mSHOW FIELDS FROM `jobs_sfiles`[0m
  [4;36;1mSfile Load (0.003374)[0m   [0;1mSELECT * FROM `sfiles` INNER JOIN `jobs_sfiles` ON `sfiles`.id = `jobs_sfiles`.sfile_id WHERE (`jobs_sfiles`.job_id = 13 ) [0m
  [4;35;1mCACHE (0.000000)[0m   [0mSELECT * FROM `users` WHERE (`users`.`id` = 4) LIMIT 1[0m
Completed in 2.39378 (0 reqs/sec) | Rendering: 0.06080 (2%) | DB: 0.71239 (29%) | 200 OK [http://localhost/supramap/show_project/10]


Processing SupramapController#show_project (for 127.0.0.1 at 2008-08-06 16:03:18) [GET]
  Session ID: BAh7CjoMdXNlcl9pZGkJOhFvcmlnaW5hbF91cmkwOgxjc3JmX2lkIiVkNzI3
ZDY5OWU3ZTlhZTYyNjRlMTJmYWQ5OWI1YjAxZDoMcmNjX2VycjAiCmZsYXNo
SUM6J0FjdGlvbkNvbnRyb2xsZXI6OkZsYXNoOjpGbGFzaEhhc2h7BjoLbm90
aWNlIixKb2IgMSBzdWNjZXNzZnVsbHkgY3JlYXRlZCBhbmQgc3RhcnRlZC4G
OgpAdXNlZHsGOwpU--1abde885421a8785bb23a15c229448d8beecf916
  Parameters: {"action"=>"show_project", "id"=>"10", "controller"=>"supramap"}
  [4;36;1mUser Columns (0.019668)[0m   [0;1mSHOW FIELDS FROM `users`[0m
  [4;35;1mUser Load (0.003244)[0m   [0mSELECT * FROM `users` WHERE (`users`.`id` = 4) LIMIT 1[0m
  [4;36;1mProject Columns (0.007643)[0m   [0;1mSHOW FIELDS FROM `projects`[0m
  [4;35;1mProject Load (0.000926)[0m   [0mSELECT * FROM `projects` WHERE (`projects`.`id` = 10) [0m
  [4;36;1mSfile Columns (0.216924)[0m   [0;1mSHOW FIELDS FROM `sfiles`[0m
  [4;35;1mSfile Load (0.003100)[0m   [0mSELECT * FROM `sfiles` WHERE (`sfiles`.`project_id` = 10) [0m
  [4;36;1mJob Columns (0.028584)[0m   [0;1mSHOW FIELDS FROM `jobs`[0m
  [4;35;1mJob Load (0.003268)[0m   [0mSELECT * FROM `jobs` WHERE (`jobs`.`project_id` = 10) [0m
Rendering template within layouts/supramap
Rendering supramap/show_project
  [4;36;1mCACHE (0.000000)[0m   [0;1mSELECT * FROM `projects` WHERE (`projects`.`id` = 10) [0m
  [4;35;1mUser Load (0.001072)[0m   [0mSELECT * FROM `users` WHERE (`users`.`id` = 4) [0m
  [4;36;1mCACHE (0.000000)[0m   [0;1mSELECT * FROM `projects` WHERE (`projects`.`id` = 10) [0m
  [4;35;1mCACHE (0.000000)[0m   [0mSELECT * FROM `users` WHERE (`users`.`id` = 4) [0m
  [4;36;1mJoin Table Columns (0.315446)[0m   [0;1mSHOW FIELDS FROM `jobs_sfiles`[0m
  [4;35;1mSfile Load (0.003329)[0m   [0mSELECT * FROM `sfiles` INNER JOIN `jobs_sfiles` ON `sfiles`.id = `jobs_sfiles`.sfile_id WHERE (`jobs_sfiles`.job_id = 13 ) [0m
  [4;36;1mCACHE (0.000000)[0m   [0;1mSELECT * FROM `users` WHERE (`users`.`id` = 4) LIMIT 1[0m
Completed in 1.10434 (0 reqs/sec) | Rendering: 0.08243 (7%) | DB: 0.60320 (54%) | 200 OK [http://localhost/supramap/show_project/10]


Processing SupramapController#show_project (for 127.0.0.1 at 2008-08-06 16:03:22) [GET]
  Session ID: BAh7CjoMdXNlcl9pZGkJOhFvcmlnaW5hbF91cmkwOgxyY2NfZXJyMDoMY3Ny
Zl9pZCIlZDcyN2Q2OTllN2U5YWU2MjY0ZTEyZmFkOTliNWIwMWQiCmZsYXNo
SUM6J0FjdGlvbkNvbnRyb2xsZXI6OkZsYXNoOjpGbGFzaEhhc2h7AAY6CkB1
c2VkewA=--ba3b5185b962983270d5021b32a481212be73063
  Parameters: {"action"=>"show_project", "id"=>"10", "controller"=>"supramap"}
  [4;35;1mUser Columns (0.007424)[0m   [0mSHOW FIELDS FROM `users`[0m
  [4;36;1mUser Load (0.000940)[0m   [0;1mSELECT * FROM `users` WHERE (`users`.`id` = 4) LIMIT 1[0m
  [4;35;1mProject Columns (0.087033)[0m   [0mSHOW FIELDS FROM `projects`[0m
  [4;36;1mProject Load (0.217388)[0m   [0;1mSELECT * FROM `projects` WHERE (`projects`.`id` = 10) [0m
  [4;35;1mSfile Columns (0.091654)[0m   [0mSHOW FIELDS FROM `sfiles`[0m
  [4;36;1mSfile Load (0.003428)[0m   [0;1mSELECT * FROM `sfiles` WHERE (`sfiles`.`project_id` = 10) [0m
  [4;35;1mJob Columns (0.252475)[0m   [0mSHOW FIELDS FROM `jobs`[0m
  [4;36;1mJob Load (0.003648)[0m   [0;1mSELECT * FROM `jobs` WHERE (`jobs`.`project_id` = 10) [0m
Rendering template within layouts/supramap
Rendering supramap/show_project
  [4;35;1mCACHE (0.000000)[0m   [0mSELECT * FROM `projects` WHERE (`projects`.`id` = 10) [0m
  [4;36;1mUser Load (0.000882)[0m   [0;1mSELECT * FROM `users` WHERE (`users`.`id` = 4) [0m
  [4;35;1mCACHE (0.000000)[0m   [0mSELECT * FROM `projects` WHERE (`projects`.`id` = 10) [0m
  [4;36;1mCACHE (0.000000)[0m   [0;1mSELECT * FROM `users` WHERE (`users`.`id` = 4) [0m
  [4;35;1mJoin Table Columns (0.004822)[0m   [0mSHOW FIELDS FROM `jobs_sfiles`[0m
  [4;36;1mSfile Load (0.003136)[0m   [0;1mSELECT * FROM `sfiles` INNER JOIN `jobs_sfiles` ON `sfiles`.id = `jobs_sfiles`.sfile_id WHERE (`jobs_sfiles`.job_id = 13 ) [0m
  [4;35;1mCACHE (0.000000)[0m   [0mSELECT * FROM `users` WHERE (`users`.`id` = 4) LIMIT 1[0m
Completed in 1.07066 (0 reqs/sec) | Rendering: 0.05325 (4%) | DB: 0.67283 (62%) | 200 OK [http://localhost/supramap/show_project/10]


Processing SupramapController#show_project (for 127.0.0.1 at 2008-08-06 16:03:27) [GET]
  Session ID: BAh7CjoMdXNlcl9pZGkJOhFvcmlnaW5hbF91cmkwOgxjc3JmX2lkIiVkNzI3
ZDY5OWU3ZTlhZTYyNjRlMTJmYWQ5OWI1YjAxZDoMcmNjX2VycjAiCmZsYXNo
SUM6J0FjdGlvbkNvbnRyb2xsZXI6OkZsYXNoOjpGbGFzaEhhc2h7AAY6CkB1
c2VkewA=--26aeec4d3b7dcffaaf2133fa16da753c933389ec
  Parameters: {"action"=>"show_project", "id"=>"10", "controller"=>"supramap"}
  [4;36;1mUser Columns (0.019005)[0m   [0;1mSHOW FIELDS FROM `users`[0m
  [4;35;1mUser Load (0.000934)[0m   [0mSELECT * FROM `users` WHERE (`users`.`id` = 4) LIMIT 1[0m
  [4;36;1mProject Columns (0.007384)[0m   [0;1mSHOW FIELDS FROM `projects`[0m
  [4;35;1mProject Load (0.000809)[0m   [0mSELECT * FROM `projects` WHERE (`projects`.`id` = 10) [0m
  [4;36;1mSfile Columns (0.007402)[0m   [0;1mSHOW FIELDS FROM `sfiles`[0m
  [4;35;1mSfile Load (0.345908)[0m   [0mSELECT * FROM `sfiles` WHERE (`sfiles`.`project_id` = 10) [0m
  [4;36;1mJob Columns (0.005398)[0m   [0;1mSHOW FIELDS FROM `jobs`[0m
  [4;35;1mJob Load (0.003531)[0m   [0mSELECT * FROM `jobs` WHERE (`jobs`.`project_id` = 10) [0m
Rendering template within layouts/supramap
Rendering supramap/show_project
  [4;36;1mCACHE (0.000000)[0m   [0;1mSELECT * FROM `projects` WHERE (`projects`.`id` = 10) [0m
  [4;35;1mUser Load (0.002337)[0m   [0mSELECT * FROM `users` WHERE (`users`.`id` = 4) [0m
  [4;36;1mCACHE (0.000000)[0m   [0;1mSELECT * FROM `projects` WHERE (`projects`.`id` = 10) [0m
  [4;35;1mCACHE (0.000000)[0m   [0mSELECT * FROM `users` WHERE (`users`.`id` = 4) [0m
  [4;36;1mJoin Table Columns (0.018534)[0m   [0;1mSHOW FIELDS FROM `jobs_sfiles`[0m
  [4;35;1mSfile Load (0.169737)[0m   [0mSELECT * FROM `sfiles` INNER JOIN `jobs_sfiles` ON `sfiles`.id = `jobs_sfiles`.sfile_id WHERE (`jobs_sfiles`.job_id = 13 ) [0m
  [4;36;1mCACHE (0.000000)[0m   [0;1mSELECT * FROM `users` WHERE (`users`.`id` = 4) LIMIT 1[0m
Completed in 1.00303 (0 reqs/sec) | Rendering: 0.12468 (12%) | DB: 0.58098 (57%) | 200 OK [http://localhost/supramap/show_project/10]


Processing SupramapController#show_project (for 127.0.0.1 at 2008-08-06 16:03:30) [GET]
  Session ID: BAh7CjoMdXNlcl9pZGkJOhFvcmlnaW5hbF91cmkwOgxyY2NfZXJyMDoMY3Ny
Zl9pZCIlZDcyN2Q2OTllN2U5YWU2MjY0ZTEyZmFkOTliNWIwMWQiCmZsYXNo
SUM6J0FjdGlvbkNvbnRyb2xsZXI6OkZsYXNoOjpGbGFzaEhhc2h7AAY6CkB1
c2VkewA=--ba3b5185b962983270d5021b32a481212be73063
  Parameters: {"action"=>"show_project", "id"=>"10", "controller"=>"supramap"}
  [4;35;1mUser Columns (0.029814)[0m   [0mSHOW FIELDS FROM `users`[0m
  [4;36;1mUser Load (0.004672)[0m   [0;1mSELECT * FROM `users` WHERE (`users`.`id` = 4) LIMIT 1[0m
  [4;35;1mProject Columns (0.007651)[0m   [0mSHOW FIELDS FROM `projects`[0m
  [4;36;1mProject Load (0.000810)[0m   [0;1mSELECT * FROM `projects` WHERE (`projects`.`id` = 10) [0m
  [4;35;1mSfile Columns (0.005324)[0m   [0mSHOW FIELDS FROM `sfiles`[0m
  [4;36;1mSfile Load (0.003231)[0m   [0;1mSELECT * FROM `sfiles` WHERE (`sfiles`.`project_id` = 10) [0m
  [4;35;1mJob Columns (0.225024)[0m   [0mSHOW FIELDS FROM `jobs`[0m
  [4;36;1mJob Load (0.003420)[0m   [0;1mSELECT * FROM `jobs` WHERE (`jobs`.`project_id` = 10) [0m
Rendering template within layouts/supramap
Rendering supramap/show_project
  [4;35;1mCACHE (0.000000)[0m   [0mSELECT * FROM `projects` WHERE (`projects`.`id` = 10) [0m
  [4;36;1mUser Load (0.000885)[0m   [0;1mSELECT * FROM `users` WHERE (`users`.`id` = 4) [0m
  [4;35;1mCACHE (0.000000)[0m   [0mSELECT * FROM `projects` WHERE (`projects`.`id` = 10) [0m
  [4;36;1mCACHE (0.000000)[0m   [0;1mSELECT * FROM `users` WHERE (`users`.`id` = 4) [0m
  [4;35;1mJoin Table Columns (0.025169)[0m   [0mSHOW FIELDS FROM `jobs_sfiles`[0m
  [4;36;1mSfile Load (0.003152)[0m   [0;1mSELECT * FROM `sfiles` INNER JOIN `jobs_sfiles` ON `sfiles`.id = `jobs_sfiles`.sfile_id WHERE (`jobs_sfiles`.job_id = 13 ) [0m
  [4;35;1mCACHE (0.000000)[0m   [0mSELECT * FROM `users` WHERE (`users`.`id` = 4) LIMIT 1[0m
Completed in 0.95484 (1 reqs/sec) | Rendering: 0.07308 (7%) | DB: 0.30915 (32%) | 200 OK [http://localhost/supramap/show_project/10]


Processing SupramapController#show_project (for 127.0.0.1 at 2008-08-06 16:03:34) [GET]
  Session ID: BAh7CjoMdXNlcl9pZGkJOhFvcmlnaW5hbF91cmkwOgxjc3JmX2lkIiVkNzI3
ZDY5OWU3ZTlhZTYyNjRlMTJmYWQ5OWI1YjAxZDoMcmNjX2VycjAiCmZsYXNo
SUM6J0FjdGlvbkNvbnRyb2xsZXI6OkZsYXNoOjpGbGFzaEhhc2h7AAY6CkB1
c2VkewA=--26aeec4d3b7dcffaaf2133fa16da753c933389ec
  Parameters: {"action"=>"show_project", "id"=>"10", "controller"=>"supramap"}
  [4;36;1mUser Columns (0.010291)[0m   [0;1mSHOW FIELDS FROM `users`[0m
  [4;35;1mUser Load (0.011272)[0m   [0mSELECT * FROM `users` WHERE (`users`.`id` = 4) LIMIT 1[0m
  [4;36;1mProject Columns (0.049464)[0m   [0;1mSHOW FIELDS FROM `projects`[0m
  [4;35;1mProject Load (0.003035)[0m   [0mSELECT * FROM `projects` WHERE (`projects`.`id` = 10) [0m
  [4;36;1mSfile Columns (0.015588)[0m   [0;1mSHOW FIELDS FROM `sfiles`[0m
  [4;35;1mSfile Load (0.295422)[0m   [0mSELECT * FROM `sfiles` WHERE (`sfiles`.`project_id` = 10) [0m
  [4;36;1mJob Columns (0.108858)[0m   [0;1mSHOW FIELDS FROM `jobs`[0m
  [4;35;1mJob Load (0.010551)[0m   [0mSELECT * FROM `jobs` WHERE (`jobs`.`project_id` = 10) [0m
Rendering template within layouts/supramap
Rendering supramap/show_project
  [4;36;1mCACHE (0.000000)[0m   [0;1mSELECT * FROM `projects` WHERE (`projects`.`id` = 10) [0m
  [4;35;1mUser Load (0.001025)[0m   [0mSELECT * FROM `users` WHERE (`users`.`id` = 4) [0m
  [4;36;1mCACHE (0.000000)[0m   [0;1mSELECT * FROM `projects` WHERE (`projects`.`id` = 10) [0m
  [4;35;1mCACHE (0.000000)[0m   [0mSELECT * FROM `users` WHERE (`users`.`id` = 4) [0m
  [4;36;1mJoin Table Columns (0.005486)[0m   [0;1mSHOW FIELDS FROM `jobs_sfiles`[0m
  [4;35;1mSfile Load (0.003467)[0m   [0mSELECT * FROM `sfiles` INNER JOIN `jobs_sfiles` ON `sfiles`.id = `jobs_sfiles`.sfile_id WHERE (`jobs_sfiles`.job_id = 13 ) [0m
  [4;36;1mCACHE (0.000000)[0m   [0;1mSELECT * FROM `users` WHERE (`users`.`id` = 4) LIMIT 1[0m
Completed in 0.96530 (1 reqs/sec) | Rendering: 0.06140 (6%) | DB: 0.51446 (53%) | 200 OK [http://localhost/supramap/show_project/10]


Processing SupramapController#show_project (for 127.0.0.1 at 2008-08-06 16:03:38) [GET]
  Session ID: BAh7CjoMdXNlcl9pZGkJOhFvcmlnaW5hbF91cmkwOgxyY2NfZXJyMDoMY3Ny
Zl9pZCIlZDcyN2Q2OTllN2U5YWU2MjY0ZTEyZmFkOTliNWIwMWQiCmZsYXNo
SUM6J0FjdGlvbkNvbnRyb2xsZXI6OkZsYXNoOjpGbGFzaEhhc2h7AAY6CkB1
c2VkewA=--ba3b5185b962983270d5021b32a481212be73063
  Parameters: {"action"=>"show_project", "id"=>"10", "controller"=>"supramap"}
  [4;35;1mUser Columns (0.034755)[0m   [0mSHOW FIELDS FROM `users`[0m
  [4;36;1mUser Load (0.003973)[0m   [0;1mSELECT * FROM `users` WHERE (`users`.`id` = 4) LIMIT 1[0m
  [4;35;1mProject Columns (0.010822)[0m   [0mSHOW FIELDS FROM `projects`[0m
  [4;36;1mProject Load (0.000823)[0m   [0;1mSELECT * FROM `projects` WHERE (`projects`.`id` = 10) [0m
  [4;35;1mSfile Columns (0.005378)[0m   [0mSHOW FIELDS FROM `sfiles`[0m
  [4;36;1mSfile Load (0.003322)[0m   [0;1mSELECT * FROM `sfiles` WHERE (`sfiles`.`project_id` = 10) [0m
  [4;35;1mJob Columns (0.005636)[0m   [0mSHOW FIELDS FROM `jobs`[0m
  [4;36;1mJob Load (0.003115)[0m   [0;1mSELECT * FROM `jobs` WHERE (`jobs`.`project_id` = 10) [0m
Rendering template within layouts/supramap
Rendering supramap/show_project
  [4;35;1mCACHE (0.000000)[0m   [0mSELECT * FROM `projects` WHERE (`projects`.`id` = 10) [0m
  [4;36;1mUser Load (0.000955)[0m   [0;1mSELECT * FROM `users` WHERE (`users`.`id` = 4) [0m
  [4;35;1mCACHE (0.000000)[0m   [0mSELECT * FROM `projects` WHERE (`projects`.`id` = 10) [0m
  [4;36;1mCACHE (0.000000)[0m   [0;1mSELECT * FROM `users` WHERE (`users`.`id` = 4) [0m
  [4;35;1mJoin Table Columns (0.027549)[0m   [0mSHOW FIELDS FROM `jobs_sfiles`[0m
  [4;36;1mSfile Load (0.001022)[0m   [0;1mSELECT * FROM `sfiles` INNER JOIN `jobs_sfiles` ON `sfiles`.id = `jobs_sfiles`.sfile_id WHERE (`jobs_sfiles`.job_id = 13 ) [0m
  [4;35;1mCACHE (0.000000)[0m   [0mSELECT * FROM `projects` WHERE (`projects`.`id` = 10) [0m
  [4;36;1mCACHE (0.000000)[0m   [0;1mSELECT * FROM `users` WHERE (`users`.`id` = 4) [0m
  [4;35;1mCACHE (0.000000)[0m   [0mSELECT * FROM `users` WHERE (`users`.`id` = 4) LIMIT 1[0m
Completed in 0.31633 (3 reqs/sec) | Rendering: 0.04573 (14%) | DB: 0.09735 (30%) | 200 OK [http://localhost/supramap/show_project/10]


Processing SupramapController#show_project (for 127.0.0.1 at 2008-08-06 16:03:41) [GET]
  Session ID: BAh7CjoMdXNlcl9pZGkJOhFvcmlnaW5hbF91cmkwOgxjc3JmX2lkIiVkNzI3
ZDY5OWU3ZTlhZTYyNjRlMTJmYWQ5OWI1YjAxZDoMcmNjX2VycjAiCmZsYXNo
SUM6J0FjdGlvbkNvbnRyb2xsZXI6OkZsYXNoOjpGbGFzaEhhc2h7AAY6CkB1
c2VkewA=--26aeec4d3b7dcffaaf2133fa16da753c933389ec
  Parameters: {"action"=>"show_project", "id"=>"10", "controller"=>"supramap"}
  [4;36;1mUser Columns (0.018906)[0m   [0;1mSHOW FIELDS FROM `users`[0m
  [4;35;1mUser Load (0.003418)[0m   [0mSELECT * FROM `users` WHERE (`users`.`id` = 4) LIMIT 1[0m
  [4;36;1mProject Columns (0.048551)[0m   [0;1mSHOW FIELDS FROM `projects`[0m
  [4;35;1mProject Load (0.003156)[0m   [0mSELECT * FROM `projects` WHERE (`projects`.`id` = 10) [0m
  [4;36;1mSfile Columns (0.094713)[0m   [0;1mSHOW FIELDS FROM `sfiles`[0m
  [4;35;1mSfile Load (0.003494)[0m   [0mSELECT * FROM `sfiles` WHERE (`sfiles`.`project_id` = 10) [0m
  [4;36;1mJob Columns (0.237569)[0m   [0;1mSHOW FIELDS FROM `jobs`[0m
  [4;35;1mJob Load (0.067606)[0m   [0mSELECT * FROM `jobs` WHERE (`jobs`.`project_id` = 10) [0m
Rendering template within layouts/supramap
Rendering supramap/show_project
  [4;36;1mCACHE (0.000000)[0m   [0;1mSELECT * FROM `projects` WHERE (`projects`.`id` = 10) [0m
  [4;35;1mUser Load (0.057176)[0m   [0mSELECT * FROM `users` WHERE (`users`.`id` = 4) [0m
  [4;36;1mCACHE (0.000000)[0m   [0;1mSELECT * FROM `projects` WHERE (`projects`.`id` = 10) [0m
  [4;35;1mCACHE (0.000000)[0m   [0mSELECT * FROM `users` WHERE (`users`.`id` = 4) [0m
  [4;36;1mJoin Table Columns (0.012645)[0m   [0;1mSHOW FIELDS FROM `jobs_sfiles`[0m
  [4;35;1mSfile Load (0.003504)[0m   [0mSELECT * FROM `sfiles` INNER JOIN `jobs_sfiles` ON `sfiles`.id = `jobs_sfiles`.sfile_id WHERE (`jobs_sfiles`.job_id = 13 ) [0m
  [4;36;1mCACHE (0.000000)[0m   [0;1mSELECT * FROM `projects` WHERE (`projects`.`id` = 10) [0m
  [4;35;1mCACHE (0.000000)[0m   [0mSELECT * FROM `users` WHERE (`users`.`id` = 4) [0m
  [4;36;1mCACHE (0.000000)[0m   [0;1mSELECT * FROM `users` WHERE (`users`.`id` = 4) LIMIT 1[0m
Completed in 0.93306 (1 reqs/sec) | Rendering: 0.04971 (5%) | DB: 0.55074 (59%) | 200 OK [http://localhost/supramap/show_project/10]


Processing SupramapController#show_project (for 127.0.0.1 at 2008-08-06 16:03:51) [GET]
  Session ID: BAh7CjoMdXNlcl9pZGkJOhFvcmlnaW5hbF91cmkwOgxyY2NfZXJyMDoMY3Ny
Zl9pZCIlZDcyN2Q2OTllN2U5YWU2MjY0ZTEyZmFkOTliNWIwMWQiCmZsYXNo
SUM6J0FjdGlvbkNvbnRyb2xsZXI6OkZsYXNoOjpGbGFzaEhhc2h7AAY6CkB1
c2VkewA=--ba3b5185b962983270d5021b32a481212be73063
  Parameters: {"action"=>"show_project", "id"=>"10", "controller"=>"supramap"}
  [4;35;1mUser Columns (0.019218)[0m   [0mSHOW FIELDS FROM `users`[0m
  [4;36;1mUser Load (0.000914)[0m   [0;1mSELECT * FROM `users` WHERE (`users`.`id` = 4) LIMIT 1[0m
  [4;35;1mProject Columns (0.007395)[0m   [0mSHOW FIELDS FROM `projects`[0m
  [4;36;1mProject Load (0.027873)[0m   [0;1mSELECT * FROM `projects` WHERE (`projects`.`id` = 10) [0m
  [4;35;1mSfile Columns (0.057531)[0m   [0mSHOW FIELDS FROM `sfiles`[0m
  [4;36;1mSfile Load (0.003763)[0m   [0;1mSELECT * FROM `sfiles` WHERE (`sfiles`.`project_id` = 10) [0m
  [4;35;1mJob Columns (0.006277)[0m   [0mSHOW FIELDS FROM `jobs`[0m
  [4;36;1mJob Load (0.004611)[0m   [0;1mSELECT * FROM `jobs` WHERE (`jobs`.`project_id` = 10) [0m
Rendering template within layouts/supramap
Rendering supramap/show_project
  [4;35;1mCACHE (0.000000)[0m   [0mSELECT * FROM `projects` WHERE (`projects`.`id` = 10) [0m
  [4;36;1mUser Load (0.000973)[0m   [0;1mSELECT * FROM `users` WHERE (`users`.`id` = 4) [0m
  [4;35;1mCACHE (0.000000)[0m   [0mSELECT * FROM `projects` WHERE (`projects`.`id` = 10) [0m
  [4;36;1mCACHE (0.000000)[0m   [0;1mSELECT * FROM `users` WHERE (`users`.`id` = 4) [0m
  [4;35;1mJoin Table Columns (0.005272)[0m   [0mSHOW FIELDS FROM `jobs_sfiles`[0m
  [4;36;1mSfile Load (0.007894)[0m   [0;1mSELECT * FROM `sfiles` INNER JOIN `jobs_sfiles` ON `sfiles`.id = `jobs_sfiles`.sfile_id WHERE (`jobs_sfiles`.job_id = 13 ) [0m
  [4;35;1mCACHE (0.000000)[0m   [0mSELECT * FROM `projects` WHERE (`projects`.`id` = 10) [0m
  [4;36;1mCACHE (0.000000)[0m   [0;1mSELECT * FROM `users` WHERE (`users`.`id` = 4) [0m
  [4;35;1mCACHE (0.000000)[0m   [0mSELECT * FROM `users` WHERE (`users`.`id` = 4) LIMIT 1[0m
Completed in 0.47288 (2 reqs/sec) | Rendering: 0.06423 (13%) | DB: 0.14172 (29%) | 200 OK [http://localhost/supramap/show_project/10]


Processing SupramapController#delete_file (for 127.0.0.1 at 2008-08-06 16:03:59) [POST]
  Session ID: BAh7CjoMdXNlcl9pZGkJOhFvcmlnaW5hbF91cmkwOgxjc3JmX2lkIiVkNzI3
ZDY5OWU3ZTlhZTYyNjRlMTJmYWQ5OWI1YjAxZDoMcmNjX2VycjAiCmZsYXNo
SUM6J0FjdGlvbkNvbnRyb2xsZXI6OkZsYXNoOjpGbGFzaEhhc2h7AAY6CkB1
c2VkewA=--26aeec4d3b7dcffaaf2133fa16da753c933389ec
  Parameters: {"authenticity_token"=>"a0f0013eabbdc8254a0f4ab4fa5ebde699c104e8", "action"=>"delete_file", "id"=>"21", "controller"=>"supramap"}
  [4;36;1mUser Columns (0.066604)[0m   [0;1mSHOW FIELDS FROM `users`[0m
  [4;35;1mUser Load (0.007645)[0m   [0mSELECT * FROM `users` WHERE (`users`.`id` = 4) LIMIT 1[0m
  [4;36;1mSfile Columns (0.008967)[0m   [0;1mSHOW FIELDS FROM `sfiles`[0m
  [4;35;1mSfile Load (0.001524)[0m   [0mSELECT * FROM `sfiles` WHERE (`sfiles`.`id` = 21) [0m
  [4;36;1mProject Columns (0.007125)[0m   [0;1mSHOW FIELDS FROM `projects`[0m
  [4;35;1mProject Load (0.000834)[0m   [0mSELECT * FROM `projects` WHERE (`projects`.`id` = 10) [0m
  [4;36;1mSQL (0.000257)[0m   [0;1mBEGIN[0m
  [4;35;1mJoin Table Columns (0.005015)[0m   [0mSHOW FIELDS FROM `jobs_sfiles`[0m
  [4;36;1mJob Load (0.003375)[0m   [0;1mSELECT * FROM `jobs` INNER JOIN `jobs_sfiles` ON `jobs`.id = `jobs_sfiles`.job_id WHERE (`jobs_sfiles`.sfile_id = 21 ) [0m
  [4;35;1mJob Columns (0.132272)[0m   [0mSHOW FIELDS FROM `jobs`[0m
  [4;36;1mSQL (0.003593)[0m   [0;1mDELETE FROM `jobs_sfiles` WHERE sfile_id = 21 AND job_id IN (13)[0m
  [4;35;1mSfile Destroy (0.000710)[0m   [0m DELETE FROM `sfiles`
 WHERE `id` = 21
[0m
  [4;36;1mSQL (0.033636)[0m   [0;1mCOMMIT[0m
  [4;35;1mUser Load (0.000907)[0m   [0mSELECT * FROM `users` WHERE (`users`.`id` = 4) [0m
Redirected to http://localhost:3000/supramap/show_project/10
Completed in 0.55812 (1 reqs/sec) | DB: 0.27246 (48%) | 302 Found [http://localhost/supramap/delete_file/21]


Processing SupramapController#show_project (for 127.0.0.1 at 2008-08-06 16:04:00) [GET]
  Session ID: BAh7CjoMdXNlcl9pZGkJOhFvcmlnaW5hbF91cmkwOgxyY2NfZXJyMDoMY3Ny
Zl9pZCIlZDcyN2Q2OTllN2U5YWU2MjY0ZTEyZmFkOTliNWIwMWQiCmZsYXNo
SUM6J0FjdGlvbkNvbnRyb2xsZXI6OkZsYXNoOjpGbGFzaEhhc2h7AAY6CkB1
c2VkewA=--ba3b5185b962983270d5021b32a481212be73063
  Parameters: {"action"=>"show_project", "id"=>"10", "controller"=>"supramap"}
  [4;36;1mUser Columns (0.005862)[0m   [0;1mSHOW FIELDS FROM `users`[0m
  [4;35;1mUser Load (0.004104)[0m   [0mSELECT * FROM `users` WHERE (`users`.`id` = 4) LIMIT 1[0m
  [4;36;1mProject Columns (0.005002)[0m   [0;1mSHOW FIELDS FROM `projects`[0m
  [4;35;1mProject Load (0.003369)[0m   [0mSELECT * FROM `projects` WHERE (`projects`.`id` = 10) [0m
  [4;36;1mSfile Columns (0.006610)[0m   [0;1mSHOW FIELDS FROM `sfiles`[0m
  [4;35;1mSfile Load (0.003058)[0m   [0mSELECT * FROM `sfiles` WHERE (`sfiles`.`project_id` = 10) [0m
  [4;36;1mJob Columns (0.006131)[0m   [0;1mSHOW FIELDS FROM `jobs`[0m
  [4;35;1mJob Load (0.003086)[0m   [0mSELECT * FROM `jobs` WHERE (`jobs`.`project_id` = 10) [0m
Rendering template within layouts/supramap
Rendering supramap/show_project
  [4;36;1mCACHE (0.000000)[0m   [0;1mSELECT * FROM `projects` WHERE (`projects`.`id` = 10) [0m
  [4;35;1mUser Load (0.000870)[0m   [0mSELECT * FROM `users` WHERE (`users`.`id` = 4) [0m
  [4;36;1mJoin Table Columns (0.004789)[0m   [0;1mSHOW FIELDS FROM `jobs_sfiles`[0m
  [4;35;1mSfile Load (0.003142)[0m   [0mSELECT * FROM `sfiles` INNER JOIN `jobs_sfiles` ON `sfiles`.id = `jobs_sfiles`.sfile_id WHERE (`jobs_sfiles`.job_id = 13 ) [0m
  [4;36;1mCACHE (0.000000)[0m   [0;1mSELECT * FROM `projects` WHERE (`projects`.`id` = 10) [0m
  [4;35;1mCACHE (0.000000)[0m   [0mSELECT * FROM `users` WHERE (`users`.`id` = 4) [0m
  [4;36;1mCACHE (0.000000)[0m   [0;1mSELECT * FROM `users` WHERE (`users`.`id` = 4) LIMIT 1[0m
Completed in 0.35680 (2 reqs/sec) | Rendering: 0.14152 (39%) | DB: 0.04602 (12%) | 200 OK [http://localhost/supramap/show_project/10]


Processing SupramapController#delete_job (for 127.0.0.1 at 2008-08-06 16:04:13) [POST]
  Session ID: BAh7CjoMdXNlcl9pZGkJOhFvcmlnaW5hbF91cmkwOgxjc3JmX2lkIiVkNzI3
ZDY5OWU3ZTlhZTYyNjRlMTJmYWQ5OWI1YjAxZDoMcmNjX2VycjAiCmZsYXNo
SUM6J0FjdGlvbkNvbnRyb2xsZXI6OkZsYXNoOjpGbGFzaEhhc2h7AAY6CkB1
c2VkewA=--26aeec4d3b7dcffaaf2133fa16da753c933389ec
  Parameters: {"authenticity_token"=>"a0f0013eabbdc8254a0f4ab4fa5ebde699c104e8", "action"=>"delete_job", "id"=>"13", "controller"=>"supramap"}
  [4;35;1mUser Columns (0.018585)[0m   [0mSHOW FIELDS FROM `users`[0m
  [4;36;1mUser Load (0.003289)[0m   [0;1mSELECT * FROM `users` WHERE (`users`.`id` = 4) LIMIT 1[0m
  [4;35;1mJob Columns (0.005303)[0m   [0mSHOW FIELDS FROM `jobs`[0m
  [4;36;1mJob Load (0.018891)[0m   [0;1mSELECT * FROM `jobs` WHERE (`jobs`.`id` = 13) [0m
  [4;35;1mSQL (0.000348)[0m   [0mBEGIN[0m
  [4;36;1mJoin Table Columns (0.014407)[0m   [0;1mSHOW FIELDS FROM `jobs_sfiles`[0m
  [4;35;1mSfile Load (0.049037)[0m   [0mSELECT * FROM `sfiles` INNER JOIN `jobs_sfiles` ON `sfiles`.id = `jobs_sfiles`.sfile_id WHERE (`jobs_sfiles`.job_id = 13 ) [0m
  [4;36;1mSfile Columns (0.005217)[0m   [0;1mSHOW FIELDS FROM `sfiles`[0m
  [4;35;1mSQL (0.003025)[0m   [0mDELETE FROM `jobs_sfiles` WHERE job_id = 13 AND sfile_id IN (22)[0m
  [4;36;1mJob Destroy (0.000578)[0m   [0;1m DELETE FROM `jobs`
 WHERE `id` = 13
[0m
  [4;35;1mSQL (0.001049)[0m   [0mCOMMIT[0m
  [4;36;1mProject Columns (0.083437)[0m   [0;1mSHOW FIELDS FROM `projects`[0m
  [4;35;1mProject Load (0.011045)[0m   [0mSELECT * FROM `projects` WHERE (`projects`.`id` = 10) [0m
  [4;36;1mUser Load (0.038264)[0m   [0;1mSELECT * FROM `users` WHERE (`users`.`id` = 4) [0m
Redirected to http://localhost:3000/supramap/show_project/10
Completed in 0.75885 (1 reqs/sec) | DB: 0.25247 (33%) | 302 Found [http://localhost/supramap/delete_job/13]


Processing SupramapController#show_project (for 127.0.0.1 at 2008-08-06 16:04:15) [GET]
  Session ID: BAh7CjoMdXNlcl9pZGkJOhFvcmlnaW5hbF91cmkwOgxyY2NfZXJyMDoMY3Ny
Zl9pZCIlZDcyN2Q2OTllN2U5YWU2MjY0ZTEyZmFkOTliNWIwMWQiCmZsYXNo
SUM6J0FjdGlvbkNvbnRyb2xsZXI6OkZsYXNoOjpGbGFzaEhhc2h7AAY6CkB1
c2VkewA=--ba3b5185b962983270d5021b32a481212be73063
  Parameters: {"action"=>"show_project", "id"=>"10", "controller"=>"supramap"}
  [4;35;1mUser Columns (0.019768)[0m   [0mSHOW FIELDS FROM `users`[0m
  [4;36;1mUser Load (0.003313)[0m   [0;1mSELECT * FROM `users` WHERE (`users`.`id` = 4) LIMIT 1[0m
  [4;35;1mProject Columns (0.009052)[0m   [0mSHOW FIELDS FROM `projects`[0m
  [4;36;1mProject Load (0.000810)[0m   [0;1mSELECT * FROM `projects` WHERE (`projects`.`id` = 10) [0m
  [4;35;1mSfile Columns (0.005946)[0m   [0mSHOW FIELDS FROM `sfiles`[0m
  [4;36;1mSfile Load (0.003151)[0m   [0;1mSELECT * FROM `sfiles` WHERE (`sfiles`.`project_id` = 10) [0m
  [4;35;1mJob Columns (0.185022)[0m   [0mSHOW FIELDS FROM `jobs`[0m
  [4;36;1mJob Load (0.000860)[0m   [0;1mSELECT * FROM `jobs` WHERE (`jobs`.`project_id` = 10) [0m
Rendering template within layouts/supramap
Rendering supramap/show_project
  [4;35;1mCACHE (0.000000)[0m   [0mSELECT * FROM `projects` WHERE (`projects`.`id` = 10) [0m
  [4;36;1mUser Load (0.000852)[0m   [0;1mSELECT * FROM `users` WHERE (`users`.`id` = 4) [0m
  [4;35;1mCACHE (0.000000)[0m   [0mSELECT * FROM `users` WHERE (`users`.`id` = 4) LIMIT 1[0m
Completed in 0.57523 (1 reqs/sec) | Rendering: 0.18231 (31%) | DB: 0.22877 (39%) | 200 OK [http://localhost/supramap/show_project/10]


Processing SupramapController#delete_file (for 127.0.0.1 at 2008-08-06 16:04:22) [POST]
  Session ID: BAh7CjoMdXNlcl9pZGkJOhFvcmlnaW5hbF91cmkwOgxjc3JmX2lkIiVkNzI3
ZDY5OWU3ZTlhZTYyNjRlMTJmYWQ5OWI1YjAxZDoMcmNjX2VycjAiCmZsYXNo
SUM6J0FjdGlvbkNvbnRyb2xsZXI6OkZsYXNoOjpGbGFzaEhhc2h7AAY6CkB1
c2VkewA=--26aeec4d3b7dcffaaf2133fa16da753c933389ec
  Parameters: {"authenticity_token"=>"a0f0013eabbdc8254a0f4ab4fa5ebde699c104e8", "action"=>"delete_file", "id"=>"22", "controller"=>"supramap"}
  [4;36;1mUser Columns (0.005705)[0m   [0;1mSHOW FIELDS FROM `users`[0m
  [4;35;1mUser Load (0.004851)[0m   [0mSELECT * FROM `users` WHERE (`users`.`id` = 4) LIMIT 1[0m
  [4;36;1mSfile Columns (0.005281)[0m   [0;1mSHOW FIELDS FROM `sfiles`[0m
  [4;35;1mSfile Load (0.002984)[0m   [0mSELECT * FROM `sfiles` WHERE (`sfiles`.`id` = 22) [0m
  [4;36;1mProject Columns (0.008895)[0m   [0;1mSHOW FIELDS FROM `projects`[0m
  [4;35;1mProject Load (0.000848)[0m   [0mSELECT * FROM `projects` WHERE (`projects`.`id` = 10) [0m
  [4;36;1mSQL (0.000231)[0m   [0;1mBEGIN[0m
  [4;35;1mJoin Table Columns (0.007894)[0m   [0mSHOW FIELDS FROM `jobs_sfiles`[0m
  [4;36;1mJob Load (0.065172)[0m   [0;1mSELECT * FROM `jobs` INNER JOIN `jobs_sfiles` ON `jobs`.id = `jobs_sfiles`.job_id WHERE (`jobs_sfiles`.sfile_id = 22 ) [0m
  [4;35;1mSfile Destroy (0.000667)[0m   [0m DELETE FROM `sfiles`
 WHERE `id` = 22
[0m
  [4;36;1mSQL (0.000966)[0m   [0;1mCOMMIT[0m
  [4;35;1mUser Load (0.065260)[0m   [0mSELECT * FROM `users` WHERE (`users`.`id` = 4) [0m
Redirected to http://localhost:3000/supramap/show_project/10
Completed in 0.37439 (2 reqs/sec) | DB: 0.16875 (45%) | 302 Found [http://localhost/supramap/delete_file/22]


Processing SupramapController#show_project (for 127.0.0.1 at 2008-08-06 16:04:22) [GET]
  Session ID: BAh7CjoMdXNlcl9pZGkJOhFvcmlnaW5hbF91cmkwOgxyY2NfZXJyMDoMY3Ny
Zl9pZCIlZDcyN2Q2OTllN2U5YWU2MjY0ZTEyZmFkOTliNWIwMWQiCmZsYXNo
SUM6J0FjdGlvbkNvbnRyb2xsZXI6OkZsYXNoOjpGbGFzaEhhc2h7AAY6CkB1
c2VkewA=--ba3b5185b962983270d5021b32a481212be73063
  Parameters: {"action"=>"show_project", "id"=>"10", "controller"=>"supramap"}
  [4;36;1mUser Columns (0.006120)[0m   [0;1mSHOW FIELDS FROM `users`[0m
  [4;35;1mUser Load (0.003334)[0m   [0mSELECT * FROM `users` WHERE (`users`.`id` = 4) LIMIT 1[0m
  [4;36;1mProject Columns (0.005144)[0m   [0;1mSHOW FIELDS FROM `projects`[0m
  [4;35;1mProject Load (0.003013)[0m   [0mSELECT * FROM `projects` WHERE (`projects`.`id` = 10) [0m
  [4;36;1mSfile Columns (0.007896)[0m   [0;1mSHOW FIELDS FROM `sfiles`[0m
  [4;35;1mSfile Load (0.003089)[0m   [0mSELECT * FROM `sfiles` WHERE (`sfiles`.`project_id` = 10) [0m
  [4;36;1mJob Columns (0.005440)[0m   [0;1mSHOW FIELDS FROM `jobs`[0m
  [4;35;1mJob Load (0.003253)[0m   [0mSELECT * FROM `jobs` WHERE (`jobs`.`project_id` = 10) [0m
Rendering template within layouts/supramap
Rendering supramap/show_project
  [4;36;1mCACHE (0.000000)[0m   [0;1mSELECT * FROM `users` WHERE (`users`.`id` = 4) LIMIT 1[0m
Completed in 0.19990 (5 reqs/sec) | Rendering: 0.02005 (10%) | DB: 0.03729 (18%) | 200 OK [http://localhost/supramap/show_project/10]


Processing SupramapController#delete_project (for 127.0.0.1 at 2008-08-06 16:04:29) [POST]
  Session ID: BAh7CjoMdXNlcl9pZGkJOhFvcmlnaW5hbF91cmkwOgxjc3JmX2lkIiVkNzI3
ZDY5OWU3ZTlhZTYyNjRlMTJmYWQ5OWI1YjAxZDoMcmNjX2VycjAiCmZsYXNo
SUM6J0FjdGlvbkNvbnRyb2xsZXI6OkZsYXNoOjpGbGFzaEhhc2h7AAY6CkB1
c2VkewA=--26aeec4d3b7dcffaaf2133fa16da753c933389ec
  Parameters: {"authenticity_token"=>"a0f0013eabbdc8254a0f4ab4fa5ebde699c104e8", "action"=>"delete_project", "id"=>"10", "controller"=>"supramap"}
  [4;35;1mUser Columns (0.046524)[0m   [0mSHOW FIELDS FROM `users`[0m
  [4;36;1mUser Load (0.000994)[0m   [0;1mSELECT * FROM `users` WHERE (`users`.`id` = 4) LIMIT 1[0m
  [4;35;1mProject Columns (0.008107)[0m   [0mSHOW FIELDS FROM `projects`[0m
  [4;36;1mProject Load (0.000845)[0m   [0;1mSELECT * FROM `projects` WHERE (`projects`.`id` = 10) [0m
  [4;35;1mSQL (0.000246)[0m   [0mBEGIN[0m
  [4;36;1mProject Destroy (0.000771)[0m   [0;1m DELETE FROM `projects`
 WHERE `id` = 10
[0m
  [4;35;1mSQL (0.000979)[0m   [0mCOMMIT[0m
  [4;36;1mSfile Load (0.000889)[0m   [0;1mSELECT * FROM `sfiles` WHERE (`sfiles`.project_id = 10) [0m
  [4;35;1mJob Load (0.000845)[0m   [0mSELECT * FROM `jobs` WHERE (`jobs`.project_id = 10) [0m
  [4;36;1mUser Load (0.000858)[0m   [0;1mSELECT * FROM `users` WHERE (`users`.`id` = 4) [0m
Redirected to http://localhost:3000/supramap/projects
Completed in 1.22309 (0 reqs/sec) | DB: 0.06106 (4%) | 302 Found [http://localhost/supramap/delete_project/10]


Processing SupramapController#projects (for 127.0.0.1 at 2008-08-06 16:04:30) [GET]
  Session ID: BAh7CjoMdXNlcl9pZGkJOhFvcmlnaW5hbF91cmkwOgxyY2NfZXJyMDoMY3Ny
Zl9pZCIlZDcyN2Q2OTllN2U5YWU2MjY0ZTEyZmFkOTliNWIwMWQiCmZsYXNo
SUM6J0FjdGlvbkNvbnRyb2xsZXI6OkZsYXNoOjpGbGFzaEhhc2h7AAY6CkB1
c2VkewA=--ba3b5185b962983270d5021b32a481212be73063
  Parameters: {"action"=>"projects", "controller"=>"supramap"}
  [4;35;1mUser Columns (0.028554)[0m   [0mSHOW FIELDS FROM `users`[0m
  [4;36;1mUser Load (0.003374)[0m   [0;1mSELECT * FROM `users` WHERE (`users`.`id` = 4) LIMIT 1[0m
  [4;35;1mProject Columns (0.005044)[0m   [0mSHOW FIELDS FROM `projects`[0m
  [4;36;1mProject Load (0.003095)[0m   [0;1mSELECT * FROM `projects` WHERE (`projects`.`user_id` = 4) [0m
Rendering template within layouts/supramap
Rendering supramap/projects
  [4;35;1mCACHE (0.000000)[0m   [0mSELECT * FROM `users` WHERE (`users`.`id` = 4) LIMIT 1[0m
Completed in 0.21209 (4 reqs/sec) | Rendering: 0.01342 (6%) | DB: 0.04007 (18%) | 200 OK [http://localhost/supramap/projects]
