Status : Transforming : 1 of 1 --  of transformations applied
Status : Transforming Finished
Status : RAS + TBR : 0 
Status : RAS + TBR : 0 Searching on tree number 1
Status : Wagner : 2 of 24 -- Wagner tree with cost 22.
Status : Wagner : 3 of 24 -- Wagner tree with cost 39.
Status : Wagner : 4 of 24 -- Wagner tree with cost 62.
Status : Wagner : 5 of 24 -- Wagner tree with cost 105.
Status : Wagner : 6 of 24 -- Wagner tree with cost 133.
Status : Wagner : 7 of 24 -- Wagner tree with cost 166.
Status : Wagner : 8 of 24 -- Wagner tree with cost 189.
Status : Wagner : 9 of 24 -- Wagner tree with cost 213.
Status : Wagner : 10 of 24 -- Wagner tree with cost 232.
Status : Wagner : 11 of 24 -- Wagner tree with cost 253.
Status : Wagner : 12 of 24 -- Wagner tree with cost 257.
Status : Wagner : 13 of 24 -- Wagner tree with cost 257.
Status : Wagner : 14 of 24 -- Wagner tree with cost 272.
Status : Wagner : 15 of 24 -- Wagner tree with cost 294.
Status : Wagner : 16 of 24 -- Wagner tree with cost 300.
Status : Wagner : 17 of 24 -- Wagner tree with cost 353.
Status : Wagner : 18 of 24 -- Wagner tree with cost 391.
Status : Wagner : 19 of 24 -- Wagner tree with cost 398.
Status : Wagner : 20 of 24 -- Wagner tree with cost 425.
Status : Wagner : 21 of 24 -- Wagner tree with cost 439.
Status : Wagner : 22 of 24 -- Wagner tree with cost 443.
Status : Wagner : 23 of 24 -- Wagner tree with cost 460.
Status : Wagner Finished
Status : Building Wagner Tree Finished
Status : TBR : 397 Searching
Information : 
                Timer:
                   11 seconds
Information : 
                Timer:
                   12 seconds
Information : 
                Timer:
                   13 seconds
Information : 
                Timer:
                   15 seconds
Information : 
                Timer:
                   71 seconds
Information : 
                Timer:
                   72 seconds
Information : 
                Timer:
                   73 seconds
Information : 
                Timer:
                   74 seconds
Information : 
                Timer:
                   75 seconds
Information : 
                Timer:
                   76 seconds
Information : 
                Timer:
                   77 seconds
Information : 
                Timer:
                   78 seconds
Information : 
                Timer:
                   79 seconds
Information : 
                Timer:
                   80 seconds
Information : 
                Timer:
                   81 seconds
Information : 
                Timer:
                   82 seconds
Information : 
                Timer:
                   130 seconds
Status : TBR Finished
Status : TBR Finished
Status : Automated Search : 0 Best tree: 397.; Time left: -1 s; Hits: 1
Status : RAS + TBR Finished
Status : Fusing Trees : 0 
Status : Fusing Trees Finished
Status : Diagnosis : 0 Recalculating original tree
Status : Diagnosis Finished
Status : Diagnosis : 1 of 1 -- Recalculating trees
Status : Diagnosis Finished
Status : Diagnosis : 0 Recalculating original tree
Status : Diagnosis Finished
Status : Diagnosis : 1 of 1 -- Recalculating trees
Status : Diagnosis Finished
Status : Diagnosis : 0 Recalculating original tree
Status : Diagnosis Finished
Status : Diagnosis : 1 of 1 -- Recalculating trees
Status : Diagnosis Finished
Status : Diagnosis : 0 Recalculating original tree
Status : Diagnosis Finished
Status : Diagnosis : 1 of 1 -- Recalculating trees
Status : Diagnosis Finished
Status : Diagnosis : 0 Recalculating original tree
Status : Diagnosis Finished
Status : Diagnosis : 1 of 1 -- Recalculating trees
Status : Diagnosis Finished
Status : Diagnosis : 0 Recalculating original tree
Status : Diagnosis Finished
Status : Diagnosis : 1 of 1 -- Recalculating trees
Status : Diagnosis Finished
Status : Automated Search Finished
Information :
The search evaluated 60 independent repetitions with ratchet and fusing for 0 generations. The shortest tree was found 2 times.
Status : Implied Alignments : 1 of 47 -- vertices calculated
Status : Implied Alignments : 2 of 47 -- vertices calculated
Status : Implied Alignments : 3 of 47 -- vertices calculated
Status : Implied Alignments : 4 of 47 -- vertices calculated
Status : Implied Alignments : 5 of 47 -- vertices calculated
Status : Implied Alignments : 6 of 47 -- vertices calculated
Status : Implied Alignments : 7 of 47 -- vertices calculated
Status : Implied Alignments : 8 of 47 -- vertices calculated
Status : Implied Alignments : 9 of 47 -- vertices calculated
Status : Implied Alignments : 10 of 47 -- vertices calculated
Status : Implied Alignments : 11 of 47 -- vertices calculated
Status : Implied Alignments : 12 of 47 -- vertices calculated
Status : Implied Alignments : 13 of 47 -- vertices calculated
Status : Implied Alignments : 14 of 47 -- vertices calculated
Status : Implied Alignments : 15 of 47 -- vertices calculated
Status : Implied Alignments : 16 of 47 -- vertices calculated
Status : Implied Alignments : 17 of 47 -- vertices calculated
Status : Implied Alignments : 18 of 47 -- vertices calculated
Status : Implied Alignments : 19 of 47 -- vertices calculated
Status : Implied Alignments : 20 of 47 -- vertices calculated
Status : Implied Alignments : 21 of 47 -- vertices calculated
Status : Implied Alignments : 22 of 47 -- vertices calculated
Status : Implied Alignments : 23 of 47 -- vertices calculated
Status : Implied Alignments : 24 of 47 -- vertices calculated
Status : Implied Alignments : 25 of 47 -- vertices calculated
Status : Implied Alignments : 26 of 47 -- vertices calculated
Status : Implied Alignments : 27 of 47 -- vertices calculated
Status : Implied Alignments : 28 of 47 -- vertices calculated
Status : Implied Alignments : 29 of 47 -- vertices calculated
Status : Implied Alignments : 30 of 47 -- vertices calculated
Status : Implied Alignments : 31 of 47 -- vertices calculated
Status : Implied Alignments : 32 of 47 -- vertices calculated
Status : Implied Alignments : 33 of 47 -- vertices calculated
Status : Implied Alignments : 34 of 47 -- vertices calculated
Status : Implied Alignments : 35 of 47 -- vertices calculated
Status : Implied Alignments : 36 of 47 -- vertices calculated
Status : Implied Alignments : 37 of 47 -- vertices calculated
Status : Implied Alignments : 38 of 47 -- vertices calculated
Status : Implied Alignments : 39 of 47 -- vertices calculated
Status : Implied Alignments : 40 of 47 -- vertices calculated
Status : Implied Alignments : 41 of 47 -- vertices calculated
Status : Implied Alignments : 42 of 47 -- vertices calculated
Status : Implied Alignments : 43 of 47 -- vertices calculated
Status : Implied Alignments : 44 of 47 -- vertices calculated
Status : Implied Alignments : 45 of 47 -- vertices calculated
Status : Implied Alignments Finished
Status : Static Approximation Finished
Status : Loading Characters : 0 of 24 -- Storing the character specifications
Status : Loading Characters : 1 of 24 -- Storing the character specifications
Status : Loading Characters : 2 of 24 -- Storing the character specifications
Status : Loading Characters : 3 of 24 -- Storing the character specifications
Status : Loading Characters : 4 of 24 -- Storing the character specifications
Status : Loading Characters : 5 of 24 -- Storing the character specifications
Status : Loading Characters : 6 of 24 -- Storing the character specifications
Status : Loading Characters : 7 of 24 -- Storing the character specifications
Status : Loading Characters : 8 of 24 -- Storing the character specifications
Status : Loading Characters : 9 of 24 -- Storing the character specifications
Status :
Loading Characters : 10 of 24 -- Storing the character specifications
Status :
Loading Characters : 11 of 24 -- Storing the character specifications
Status :
Loading Characters : 12 of 24 -- Storing the character specifications
Status :
Loading Characters : 13 of 24 -- Storing the character specifications
Status :
Loading Characters : 14 of 24 -- Storing the character specifications
Status :
Loading Characters : 15 of 24 -- Storing the character specifications
Status :
Loading Characters : 16 of 24 -- Storing the character specifications
Status :
Loading Characters : 17 of 24 -- Storing the character specifications
Status :
Loading Characters : 18 of 24 -- Storing the character specifications
Status :
Loading Characters : 19 of 24 -- Storing the character specifications
Status :
Loading Characters : 20 of 24 -- Storing the character specifications
Status :
Loading Characters : 21 of 24 -- Storing the character specifications
Status :
Loading Characters : 22 of 24 -- Storing the character specifications
Status :
Loading Characters : 23 of 24 -- Storing the character specifications
Status :
Loading Characters : 24 of 24 -- Storing the character specifications
Status : Loading Characters Finished
Status : Transforming : 1 of 1 --  of transformations applied
Status : Transforming Finished
Status : Diagnosis : 0 Recalculating original tree
Status : Diagnosis Finished
Status : Diagnosis : 1 of 1 -- Recalculating trees
Status : Diagnosis Finished
Status : Diagnosis : 0 Recalculating original tree
Status : Diagnosis Finished
Status : Diagnosis : 1 of 1 -- Recalculating trees
Status : Diagnosis Finished
Error : Scripting.Make(Node)(Edge)(TreeOps)(CScrp).Kml.IllegalCVS
