Status : Transforming : 1 of 1 --  of transformations applied
Status : Transforming Finished
Status : RAS + TBR : 0 
Status : RAS + TBR : 0 Searching on tree number 1
Status : Wagner : 2 of 24 -- Wagner tree with cost 3.
Status : Wagner : 3 of 24 -- Wagner tree with cost 4.
Status : Wagner : 4 of 24 -- Wagner tree with cost 6.
Status : Wagner : 5 of 24 -- Wagner tree with cost 464.
Status : Wagner : 6 of 24 -- Wagner tree with cost 492.
Status : Wagner : 7 of 24 -- Wagner tree with cost 507.
Status : Wagner : 8 of 24 -- Wagner tree with cost 510.
Status : Wagner : 9 of 24 -- Wagner tree with cost 520.
Status : Wagner : 10 of 24 -- Wagner tree with cost 522.
Status : Wagner : 11 of 24 -- Wagner tree with cost 525.
Status : Wagner : 12 of 24 -- Wagner tree with cost 525.
Status : Wagner : 13 of 24 -- Wagner tree with cost 525.
Status : Wagner : 14 of 24 -- Wagner tree with cost 525.
Status : Wagner : 15 of 24 -- Wagner tree with cost 1060.
Status : Wagner : 16 of 24 -- Wagner tree with cost 1419.
Status : Wagner : 17 of 24 -- Wagner tree with cost 1421.
Status : Wagner : 18 of 24 -- Wagner tree with cost 1423.
Status : Wagner : 19 of 24 -- Wagner tree with cost 1423.
Status : Wagner : 20 of 24 -- Wagner tree with cost 1424.
Status : Wagner : 21 of 24 -- Wagner tree with cost 1424.
Status : Wagner : 22 of 24 -- Wagner tree with cost 1425.
Status : Wagner : 23 of 24 -- Wagner tree with cost 1425.
Status : Wagner Finished
Status : Building Wagner Tree Finished
Status : TBR : 1454 Searching
Information : 
                Timer:
                   1 seconds
Information : 
                Timer:
                   2 seconds
Information : 
                Timer:
                   3 seconds
Information : 
                Timer:
                   4 seconds
Information : 
                Timer:
                   5 seconds
Information : 
                Timer:
                   6 seconds
Information : 
                Timer:
                   7 seconds
Information : 
                Timer:
                   8 seconds
Status : TBR Finished
Status : Automated Search : 0 Best tree: 1454.; Time left: 2 m, 47 s; Hits: 1
Status : Transforming : 1 of 1 --  of transformations applied
Status : Transforming Finished
Status : Diagnosis : 1 of 1 -- Recalculating trees
Status : Diagnosis Finished
Status : Implied Alignments : 1 of 47 -- vertices calculated
Status : Implied Alignments : 2 of 47 -- vertices calculated
Status : Implied Alignments : 3 of 47 -- vertices calculated
Status : Implied Alignments : 4 of 47 -- vertices calculated
Status : Implied Alignments : 5 of 47 -- vertices calculated
Status : Implied Alignments : 6 of 47 -- vertices calculated
Status : Implied Alignments : 7 of 47 -- vertices calculated
Status : Implied Alignments : 8 of 47 -- vertices calculated
Status : Implied Alignments : 9 of 47 -- vertices calculated
Status : Implied Alignments : 10 of 47 -- vertices calculated
Status : Implied Alignments : 11 of 47 -- vertices calculated
Status : Implied Alignments : 12 of 47 -- vertices calculated
Status : Implied Alignments : 13 of 47 -- vertices calculated
Status : Implied Alignments : 14 of 47 -- vertices calculated
Status : Implied Alignments : 15 of 47 -- vertices calculated
Status : Implied Alignments : 16 of 47 -- vertices calculated
Status : Implied Alignments : 17 of 47 -- vertices calculated
Status : Implied Alignments : 18 of 47 -- vertices calculated
Status : Implied Alignments : 19 of 47 -- vertices calculated
Status : Implied Alignments : 20 of 47 -- vertices calculated
Status : Implied Alignments : 21 of 47 -- vertices calculated
Status : Implied Alignments : 22 of 47 -- vertices calculated
Status : Implied Alignments : 23 of 47 -- vertices calculated
Status : Implied Alignments : 24 of 47 -- vertices calculated
Status : Implied Alignments : 25 of 47 -- vertices calculated
Status : Implied Alignments : 26 of 47 -- vertices calculated
Status : Implied Alignments : 27 of 47 -- vertices calculated
Status : Implied Alignments : 28 of 47 -- vertices calculated
Status : Implied Alignments : 29 of 47 -- vertices calculated
Status : Implied Alignments : 30 of 47 -- vertices calculated
Status : Implied Alignments : 31 of 47 -- vertices calculated
Status : Implied Alignments : 32 of 47 -- vertices calculated
Status : Implied Alignments : 33 of 47 -- vertices calculated
Status : Implied Alignments : 34 of 47 -- vertices calculated
Status : Implied Alignments : 35 of 47 -- vertices calculated
Status : Implied Alignments : 36 of 47 -- vertices calculated
Status : Implied Alignments : 37 of 47 -- vertices calculated
Status : Implied Alignments : 38 of 47 -- vertices calculated
Status : Implied Alignments : 39 of 47 -- vertices calculated
Status : Implied Alignments : 40 of 47 -- vertices calculated
Status : Implied Alignments : 41 of 47 -- vertices calculated
Status : Implied Alignments : 42 of 47 -- vertices calculated
Status : Implied Alignments : 43 of 47 -- vertices calculated
Status : Implied Alignments : 44 of 47 -- vertices calculated
Status : Implied Alignments : 45 of 47 -- vertices calculated
Status : Implied Alignments Finished
Status : Static Approximation Finished
Status : Loading Characters : 0 of 24 -- Storing the character specifications
Status : Loading Characters : 1 of 24 -- Storing the character specifications
Status : Loading Characters : 2 of 24 -- Storing the character specifications
Status : Loading Characters : 3 of 24 -- Storing the character specifications
Status : Loading Characters : 4 of 24 -- Storing the character specifications
Status : Loading Characters : 5 of 24 -- Storing the character specifications
Status : Loading Characters : 6 of 24 -- Storing the character specifications
Status : Loading Characters : 7 of 24 -- Storing the character specifications
Status : Loading Characters : 8 of 24 -- Storing the character specifications
Status : Loading Characters : 9 of 24 -- Storing the character specifications
Status :
Loading Characters : 10 of 24 -- Storing the character specifications
Status :
Loading Characters : 11 of 24 -- Storing the character specifications
Status :
Loading Characters : 12 of 24 -- Storing the character specifications
Status :
Loading Characters : 13 of 24 -- Storing the character specifications
Status :
Loading Characters : 14 of 24 -- Storing the character specifications
Status :
Loading Characters : 15 of 24 -- Storing the character specifications
Status :
Loading Characters : 16 of 24 -- Storing the character specifications
Status :
Loading Characters : 17 of 24 -- Storing the character specifications
Status :
Loading Characters : 18 of 24 -- Storing the character specifications
Status :
Loading Characters : 19 of 24 -- Storing the character specifications
Status :
Loading Characters : 20 of 24 -- Storing the character specifications
Status :
Loading Characters : 21 of 24 -- Storing the character specifications
Status :
Loading Characters : 22 of 24 -- Storing the character specifications
Status :
Loading Characters : 23 of 24 -- Storing the character specifications
Status :
Loading Characters : 24 of 24 -- Storing the character specifications
Status : Loading Characters Finished
Status : Transforming : 1 of 1 --  of transformations applied
Status : Transforming Finished
Status : Diagnosis : 0 Recalculating original tree
Status : Diagnosis Finished
Status : Diagnosis : 1 of 1 -- Recalculating trees
Status : Diagnosis Finished
Status : Perturb Iteration : 1 of 4 -- 
Status : Ratcheting : 0 of 1 -- trees in the current optimum
Status : Diagnosis : 0 Recalculating original tree
Status : Diagnosis Finished
Status : Ratcheting : 1 of 1 -- trees in the current optimum
Status : TBR : 1812 Searching
Status : TBR Finished
Status : Diagnosis : 0 Recalculating original tree
Status : Diagnosis Finished
Status : Ratcheting Finished
Status : Perturb Iteration : 2 of 4 -- 
Status : Ratcheting : 0 of 1 -- trees in the current optimum
Status : Diagnosis : 0 Recalculating original tree
Status : Diagnosis Finished
Status : Ratcheting : 1 of 1 -- trees in the current optimum
Status : TBR : 1816 Searching
Status : TBR Finished
Status : Diagnosis : 0 Recalculating original tree
Status : Diagnosis Finished
Status : Ratcheting Finished
Status : Perturb Iteration : 3 of 4 -- 
Status : Ratcheting : 0 of 1 -- trees in the current optimum
Status : Diagnosis : 0 Recalculating original tree
Status : Diagnosis Finished
Status : Ratcheting : 1 of 1 -- trees in the current optimum
Status : TBR : 1801 Searching
Status : TBR Finished
Status : Diagnosis : 0 Recalculating original tree
Status : Diagnosis Finished
Status : Ratcheting Finished
Status : Perturb Iteration : 4 of 4 -- 
Status : Ratcheting : 0 of 1 -- trees in the current optimum
Status : Diagnosis : 0 Recalculating original tree
Status : Diagnosis Finished
Status : Ratcheting : 1 of 1 -- trees in the current optimum
Status : TBR : 1803 Searching
Status : TBR Finished
Status : Diagnosis : 0 Recalculating original tree
Status : Diagnosis Finished
Status : Ratcheting Finished
Status : Perturb Iteration Finished
Status : Diagnosis : 0 Recalculating original tree
Status : Diagnosis Finished
Status : Automated Search : 0 Best tree: 1454.; Time left: 2 m, 42 s; Hits: 2
Status : RAS + TBR : 0 Searching on tree number 2
Status : Wagner : 2 of 24 -- Wagner tree with cost 2.
Status : Wagner : 3 of 24 -- Wagner tree with cost 666.
Status : Wagner : 4 of 24 -- Wagner tree with cost 688.
Status : Wagner : 5 of 24 -- Wagner tree with cost 700.
Status : Wagner : 6 of 24 -- Wagner tree with cost 701.
Status : Wagner : 7 of 24 -- Wagner tree with cost 1037.
Status : Wagner : 8 of 24 -- Wagner tree with cost 1038.
Status : Wagner : 9 of 24 -- Wagner tree with cost 1038.
Status : Wagner : 10 of 24 -- Wagner tree with cost 1038.
Status : Wagner : 11 of 24 -- Wagner tree with cost 1038.
Status : Wagner : 12 of 24 -- Wagner tree with cost 1039.
Status : Wagner : 13 of 24 -- Wagner tree with cost 1041.
Status : Wagner : 14 of 24 -- Wagner tree with cost 1043.
Status : Wagner : 15 of 24 -- Wagner tree with cost 1045.
Status : Wagner : 16 of 24 -- Wagner tree with cost 1059.
Status : Wagner : 17 of 24 -- Wagner tree with cost 1059.
Status : Wagner : 18 of 24 -- Wagner tree with cost 1418.
Status : Wagner : 19 of 24 -- Wagner tree with cost 1420.
Status : Wagner : 20 of 24 -- Wagner tree with cost 1466.
Status : Wagner : 21 of 24 -- Wagner tree with cost 1466.
Status : Wagner : 22 of 24 -- Wagner tree with cost 1469.
Status : Wagner : 23 of 24 -- Wagner tree with cost 1470.
Status : Wagner Finished
Status : Building Wagner Tree Finished
Status : TBR : 1457 Searching
Information : 
                Timer:
                   1 seconds
Information : 
                Timer:
                   2 seconds
Information : 
                Timer:
                   3 seconds
Information : 
                Timer:
                   4 seconds
Information : 
                Timer:
                   5 seconds
Information : 
                Timer:
                   6 seconds
Information : 
                Timer:
                   7 seconds
Information : 
                Timer:
                   8 seconds
Information : 
                Timer:
                   9 seconds
Status : TBR Finished
Status : Automated Search : 0 Best tree: 1454.; Time left: 2 m, 29 s; Hits: 2
Status : Transforming : 1 of 1 --  of transformations applied
Status : Transforming Finished
Status : Diagnosis : 1 of 1 -- Recalculating trees
Status : Diagnosis Finished
Status : Implied Alignments : 1 of 47 -- vertices calculated
Status : Implied Alignments : 2 of 47 -- vertices calculated
Status : Implied Alignments : 3 of 47 -- vertices calculated
Status : Implied Alignments : 4 of 47 -- vertices calculated
Status : Implied Alignments : 5 of 47 -- vertices calculated
Status : Implied Alignments : 6 of 47 -- vertices calculated
Status : Implied Alignments : 7 of 47 -- vertices calculated
Status : Implied Alignments : 8 of 47 -- vertices calculated
Status : Implied Alignments : 9 of 47 -- vertices calculated
Status : Implied Alignments : 10 of 47 -- vertices calculated
Status : Implied Alignments : 11 of 47 -- vertices calculated
Status : Implied Alignments : 12 of 47 -- vertices calculated
Status : Implied Alignments : 13 of 47 -- vertices calculated
Status : Implied Alignments : 14 of 47 -- vertices calculated
Status : Implied Alignments : 15 of 47 -- vertices calculated
Status : Implied Alignments : 16 of 47 -- vertices calculated
Status : Implied Alignments : 17 of 47 -- vertices calculated
Status : Implied Alignments : 18 of 47 -- vertices calculated
Status : Implied Alignments : 19 of 47 -- vertices calculated
Status : Implied Alignments : 20 of 47 -- vertices calculated
Status : Implied Alignments : 21 of 47 -- vertices calculated
Status : Implied Alignments : 22 of 47 -- vertices calculated
Status : Implied Alignments : 23 of 47 -- vertices calculated
Status : Implied Alignments : 24 of 47 -- vertices calculated
Status : Implied Alignments : 25 of 47 -- vertices calculated
Status : Implied Alignments : 26 of 47 -- vertices calculated
Status : Implied Alignments : 27 of 47 -- vertices calculated
Status : Implied Alignments : 28 of 47 -- vertices calculated
Status : Implied Alignments : 29 of 47 -- vertices calculated
Status : Implied Alignments : 30 of 47 -- vertices calculated
Status : Implied Alignments : 31 of 47 -- vertices calculated
Status : Implied Alignments : 32 of 47 -- vertices calculated
Status : Implied Alignments : 33 of 47 -- vertices calculated
Status : Implied Alignments : 34 of 47 -- vertices calculated
Status : Implied Alignments : 35 of 47 -- vertices calculated
Status : Implied Alignments : 36 of 47 -- vertices calculated
Status : Implied Alignments : 37 of 47 -- vertices calculated
Status : Implied Alignments : 38 of 47 -- vertices calculated
Status : Implied Alignments : 39 of 47 -- vertices calculated
Status : Implied Alignments : 40 of 47 -- vertices calculated
Status : Implied Alignments : 41 of 47 -- vertices calculated
Status : Implied Alignments : 42 of 47 -- vertices calculated
Status : Implied Alignments : 43 of 47 -- vertices calculated
Status : Implied Alignments : 44 of 47 -- vertices calculated
Status : Implied Alignments : 45 of 47 -- vertices calculated
Status : Implied Alignments Finished
Status : Static Approximation Finished
Status : Loading Characters : 0 of 24 -- Storing the character specifications
Status : Loading Characters : 1 of 24 -- Storing the character specifications
Status : Loading Characters : 2 of 24 -- Storing the character specifications
Status : Loading Characters : 3 of 24 -- Storing the character specifications
Status : Loading Characters : 4 of 24 -- Storing the character specifications
Status : Loading Characters : 5 of 24 -- Storing the character specifications
Status : Loading Characters : 6 of 24 -- Storing the character specifications
Status : Loading Characters : 7 of 24 -- Storing the character specifications
Status : Loading Characters : 8 of 24 -- Storing the character specifications
Status : Loading Characters : 9 of 24 -- Storing the character specifications
Status :
Loading Characters : 10 of 24 -- Storing the character specifications
Status :
Loading Characters : 11 of 24 -- Storing the character specifications
Status :
Loading Characters : 12 of 24 -- Storing the character specifications
Status :
Loading Characters : 13 of 24 -- Storing the character specifications
Status :
Loading Characters : 14 of 24 -- Storing the character specifications
Status :
Loading Characters : 15 of 24 -- Storing the character specifications
Status :
Loading Characters : 16 of 24 -- Storing the character specifications
Status :
Loading Characters : 17 of 24 -- Storing the character specifications
Status :
Loading Characters : 18 of 24 -- Storing the character specifications
Status :
Loading Characters : 19 of 24 -- Storing the character specifications
Status :
Loading Characters : 20 of 24 -- Storing the character specifications
Status :
Loading Characters : 21 of 24 -- Storing the character specifications
Status :
Loading Characters : 22 of 24 -- Storing the character specifications
Status :
Loading Characters : 23 of 24 -- Storing the character specifications
Status :
Loading Characters : 24 of 24 -- Storing the character specifications
Status : Loading Characters Finished
Status : Transforming : 1 of 1 --  of transformations applied
Status : Transforming Finished
Status : Diagnosis : 0 Recalculating original tree
Status : Diagnosis Finished
Status : Diagnosis : 1 of 1 -- Recalculating trees
Status : Diagnosis Finished
Status : Perturb Iteration : 1 of 4 -- 
Status : Ratcheting : 0 of 1 -- trees in the current optimum
Status : Diagnosis : 0 Recalculating original tree
Status : Diagnosis Finished
Status : Ratcheting : 1 of 1 -- trees in the current optimum
Status : TBR : 1806 Searching
Status : TBR Finished
Status : Diagnosis : 0 Recalculating original tree
Status : Diagnosis Finished
Status : Ratcheting Finished
Status : Perturb Iteration : 2 of 4 -- 
Status : Ratcheting : 0 of 1 -- trees in the current optimum
Status : Diagnosis : 0 Recalculating original tree
Status : Diagnosis Finished
Status : Ratcheting : 1 of 1 -- trees in the current optimum
Status : TBR : 1830 Searching
Status : TBR Finished
Status : Diagnosis : 0 Recalculating original tree
Status : Diagnosis Finished
Status : Ratcheting Finished
Status : Perturb Iteration : 3 of 4 -- 
Status : Ratcheting : 0 of 1 -- trees in the current optimum
Status : Diagnosis : 0 Recalculating original tree
Status : Diagnosis Finished
Status : Ratcheting : 1 of 1 -- trees in the current optimum
Status : TBR : 1830 Searching
Status : TBR Finished
Status : Diagnosis : 0 Recalculating original tree
Status : Diagnosis Finished
Status : Ratcheting Finished
Status : Perturb Iteration : 4 of 4 -- 
Status : Ratcheting : 0 of 1 -- trees in the current optimum
Status : Diagnosis : 0 Recalculating original tree
Status : Diagnosis Finished
Status : Ratcheting : 1 of 1 -- trees in the current optimum
Status : TBR : 1826 Searching
Status : TBR Finished
Status : Diagnosis : 0 Recalculating original tree
Status : Diagnosis Finished
Status : Ratcheting Finished
Status : Perturb Iteration Finished
Status : Diagnosis : 0 Recalculating original tree
Status : Diagnosis Finished
Status : Automated Search : 0 Best tree: 1454.; Time left: 2 m, 24 s; Hits: 3
Status : RAS + TBR : 0 Searching on tree number 3
Status : Wagner : 2 of 24 -- Wagner tree with cost 476.
Status : Wagner : 3 of 24 -- Wagner tree with cost 524.
Status : Wagner : 4 of 24 -- Wagner tree with cost 541.
Status : Wagner : 5 of 24 -- Wagner tree with cost 543.
Status : Wagner : 6 of 24 -- Wagner tree with cost 879.
Status : Wagner : 7 of 24 -- Wagner tree with cost 881.
Status : Wagner : 8 of 24 -- Wagner tree with cost 884.
Status : Wagner : 9 of 24 -- Wagner tree with cost 884.
Status : Wagner : 10 of 24 -- Wagner tree with cost 884.
Status : Wagner : 11 of 24 -- Wagner tree with cost 885.
Status : Wagner : 12 of 24 -- Wagner tree with cost 1443.
Status : Wagner : 13 of 24 -- Wagner tree with cost 1445.
Status : Wagner : 14 of 24 -- Wagner tree with cost 1465.
Status : Wagner : 15 of 24 -- Wagner tree with cost 1465.
Status : Wagner : 16 of 24 -- Wagner tree with cost 1468.
Status : Wagner : 17 of 24 -- Wagner tree with cost 1468.
Status : Wagner : 18 of 24 -- Wagner tree with cost 1468.
Status : Wagner : 19 of 24 -- Wagner tree with cost 1477.
Status : Wagner : 20 of 24 -- Wagner tree with cost 1477.
Status : Wagner : 21 of 24 -- Wagner tree with cost 1480.
Status : Wagner : 22 of 24 -- Wagner tree with cost 1480.
Status : Wagner : 23 of 24 -- Wagner tree with cost 1480.
Status : Wagner Finished
Status : Building Wagner Tree Finished
Status : TBR : 1453 Searching
Information : 
                Timer:
                   1 seconds
Information : 
                Timer:
                   2 seconds
Information : 
                Timer:
                   3 seconds
Information : 
                Timer:
                   4 seconds
Information : 
                Timer:
                   5 seconds
Information : 
                Timer:
                   6 seconds
Status : TBR Finished
Status : Automated Search : 0 Best tree: 1453.; Time left: 2 m, 13 s; Hits: 1
Status : Transforming : 1 of 1 --  of transformations applied
Status : Transforming Finished
Status : Diagnosis : 1 of 1 -- Recalculating trees
Status : Diagnosis Finished
Status : Implied Alignments : 1 of 47 -- vertices calculated
Status : Implied Alignments : 2 of 47 -- vertices calculated
Status : Implied Alignments : 3 of 47 -- vertices calculated
Status : Implied Alignments : 4 of 47 -- vertices calculated
Status : Implied Alignments : 5 of 47 -- vertices calculated
Status : Implied Alignments : 6 of 47 -- vertices calculated
Status : Implied Alignments : 7 of 47 -- vertices calculated
Status : Implied Alignments : 8 of 47 -- vertices calculated
Status : Implied Alignments : 9 of 47 -- vertices calculated
Status : Implied Alignments : 10 of 47 -- vertices calculated
Status : Implied Alignments : 11 of 47 -- vertices calculated
Status : Implied Alignments : 12 of 47 -- vertices calculated
Status : Implied Alignments : 13 of 47 -- vertices calculated
Status : Implied Alignments : 14 of 47 -- vertices calculated
Status : Implied Alignments : 15 of 47 -- vertices calculated
Status : Implied Alignments : 16 of 47 -- vertices calculated
Status : Implied Alignments : 17 of 47 -- vertices calculated
Status : Implied Alignments : 18 of 47 -- vertices calculated
Status : Implied Alignments : 19 of 47 -- vertices calculated
Status : Implied Alignments : 20 of 47 -- vertices calculated
Status : Implied Alignments : 21 of 47 -- vertices calculated
Status : Implied Alignments : 22 of 47 -- vertices calculated
Status : Implied Alignments : 23 of 47 -- vertices calculated
Status : Implied Alignments : 24 of 47 -- vertices calculated
Status : Implied Alignments : 25 of 47 -- vertices calculated
Status : Implied Alignments : 26 of 47 -- vertices calculated
Status : Implied Alignments : 27 of 47 -- vertices calculated
Status : Implied Alignments : 28 of 47 -- vertices calculated
Status : Implied Alignments : 29 of 47 -- vertices calculated
Status : Implied Alignments : 30 of 47 -- vertices calculated
Status : Implied Alignments : 31 of 47 -- vertices calculated
Status : Implied Alignments : 32 of 47 -- vertices calculated
Status : Implied Alignments : 33 of 47 -- vertices calculated
Status : Implied Alignments : 34 of 47 -- vertices calculated
Status : Implied Alignments : 35 of 47 -- vertices calculated
Status : Implied Alignments : 36 of 47 -- vertices calculated
Status : Implied Alignments : 37 of 47 -- vertices calculated
Status : Implied Alignments : 38 of 47 -- vertices calculated
Status : Implied Alignments : 39 of 47 -- vertices calculated
Status : Implied Alignments : 40 of 47 -- vertices calculated
Status : Implied Alignments : 41 of 47 -- vertices calculated
Status : Implied Alignments : 42 of 47 -- vertices calculated
Status : Implied Alignments : 43 of 47 -- vertices calculated
Status : Implied Alignments : 44 of 47 -- vertices calculated
Status : Implied Alignments : 45 of 47 -- vertices calculated
Status : Implied Alignments Finished
Status : Static Approximation Finished
Status : Loading Characters : 0 of 24 -- Storing the character specifications
Status : Loading Characters : 1 of 24 -- Storing the character specifications
Status : Loading Characters : 2 of 24 -- Storing the character specifications
Status : Loading Characters : 3 of 24 -- Storing the character specifications
Status : Loading Characters : 4 of 24 -- Storing the character specifications
Status : Loading Characters : 5 of 24 -- Storing the character specifications
Status : Loading Characters : 6 of 24 -- Storing the character specifications
Status : Loading Characters : 7 of 24 -- Storing the character specifications
Status : Loading Characters : 8 of 24 -- Storing the character specifications
Status : Loading Characters : 9 of 24 -- Storing the character specifications
Status :
Loading Characters : 10 of 24 -- Storing the character specifications
Status :
Loading Characters : 11 of 24 -- Storing the character specifications
Status :
Loading Characters : 12 of 24 -- Storing the character specifications
Status :
Loading Characters : 13 of 24 -- Storing the character specifications
Status :
Loading Characters : 14 of 24 -- Storing the character specifications
Status :
Loading Characters : 15 of 24 -- Storing the character specifications
Status :
Loading Characters : 16 of 24 -- Storing the character specifications
Status :
Loading Characters : 17 of 24 -- Storing the character specifications
Status :
Loading Characters : 18 of 24 -- Storing the character specifications
Status :
Loading Characters : 19 of 24 -- Storing the character specifications
Status :
Loading Characters : 20 of 24 -- Storing the character specifications
Status :
Loading Characters : 21 of 24 -- Storing the character specifications
Status :
Loading Characters : 22 of 24 -- Storing the character specifications
Status :
Loading Characters : 23 of 24 -- Storing the character specifications
Status :
Loading Characters : 24 of 24 -- Storing the character specifications
Status : Loading Characters Finished
Status : Transforming : 1 of 1 --  of transformations applied
Status : Transforming Finished
Status : Diagnosis : 0 Recalculating original tree
Status : Diagnosis Finished
Status : Diagnosis : 1 of 1 -- Recalculating trees
Status : Diagnosis Finished
Status : Perturb Iteration : 1 of 4 -- 
Status : Ratcheting : 0 of 1 -- trees in the current optimum
Status : Diagnosis : 0 Recalculating original tree
Status : Diagnosis Finished
Status : Ratcheting : 1 of 1 -- trees in the current optimum
Status : TBR : 1841 Searching
Status : TBR Finished
Status : Diagnosis : 0 Recalculating original tree
Status : Diagnosis Finished
Status : Ratcheting Finished
Status : Perturb Iteration : 2 of 4 -- 
Status : Ratcheting : 0 of 1 -- trees in the current optimum
Status : Diagnosis : 0 Recalculating original tree
Status : Diagnosis Finished
Status : Ratcheting : 1 of 1 -- trees in the current optimum
Status : TBR : 1808 Searching
Status : TBR Finished
Status : Diagnosis : 0 Recalculating original tree
Status : Diagnosis Finished
Status : Ratcheting Finished
Status : Perturb Iteration : 3 of 4 -- 
Status : Ratcheting : 0 of 1 -- trees in the current optimum
Status : Diagnosis : 0 Recalculating original tree
Status : Diagnosis Finished
Status : Ratcheting : 1 of 1 -- trees in the current optimum
Status : TBR : 1836 Searching
Status : TBR Finished
Status : Diagnosis : 0 Recalculating original tree
Status : Diagnosis Finished
Status : Ratcheting Finished
Status : Perturb Iteration : 4 of 4 -- 
Status : Ratcheting : 0 of 1 -- trees in the current optimum
Status : Diagnosis : 0 Recalculating original tree
Status : Diagnosis Finished
Status : Ratcheting : 1 of 1 -- trees in the current optimum
Status : TBR : 1833 Searching
Status : TBR Finished
Status : Diagnosis : 0 Recalculating original tree
Status : Diagnosis Finished
Status : Ratcheting Finished
Status : Perturb Iteration Finished
Status : Diagnosis : 0 Recalculating original tree
Status : Diagnosis Finished
Status : Automated Search : 0 Best tree: 1453.; Time left: 2 m, 8 s; Hits: 1
Status : RAS + TBR : 0 Searching on tree number 4
Status : Wagner : 2 of 24 -- Wagner tree with cost 3.
Status : Wagner : 3 of 24 -- Wagner tree with cost 6.
Status : Wagner : 4 of 24 -- Wagner tree with cost 31.
Status : Wagner : 5 of 24 -- Wagner tree with cost 499.
Status : Wagner : 6 of 24 -- Wagner tree with cost 830.
Status : Wagner : 7 of 24 -- Wagner tree with cost 831.
Status : Wagner : 8 of 24 -- Wagner tree with cost 851.
Status : Wagner : 9 of 24 -- Wagner tree with cost 852.
Status : Wagner : 10 of 24 -- Wagner tree with cost 854.
Status : Wagner : 11 of 24 -- Wagner tree with cost 856.
Status : Wagner : 12 of 24 -- Wagner tree with cost 1410.
Status : Wagner : 13 of 24 -- Wagner tree with cost 1457.
Status : Wagner : 14 of 24 -- Wagner tree with cost 1457.
Status : Wagner : 15 of 24 -- Wagner tree with cost 1460.
Status : Wagner : 16 of 24 -- Wagner tree with cost 1461.
Status : Wagner : 17 of 24 -- Wagner tree with cost 1462.
Status : Wagner : 18 of 24 -- Wagner tree with cost 1465.
Status : Wagner : 19 of 24 -- Wagner tree with cost 1465.
Status : Wagner : 20 of 24 -- Wagner tree with cost 1465.
Status : Wagner : 21 of 24 -- Wagner tree with cost 1465.
Status : Wagner : 22 of 24 -- Wagner tree with cost 1465.
Status : Wagner : 23 of 24 -- Wagner tree with cost 1473.
Status : Wagner Finished
Status : Building Wagner Tree Finished
Status : TBR : 1454 Searching
Information : 
                Timer:
                   1 seconds
Information : 
                Timer:
                   2 seconds
Information : 
                Timer:
                   3 seconds
Information : 
                Timer:
                   4 seconds
Information : 
                Timer:
                   5 seconds
Information : 
                Timer:
                   6 seconds
Information : 
                Timer:
                   7 seconds
Information : 
                Timer:
                   8 seconds
Status : TBR Finished
Status : Automated Search : 0 Best tree: 1453.; Time left: 1 m, 55 s; Hits: 1
Status : Transforming : 1 of 1 --  of transformations applied
Status : Transforming Finished
Status : Diagnosis : 1 of 1 -- Recalculating trees
Status : Diagnosis Finished
Status : Implied Alignments : 1 of 47 -- vertices calculated
Status : Implied Alignments : 2 of 47 -- vertices calculated
Status : Implied Alignments : 3 of 47 -- vertices calculated
Status : Implied Alignments : 4 of 47 -- vertices calculated
Status : Implied Alignments : 5 of 47 -- vertices calculated
Status : Implied Alignments : 6 of 47 -- vertices calculated
Status : Implied Alignments : 7 of 47 -- vertices calculated
Status : Implied Alignments : 8 of 47 -- vertices calculated
Status : Implied Alignments : 9 of 47 -- vertices calculated
Status : Implied Alignments : 10 of 47 -- vertices calculated
Status : Implied Alignments : 11 of 47 -- vertices calculated
Status : Implied Alignments : 12 of 47 -- vertices calculated
Status : Implied Alignments : 13 of 47 -- vertices calculated
Status : Implied Alignments : 14 of 47 -- vertices calculated
Status : Implied Alignments : 15 of 47 -- vertices calculated
Status : Implied Alignments : 16 of 47 -- vertices calculated
Status : Implied Alignments : 17 of 47 -- vertices calculated
Status : Implied Alignments : 18 of 47 -- vertices calculated
Status : Implied Alignments : 19 of 47 -- vertices calculated
Status : Implied Alignments : 20 of 47 -- vertices calculated
Status : Implied Alignments : 21 of 47 -- vertices calculated
Status : Implied Alignments : 22 of 47 -- vertices calculated
Status : Implied Alignments : 23 of 47 -- vertices calculated
Status : Implied Alignments : 24 of 47 -- vertices calculated
Status : Implied Alignments : 25 of 47 -- vertices calculated
Status : Implied Alignments : 26 of 47 -- vertices calculated
Status : Implied Alignments : 27 of 47 -- vertices calculated
Status : Implied Alignments : 28 of 47 -- vertices calculated
Status : Implied Alignments : 29 of 47 -- vertices calculated
Status : Implied Alignments : 30 of 47 -- vertices calculated
Status : Implied Alignments : 31 of 47 -- vertices calculated
Status : Implied Alignments : 32 of 47 -- vertices calculated
Status : Implied Alignments : 33 of 47 -- vertices calculated
Status : Implied Alignments : 34 of 47 -- vertices calculated
Status : Implied Alignments : 35 of 47 -- vertices calculated
Status : Implied Alignments : 36 of 47 -- vertices calculated
Status : Implied Alignments : 37 of 47 -- vertices calculated
Status : Implied Alignments : 38 of 47 -- vertices calculated
Status : Implied Alignments : 39 of 47 -- vertices calculated
Status : Implied Alignments : 40 of 47 -- vertices calculated
Status : Implied Alignments : 41 of 47 -- vertices calculated
Status : Implied Alignments : 42 of 47 -- vertices calculated
Status : Implied Alignments : 43 of 47 -- vertices calculated
Status : Implied Alignments : 44 of 47 -- vertices calculated
Status : Implied Alignments : 45 of 47 -- vertices calculated
Status : Implied Alignments Finished
Status : Static Approximation Finished
Status : Loading Characters : 0 of 24 -- Storing the character specifications
Status : Loading Characters : 1 of 24 -- Storing the character specifications
Status : Loading Characters : 2 of 24 -- Storing the character specifications
Status : Loading Characters : 3 of 24 -- Storing the character specifications
Status : Loading Characters : 4 of 24 -- Storing the character specifications
Status : Loading Characters : 5 of 24 -- Storing the character specifications
Status : Loading Characters : 6 of 24 -- Storing the character specifications
Status : Loading Characters : 7 of 24 -- Storing the character specifications
Status : Loading Characters : 8 of 24 -- Storing the character specifications
Status : Loading Characters : 9 of 24 -- Storing the character specifications
Status :
Loading Characters : 10 of 24 -- Storing the character specifications
Status :
Loading Characters : 11 of 24 -- Storing the character specifications
Status :
Loading Characters : 12 of 24 -- Storing the character specifications
Status :
Loading Characters : 13 of 24 -- Storing the character specifications
Status :
Loading Characters : 14 of 24 -- Storing the character specifications
Status :
Loading Characters : 15 of 24 -- Storing the character specifications
Status :
Loading Characters : 16 of 24 -- Storing the character specifications
Status :
Loading Characters : 17 of 24 -- Storing the character specifications
Status :
Loading Characters : 18 of 24 -- Storing the character specifications
Status :
Loading Characters : 19 of 24 -- Storing the character specifications
Status :
Loading Characters : 20 of 24 -- Storing the character specifications
Status :
Loading Characters : 21 of 24 -- Storing the character specifications
Status :
Loading Characters : 22 of 24 -- Storing the character specifications
Status :
Loading Characters : 23 of 24 -- Storing the character specifications
Status :
Loading Characters : 24 of 24 -- Storing the character specifications
Status : Loading Characters Finished
Status : Transforming : 1 of 1 --  of transformations applied
Status : Transforming Finished
Status : Diagnosis : 0 Recalculating original tree
Status : Diagnosis Finished
Status : Diagnosis : 1 of 1 -- Recalculating trees
Status : Diagnosis Finished
Status : Perturb Iteration : 1 of 4 -- 
Status : Ratcheting : 0 of 1 -- trees in the current optimum
Status : Diagnosis : 0 Recalculating original tree
Status : Diagnosis Finished
Status : Ratcheting : 1 of 1 -- trees in the current optimum
Status : TBR : 1827 Searching
Status : TBR Finished
Status : Diagnosis : 0 Recalculating original tree
Status : Diagnosis Finished
Status : Ratcheting Finished
Status : Perturb Iteration : 2 of 4 -- 
Status : Ratcheting : 0 of 1 -- trees in the current optimum
Status : Diagnosis : 0 Recalculating original tree
Status : Diagnosis Finished
Status : Ratcheting : 1 of 1 -- trees in the current optimum
Status : TBR : 1794 Searching
Status : TBR Finished
Status : Diagnosis : 0 Recalculating original tree
Status : Diagnosis Finished
Status : Ratcheting Finished
Status : Perturb Iteration : 3 of 4 -- 
Status : Ratcheting : 0 of 1 -- trees in the current optimum
Status : Diagnosis : 0 Recalculating original tree
Status : Diagnosis Finished
Status : Ratcheting : 1 of 1 -- trees in the current optimum
Status : TBR : 1815 Searching
Status : TBR Finished
Status : Diagnosis : 0 Recalculating original tree
Status : Diagnosis Finished
Status : Ratcheting Finished
Status : Perturb Iteration : 4 of 4 -- 
Status : Ratcheting : 0 of 1 -- trees in the current optimum
Status : Diagnosis : 0 Recalculating original tree
Status : Diagnosis Finished
Status : Ratcheting : 1 of 1 -- trees in the current optimum
Status : TBR : 1846 Searching
Status : TBR Finished
Status : Diagnosis : 0 Recalculating original tree
Status : Diagnosis Finished
Status : Ratcheting Finished
Status : Perturb Iteration Finished
Status : Diagnosis : 0 Recalculating original tree
Status : Diagnosis Finished
Status : Automated Search : 0 Best tree: 1453.; Time left: 1 m, 50 s; Hits: 1
Status : RAS + TBR : 0 Searching on tree number 5
Status : Wagner : 2 of 24 -- Wagner tree with cost 468.
Status : Wagner : 3 of 24 -- Wagner tree with cost 495.
Status : Wagner : 4 of 24 -- Wagner tree with cost 496.
Status : Wagner : 5 of 24 -- Wagner tree with cost 498.
Status : Wagner : 6 of 24 -- Wagner tree with cost 499.
Status : Wagner : 7 of 24 -- Wagner tree with cost 511.
Status : Wagner : 8 of 24 -- Wagner tree with cost 511.
Status : Wagner : 9 of 24 -- Wagner tree with cost 513.
Status : Wagner : 10 of 24 -- Wagner tree with cost 518.
Status : Wagner : 11 of 24 -- Wagner tree with cost 1073.
Status : Wagner : 12 of 24 -- Wagner tree with cost 1073.
Status : Wagner : 13 of 24 -- Wagner tree with cost 1075.
Status : Wagner : 14 of 24 -- Wagner tree with cost 1076.
Status : Wagner : 15 of 24 -- Wagner tree with cost 1076.
Status : Wagner : 16 of 24 -- Wagner tree with cost 1421.
Status : Wagner : 17 of 24 -- Wagner tree with cost 1421.
Status : Wagner : 18 of 24 -- Wagner tree with cost 1422.
Status : Wagner : 19 of 24 -- Wagner tree with cost 1468.
Status : Wagner : 20 of 24 -- Wagner tree with cost 1468.
Status : Wagner : 21 of 24 -- Wagner tree with cost 1469.
Status : Wagner : 22 of 24 -- Wagner tree with cost 1473.
Status : Wagner : 23 of 24 -- Wagner tree with cost 1482.
Status : Wagner Finished
Status : Building Wagner Tree Finished
Status : TBR : 1453 Searching
Information : 
                Timer:
                   1 seconds
Information : 
                Timer:
                   2 seconds
Information : 
                Timer:
                   3 seconds
Information : 
                Timer:
                   4 seconds
Information : 
                Timer:
                   5 seconds
Information : 
                Timer:
                   6 seconds
Status : TBR Finished
Status : Automated Search : 0 Best tree: 1453.; Time left: 1 m, 40 s; Hits: 2
Status : Transforming : 1 of 1 --  of transformations applied
Status : Transforming Finished
Status : Diagnosis : 1 of 1 -- Recalculating trees
Status : Diagnosis Finished
Status : Implied Alignments : 1 of 47 -- vertices calculated
Status : Implied Alignments : 2 of 47 -- vertices calculated
Status : Implied Alignments : 3 of 47 -- vertices calculated
Status : Implied Alignments : 4 of 47 -- vertices calculated
Status : Implied Alignments : 5 of 47 -- vertices calculated
Status : Implied Alignments : 6 of 47 -- vertices calculated
Status : Implied Alignments : 7 of 47 -- vertices calculated
Status : Implied Alignments : 8 of 47 -- vertices calculated
Status : Implied Alignments : 9 of 47 -- vertices calculated
Status : Implied Alignments : 10 of 47 -- vertices calculated
Status : Implied Alignments : 11 of 47 -- vertices calculated
Status : Implied Alignments : 12 of 47 -- vertices calculated
Status : Implied Alignments : 13 of 47 -- vertices calculated
Status : Implied Alignments : 14 of 47 -- vertices calculated
Status : Implied Alignments : 15 of 47 -- vertices calculated
Status : Implied Alignments : 16 of 47 -- vertices calculated
Status : Implied Alignments : 17 of 47 -- vertices calculated
Status : Implied Alignments : 18 of 47 -- vertices calculated
Status : Implied Alignments : 19 of 47 -- vertices calculated
Status : Implied Alignments : 20 of 47 -- vertices calculated
Status : Implied Alignments : 21 of 47 -- vertices calculated
Status : Implied Alignments : 22 of 47 -- vertices calculated
Status : Implied Alignments : 23 of 47 -- vertices calculated
Status : Implied Alignments : 24 of 47 -- vertices calculated
Status : Implied Alignments : 25 of 47 -- vertices calculated
Status : Implied Alignments : 26 of 47 -- vertices calculated
Status : Implied Alignments : 27 of 47 -- vertices calculated
Status : Implied Alignments : 28 of 47 -- vertices calculated
Status : Implied Alignments : 29 of 47 -- vertices calculated
Status : Implied Alignments : 30 of 47 -- vertices calculated
Status : Implied Alignments : 31 of 47 -- vertices calculated
Status : Implied Alignments : 32 of 47 -- vertices calculated
Status : Implied Alignments : 33 of 47 -- vertices calculated
Status : Implied Alignments : 34 of 47 -- vertices calculated
Status : Implied Alignments : 35 of 47 -- vertices calculated
Status : Implied Alignments : 36 of 47 -- vertices calculated
Status : Implied Alignments : 37 of 47 -- vertices calculated
Status : Implied Alignments : 38 of 47 -- vertices calculated
Status : Implied Alignments : 39 of 47 -- vertices calculated
Status : Implied Alignments : 40 of 47 -- vertices calculated
Status : Implied Alignments : 41 of 47 -- vertices calculated
Status : Implied Alignments : 42 of 47 -- vertices calculated
Status : Implied Alignments : 43 of 47 -- vertices calculated
Status : Implied Alignments : 44 of 47 -- vertices calculated
Status : Implied Alignments : 45 of 47 -- vertices calculated
Status : Implied Alignments Finished
Status : Static Approximation Finished
Status : Loading Characters : 0 of 24 -- Storing the character specifications
Status : Loading Characters : 1 of 24 -- Storing the character specifications
Status : Loading Characters : 2 of 24 -- Storing the character specifications
Status : Loading Characters : 3 of 24 -- Storing the character specifications
Status : Loading Characters : 4 of 24 -- Storing the character specifications
Status : Loading Characters : 5 of 24 -- Storing the character specifications
Status : Loading Characters : 6 of 24 -- Storing the character specifications
Status : Loading Characters : 7 of 24 -- Storing the character specifications
Status : Loading Characters : 8 of 24 -- Storing the character specifications
Status : Loading Characters : 9 of 24 -- Storing the character specifications
Status :
Loading Characters : 10 of 24 -- Storing the character specifications
Status :
Loading Characters : 11 of 24 -- Storing the character specifications
Status :
Loading Characters : 12 of 24 -- Storing the character specifications
Status :
Loading Characters : 13 of 24 -- Storing the character specifications
Status :
Loading Characters : 14 of 24 -- Storing the character specifications
Status :
Loading Characters : 15 of 24 -- Storing the character specifications
Status :
Loading Characters : 16 of 24 -- Storing the character specifications
Status :
Loading Characters : 17 of 24 -- Storing the character specifications
Status :
Loading Characters : 18 of 24 -- Storing the character specifications
Status :
Loading Characters : 19 of 24 -- Storing the character specifications
Status :
Loading Characters : 20 of 24 -- Storing the character specifications
Status :
Loading Characters : 21 of 24 -- Storing the character specifications
Status :
Loading Characters : 22 of 24 -- Storing the character specifications
Status :
Loading Characters : 23 of 24 -- Storing the character specifications
Status :
Loading Characters : 24 of 24 -- Storing the character specifications
Status : Loading Characters Finished
Status : Transforming : 1 of 1 --  of transformations applied
Status : Transforming Finished
Status : Diagnosis : 0 Recalculating original tree
Status : Diagnosis Finished
Status : Diagnosis : 1 of 1 -- Recalculating trees
Status : Diagnosis Finished
Status : Perturb Iteration : 1 of 4 -- 
Status : Ratcheting : 0 of 1 -- trees in the current optimum
Status : Diagnosis : 0 Recalculating original tree
Status : Diagnosis Finished
Status : Ratcheting : 1 of 1 -- trees in the current optimum
Status : TBR : 1828 Searching
Status : TBR Finished
Status : Diagnosis : 0 Recalculating original tree
Status : Diagnosis Finished
Status : Ratcheting Finished
Status : Perturb Iteration : 2 of 4 -- 
Status : Ratcheting : 0 of 1 -- trees in the current optimum
Status : Diagnosis : 0 Recalculating original tree
Status : Diagnosis Finished
Status : Ratcheting : 1 of 1 -- trees in the current optimum
Status : TBR : 1832 Searching
Status : TBR Finished
Status : Diagnosis : 0 Recalculating original tree
Status : Diagnosis Finished
Status : Ratcheting Finished
Status : Perturb Iteration : 3 of 4 -- 
Status : Ratcheting : 0 of 1 -- trees in the current optimum
Status : Diagnosis : 0 Recalculating original tree
Status : Diagnosis Finished
Status : Ratcheting : 1 of 1 -- trees in the current optimum
Status : TBR : 1821 Searching
Status : TBR Finished
Status : Diagnosis : 0 Recalculating original tree
Status : Diagnosis Finished
Status : Ratcheting Finished
Status : Perturb Iteration : 4 of 4 -- 
Status : Ratcheting : 0 of 1 -- trees in the current optimum
Status : Diagnosis : 0 Recalculating original tree
Status : Diagnosis Finished
Status : Ratcheting : 1 of 1 -- trees in the current optimum
Status : TBR : 1838 Searching
Status : TBR Finished
Status : Diagnosis : 0 Recalculating original tree
Status : Diagnosis Finished
Status : Ratcheting Finished
Status : Perturb Iteration Finished
Status : Diagnosis : 0 Recalculating original tree
Status : Diagnosis Finished
Status : Automated Search : 0 Best tree: 1453.; Time left: 1 m, 35 s; Hits: 2
Status : RAS + TBR : 0 Searching on tree number 6
Status : Wagner : 2 of 24 -- Wagner tree with cost 27.
Status : Wagner : 3 of 24 -- Wagner tree with cost 494.
Status : Wagner : 4 of 24 -- Wagner tree with cost 509.
Status : Wagner : 5 of 24 -- Wagner tree with cost 511.
Status : Wagner : 6 of 24 -- Wagner tree with cost 511.
Status : Wagner : 7 of 24 -- Wagner tree with cost 512.
Status : Wagner : 8 of 24 -- Wagner tree with cost 518.
Status : Wagner : 9 of 24 -- Wagner tree with cost 520.
Status : Wagner : 10 of 24 -- Wagner tree with cost 525.
Status : Wagner : 11 of 24 -- Wagner tree with cost 534.
Status : Wagner : 12 of 24 -- Wagner tree with cost 534.
Status : Wagner : 13 of 24 -- Wagner tree with cost 1065.
Status : Wagner : 14 of 24 -- Wagner tree with cost 1065.
Status : Wagner : 15 of 24 -- Wagner tree with cost 1068.
Status : Wagner : 16 of 24 -- Wagner tree with cost 1069.
Status : Wagner : 17 of 24 -- Wagner tree with cost 1070.
Status : Wagner : 18 of 24 -- Wagner tree with cost 1118.
Status : Wagner : 19 of 24 -- Wagner tree with cost 1118.
Status : Wagner : 20 of 24 -- Wagner tree with cost 1118.
Status : Wagner : 21 of 24 -- Wagner tree with cost 1118.
Status : Wagner : 22 of 24 -- Wagner tree with cost 1118.
Status : Wagner : 23 of 24 -- Wagner tree with cost 1469.
Status : Wagner Finished
Status : Building Wagner Tree Finished
Status : TBR : 1454 Searching
Information : 
                Timer:
                   1 seconds
Information : 
                Timer:
                   2 seconds
Information : 
                Timer:
                   3 seconds
Information : 
                Timer:
                   4 seconds
Information : 
                Timer:
                   5 seconds
Information : 
                Timer:
                   6 seconds
Information : 
                Timer:
                   7 seconds
Information : 
                Timer:
                   8 seconds
Status : TBR Finished
Status : TBR : 1454 Searching
Information : 
                Timer:
                   1 seconds
Information : 
                Timer:
                   2 seconds
Information : 
                Timer:
                   3 seconds
Information : 
                Timer:
                   4 seconds
Information : 
                Timer:
                   5 seconds
Status : TBR Finished
Status : Automated Search : 0 Best tree: 1453.; Time left: 1 m, 18 s; Hits: 2
Status : RAS + TBR : 0 Searching on tree number 7
Status : Wagner : 2 of 24 -- Wagner tree with cost 661.
Status : Wagner : 3 of 24 -- Wagner tree with cost 1003.
Status : Wagner : 4 of 24 -- Wagner tree with cost 1050.
Status : Wagner : 5 of 24 -- Wagner tree with cost 1073.
Status : Wagner : 6 of 24 -- Wagner tree with cost 1094.
Status : Wagner : 7 of 24 -- Wagner tree with cost 1094.
Status : Wagner : 8 of 24 -- Wagner tree with cost 1094.
Status : Wagner : 9 of 24 -- Wagner tree with cost 1096.
Status : Wagner : 10 of 24 -- Wagner tree with cost 1098.
Status : Wagner : 11 of 24 -- Wagner tree with cost 1098.
Status : Wagner : 12 of 24 -- Wagner tree with cost 1101.
Status : Wagner : 13 of 24 -- Wagner tree with cost 1103.
Status : Wagner : 14 of 24 -- Wagner tree with cost 1454.
Status : Wagner : 15 of 24 -- Wagner tree with cost 1454.
Status : Wagner : 16 of 24 -- Wagner tree with cost 1454.
Status : Wagner : 17 of 24 -- Wagner tree with cost 1457.
Status : Wagner : 18 of 24 -- Wagner tree with cost 1459.
Status : Wagner : 19 of 24 -- Wagner tree with cost 1460.
Status : Wagner : 20 of 24 -- Wagner tree with cost 1460.
Status : Wagner : 21 of 24 -- Wagner tree with cost 1462.
Status : Wagner : 22 of 24 -- Wagner tree with cost 1471.
Status : Wagner : 23 of 24 -- Wagner tree with cost 1471.
Status : Wagner Finished
Status : Building Wagner Tree Finished
Status : TBR : 1454 Searching
Information : 
                Timer:
                   1 seconds
Information : 
                Timer:
                   2 seconds
Information : 
                Timer:
                   3 seconds
Information : 
                Timer:
                   4 seconds
Information : 
                Timer:
                   5 seconds
Information : 
                Timer:
                   6 seconds
Information : 
                Timer:
                   7 seconds
Information : 
                Timer:
                   8 seconds
Status : TBR Finished
Status : Automated Search : 0 Best tree: 1453.; Time left: 1 m, 5 s; Hits: 2
Status : Transforming : 1 of 1 --  of transformations applied
Status : Transforming Finished
Status : Diagnosis : 1 of 1 -- Recalculating trees
Status : Diagnosis Finished
Status : Implied Alignments : 1 of 47 -- vertices calculated
Status : Implied Alignments : 2 of 47 -- vertices calculated
Status : Implied Alignments : 3 of 47 -- vertices calculated
Status : Implied Alignments : 4 of 47 -- vertices calculated
Status : Implied Alignments : 5 of 47 -- vertices calculated
Status : Implied Alignments : 6 of 47 -- vertices calculated
Status : Implied Alignments : 7 of 47 -- vertices calculated
Status : Implied Alignments : 8 of 47 -- vertices calculated
Status : Implied Alignments : 9 of 47 -- vertices calculated
Status : Implied Alignments : 10 of 47 -- vertices calculated
Status : Implied Alignments : 11 of 47 -- vertices calculated
Status : Implied Alignments : 12 of 47 -- vertices calculated
Status : Implied Alignments : 13 of 47 -- vertices calculated
Status : Implied Alignments : 14 of 47 -- vertices calculated
Status : Implied Alignments : 15 of 47 -- vertices calculated
Status : Implied Alignments : 16 of 47 -- vertices calculated
Status : Implied Alignments : 17 of 47 -- vertices calculated
Status : Implied Alignments : 18 of 47 -- vertices calculated
Status : Implied Alignments : 19 of 47 -- vertices calculated
Status : Implied Alignments : 20 of 47 -- vertices calculated
Status : Implied Alignments : 21 of 47 -- vertices calculated
Status : Implied Alignments : 22 of 47 -- vertices calculated
Status : Implied Alignments : 23 of 47 -- vertices calculated
Status : Implied Alignments : 24 of 47 -- vertices calculated
Status : Implied Alignments : 25 of 47 -- vertices calculated
Status : Implied Alignments : 26 of 47 -- vertices calculated
Status : Implied Alignments : 27 of 47 -- vertices calculated
Status : Implied Alignments : 28 of 47 -- vertices calculated
Status : Implied Alignments : 29 of 47 -- vertices calculated
Status : Implied Alignments : 30 of 47 -- vertices calculated
Status : Implied Alignments : 31 of 47 -- vertices calculated
Status : Implied Alignments : 32 of 47 -- vertices calculated
Status : Implied Alignments : 33 of 47 -- vertices calculated
Status : Implied Alignments : 34 of 47 -- vertices calculated
Status : Implied Alignments : 35 of 47 -- vertices calculated
Status : Implied Alignments : 36 of 47 -- vertices calculated
Status : Implied Alignments : 37 of 47 -- vertices calculated
Status : Implied Alignments : 38 of 47 -- vertices calculated
Status : Implied Alignments : 39 of 47 -- vertices calculated
Status : Implied Alignments : 40 of 47 -- vertices calculated
Status : Implied Alignments : 41 of 47 -- vertices calculated
Status : Implied Alignments : 42 of 47 -- vertices calculated
Status : Implied Alignments : 43 of 47 -- vertices calculated
Status : Implied Alignments : 44 of 47 -- vertices calculated
Status : Implied Alignments : 45 of 47 -- vertices calculated
Status : Implied Alignments Finished
Status : Static Approximation Finished
Status : Loading Characters : 0 of 24 -- Storing the character specifications
Status : Loading Characters : 1 of 24 -- Storing the character specifications
Status : Loading Characters : 2 of 24 -- Storing the character specifications
Status : Loading Characters : 3 of 24 -- Storing the character specifications
Status : Loading Characters : 4 of 24 -- Storing the character specifications
Status : Loading Characters : 5 of 24 -- Storing the character specifications
Status : Loading Characters : 6 of 24 -- Storing the character specifications
Status : Loading Characters : 7 of 24 -- Storing the character specifications
Status : Loading Characters : 8 of 24 -- Storing the character specifications
Status : Loading Characters : 9 of 24 -- Storing the character specifications
Status :
Loading Characters : 10 of 24 -- Storing the character specifications
Status :
Loading Characters : 11 of 24 -- Storing the character specifications
Status :
Loading Characters : 12 of 24 -- Storing the character specifications
Status :
Loading Characters : 13 of 24 -- Storing the character specifications
Status :
Loading Characters : 14 of 24 -- Storing the character specifications
Status :
Loading Characters : 15 of 24 -- Storing the character specifications
Status :
Loading Characters : 16 of 24 -- Storing the character specifications
Status :
Loading Characters : 17 of 24 -- Storing the character specifications
Status :
Loading Characters : 18 of 24 -- Storing the character specifications
Status :
Loading Characters : 19 of 24 -- Storing the character specifications
Status :
Loading Characters : 20 of 24 -- Storing the character specifications
Status :
Loading Characters : 21 of 24 -- Storing the character specifications
Status :
Loading Characters : 22 of 24 -- Storing the character specifications
Status :
Loading Characters : 23 of 24 -- Storing the character specifications
Status :
Loading Characters : 24 of 24 -- Storing the character specifications
Status : Loading Characters Finished
Status : Transforming : 1 of 1 --  of transformations applied
Status : Transforming Finished
Status : Diagnosis : 0 Recalculating original tree
Status : Diagnosis Finished
Status : Diagnosis : 1 of 1 -- Recalculating trees
Status : Diagnosis Finished
Status : Perturb Iteration : 1 of 4 -- 
Status : Ratcheting : 0 of 1 -- trees in the current optimum
Status : Diagnosis : 0 Recalculating original tree
Status : Diagnosis Finished
Status : Ratcheting : 1 of 1 -- trees in the current optimum
Status : TBR : 1810 Searching
Status : TBR Finished
Status : Diagnosis : 0 Recalculating original tree
Status : Diagnosis Finished
Status : Ratcheting Finished
Status : Perturb Iteration : 2 of 4 -- 
Status : Ratcheting : 0 of 1 -- trees in the current optimum
Status : Diagnosis : 0 Recalculating original tree
Status : Diagnosis Finished
Status : Ratcheting : 1 of 1 -- trees in the current optimum
Status : TBR : 1833 Searching
Status : TBR Finished
Status : Diagnosis : 0 Recalculating original tree
Status : Diagnosis Finished
Status : Ratcheting Finished
Status : Perturb Iteration : 3 of 4 -- 
Status : Ratcheting : 0 of 1 -- trees in the current optimum
Status : Diagnosis : 0 Recalculating original tree
Status : Diagnosis Finished
Status : Ratcheting : 1 of 1 -- trees in the current optimum
Status : TBR : 1840 Searching
Status : TBR Finished
Status : Diagnosis : 0 Recalculating original tree
Status : Diagnosis Finished
Status : Ratcheting Finished
Status : Perturb Iteration : 4 of 4 -- 
Status : Ratcheting : 0 of 1 -- trees in the current optimum
Status : Diagnosis : 0 Recalculating original tree
Status : Diagnosis Finished
Status : Ratcheting : 1 of 1 -- trees in the current optimum
Status : TBR : 1819 Searching
Status : TBR Finished
Status : Diagnosis : 0 Recalculating original tree
Status : Diagnosis Finished
Status : Ratcheting Finished
Status : Perturb Iteration Finished
Status : Diagnosis : 0 Recalculating original tree
Status : Diagnosis Finished
Status : Automated Search : 0 Best tree: 1453.; Time left: 1 m, 0 s; Hits: 2
Status : RAS + TBR Finished
Status : Automated Search : 0 Best tree: 1453.; Time left: 1 m, 0 s; Hits: 2
Status : Fusing Trees : 0 Generation 1
Status : Tree Fusing : 0 of 1 -- 
Status : Tree Fusing : 1 of 1 -- 
Status :
Tree Fusing :
1 of 1 -- tree #6 [1454.] -> tree #3 [1454.]: tree with cost 1454.
Status : Tree Fusing Finished
Status : Automated Search : 0 Best tree: 1453.; Time left: 60 s; Hits: 2
Status : Automated Search : 0 Best tree: 1453.; Time left: 60 s; Hits: 2
Status : Fusing Trees : 0 Generation 2
Status : Tree Fusing : 0 of 1 -- 
Status : Tree Fusing : 1 of 1 -- 
Status : Tree Fusing Finished
Status : Automated Search : 0 Best tree: 1453.; Time left: 60 s; Hits: 2
Status : Automated Search : 0 Best tree: 1453.; Time left: 60 s; Hits: 2
Status : Fusing Trees : 0 Generation 3
Status : Tree Fusing : 0 of 1 -- 
Status : Tree Fusing : 1 of 1 -- 
Status :
Tree Fusing :
1 of 1 -- tree #1 [1457.] -> tree #7 [1454.]: tree with cost 1457.
Status : Tree Fusing Finished
Status : Automated Search : 0 Best tree: 1453.; Time left: 59 s; Hits: 2
Status : Automated Search : 0 Best tree: 1453.; Time left: 59 s; Hits: 2
Status : Fusing Trees : 0 Generation 4
Status : Tree Fusing : 0 of 1 -- 
Status : Tree Fusing : 1 of 1 -- 
Status :
Tree Fusing :
1 of 1 -- tree #4 [1454.] -> tree #11 [1453.]: tree with cost 1453.
Status :
Tree Fusing :
1 of 1 -- tree #4 [1454.] -> tree #11 [1453.]: tree with cost 1454.
Status : Tree Fusing Finished
Status : Automated Search : 0 Best tree: 1453.; Time left: 57 s; Hits: 2
Status : Automated Search : 0 Best tree: 1453.; Time left: 57 s; Hits: 2
Status : Fusing Trees : 0 Generation 5
Status : Tree Fusing : 0 of 1 -- 
Status : Tree Fusing : 1 of 1 -- 
Status : Tree Fusing Finished
Status : Automated Search : 0 Best tree: 1453.; Time left: 57 s; Hits: 2
Status : Automated Search : 0 Best tree: 1453.; Time left: 57 s; Hits: 2
Status : Fusing Trees : 0 Generation 6
Status : Tree Fusing : 0 of 1 -- 
Status : Tree Fusing : 1 of 1 -- 
Status : Tree Fusing Finished
Status : Automated Search : 0 Best tree: 1453.; Time left: 57 s; Hits: 2
Status : Automated Search : 0 Best tree: 1453.; Time left: 57 s; Hits: 2
Status : Fusing Trees : 0 Generation 7
Status : Tree Fusing : 0 of 1 -- 
Status : Tree Fusing : 1 of 1 -- 
Status :
Tree Fusing :
1 of 1 -- tree #12 [1453.] -> tree #4 [1454.]: tree with cost 1454.
Status :
Tree Fusing :
1 of 1 -- tree #12 [1453.] -> tree #4 [1454.]: tree with cost 1453.
Status : TBR : 1453 Searching
Information : 
                Timer:
                   1 seconds
Information : 
                Timer:
                   6 seconds
Information : 
                Timer:
                   7 seconds
Information : 
                Timer:
                   8 seconds
Information : 
                Timer:
                   9 seconds
Information : 
                Timer:
                   10 seconds
Information : 
                Timer:
                   11 seconds
Information : 
                Timer:
                   12 seconds
Status : TBR Finished
Status : Tree Fusing Finished
Status : Automated Search : 0 Best tree: 1453.; Time left: 43 s; Hits: 3
Status : Automated Search : 0 Best tree: 1453.; Time left: 43 s; Hits: 3
Status : Fusing Trees : 0 Generation 8
Status : Tree Fusing : 0 of 1 -- 
Status : Tree Fusing : 1 of 1 -- 
Status :
Tree Fusing :
1 of 1 -- tree #12 [1453.] -> tree #5 [1454.]: tree with cost 1453.
Status :
Tree Fusing :
1 of 1 -- tree #12 [1453.] -> tree #5 [1454.]: tree with cost 1454.
Status :
Tree Fusing :
1 of 1 -- tree #12 [1453.] -> tree #5 [1454.]: tree with cost 1453.
Status : TBR : 1453 Searching
Information : 
                Timer:
                   6 seconds
Information : 
                Timer:
                   7 seconds
Information : 
                Timer:
                   8 seconds
Information : 
                Timer:
                   9 seconds
Information : 
                Timer:
                   10 seconds
Information : 
                Timer:
                   11 seconds
Information : 
                Timer:
                   12 seconds
Status : TBR Finished
Status : Tree Fusing Finished
Status : Automated Search : 0 Best tree: 1453.; Time left: 28 s; Hits: 4
Status : Automated Search : 0 Best tree: 1453.; Time left: 28 s; Hits: 4
Status : Fusing Trees : 0 Generation 9
Status : Tree Fusing : 0 of 1 -- 
Status : Tree Fusing : 1 of 1 -- 
Status : Tree Fusing Finished
Status : Automated Search : 0 Best tree: 1453.; Time left: 28 s; Hits: 4
Status : Automated Search : 0 Best tree: 1453.; Time left: 28 s; Hits: 4
Status : Fusing Trees : 0 Generation 10
Status : Tree Fusing : 0 of 1 -- 
Status : Tree Fusing : 1 of 1 -- 
Status :
Tree Fusing :
1 of 1 -- tree #12 [1453.] -> tree #10 [1453.]: tree with cost 1453.
Status :
Tree Fusing :
1 of 1 -- tree #12 [1453.] -> tree #10 [1453.]: tree with cost 1453.
Status : Tree Fusing Finished
Status : Automated Search : 0 Best tree: 1453.; Time left: 27 s; Hits: 4
Status : Automated Search : 0 Best tree: 1453.; Time left: 27 s; Hits: 4
Status : Fusing Trees : 0 Generation 11
Status : Tree Fusing : 0 of 1 -- 
Status : Tree Fusing : 1 of 1 -- 
Status :
Tree Fusing :
1 of 1 -- tree #10 [1453.] -> tree #1 [1454.]: tree with cost 1454.
Status :
Tree Fusing :
1 of 1 -- tree #10 [1453.] -> tree #1 [1454.]: tree with cost 1453.
Status : TBR : 1453 Searching
Information : 
                Timer:
                   6 seconds
Information : 
                Timer:
                   7 seconds
Information : 
                Timer:
                   8 seconds
Information : 
                Timer:
                   9 seconds
Information : 
                Timer:
                   10 seconds
Information : 
                Timer:
                   11 seconds
Status : TBR Finished
Status : Tree Fusing Finished
Status : Automated Search : 0 Best tree: 1453.; Time left: 13 s; Hits: 5
Status : Automated Search : 0 Best tree: 1453.; Time left: 13 s; Hits: 5
Status : Fusing Trees : 0 Generation 12
Status : Tree Fusing : 0 of 1 -- 
Status : Tree Fusing : 1 of 1 -- 
Status : Tree Fusing Finished
Status : Automated Search : 0 Best tree: 1453.; Time left: 13 s; Hits: 5
Status : Automated Search : 0 Best tree: 1453.; Time left: 13 s; Hits: 5
Status : Fusing Trees : 0 Generation 13
Status : Tree Fusing : 0 of 1 -- 
Status : Tree Fusing : 1 of 1 -- 
Status :
Tree Fusing :
1 of 1 -- tree #5 [1454.] -> tree #1 [1454.]: tree with cost 1454.
Status : Tree Fusing Finished
Status : Automated Search : 0 Best tree: 1453.; Time left: 13 s; Hits: 5
Status : Automated Search : 0 Best tree: 1453.; Time left: 13 s; Hits: 5
Status : Fusing Trees : 0 Generation 14
Status : Tree Fusing : 0 of 1 -- 
Status : Tree Fusing : 1 of 1 -- 
Status :
Tree Fusing :
1 of 1 -- tree #7 [1454.] -> tree #11 [1453.]: tree with cost 1454.
Status :
Tree Fusing :
1 of 1 -- tree #7 [1454.] -> tree #11 [1453.]: tree with cost 1453.
Status :
Tree Fusing :
1 of 1 -- tree #7 [1454.] -> tree #11 [1453.]: tree with cost 1454.
Status : Tree Fusing Finished
Status : Automated Search : 0 Best tree: 1453.; Time left: 10 s; Hits: 5
Status : Automated Search : 0 Best tree: 1453.; Time left: 10 s; Hits: 5
Status : Fusing Trees : 0 Generation 15
Status : Tree Fusing : 0 of 1 -- 
Status : Tree Fusing : 1 of 1 -- 
Status :
Tree Fusing :
1 of 1 -- tree #5 [1454.] -> tree #11 [1453.]: tree with cost 1454.
Status :
Tree Fusing :
1 of 1 -- tree #5 [1454.] -> tree #11 [1453.]: tree with cost 1453.
Status :
Tree Fusing :
1 of 1 -- tree #5 [1454.] -> tree #11 [1453.]: tree with cost 1454.
Status : Tree Fusing Finished
Status : Automated Search : 0 Best tree: 1453.; Time left: 8 s; Hits: 5
Status : Automated Search : 0 Best tree: 1453.; Time left: 8 s; Hits: 5
Status : Fusing Trees : 0 Generation 16
Status : Tree Fusing : 0 of 1 -- 
Status : Tree Fusing : 1 of 1 -- 
Status :
Tree Fusing :
1 of 1 -- tree #4 [1454.] -> tree #4 [1454.]: tree with cost 1454.
Status :
Tree Fusing :
1 of 1 -- tree #4 [1454.] -> tree #4 [1454.]: tree with cost 1454.
Status : Tree Fusing Finished
Status : Automated Search : 0 Best tree: 1453.; Time left: 7 s; Hits: 5
Status : Automated Search : 0 Best tree: 1453.; Time left: 7 s; Hits: 5
Status : Fusing Trees : 0 Generation 17
Status : Tree Fusing : 0 of 1 -- 
Status : Tree Fusing : 1 of 1 -- 
Status :
Tree Fusing :
1 of 1 -- tree #8 [1454.] -> tree #8 [1453.]: tree with cost 1453.
Status :
Tree Fusing :
1 of 1 -- tree #8 [1454.] -> tree #8 [1453.]: tree with cost 1454.
Status : Tree Fusing Finished
Status : Automated Search : 0 Best tree: 1453.; Time left: 5 s; Hits: 5
Status : Automated Search : 0 Best tree: 1453.; Time left: 5 s; Hits: 5
Status : Fusing Trees : 0 Generation 18
Status : Tree Fusing : 0 of 1 -- 
Status : Tree Fusing : 1 of 1 -- 
Status :
Tree Fusing :
1 of 1 -- tree #3 [1454.] -> tree #1 [1454.]: tree with cost 1454.
Status : Tree Fusing Finished
Status : Automated Search : 0 Best tree: 1453.; Time left: 4 s; Hits: 5
Status : Automated Search : 0 Best tree: 1453.; Time left: 4 s; Hits: 5
Status : Fusing Trees : 0 Generation 19
Status : Tree Fusing : 0 of 1 -- 
Status : Tree Fusing : 1 of 1 -- 
Status :
Tree Fusing :
1 of 1 -- tree #11 [1453.] -> tree #7 [1454.]: tree with cost 1453.
Status :
Tree Fusing :
1 of 1 -- tree #11 [1453.] -> tree #7 [1454.]: tree with cost 1454.
Status :
Tree Fusing :
1 of 1 -- tree #11 [1453.] -> tree #7 [1454.]: tree with cost 1453.
Status : Tree Fusing Finished
Status : Automated Search : 0 Best tree: 1453.; Time left: 2 s; Hits: 6
Status : Automated Search : 0 Best tree: 1453.; Time left: 2 s; Hits: 6
Status : Fusing Trees : 0 Generation 20
Status : Tree Fusing : 0 of 1 -- 
Status : Tree Fusing : 1 of 1 -- 
Status :
Tree Fusing :
1 of 1 -- tree #10 [1453.] -> tree #12 [1453.]: tree with cost 1453.
Status : Tree Fusing Finished
Status : Automated Search : 0 Best tree: 1453.; Time left: 2 s; Hits: 6
Status : Automated Search : 0 Best tree: 1453.; Time left: 2 s; Hits: 6
Status : Fusing Trees : 0 Generation 21
Status : Tree Fusing : 0 of 1 -- 
Status : Tree Fusing : 1 of 1 -- 
Status :
Tree Fusing :
1 of 1 -- tree #6 [1454.] -> tree #11 [1453.]: tree with cost 1454.
Status :
Tree Fusing :
1 of 1 -- tree #6 [1454.] -> tree #11 [1453.]: tree with cost 1453.
Status :
Tree Fusing :
1 of 1 -- tree #6 [1454.] -> tree #11 [1453.]: tree with cost 1454.
Status : Tree Fusing Finished
Status : Automated Search : 0 Best tree: 1453.; Time left: -1 s; Hits: 6
Status : Fusing Trees Finished
Status : Diagnosis : 0 Recalculating original tree
Status : Diagnosis Finished
Status : Diagnosis : 1 of 5 -- Recalculating trees
Status : Diagnosis : 0 Recalculating original tree
Status : Diagnosis Finished
Status : Diagnosis : 2 of 5 -- Recalculating trees
Status : Diagnosis : 0 Recalculating original tree
Status : Diagnosis Finished
Status : Diagnosis : 3 of 5 -- Recalculating trees
Status : Diagnosis : 0 Recalculating original tree
Status : Diagnosis Finished
Status : Diagnosis : 4 of 5 -- Recalculating trees
Status : Diagnosis : 0 Recalculating original tree
Status : Diagnosis Finished
Status : Diagnosis : 5 of 5 -- Recalculating trees
Status : Diagnosis Finished
Status : Diagnosis : 0 Recalculating original tree
Status : Diagnosis Finished
Status : Diagnosis : 1 of 5 -- Recalculating trees
Status : Diagnosis : 0 Recalculating original tree
Status : Diagnosis Finished
Status : Diagnosis : 2 of 5 -- Recalculating trees
Status : Diagnosis : 0 Recalculating original tree
Status : Diagnosis Finished
Status : Diagnosis : 3 of 5 -- Recalculating trees
Status : Diagnosis : 0 Recalculating original tree
Status : Diagnosis Finished
Status : Diagnosis : 4 of 5 -- Recalculating trees
Status : Diagnosis : 0 Recalculating original tree
Status : Diagnosis Finished
Status : Diagnosis : 5 of 5 -- Recalculating trees
Status : Diagnosis Finished
Status : Diagnosis : 0 Recalculating original tree
Status : Diagnosis Finished
Status : Diagnosis : 1 of 7 -- Recalculating trees
Status : Diagnosis : 0 Recalculating original tree
Status : Diagnosis Finished
Status : Diagnosis : 2 of 7 -- Recalculating trees
Status : Diagnosis : 0 Recalculating original tree
Status : Diagnosis Finished
Status : Diagnosis : 3 of 7 -- Recalculating trees
Status : Diagnosis : 0 Recalculating original tree
Status : Diagnosis Finished
Status : Diagnosis : 4 of 7 -- Recalculating trees
Status : Diagnosis : 0 Recalculating original tree
Status : Diagnosis Finished
Status : Diagnosis : 5 of 7 -- Recalculating trees
Status : Diagnosis : 0 Recalculating original tree
Status : Diagnosis Finished
Status : Diagnosis : 6 of 7 -- Recalculating trees
Status : Diagnosis : 0 Recalculating original tree
Status : Diagnosis Finished
Status : Diagnosis : 7 of 7 -- Recalculating trees
Status : Diagnosis Finished
Status : Diagnosis : 0 Recalculating original tree
Status : Diagnosis Finished
Status : Diagnosis : 1 of 9 -- Recalculating trees
Status : Diagnosis : 0 Recalculating original tree
Status : Diagnosis Finished
Status : Diagnosis : 2 of 9 -- Recalculating trees
Status : Diagnosis : 0 Recalculating original tree
Status : Diagnosis Finished
Status : Diagnosis : 3 of 9 -- Recalculating trees
Status : Diagnosis : 0 Recalculating original tree
Status : Diagnosis Finished
Status : Diagnosis : 4 of 9 -- Recalculating trees
Status : Diagnosis : 0 Recalculating original tree
Status : Diagnosis Finished
Status : Diagnosis : 5 of 9 -- Recalculating trees
Status : Diagnosis : 0 Recalculating original tree
Status : Diagnosis Finished
Status : Diagnosis : 6 of 9 -- Recalculating trees
Status : Diagnosis : 0 Recalculating original tree
Status : Diagnosis Finished
Status : Diagnosis : 7 of 9 -- Recalculating trees
Status : Diagnosis : 0 Recalculating original tree
Status : Diagnosis Finished
Status : Diagnosis : 8 of 9 -- Recalculating trees
Status : Diagnosis : 0 Recalculating original tree
Status : Diagnosis Finished
Status : Diagnosis : 9 of 9 -- Recalculating trees
Status : Diagnosis Finished
Status : Diagnosis : 0 Recalculating original tree
Status : Diagnosis Finished
Status : Diagnosis : 1 of 8 -- Recalculating trees
Status : Diagnosis : 0 Recalculating original tree
Status : Diagnosis Finished
Status : Diagnosis : 2 of 8 -- Recalculating trees
Status : Diagnosis : 0 Recalculating original tree
Status : Diagnosis Finished
Status : Diagnosis : 3 of 8 -- Recalculating trees
Status : Diagnosis : 0 Recalculating original tree
Status : Diagnosis Finished
Status : Diagnosis : 4 of 8 -- Recalculating trees
Status : Diagnosis : 0 Recalculating original tree
Status : Diagnosis Finished
Status : Diagnosis : 5 of 8 -- Recalculating trees
Status : Diagnosis : 0 Recalculating original tree
Status : Diagnosis Finished
Status : Diagnosis : 6 of 8 -- Recalculating trees
Status : Diagnosis : 0 Recalculating original tree
Status : Diagnosis Finished
Status : Diagnosis : 7 of 8 -- Recalculating trees
Status : Diagnosis : 0 Recalculating original tree
Status : Diagnosis Finished
Status : Diagnosis : 8 of 8 -- Recalculating trees
Status : Diagnosis Finished
Status : Diagnosis : 0 Recalculating original tree
Status : Diagnosis Finished
Status : Diagnosis : 1 of 15 -- Recalculating trees
Status : Diagnosis : 0 Recalculating original tree
Status : Diagnosis Finished
Status : Diagnosis : 2 of 15 -- Recalculating trees
Status : Diagnosis : 0 Recalculating original tree
Status : Diagnosis Finished
Status : Diagnosis : 3 of 15 -- Recalculating trees
Status : Diagnosis : 0 Recalculating original tree
Status : Diagnosis Finished
Status : Diagnosis : 4 of 15 -- Recalculating trees
Status : Diagnosis : 0 Recalculating original tree
Status : Diagnosis Finished
Status : Diagnosis : 5 of 15 -- Recalculating trees
Status : Diagnosis : 0 Recalculating original tree
Status : Diagnosis Finished
Status : Diagnosis : 6 of 15 -- Recalculating trees
Status : Diagnosis : 0 Recalculating original tree
Status : Diagnosis Finished
Status : Diagnosis : 7 of 15 -- Recalculating trees
Status : Diagnosis : 0 Recalculating original tree
Status : Diagnosis Finished
Status : Diagnosis : 8 of 15 -- Recalculating trees
Status : Diagnosis : 0 Recalculating original tree
Status : Diagnosis Finished
Status : Diagnosis : 9 of 15 -- Recalculating trees
Status : Diagnosis : 0 Recalculating original tree
Status : Diagnosis Finished
Status : Diagnosis : 10 of 15 -- Recalculating trees
Status : Diagnosis : 0 Recalculating original tree
Status : Diagnosis Finished
Status : Diagnosis : 11 of 15 -- Recalculating trees
Status : Diagnosis : 0 Recalculating original tree
Status : Diagnosis Finished
Status : Diagnosis : 12 of 15 -- Recalculating trees
Status : Diagnosis : 0 Recalculating original tree
Status : Diagnosis Finished
Status : Diagnosis : 13 of 15 -- Recalculating trees
Status : Diagnosis : 0 Recalculating original tree
Status : Diagnosis Finished
Status : Diagnosis : 14 of 15 -- Recalculating trees
Status : Diagnosis : 0 Recalculating original tree
Status : Diagnosis Finished
Status : Diagnosis : 15 of 15 -- Recalculating trees
Status : Diagnosis Finished
Status : Automated Search Finished
Information :
The search evaluated 241 independent repetitions with ratchet and fusing for 601 generations. The shortest tree was found 281 times.
Status : Implied Alignments : 1 of 47 -- vertices calculated
Status : Implied Alignments : 2 of 47 -- vertices calculated
Status : Implied Alignments : 3 of 47 -- vertices calculated
Status : Implied Alignments : 4 of 47 -- vertices calculated
Status : Implied Alignments : 5 of 47 -- vertices calculated
Status : Implied Alignments : 6 of 47 -- vertices calculated
Status : Implied Alignments : 7 of 47 -- vertices calculated
Status : Implied Alignments : 8 of 47 -- vertices calculated
Status : Implied Alignments : 9 of 47 -- vertices calculated
Status : Implied Alignments : 10 of 47 -- vertices calculated
Status : Implied Alignments : 11 of 47 -- vertices calculated
Status : Implied Alignments : 12 of 47 -- vertices calculated
Status : Implied Alignments : 13 of 47 -- vertices calculated
Status : Implied Alignments : 14 of 47 -- vertices calculated
Status : Implied Alignments : 15 of 47 -- vertices calculated
Status : Implied Alignments : 16 of 47 -- vertices calculated
Status : Implied Alignments : 17 of 47 -- vertices calculated
Status : Implied Alignments : 18 of 47 -- vertices calculated
Status : Implied Alignments : 19 of 47 -- vertices calculated
Status : Implied Alignments : 20 of 47 -- vertices calculated
Status : Implied Alignments : 21 of 47 -- vertices calculated
Status : Implied Alignments : 22 of 47 -- vertices calculated
Status : Implied Alignments : 23 of 47 -- vertices calculated
Status : Implied Alignments : 24 of 47 -- vertices calculated
Status : Implied Alignments : 25 of 47 -- vertices calculated
Status : Implied Alignments : 26 of 47 -- vertices calculated
Status : Implied Alignments : 27 of 47 -- vertices calculated
Status : Implied Alignments : 28 of 47 -- vertices calculated
Status : Implied Alignments : 29 of 47 -- vertices calculated
Status : Implied Alignments : 30 of 47 -- vertices calculated
Status : Implied Alignments : 31 of 47 -- vertices calculated
Status : Implied Alignments : 32 of 47 -- vertices calculated
Status : Implied Alignments : 33 of 47 -- vertices calculated
Status : Implied Alignments : 34 of 47 -- vertices calculated
Status : Implied Alignments : 35 of 47 -- vertices calculated
Status : Implied Alignments : 36 of 47 -- vertices calculated
Status : Implied Alignments : 37 of 47 -- vertices calculated
Status : Implied Alignments : 38 of 47 -- vertices calculated
Status : Implied Alignments : 39 of 47 -- vertices calculated
Status : Implied Alignments : 40 of 47 -- vertices calculated
Status : Implied Alignments : 41 of 47 -- vertices calculated
Status : Implied Alignments : 42 of 47 -- vertices calculated
Status : Implied Alignments : 43 of 47 -- vertices calculated
Status : Implied Alignments : 44 of 47 -- vertices calculated
Status : Implied Alignments : 45 of 47 -- vertices calculated
Status : Implied Alignments Finished
Status : Static Approximation Finished
Status : Loading Characters : 0 of 24 -- Storing the character specifications
Status : Loading Characters : 1 of 24 -- Storing the character specifications
Status : Loading Characters : 2 of 24 -- Storing the character specifications
Status : Loading Characters : 3 of 24 -- Storing the character specifications
Status : Loading Characters : 4 of 24 -- Storing the character specifications
Status : Loading Characters : 5 of 24 -- Storing the character specifications
Status : Loading Characters : 6 of 24 -- Storing the character specifications
Status : Loading Characters : 7 of 24 -- Storing the character specifications
Status : Loading Characters : 8 of 24 -- Storing the character specifications
Status : Loading Characters : 9 of 24 -- Storing the character specifications
Status :
Loading Characters : 10 of 24 -- Storing the character specifications
Status :
Loading Characters : 11 of 24 -- Storing the character specifications
Status :
Loading Characters : 12 of 24 -- Storing the character specifications
Status :
Loading Characters : 13 of 24 -- Storing the character specifications
Status :
Loading Characters : 14 of 24 -- Storing the character specifications
Status :
Loading Characters : 15 of 24 -- Storing the character specifications
Status :
Loading Characters : 16 of 24 -- Storing the character specifications
Status :
Loading Characters : 17 of 24 -- Storing the character specifications
Status :
Loading Characters : 18 of 24 -- Storing the character specifications
Status :
Loading Characters : 19 of 24 -- Storing the character specifications
Status :
Loading Characters : 20 of 24 -- Storing the character specifications
Status :
Loading Characters : 21 of 24 -- Storing the character specifications
Status :
Loading Characters : 22 of 24 -- Storing the character specifications
Status :
Loading Characters : 23 of 24 -- Storing the character specifications
Status :
Loading Characters : 24 of 24 -- Storing the character specifications
Status : Loading Characters Finished
Status : Transforming : 1 of 1 --  of transformations applied
Status : Transforming Finished
Status : Diagnosis : 0 Recalculating original tree
Status : Diagnosis Finished
Status : Diagnosis : 1 of 1 -- Recalculating trees
Status : Diagnosis Finished
Status : Diagnosis : 0 Recalculating original tree
Status : Diagnosis Finished
Status : Diagnosis : 1 of 1 -- Recalculating trees
Status : Diagnosis Finished
Tree with cost 1453
  |--------------------NC_001608  
  |                               
  | |------------------AB050936   
  | |                             
  | |   |--------------AF173836   
  | |   |                         
  | | |-| |------------AY729654   
  | | | |-|                       
  | | |   |------------NC_006432  
  | | |                           
  | | |     |----------AF054908   
  | | |     |                     
  | | |     | |--------AY058895   
  | | |   |-| |                   
  | | |   | |-| |------EU051639   
  | | |   |   |-|                 
  | | |   |     |------Y09358     
  | | |   |                       
  | | |   | |----------AF499101   
  | | | |-| |                     
  | | | | | |----------AF086833   
  | | | | | |                     
  | | | | |-|----------EBORNA     
--| | | |   |                     
  |-| | |   |----------AY142960   
    | | |   |                     
    |-| |   |----------NC_002549  
      | |                         
      | | |------------EU051648   
      | | |                       
      | | | |----------EU051647   
      | | |-|                     
      |-| | |----------EU051650   
        | |                       
        | | |----------EU051642   
        | | |                     
        | | |----------EU051649   
        |-| |                     
          | |----------EU051644   
          | |                     
          |-| |--------EU051645   
            |-|                   
            | |--------EU051646   
            |                     
            | |--------EU051640   
            |-|                   
              |--------EU051641   
