Status : Transforming : 1 of 1 --  of transformations applied
Status : Transforming Finished
Status : RAS + TBR : 0 
Status : RAS + TBR : 0 Searching on tree number 1
Status : Wagner : 2 of 24 -- Wagner tree with cost 14.
Status : Wagner : 3 of 24 -- Wagner tree with cost 23.
Status : Wagner : 4 of 24 -- Wagner tree with cost 77.
Status : Wagner : 5 of 24 -- Wagner tree with cost 101.
Status : Wagner : 6 of 24 -- Wagner tree with cost 117.
Status : Wagner : 7 of 24 -- Wagner tree with cost 172.
Status : Wagner : 8 of 24 -- Wagner tree with cost 199.
Status : Wagner : 9 of 24 -- Wagner tree with cost 201.
Status : Wagner : 10 of 24 -- Wagner tree with cost 211.
Status : Wagner : 11 of 24 -- Wagner tree with cost 231.
Status : Wagner : 12 of 24 -- Wagner tree with cost 262.
Status : Wagner : 13 of 24 -- Wagner tree with cost 285.
Status : Wagner : 14 of 24 -- Wagner tree with cost 285.
Status : Wagner : 15 of 24 -- Wagner tree with cost 312.
Status : Wagner : 16 of 24 -- Wagner tree with cost 326.
Status : Wagner : 17 of 24 -- Wagner tree with cost 329.
Status : Wagner : 18 of 24 -- Wagner tree with cost 344.
Status : Wagner : 19 of 24 -- Wagner tree with cost 357.
Status : Wagner : 20 of 24 -- Wagner tree with cost 364.
Status : Wagner : 21 of 24 -- Wagner tree with cost 399.
Status : Wagner : 22 of 24 -- Wagner tree with cost 414.
Status : Wagner : 23 of 24 -- Wagner tree with cost 424.
Status : Wagner Finished
Status : Building Wagner Tree Finished
Status : TBR : 416 Searching
Information : 
                Timer:
                   1 seconds
Information : 
                Timer:
                   11 seconds
Information : 
                Timer:
                   12 seconds
Information : 
                Timer:
                   13 seconds
Information : 
                Timer:
                   14 seconds
Information : 
                Timer:
                   15 seconds
Information : 
                Timer:
                   16 seconds
Information : 
                Timer:
                   17 seconds
Information : 
                Timer:
                   18 seconds
Information : 
                Timer:
                   30 seconds
Information : 
                Timer:
                   31 seconds
Information : 
                Timer:
                   32 seconds
Information : 
                Timer:
                   33 seconds
Information : 
                Timer:
                   34 seconds
Information : 
                Timer:
                   35 seconds
Status : TBR Finished
Status : Automated Search : 0 Best tree: 416.; Time left: -0 s; Hits: 1
Status : Transforming : 1 of 1 --  of transformations applied
Status : Transforming Finished
Status : Diagnosis : 0 Recalculating original tree
Status : Diagnosis Finished
Status : Diagnosis : 1 of 1 -- Recalculating trees
Status : Diagnosis Finished
Status : test: Implied Alignments : 1 of 47 -- vertices calculated
Status : test: Implied Alignments : 2 of 47 -- vertices calculated
Status : test: Implied Alignments : 3 of 47 -- vertices calculated
Status : test: Implied Alignments : 4 of 47 -- vertices calculated
Status : test: Implied Alignments : 5 of 47 -- vertices calculated
Status : test: Implied Alignments : 6 of 47 -- vertices calculated
Status : test: Implied Alignments : 7 of 47 -- vertices calculated
Status : test: Implied Alignments : 8 of 47 -- vertices calculated
Status : test: Implied Alignments : 9 of 47 -- vertices calculated
Status : test: Implied Alignments : 10 of 47 -- vertices calculated
Status : test: Implied Alignments : 11 of 47 -- vertices calculated
Status : test: Implied Alignments : 12 of 47 -- vertices calculated
Status : test: Implied Alignments : 13 of 47 -- vertices calculated
Status : test: Implied Alignments : 14 of 47 -- vertices calculated
Status : test: Implied Alignments : 15 of 47 -- vertices calculated
Status : test: Implied Alignments : 16 of 47 -- vertices calculated
Status : test: Implied Alignments : 17 of 47 -- vertices calculated
Status : test: Implied Alignments : 18 of 47 -- vertices calculated
Status : test: Implied Alignments : 19 of 47 -- vertices calculated
Status : test: Implied Alignments : 20 of 47 -- vertices calculated
Status : test: Implied Alignments : 21 of 47 -- vertices calculated
Status : test: Implied Alignments : 22 of 47 -- vertices calculated
Status : test: Implied Alignments : 23 of 47 -- vertices calculated
Status : test: Implied Alignments : 24 of 47 -- vertices calculated
Status : test: Implied Alignments : 25 of 47 -- vertices calculated
Status : test: Implied Alignments : 26 of 47 -- vertices calculated
Status : test: Implied Alignments : 27 of 47 -- vertices calculated
Status : test: Implied Alignments : 28 of 47 -- vertices calculated
Status : test: Implied Alignments : 29 of 47 -- vertices calculated
Status : test: Implied Alignments : 30 of 47 -- vertices calculated
Status : test: Implied Alignments : 31 of 47 -- vertices calculated
Status : test: Implied Alignments : 32 of 47 -- vertices calculated
Status : test: Implied Alignments : 33 of 47 -- vertices calculated
Status : test: Implied Alignments : 34 of 47 -- vertices calculated
Status : test: Implied Alignments : 35 of 47 -- vertices calculated
Status : test: Implied Alignments : 36 of 47 -- vertices calculated
Status : test: Implied Alignments : 37 of 47 -- vertices calculated
Status : test: Implied Alignments : 38 of 47 -- vertices calculated
Status : test: Implied Alignments : 39 of 47 -- vertices calculated
Status : test: Implied Alignments : 40 of 47 -- vertices calculated
Status : test: Implied Alignments : 41 of 47 -- vertices calculated
Status : test: Implied Alignments : 42 of 47 -- vertices calculated
Status : test: Implied Alignments : 43 of 47 -- vertices calculated
Status : test: Implied Alignments : 44 of 47 -- vertices calculated
Status : test: Implied Alignments : 45 of 47 -- vertices calculated
Status : test: Implied Alignments Finished
Status : Static Approximation Finished
Status : Loading Characters : 0 of 24 -- Storing the character specifications
Status : Loading Characters : 1 of 24 -- Storing the character specifications
Status : Loading Characters : 2 of 24 -- Storing the character specifications
Status : Loading Characters : 3 of 24 -- Storing the character specifications
Status : Loading Characters : 4 of 24 -- Storing the character specifications
Status : Loading Characters : 5 of 24 -- Storing the character specifications
Status : Loading Characters : 6 of 24 -- Storing the character specifications
Status : Loading Characters : 7 of 24 -- Storing the character specifications
Status : Loading Characters : 8 of 24 -- Storing the character specifications
Status : Loading Characters : 9 of 24 -- Storing the character specifications
Status :
Loading Characters : 10 of 24 -- Storing the character specifications
Status :
Loading Characters : 11 of 24 -- Storing the character specifications
Status :
Loading Characters : 12 of 24 -- Storing the character specifications
Status :
Loading Characters : 13 of 24 -- Storing the character specifications
Status :
Loading Characters : 14 of 24 -- Storing the character specifications
Status :
Loading Characters : 15 of 24 -- Storing the character specifications
Status :
Loading Characters : 16 of 24 -- Storing the character specifications
Status :
Loading Characters : 17 of 24 -- Storing the character specifications
Status :
Loading Characters : 18 of 24 -- Storing the character specifications
Status :
Loading Characters : 19 of 24 -- Storing the character specifications
Status :
Loading Characters : 20 of 24 -- Storing the character specifications
Status :
Loading Characters : 21 of 24 -- Storing the character specifications
Status :
Loading Characters : 22 of 24 -- Storing the character specifications
Status :
Loading Characters : 23 of 24 -- Storing the character specifications
Status :
Loading Characters : 24 of 24 -- Storing the character specifications
Status : Loading Characters Finished
Status : Transforming : 1 of 1 --  of transformations applied
Status : Transforming Finished
Status : Diagnosis : 0 Recalculating original tree
Status : Diagnosis Finished
Status : Diagnosis : 1 of 1 -- Recalculating trees
Status : Diagnosis Finished
Status : Perturb Iteration Finished
Status : Diagnosis : 0 Recalculating original tree
Status : Diagnosis Finished
Status : Automated Search : 0 Best tree: 416.; Time left: -88 s; Hits: 2
Status : RAS + TBR Finished
Status : Fusing Trees : 0 
Status : Fusing Trees Finished
Status : Diagnosis : 0 Recalculating original tree
Status : Diagnosis Finished
Status : Diagnosis : 1 of 1 -- Recalculating trees
Status : Diagnosis Finished
Status : Diagnosis : 0 Recalculating original tree
Status : Diagnosis Finished
Status : Diagnosis : 1 of 1 -- Recalculating trees
Status : Diagnosis Finished
Status : Diagnosis : 0 Recalculating original tree
Status : Diagnosis Finished
Status : Diagnosis : 1 of 1 -- Recalculating trees
Status : Diagnosis Finished
Status : Diagnosis : 0 Recalculating original tree
Status : Diagnosis Finished
Status : Diagnosis : 1 of 1 -- Recalculating trees
Status : Diagnosis Finished
Status : Diagnosis : 0 Recalculating original tree
Status : Diagnosis Finished
Status : Diagnosis : 1 of 1 -- Recalculating trees
Status : Diagnosis Finished
Status : Diagnosis : 0 Recalculating original tree
Status : Diagnosis Finished
Status : Diagnosis : 1 of 1 -- Recalculating trees
Status : Diagnosis Finished
Status : Automated Search Finished
Information :
The search evaluated 63 independent repetitions with ratchet and fusing for 3 generations. The shortest tree was found 1 times.
Status : test: Implied Alignments : 1 of 47 -- vertices calculated
Status : test: Implied Alignments : 2 of 47 -- vertices calculated
Status : test: Implied Alignments : 3 of 47 -- vertices calculated
Status : test: Implied Alignments : 4 of 47 -- vertices calculated
Status : test: Implied Alignments : 5 of 47 -- vertices calculated
Status : test: Implied Alignments : 6 of 47 -- vertices calculated
Status : test: Implied Alignments : 7 of 47 -- vertices calculated
Status : test: Implied Alignments : 8 of 47 -- vertices calculated
Status : test: Implied Alignments : 9 of 47 -- vertices calculated
Status : test: Implied Alignments : 10 of 47 -- vertices calculated
Status : test: Implied Alignments : 11 of 47 -- vertices calculated
Status : test: Implied Alignments : 12 of 47 -- vertices calculated
Status : test: Implied Alignments : 13 of 47 -- vertices calculated
Status : test: Implied Alignments : 14 of 47 -- vertices calculated
Status : test: Implied Alignments : 15 of 47 -- vertices calculated
Status : test: Implied Alignments : 16 of 47 -- vertices calculated
Status : test: Implied Alignments : 17 of 47 -- vertices calculated
Status : test: Implied Alignments : 18 of 47 -- vertices calculated
Status : test: Implied Alignments : 19 of 47 -- vertices calculated
Status : test: Implied Alignments : 20 of 47 -- vertices calculated
Status : test: Implied Alignments : 21 of 47 -- vertices calculated
Status : test: Implied Alignments : 22 of 47 -- vertices calculated
Status : test: Implied Alignments : 23 of 47 -- vertices calculated
Status : test: Implied Alignments : 24 of 47 -- vertices calculated
Status : test: Implied Alignments : 25 of 47 -- vertices calculated
Status : test: Implied Alignments : 26 of 47 -- vertices calculated
Status : test: Implied Alignments : 27 of 47 -- vertices calculated
Status : test: Implied Alignments : 28 of 47 -- vertices calculated
Status : test: Implied Alignments : 29 of 47 -- vertices calculated
Status : test: Implied Alignments : 30 of 47 -- vertices calculated
Status : test: Implied Alignments : 31 of 47 -- vertices calculated
Status : test: Implied Alignments : 32 of 47 -- vertices calculated
Status : test: Implied Alignments : 33 of 47 -- vertices calculated
Status : test: Implied Alignments : 34 of 47 -- vertices calculated
Status : test: Implied Alignments : 35 of 47 -- vertices calculated
Status : test: Implied Alignments : 36 of 47 -- vertices calculated
Status : test: Implied Alignments : 37 of 47 -- vertices calculated
Status : test: Implied Alignments : 38 of 47 -- vertices calculated
Status : test: Implied Alignments : 39 of 47 -- vertices calculated
Status : test: Implied Alignments : 40 of 47 -- vertices calculated
Status : test: Implied Alignments : 41 of 47 -- vertices calculated
Status : test: Implied Alignments : 42 of 47 -- vertices calculated
Status : test: Implied Alignments : 43 of 47 -- vertices calculated
Status : test: Implied Alignments : 44 of 47 -- vertices calculated
Status : test: Implied Alignments : 45 of 47 -- vertices calculated
Status : test: Implied Alignments Finished
Status : Static Approximation Finished
Status : Loading Characters : 0 of 24 -- Storing the character specifications
Status : Loading Characters : 1 of 24 -- Storing the character specifications
Status : Loading Characters : 2 of 24 -- Storing the character specifications
Status : Loading Characters : 3 of 24 -- Storing the character specifications
Status : Loading Characters : 4 of 24 -- Storing the character specifications
Status : Loading Characters : 5 of 24 -- Storing the character specifications
Status : Loading Characters : 6 of 24 -- Storing the character specifications
Status : Loading Characters : 7 of 24 -- Storing the character specifications
Status : Loading Characters : 8 of 24 -- Storing the character specifications
Status : Loading Characters : 9 of 24 -- Storing the character specifications
Status :
Loading Characters : 10 of 24 -- Storing the character specifications
Status :
Loading Characters : 11 of 24 -- Storing the character specifications
Status :
Loading Characters : 12 of 24 -- Storing the character specifications
Status :
Loading Characters : 13 of 24 -- Storing the character specifications
Status :
Loading Characters : 14 of 24 -- Storing the character specifications
Status :
Loading Characters : 15 of 24 -- Storing the character specifications
Status :
Loading Characters : 16 of 24 -- Storing the character specifications
Status :
Loading Characters : 17 of 24 -- Storing the character specifications
Status :
Loading Characters : 18 of 24 -- Storing the character specifications
Status :
Loading Characters : 19 of 24 -- Storing the character specifications
Status :
Loading Characters : 20 of 24 -- Storing the character specifications
Status :
Loading Characters : 21 of 24 -- Storing the character specifications
Status :
Loading Characters : 22 of 24 -- Storing the character specifications
Status :
Loading Characters : 23 of 24 -- Storing the character specifications
Status :
Loading Characters : 24 of 24 -- Storing the character specifications
Status : Loading Characters Finished
Status : Transforming : 1 of 1 --  of transformations applied
Status : Transforming Finished
Status : Diagnosis : 0 Recalculating original tree
Status : Diagnosis Finished
Status : Diagnosis : 1 of 1 -- Recalculating trees
Status : Diagnosis Finished
Status : Diagnosis : 0 Recalculating original tree
Status : Diagnosis Finished
Status : Diagnosis : 1 of 1 -- Recalculating trees
Status : Diagnosis Finished
Error : Not_found
