Status : Transforming : 1 of 1 --  of transformations applied
Status : Transforming Finished
Status : Diagnosis : 1 of 1 -- Recalculating trees
Status : Diagnosis Finished
Status : Diagnosis : 0 Recalculating original tree
Status : Diagnosis Finished
Status : Diagnosis : 1 of 1 -- Recalculating trees
Status : Diagnosis Finished
Tree with cost 862
  |-----------------------------------------------------------------------------------------------------taxid624772  
  |                                                                                                                  
  | |---------------------------------------------------------------------------------------------------taxid158642  
  | |                                                                                                                
  | | |-------------------------------------------------------------------------------------------------taxid522740  
  | | |                                                                                                              
  | | |-------------------------------------------------------------------------------------------------taxid624774  
  | | |                                                                                                              
  | | |-------------------------------------------------------------------------------------------------taxid336372  
  | | |                                                                                                              
  | | |-------------------------------------------------------------------------------------------------taxid157800  
  | | |                                                                                                              
  | | |-------------------------------------------------------------------------------------------------taxid384486  
  | | |                                                                                                              
  | | | |-----------------------------------------------------------------------------------------------taxid624773  
  | | | |                                                                                                            
  | | | | |---------------------------------------------------------------------------------------------taxid173717  
  | | | |-|                                                                                                          
  | | |-| |---------------------------------------------------------------------------------------------taxid624775  
  | | | |                                                                                                            
  | | | | |---------------------------------------------------------------------------------------------taxid273028  
  | | | |-|                                                                                                          
  | | |   |---------------------------------------------------------------------------------------------taxid380347  
  | | |                                                                                                              
  | | | |-----------------------------------------------------------------------------------------------taxid522761  
  | | | |                                                                                                            
  | | | | |---------------------------------------------------------------------------------------------taxid522760  
  | | | | |                                                                                                          
  | | | | | |-------------------------------------------------------------------------------------------taxid336373  
  | | | | | |                                                                                                        
  | | | | | |-------------------------------------------------------------------------------------------taxid624784  
  | | | | | |                                                                                                        
  | | | | | |-------------------------------------------------------------------------------------------taxid624776  
  | | | | | |                                                                                                        
  | | | | | | |-----------------------------------------------------------------------------------------taxid441583  
  | | | | | |-|                                                                                                      
  | | | | | | |-----------------------------------------------------------------------------------------taxid441584  
  | | | | | |                                                                                                        
  | | | | | | |-----------------------------------------------------------------------------------------taxid336205  
  | | | | | | |                                                                                                      
  | | | | | | |   |-------------------------------------------------------------------------------------taxid394226  
  | | | | | | |   |                                                                                                  
  | | | | | | |   | |-----------------------------------------------------------------------------------taxid291626  
  | | | | | | |   | |                                                                                                
  | | | | | | | |-| | |---------------------------------------------------------------------------------taxid487071  
  | | | | | | | | |-| |                                                                                              
  | | | | | | | |   |-| |-------------------------------------------------------------------------------taxid412464  
  | | | | | | | |     |-|                                                                                            
  | | | | | | | |       |-------------------------------------------------------------------------------taxid522725  
  | | | | | | | |                                                                                                    
  | | | | | | | | |-------------------------------------------------------------------------------------taxid624780  
  | | | | | | | | |                                                                                                  
  | | | | | | | | |-------------------------------------------------------------------------------------taxid624781  
  | | | | | | | | |                                                                                                  
  | | | | | | | | |-------------------------------------------------------------------------------------taxid624783  
  | | | | | | | | |                                                                                                  
  | | | | | | | | | |-----------------------------------------------------------------------------------taxid487072  
  | | | | | | | | | |                                                                                                
  | | | | | | | | | | |---------------------------------------------------------------------------------taxid624785  
  | | | | | | | | | | |                                                                                              
  | | | | | | | | | | | |-------------------------------------------------------------------------------taxid487074  
  | | | | | | | | | | | |                                                                                            
  | | | | | | | | | | | | |-----------------------------------------------------------------------------taxid394224  
  | | | | | | | | | | | | |                                                                                          
  | | | | | | | | | | | | | |---------------------------------------------------------------------------taxid11309   
  | | | | | | | | | | | | | |                                                                                        
  | | | | | | | | | | | | | | |-------------------------------------------------------------------------taxid231858  
  | | | | | | | | | | | | | | |                                                                                      
  | | | | | | | | | | | | | | |   |---------------------------------------------------------------------taxid624777  
  | | | | | | | | | | | | | | | |-|                                                                                  
  | | | | | | | | | | | | | | | | |---------------------------------------------------------------------taxid624779  
  | | | | | | | | | | | | | | | |                                                                                    
  | | | | | | | | | | | | | | | | |---------------------------------------------------------------------taxid349261  
  | | | | | | | | | | | | | | | |-|                                                                                  
  | | | | | | | | | | | | | | | | |---------------------------------------------------------------------taxid624778  
  | | | | | | | | | | | | | | | |                                                                                    
  | | | | | | | | | | | | | | | |   |-------------------------------------------------------------------taxid624782  
  | | | | | | | | | | | | | | | |   |                                                                                
  | | | | | | | | | | | | | | | | |-| |-----------------------------------------------------------------taxid624786  
  | | | | | | | | | | | | | | | | | |-|                                                                              
  | | | | | | | | | | | | | | | | |   |-----------------------------------------------------------------taxid624787  
  | | | | | | | | | | | | | | | | |                                                                                  
  | | | | | | | | | | | | | | | | | |-------------------------------------------------------------------taxid624788  
  | | | | | | | | | | | | | | | | | |                                                                                
  | | | | | | | | | | | | | | | | |-| |-----------------------------------------------------------------taxid158307  
  | | | | | | | | | | | | | | | | | |-|                                                                              
  | | | | | | | | | | | | | | | | |   |-----------------------------------------------------------------taxid83209   
  | | | | | | | | | | | | | | | | |                                                                                  
  | | | | | | | | | | | | | | | | |   |-----------------------------------------------------------------taxid488888  
  | | | | | | | | | | | | | | | | | |-|                                                                              
  | | | | | | | | | | | | | | | | | | |-----------------------------------------------------------------taxid488890  
  | | | | | | | | | | | | | | | | | |                                                                                
  | | | | | | | | | | | | | | | | | |     |-------------------------------------------------------------taxid519831  
  | | | | | | | | | | | | | | | | | |   |-|                                                                          
  | | | | | | | | | | | | | | | | | |   | |-------------------------------------------------------------taxid519836  
  | | | | | | | | | | | | | | | | | | |-|                                                                            
  | | | | | | | | | | | | | | | | | | | | |-------------------------------------------------------------taxid519832  
  | | | | | | | | | | | | | | | | | | | |-|                                                                          
  | | | | | | | | | | | | | | | | | | |   |-------------------------------------------------------------taxid519835  
  | | | | | | | | | | | | | | | | | | |                                                                              
  | | | | | | | | | | | | | | | |-| | |   |-------------------------------------------------------------taxid522734  
  | | | | | | | | | | | | | | | | | | | |-|                                                                          
  | | | | | | | | | | | | | | | | | | | | |-------------------------------------------------------------taxid522770  
  | | | | | | | | | | | | | | | | | | | |                                                                            
  | | | | | | | | | | | | | | | | | | | | |-------------------------------------------------------------taxid169169  
  | | | | | | | | | | | | | | | | |-| | | |                                                                          
  | | | | | | | | | | | | | | | |   | | | | |-----------------------------------------------------------taxid169162  
  | | | | | | | | | | | | | | | |   | | |-| |                                                                        
  | | | | | | | | | | | | | | | |   |-| | |-| |---------------------------------------------------------taxid169166  
  | | | | | | | | | | | | | | | |     | |   |-|                                                                      
  | | | | | | | | | | | | | | | |     | |     |---------------------------------------------------------taxid170342  
  | | | | | | | | | | | | | | | |     |-|                                                                            
  | | | | | | | | | | | | | | | |       |   |-----------------------------------------------------------taxid169167  
  | | | | | | | | | | | | | | | |       |   |                                                                        
  | | | | | | | | | | | | | | | |       | |-| |---------------------------------------------------------taxid170343  
  | | | | | | | | | | | | | | | |       | | |-|                                                                      
  | | | | | | | | | | | | | | | |       | |   |---------------------------------------------------------taxid170344  
  | | | | | | | | | | | | | | | |       | |                                                                          
  | | | | | | | | | | | | | | | |       |-| |-----------------------------------------------------------taxid349262  
  | | | | | | | | | | | | | | | |         | |                                                                        
  | | | | | | | | | | | | | | | |         |-| |---------------------------------------------------------taxid446024  
  | | | | | | | | | | | | | | | |           |-|                                                                      
  | | | | | | | | | | | | | | | |             |---------------------------------------------------------taxid447885  
  | | | | | | | | | | | | | | | |                                                                                    
  | | | | | | | | | | | | | | | |     |-----------------------------------------------------------------taxid253684  
  | | | | | | | | | | | | | | | |     |                                                                              
  | | | | | | | | | | | | | | | |     |-----------------------------------------------------------------taxid253683  
  | | | | | | | | | | | | | | | |     |                                                                              
  | | | | | | | | | | | | | | | |     |-----------------------------------------------------------------taxid253682  
  | | | | | | | | | | | | | | | |     |                                                                              
  | | | | | | | | | | | | | | | |     |-----------------------------------------------------------------taxid253675  
  | | | | | | | | | | | | | | | |     |                                                                              
  | | | | | | | | | | | | | | | |   |-| |---------------------------------------------------------------taxid253676  
  | | | | | | | | | | | | | | | |   | |-|                                                                            
  | | | | | | | | | | | | | | | |   | | |---------------------------------------------------------------taxid253690  
  | | | | | | | | | | | | | | | |   | |                                                                              
  | | | | | | | | | | | | | | | |   | | |---------------------------------------------------------------taxid231851  
  | | | | | | | | | | | | | | | |   | | |                                                                            
  | | | | | | | | | | | | | | | |   | |-| |-------------------------------------------------------------taxid253687  
  | | | | | | | | | | | | | | | |   |   |-|                                                                          
  | | | | | | | | | | | | | | | |   |     |-------------------------------------------------------------taxid253689  
  | | | | | | | | | | | | | | | |   |                                                                                
  | | | | | | | | | | | | | | | |   | |-----------------------------------------------------------------taxid643410  
  | | | | | | | | | | | | | | | |   | |                                                                              
  | | | | | | | | | | | | | | | |   | | |---------------------------------------------------------------EPI176599    
  | | | | | | | | | | | | | | | |   | | |                                                                            
  | | | | | | | | | | | | | | | |   | | |---------------------------------------------------------------taxid642494  
  | | | | | | | | | | | | | | | |   | | |                                                                            
  | | | | | | | | | | | | | | | |   | | |---------------------------------------------------------------EPI177287    
  | | | | | | | | | | | | | | | |   | | |                                                                            
  | | | | | | | | | | | | | | | |   | | | |-------------------------------------------------------------EPI177277    
  | | | | | | | | | | | | | | | |   | | | |                                                                          
  | | | | | | | | | | | | | | | |   | | | |-------------------------------------------------------------taxid642794  
  | | | | | | | | | | | | | | | |   | | | |                                                                          
  | | | | | | | | | | | | | | | |   | | | |-------------------------------------------------------------EPI176591    
  | | | | | | | | | | | | | | | |   | | | |                                                                          
  | | | | | | | | | | | | | | | |   | | | |-------------------------------------------------------------taxid641807  
  | | | | | | | | | | | | | | | |   | | | |                                                                          
  | | | | | | | | | | | | | | | |   | | | |-------------------------------------------------------------EPI176596    
  | | | | | | | | | | | | | | | |   | | | |                                                                          
  | | | | | | | | | | | | | | | |   | | | |-------------------------------------------------------------taxid642262  
  | | | | | | | | | | | | | | | |   | | | |                                                                          
--| | | | | | | | | | | | | | | |   | | | |-------------------------------------------------------------EPI177273    
  |-| | | | | | | | | | | | | | |   | | | |                                                                          
    |-| | | | | | | | | | | | | |   | | | |-------------------------------------------------------------EPI176607    
      | | | | | | | | | | | | | |   | | | |                                                                          
      | | | | | | | | | | | | | |   | | | |-------------------------------------------------------------taxid642261  
      | | | | | | | | | | | | | |   | | | |                                                                          
      | | | | | | | | | | | | | | |-| | | |-------------------------------------------------------------taxid641810  
      | | | | | | | | | | | | | | | | | | |                                                                          
      | | | | | | | | | | | | | | | | | | |-------------------------------------------------------------taxid641809  
      | | | | | | | | | | | | | | | | | | |                                                                          
      | | | | | | | | | | | | | | | | | | |-------------------------------------------------------------taxid641808  
      | | | | | | | | | | | | | | | |-| | |                                                                          
      |-| | | | | | | | | | | | | |   |-| |-------------------------------------------------------------taxid641501  
        |-| | | | | | | | | | | | |     | |                                                                          
          |-| | | | | | | | | | | |     | |-------------------------------------------------------------EPI177281    
            | | | | | | | | | | | |     |-|                                                                          
            | | | | | | | | | | | |       |-------------------------------------------------------------EPI177279    
            | | | | | | | | | | | |       |                                                                          
            | | | | | | | | | | | |       |-------------------------------------------------------------EPI176628    
            |-| | | | | | | | | | |       |                                                                          
              | | | | | | | | | | |       |-------------------------------------------------------------EPI176626    
              | | | | | | | | | | |       |                                                                          
              |-| | | | | | | | | |       |-------------------------------------------------------------EPI176623    
                | | | | | | | | | |       |                                                                          
                | | | | | | | | | |       |-------------------------------------------------------------EPI176619    
                |-| | | | | | | | |       |                                                                          
                  | | | | | | | | |       |-------------------------------------------------------------EPI176605    
                  | | | | | | | | |       |                                                                          
                  |-| | | | | | | |       |-------------------------------------------------------------EPI176600    
                    |-| | | | | | |       |                                                                          
                      |-| | | | | |       |-------------------------------------------------------------EPI177284    
                        |-| | | | |       |                                                                          
                          |-| | | |       |-------------------------------------------------------------taxid642796  
                            |-| | |       |                                                                          
                              |-| |       |-------------------------------------------------------------taxid642795  
                                | |       |                                                                          
                                | |       | |-----------------------------------------------------------taxid641812  
                                | |       | |                                                                        
                                | |       | |-----------------------------------------------------------taxid641811  
                                | |       |-|                                                                        
                                | |         |-----------------------------------------------------------EPI177298    
                                | |         |                                                                        
                                | |         |-----------------------------------------------------------EPI177306    
                                | |                                                                                  
                                | |     |---------------------------------------------------------------taxid488881  
                                | |   |-|                                                                            
                                | |   | |---------------------------------------------------------------taxid488885  
                                | |   |                                                                              
                                | | |-| |---------------------------------------------------------------taxid411157  
                                | | | | |                                                                            
                                | | | |-| |-------------------------------------------------------------taxid519833  
                                | | |   |-|                                                                          
                                | | |     |-------------------------------------------------------------taxid519834  
                                | | |                                                                                
                                | | | |-----------------------------------------------------------------taxid169161  
                                | | | |                                                                              
                                | | | | |---------------------------------------------------------------taxid349258  
                                | | | | |                                                                            
                                | | | | |---------------------------------------------------------------taxid522742  
                                | | | | |                                                                            
                                | | | | | |-------------------------------------------------------------taxid336206  
                                | | | | | |                                                                          
                                | | | | | | |-----------------------------------------------------------taxid487075  
                                | | | | | | |                                                                        
                                | | | | | | | |---------------------------------------------------------taxid522756  
                                | | | | | | | |                                                                      
                                | | | | | | | |   |-----------------------------------------------------taxid374441  
                                | | | | | | | | |-|                                                                  
                                | | | | | | | | | |-----------------------------------------------------taxid487073  
                                | | | | | | | | |                                                                    
                                | | | | | | | | | |-----------------------------------------------------taxid614035  
                                | | | | | | | | | |                                                                  
                                | | | | | | | | |-| |---------------------------------------------------taxid522726  
                                | | | | | | | | | |-|                                                                
                                | | | | | | | | |   |---------------------------------------------------taxid522727  
                                | | | | | | | | |                                                                    
                                | | | | | | | | |   |---------------------------------------------------taxid522733  
                                | | | | | | | | |   |                                                                
                                | | | | | | | | |   | |-------------------------------------------------taxid169160  
                                | | | | | | | | |   | |                                                              
                                | | | | | | | | |   | |-------------------------------------------------taxid571201  
                                | | | | | | | | |   | |                                                              
                                | | | | | | | | |   | | |-----------------------------------------------taxid522762  
                                | | | | | | | | |   | | |                                                            
                                |-| | | | | | | |   | | |-----------------------------------------------taxid522728  
                                  | | | | | | | | |-| | |                                                            
                                  | | | | | | | | | |-| | |---------------------------------------------taxid374438  
                                  | | | | | | | | |   | | |                                                          
                                  | | | | | | | | |   |-| | |-------------------------------------------taxid522764  
                                  | | | | | | | | |     | | |                                                        
                                  | | | | | | | | |     |-| |-------------------------------------------taxid522731  
                                  | | | | | | | | |       |-|                                                        
                                  | | | | | | | | |         | |-----------------------------------------taxid522752  
                                  | | | | | | | | |         |-|                                                      
                                  | | | | | | | | |           |-----------------------------------------taxid522753  
                                  | | | | | | | | |                                                                  
                                  | | | | | | | | |   |-------------------------------------------------taxid169163  
                                  | | | | | | | | |   |                                                              
                                  | | | | | | | | |   | |-----------------------------------------------taxid374437  
                                  | | | | | | | | |   | |                                                            
                                  | | | | | | | | |   | | |---------------------------------------------taxid522739  
                                  | | | | | | | | | |-| | |                                                          
                                  | | | | | | | | | | |-| | |-------------------------------------------taxid522738  
                                  | | | | | | | | | |   |-| |                                                        
                                  | | | | | | | | | |     |-|-------------------------------------------taxid336207  
                                  |-| | | | | | | | |       |                                                        
                                    | | | | | | | | |       |-------------------------------------------taxid349256  
                                    | | | | | | | | |                                                                
                                    |-| | | | | | | |   |-----------------------------------------------taxid596489  
                                      |-| | | | | | |   |                                                            
                                        | | | | | | |   |   |-------------------------------------------taxid522737  
                                        |-| | | | | |   | |-|                                                        
                                          |-| | | | |   | | |-------------------------------------------taxid522766  
                                            |-| | | |   | |                                                          
                                              |-| | |   | | |-------------------------------------------taxid374442  
                                                | | |   | | |                                                        
                                                | | |   | | | |-----------------------------------------taxid619318  
                                                | | |   | | | |                                                      
                                                | | |   | | | |-----------------------------------------taxid374443  
                                                | | |   | | | |                                                      
                                                | | | |-| | | |   |-------------------------------------EPI176549    
                                                | | | | |-| | | |-|                                                  
                                                | | | |   | | | | |-------------------------------------EPI176561    
                                                |-| | |   |-| | |                                                    
                                                  | | |     |-| |   |-----------------------------------taxid522748  
                                                  | | |       | | |-|                                                
                                                  | | |       |-| | |-----------------------------------taxid522768  
                                                  | | |         | |                                                  
                                                  | | |         |-| |-----------------------------------taxid522749  
                                                  | | |           | |                                                
                                                  | | |           |-| |---------------------------------taxid522724  
                                                  |-| |             |-|                                              
                                                    | |               |---------------------------------taxid522771  
                                                    | |                                                              
                                                    | | |-----------------------------------------------taxid522901  
                                                    | | |                                                            
                                                    | | | |---------------------------------------------taxid522755  
                                                    | | | |                                                          
                                                    | | | |---------------------------------------------taxid522751  
                                                    | | | |                                                          
                                                    | | | |---------------------------------------------taxid522758  
                                                    |-| | |                                                          
                                                      | | |---------------------------------------------taxid522732  
                                                      | | |                                                          
                                                      | | |---------------------------------------------taxid522747  
                                                      | | |                                                          
                                                      | | |---------------------------------------------taxid522769  
                                                      | | |                                                          
                                                      |-| | |-------------------------------------------taxid522730  
                                                        |-|-|                                                        
                                                          | |-------------------------------------------taxid522763  
                                                          |                                                          
                                                          | |-------------------------------------------taxid456883  
                                                          |-|                                                        
                                                          | |-------------------------------------------taxid456884  
                                                          |                                                          
                                                          | |-------------------------------------------taxid522767  
                                                          | |                                                        
                                                          | |-------------------------------------------taxid522765  
                                                          |-|                                                        
                                                            |-------------------------------------------taxid522736  
                                                            |                                                        
                                                            |-------------------------------------------taxid522757  
