Status : Transforming : 1 of 1 --  of transformations applied
Status : Transforming Finished
Status : Diagnosis : 1 of 1 -- Recalculating trees
Status : Diagnosis Finished
Status : Diagnosis : 0 Recalculating original tree
Status : Diagnosis Finished
Status : Diagnosis : 1 of 1 -- Recalculating trees
Status : Diagnosis Finished
Tree with cost 1073
  |-----------------------------------------------------------------------------------------------------------------------taxid383539  
  |                                                                                                                                    
  |   |-------------------------------------------------------------------------------------------------------------------taxid380342  
  |   |                                                                                                                                
  | |-|-------------------------------------------------------------------------------------------------------------------taxid383538  
  | | |                                                                                                                                
  | | |-------------------------------------------------------------------------------------------------------------------taxid384497  
  | |                                                                                                                                  
  | | |-------------------------------------------------------------------------------------------------------------------taxid383534  
  | | |                                                                                                                                
  | | | |-----------------------------------------------------------------------------------------------------------------taxid383533  
  | | | |                                                                                                                              
  | | | |   |-------------------------------------------------------------------------------------------------------------taxid382855  
  | | | | |-|                                                                                                                          
  | | | | | |-------------------------------------------------------------------------------------------------------------taxid441587  
  | | | | |                                                                                                                            
  | | | | | |-------------------------------------------------------------------------------------------------------------taxid458022  
  | | | | | |                                                                                                                          
  | | | | | | |-----------------------------------------------------------------------------------------------------------taxid441585  
  | | | | | | |                                                                                                                        
  | | | | | | |   |-------------------------------------------------------------------------------------------------------taxid441572  
  | | | | | | | |-|                                                                                                                    
  | | | | | | | | |-------------------------------------------------------------------------------------------------------taxid441580  
  | | | | | | | |                                                                                                                      
  | | | | | | | | |-------------------------------------------------------------------------------------------------------taxid437352  
  | | | | | | | | |                                                                                                                    
  | | | | | | | | |   |---------------------------------------------------------------------------------------------------taxid332747  
  | | | | | | | | | |-|                                                                                                                
  | | | | | | | | | | |---------------------------------------------------------------------------------------------------taxid384479  
  | | | | | | | | |-|                                                                                                                  
  | | | | | | | | | | |---------------------------------------------------------------------------------------------------taxid437357  
  | | | | | | | | | |-|                                                                                                                
  | | | | | | | | |   |---------------------------------------------------------------------------------------------------taxid458005  
  | | | | | | | | |                                                                                                                    
  | | | | | | | | |   |---------------------------------------------------------------------------------------------------taxid437340  
  | | | | | | | | | |-|                                                                                                                
  | | | | | | | | | | |---------------------------------------------------------------------------------------------------taxid441573  
  | | | | | | | | |-|                                                                                                                  
  | | | | | | | | | | |---------------------------------------------------------------------------------------------------taxid437343  
  | | | | | | | | | |-|                                                                                                                
  | | | | | | | | |   |---------------------------------------------------------------------------------------------------taxid437350  
  | | | | | | | | |                                                                                                                    
  | | | | | | | | | |-----------------------------------------------------------------------------------------------------taxid458025  
  | | | | | | | | | |                                                                                                                  
  | | | | | | | | | | |---------------------------------------------------------------------------------------------------taxid458004  
  | | | | | | | | | | |                                                                                                                
  | | | | | | | | |-| |---------------------------------------------------------------------------------------------------taxid437335  
  | | | | | | | | | |-|                                                                                                                
  | | | | | | | | |   |---------------------------------------------------------------------------------------------------taxid437336  
  | | | | | | | | |   |                                                                                                                
  | | | | | | | | |   |---------------------------------------------------------------------------------------------------taxid437341  
  | | | | | | | | |                                                                                                                    
  | | | | | | | | | |-----------------------------------------------------------------------------------------------------taxid441563  
  | | | | | | | | | |                                                                                                                  
  | | | | | | | | | |-----------------------------------------------------------------------------------------------------taxid437337  
  | | | | | | | | | |                                                                                                                  
  | | | | | | | | | |-----------------------------------------------------------------------------------------------------taxid437338  
  | | | | | | | | | |                                                                                                                  
  | | | | | | | | | | |---------------------------------------------------------------------------------------------------taxid458018  
  | | | | | | | | | | |                                                                                                                
  | | | | | | | | |-| |---------------------------------------------------------------------------------------------------taxid437356  
  | | | | | | | | | | |                                                                                                                
  | | | | | | | | | | |---------------------------------------------------------------------------------------------------taxid437353  
  | | | | | | | | | |-|                                                                                                                
  | | | | | | | | |   |---------------------------------------------------------------------------------------------------taxid458019  
  | | | | | | | | |   |                                                                                                                
  | | | | | | | | |   | |-------------------------------------------------------------------------------------------------taxid437354  
  | | | | | | | | |   |-|                                                                                                              
  | | | | | | | | |     |-------------------------------------------------------------------------------------------------taxid437355  
  | | | | | | | | |                                                                                                                    
  | | | | | | | | | |-----------------------------------------------------------------------------------------------------taxid441566  
  | | | | | | | | | |                                                                                                                  
  | | | | | | | | | |-----------------------------------------------------------------------------------------------------taxid441574  
  | | | | | | | | | |                                                                                                                  
  | | | | | | | | | |-----------------------------------------------------------------------------------------------------taxid437339  
  | | | | | | | | | |                                                                                                                  
  | | | | | | | | | |-----------------------------------------------------------------------------------------------------taxid437351  
  | | | | | | | | | |                                                                                                                  
  | | | | | | | | | | |---------------------------------------------------------------------------------------------------taxid458023  
  | | | | | | | | | | |                                                                                                                
  | | | | | | | | | |-| |-------------------------------------------------------------------------------------------------taxid416742  
  | | | | | | | | | | |-|                                                                                                              
  | | | | | | | | | |   |-------------------------------------------------------------------------------------------------taxid437344  
  | | | | | | | | | |                                                                                                                  
  | | | | | | | | | | |---------------------------------------------------------------------------------------------------taxid441576  
  | | | | | | | | | | |                                                                                                                
  | | | | | | | | | | | |-------------------------------------------------------------------------------------------------taxid437347  
  | | | | | | | | | | |-|                                                                                                              
  | | | | | | | | | |-| |-------------------------------------------------------------------------------------------------taxid437349  
  | | | | | | | | | | |                                                                                                                
  | | | | | | | | | | | |-------------------------------------------------------------------------------------------------taxid437345  
  | | | | | | | | | | |-|                                                                                                              
  | | | | | | | | | |   |-------------------------------------------------------------------------------------------------taxid437346  
  | | | | | | | | | |                                                                                                                  
  | | | | | | | | | | |---------------------------------------------------------------------------------------------------taxid458009  
  | | | | | | | | | | |                                                                                                                
  | | | | | | | | |-| |---------------------------------------------------------------------------------------------------taxid458012  
  | | | | | | | | | | |                                                                                                                
  | | | | | | | | | | | |-------------------------------------------------------------------------------------------------taxid458006  
  | | | | | | | | | | | |                                                                                                              
  | | | | | | | | | |-| |-------------------------------------------------------------------------------------------------taxid458010  
  | | | | | | | | | | | |                                                                                                              
  | | | | | | | | | | |-|-------------------------------------------------------------------------------------------------taxid458007  
  | | | | | | | | | |   |                                                                                                              
  | | | | | | | | | |   |-------------------------------------------------------------------------------------------------taxid441593  
  | | | | | | | | | |   |                                                                                                              
  | | | | | | | | | |   |-------------------------------------------------------------------------------------------------taxid458008  
  | | | | | | | | | |                                                                                                                  
  | | | | | | | | | |   |-------------------------------------------------------------------------------------------------taxid519839  
  | | | | | | | | | |   |                                                                                                              
  | | | | | | | | | | |-|-------------------------------------------------------------------------------------------------taxid437342  
  | | | | | | | | | | | |                                                                                                              
  | | | | | | | | | | | |-------------------------------------------------------------------------------------------------taxid519838  
  | | | | | | | | | | |                                                                                                                
  | | | | | | | | | | | |-------------------------------------------------------------------------------------------------taxid458014  
  | | | | | | | | | | | |                                                                                                              
  | | | | | | | | | |-| | |-----------------------------------------------------------------------------------------------taxid387253  
  | | | | | | | | |   | | |                                                                                                            
  | | | | | | | | |   |-| | |---------------------------------------------------------------------------------------------taxid383563  
  | | | | | | | | |     |-| |                                                                                                          
  | | | | | | | | |       |-| |-------------------------------------------------------------------------------------------taxid383565  
  | | | | | | | | |         |-|                                                                                                        
  | | | | | | | | |           |-------------------------------------------------------------------------------------------taxid383566  
  | | | | | | | | |                                                                                                                    
  | | | | | | | | |   |---------------------------------------------------------------------------------------------------taxid441582  
  | | | | | | | | |   |                                                                                                                
  | | | | | | | | | |-|---------------------------------------------------------------------------------------------------taxid441581  
  | | | | | | | | | | |                                                                                                                
  | | | | | | | | | | |---------------------------------------------------------------------------------------------------taxid458020  
  | | | | | | | | | |                                                                                                                  
  | | | | | | | | | | |---------------------------------------------------------------------------------------------------taxid458016  
  | | | | | | | | | | |                                                                                                                
  | | | | | | | | | | | |-------------------------------------------------------------------------------------------------taxid437358  
  | | | | | | | | | | | |                                                                                                              
  | | | | | | | | | | | |-------------------------------------------------------------------------------------------------taxid441565  
  | | | | | | | | | | |-|                                                                                                              
  | | | | | | | | | | | |-------------------------------------------------------------------------------------------------taxid441561  
  | | | | | | | | | | | |                                                                                                              
  | | | | | | | | | | | |-------------------------------------------------------------------------------------------------taxid441564  
  | | | | | | | | | | |                                                                                                                
  | | | | | | | | | | | |-------------------------------------------------------------------------------------------------taxid458013  
  | | | | | | | | | | | |                                                                                                              
  | | | | | | | | | | | |-------------------------------------------------------------------------------------------------taxid458015  
  | | | | | | | | | | | |                                                                                                              
  | | | | | | | | | | | |   |---------------------------------------------------------------------------------------------taxid441592  
  | | | | | | | | | | | |   |                                                                                                          
  | | | | | | | | | | | |   | |-------------------------------------------------------------------------------------------taxid441588  
  | | | | | | | | | | | |   | |                                                                                                        
  | | | | | | | | | | | | |-| |-------------------------------------------------------------------------------------------taxid441589  
  | | | | | | | | | | | | | |-|                                                                                                        
  | | | | | | | | | | | | |   | |-----------------------------------------------------------------------------------------taxid441590  
  | | | | | | | | | | | | |   |-|                                                                                                      
  | | | | | | | | | | | | |     |-----------------------------------------------------------------------------------------taxid441591  
  | | | | | | | | | | | | |                                                                                                            
  | | | | | | | | | | | | | |---------------------------------------------------------------------------------------------taxid441575  
  | | | | | | | | | | | |-| |                                                                                                          
  | | | | | | | | | | | | | | |-------------------------------------------------------------------------------------------taxid457998  
  | | | | | | | | | | | | | | |                                                                                                        
  | | | | | | | | | | | | |-| | |-----------------------------------------------------------------------------------------taxid411157  
  | | | | | | | | | | | |   |-| |                                                                                                      
  | | | | | | | | | | | |     |-| |---------------------------------------------------------------------------------------taxid519833  
  | | | | | | | | | | | |       |-|                                                                                                    
  | | | | | | | | | | | |         |---------------------------------------------------------------------------------------taxid519834  
  | | | | | | | | | | | |                                                                                                              
  | | | | | | | | | | | |   |---------------------------------------------------------------------------------------------taxid453856  
  | | | | | | | | | | | | |-|                                                                                                          
  | | | | | | | | | | | | | |---------------------------------------------------------------------------------------------taxid533021  
  | | | | | | | | | | | | |                                                                                                            
  | | | | | | | | | | | | | |---------------------------------------------------------------------------------------------taxid458003  
  | | | | | | | | | | | | | |                                                                                                          
  | | | | | | | | | | | | | | |-------------------------------------------------------------------------------------------taxid384501  
  | | | | | | | | | | | | | | |                                                                                                        
  | | | | | | | | | | | | | | |-------------------------------------------------------------------------------------------taxid441578  
  | | | | | | | | | | | | | | |                                                                                                        
  | | | | | | | | | | | | | | |-------------------------------------------------------------------------------------------taxid458002  
  | | | | | | | | | | | | | | |                                                                                                        
  | | | | | | | | | | | | | | |-------------------------------------------------------------------------------------------taxid441577  
  | | | | | | | | | | | | | | |                                                                                                        
  | | | | | | | | | | | | | | |-------------------------------------------------------------------------------------------taxid441579  
  | | | | | | | | | | | | | | |                                                                                                        
  | | | | | | | | | | | | | | | |-----------------------------------------------------------------------------------------taxid441586  
  | | | | | | | | | | | | | | | |                                                                                                      
  | | | | | | | | | | | | | | | |     |-----------------------------------------------------------------------------------taxid441567  
  | | | | | | | | | | | | | | | |     |                                                                                                
  | | | | | | | | | | | | | | | |     |-----------------------------------------------------------------------------------taxid441568  
  | | | | | | | | | | | | | | | |   |-|                                                                                                
  | | | | | | | | | | | | | | | |   | |-----------------------------------------------------------------------------------taxid441569  
  | | | | | | | | | | | | | | | |   | |                                                                                                
  | | | | | | | | | | | | | | | |   | |-----------------------------------------------------------------------------------taxid457999  
  | | | | | | | | | | | | | | | |   |                                                                                                  
  | | | | | | | | | | | | | | | |   |   |---------------------------------------------------------------------------------taxid358576  
  | | | | | | | | | | | | | | | |   | |-|                                                                                              
  | | | | | | | | | | | | | | | |   | | |---------------------------------------------------------------------------------taxid358577  
  | | | | | | | | | | | | | | | |   | |                                                                                                
  | | | | | | | | | | | | | | | | |-| | |---------------------------------------------------------------------------------taxid458001  
  | | | | | | | | | | | | | | | | | | | |                                                                                              
  | | | | | | | | | | | | | | | | | | | |   |-----------------------------------------------------------------------------taxid441595  
  | | | | | | | | | | | | | | | | | |-| | |-|                                                                                          
  | | | | | | | | | | | | | | | | |   | | | |-----------------------------------------------------------------------------taxid441596  
  | | | | | | | | | | | | | | | | |   |-| |                                                                                            
  | | | | | | | | | | | | | | | | |     |-| |-----------------------------------------------------------------------------taxid441570  
  | | | | | | | | | | | | | | | | |       | |                                                                                          
  | | | | | | | | | | | | | | | | |       |-| |---------------------------------------------------------------------------taxid380346  
  | | | | | | | | | | | | | | | | |         |-|                                                                                        
  | | | | | | | | | | | | | | | | |           |---------------------------------------------------------------------------taxid416743  
  | | | | | | | | | | | | | | | | |                                                                                                    
  | | | | | | | | | | | | | | | | |   |-----------------------------------------------------------------------------------taxid358579  
  | | | | | | | | | | | | | | | | |   |                                                                                                
  | | | | | | | | | | | | | | | | | |-| |---------------------------------------------------------------------------------taxid358575  
  | | | | | | | | | | | | | | | | | | |-|                                                                                              
  | | | | | | | | | | | | | | | | | |   |---------------------------------------------------------------------------------taxid358578  
  | | | | | | | | | | | | | | | | | |                                                                                                  
  | | | | | | | | | | | | | | | | | |   |---------------------------------------------------------------------------------taxid380978  
  | | | | | | | | | | | | | | | | | | |-|                                                                                              
  | | | | | | | | | | | | | | | | | | | |---------------------------------------------------------------------------------taxid380979  
  | | | | | | | | | | | | | | | | | | |                                                                                                
  | | | | | | | | | | | | | | | | | | | |---------------------------------------------------------------------------------taxid382856  
  | | | | | | | | | | | | | | | | | | | |                                                                                              
  | | | | | | | | | | | | | | | | | | | | |-------------------------------------------------------------------------------taxid380341  
  | | | | | | | | | | | | | | | | | | | | |                                                                                            
  | | | | | | | | | | | | | | | | | | | | | |-----------------------------------------------------------------------------taxid533024  
  | | | | | | | | | | | | | | | | | | | | |-|                                                                                          
  | | | | | | | | | | | | | | | | | | | | | |-----------------------------------------------------------------------------taxid566260  
  | | | | | | | | | | | | | | | | | | | | |                                                                                            
  | | | | | | | | | | | | | | | | | | | | | |-----------------------------------------------------------------------------taxid542942  
  | | | | | | | | | | | | | | | | | | | | | |                                                                                          
  | | | | | | | | | | | | | | | | | | | | | | |---------------------------------------------------------------------------taxid441594  
  | | | | | | | | | | | | | | | | | | | | | | |                                                                                        
  | | | | | | | | | | | | | | | | | | | | | | |---------------------------------------------------------------------------EPI177540    
  | | | | | | | | | | | | | | | | | | | | | | |                                                                                        
  | | | | | | | | | | | | | | | | | | | | | | | |-------------------------------------------------------------------------taxid457997  
  | | | | | | | | | | | | | | | | | | | | | | |-|                                                                                      
  | | | | | | | | | | | | | | | | | | | | | | | |-------------------------------------------------------------------------taxid458021  
  | | | | | | | | | | | | | | | | | | | | | | |                                                                                        
  | | | | | | | | | | | | | | | | | | | | | | |   |-----------------------------------------------------------------------EPI177579    
  | | | | | | | | | | | | | | | | | | | | | | | |-|                                                                                    
  | | | | | | | | | | | | | | | | | | | | | | | | |-----------------------------------------------------------------------taxid441597  
  | | | | | | | | | | | | | | | | | | | | | | |-|                                                                                      
  | | | | | | | | | | | | | | | | | | | | | | | | |-----------------------------------------------------------------------taxid478083  
  | | | | | | | | | | | | | | | | | | | | | | | |-|                                                                                    
  | | | | | | | | | | | | | | | | | | | | | | |   |-----------------------------------------------------------------------taxid542943  
  | | | | | | | | | | | | | | | | | | | | | | |                                                                                        
  | | | | | | | | | | | | | | | | | | | | | | |   |-----------------------------------------------------------------------taxid380332  
  | | | | | | | | | | | | | | | | | | | | | | |   |                                                                                    
  | | | | | | | | | | | | | | | | | | | | | | | |-| |---------------------------------------------------------------------taxid416567  
  | | | | | | | | | | | | | | | | | | | | | | | | |-|                                                                                  
  | | | | | | | | | | | | | | | | | | | | | | | |   |---------------------------------------------------------------------taxid505207  
  | | | | | | | | | | | | | | | | | | | | | | | |                                                                                      
  | | | | | | | | | | | | | | | | | | | | | | | |   |---------------------------------------------------------------------taxid114725  
  | | | | | | | | | | | | | | | | | | | | | | | | |-|                                                                                  
  | | | | | | | | | | | | | | | | | | | | | | | | | |---------------------------------------------------------------------taxid114726  
  | | | | | | | | | | | | | | | | | | | | | | | | |                                                                                    
  | | | | | | | | | | | | | | | | | | | | | | | | | |---------------------------------------------------------------------taxid114723  
  | | | | | | | | | | | | | | | | | | | | | | | | | |                                                                                  
  | | | | | | | | | | | | | | | | | | | | | | | | | | |-------------------------------------------------------------------taxid227304  
  | | | | | | | | | | | | | | | | | | | | | | | | | | |                                                                                
  | | | | | | | | | | | | | | | | | | | | | | | | | | | |-----------------------------------------------------------------taxid101753  
  | | | | | | | | | | | | | | | | | | | | | | | | | | | |                                                                              
  | | | | | | | | | | | | | | | | | | | | | | | | | | | | |---------------------------------------------------------------taxid157642  
  | | | | | | | | | | | | | | | | | | | | | | | | | | | | |                                                                            
  | | | | | | | | | | | | | | | | | | | | | | | | | | | | | |-------------------------------------------------------------taxid177117  
  | | | | | | | | | | | | | | | | | | | | | | | | | | | | | |                                                                          
  | | | | | | | | | | | | | | | | | | | | | | | | | | | | | | |-----------------------------------------------------------taxid101752  
  | | | | | | | | | | | | | | | | | | | | | | | | | | | | | | |                                                                        
  | | | | | | | | | | | | | | | | | | | | | | | | | | | | | | |-----------------------------------------------------------taxid187164  
--| | | | | | | | | | | | | | | | | | | | | | | | | | | | | | |                                                                        
  | | | | | | | | | | | | | | | | | | | | | | | | | | | | | | |-----------------------------------------------------------taxid136487  
  |-| | | | | | | | | | | | | | | | | | | | | | | | | | | | | |                                                                        
    | | | | | | | | | | | | | | | | | | | | | | | | | | | | | |-----------------------------------------------------------taxid101751  
    |-| | | | | | | | | | | | | | | | | | | | | | | | | | | | |                                                                        
      |-| | | | | | | | | | | | | | | | | | | | | | | | | | | |-----------------------------------------------------------taxid177191  
        |-| | | | | | | | | | | | | | | | | | | | | | | | | | |                                                                        
          | | | | | | | | | | | | | | | | | | | | | | | | | | | |---------------------------------------------------------taxid187171  
          |-| | | | | | | | | | | | | | | | | | | | | | | | | | |                                                                      
            |-| | | | | | | | | | | | | | | | | | | | | | | | | | |-------------------------------------------------------taxid133776  
              |-| | | | | | | | | | | | | | | | | | | | | | | | | |                                                                    
                | | | | | | | | | | | | | | | | | | | | | | | | | | |-----------------------------------------------------taxid133773  
                |-| | | | | | | | | | | | | | | | | | | | | | | | | |                                                                  
                  | | | | | | | | | | | | | | | | | | | | | | |-| | |-----------------------------------------------------taxid133774  
                  | | | | | | | | | | | | | | | | | | | | | | | |-| |                                                                  
                  | | | | | | | | | | | | | | | | | | | | | | |   |-|-----------------------------------------------------taxid177133  
                  | | | | | | | | | | | | | | | | | | | | | | |     |                                                                  
                  | | | | | | | | | | | | | | | | | | | | | | |     |-----------------------------------------------------taxid133775  
                  | | | | | | | | | | | | | | | | | | | | | | |     |                                                                  
                  | | | | | | | | | | | | | | | | | | | | | | |     |-----------------------------------------------------taxid177119  
                  | | | | | | | | | | | | | | | | | | | | | | |                                                                        
                  | | | | | | | | | | | | | | | | | | | | | | | |---------------------------------------------------------taxid187163  
                  | | | | | | | | | | | | | | | | | | | | | | | |                                                                      
                  | | | | | | | | | | | | | | | | | | | | | | | | |-------------------------------------------------------taxid177130  
                  | | | | | | | | | | | | | | | | | | | | | | | | |                                                                    
                  | | | | | | | | | | | | | | | | | | | | | | | |-| |-----------------------------------------------------taxid187162  
                  | | | | | | | | | | | | | | | | | | | | | | | | |-|                                                                  
                  | | | | | | | | | | | | | | | | | | | | | | | |   |-----------------------------------------------------taxid222774  
                  | | | | | | | | | | | | | | | | | | | | | | | |                                                                      
                  | | | | | | | | | | | | | | | | | | | | | | | |   |-----------------------------------------------------taxid177134  
                  | | | | | | | | | | | | | | | | | | | | | | |-| |-|                                                                  
                  | | | | | | | | | | | | | | | | | | | | | | | | | |-----------------------------------------------------taxid177135  
                  | | | | | | | | | | | | | | | | | | | | | | | | |                                                                    
                  | | | | | | | | | | | | | | | | | | | | | | | | | |-----------------------------------------------------taxid177137  
                  | | | | | | | | | | | | | | | | | | | | | | | |-| |                                                                  
                  | | | | | | | | | | | | | | | | | | | | | | |   | |-----------------------------------------------------taxid177132  
                  | | | | | | | | | | | | | | | | | | | | | | |   |-|                                                                  
                  | | | | | | | | | | | | | | | | | | | | | | |     |-----------------------------------------------------taxid177118  
                  | | | | | | | | | | | | | | | | | | | | | | |     |                                                                  
                  | | | | | | | | | | | | | | | | | | | | | | |     |-----------------------------------------------------taxid177136  
                  | | | | | | | | | | | | | | | | | | | | | | |                                                                        
                  | | | | | | | | | | | | | | | | | | | | | | |   |-------------------------------------------------------taxid177127  
                  | | | | | | | | | | | | | | | | | | | | | | | |-|                                                                    
                  | | | | | | | | | | | | | | | | | | | | | | | | |-------------------------------------------------------taxid187166  
                  | | | | | | | | | | | | | | | | | | | | | | | |                                                                      
                  | | | | | | | | | | | | | | | | | | | | | | | |   |-----------------------------------------------------taxid177126  
                  | | | | | | | | | | | | | | | | | | | | | | | |   |                                                                  
                  | | | | | | | | | | | | | | | | | | | | | | | | |-|-----------------------------------------------------taxid165420  
                  | | | | | | | | | | | | | | | | | | | | | | | | | |                                                                  
                  | | | | | | | | | | | | | | | | | | | | | | | | | |-----------------------------------------------------taxid177128  
                  | | | | | | | | | | | | | | | | | | | | | | | | |                                                                    
                  | | | | | | | | | | | | | | | | | | | | | | |-| | |-----------------------------------------------------taxid177123  
                  | | | | | | | | | | | | | | | | | | | | | | | | | |                                                                  
                  | | | | | | | | | | | | | | | | | | | | | | | | | |   |-------------------------------------------------taxid177129  
                  | | | | | | | | | | | | | | | | | | | | | | | |-| | |-|                                                              
                  | | | | | | | | | | | | | | | | | | | | | | |   | | | |-------------------------------------------------taxid177131  
                  | | | | | | | | | | | | | | | | | | | | | | |   |-| |                                                                
                  | | | | | | | | | | | | | | | | | | | | | | |     |-| |-------------------------------------------------taxid443181  
                  | | | | | | | | | | | | | | | | | | | | | | |       | |                                                              
                  | | | | | | | | | | | | | | | | | | | | | | |       |-| |-----------------------------------------------taxid443179  
                  | | | | | | | | | | | | | | | | | | | | | | |         |-|                                                            
                  | | | | | | | | | | | | | | | | | | | | | | |           |-----------------------------------------------taxid443180  
                  | | | | | | | | | | | | | | | | | | | | | | |                                                                        
                  |-| | | | | | | | | | | | | | | | | | | | | | |---------------------------------------------------------taxid538554  
                    | | | | | | | | | | | | | | | | | | | | | | |                                                                      
                    |-| | | | | | | | | | | | | | | | | | | | | |   |-----------------------------------------------------taxid177140  
                      | | | | | | | | | | | | | | | | | | | | | |   |                                                                  
                      | | | | | | | | | | | | | | | | | | | | | | |-| |---------------------------------------------------taxid177124  
                      | | | | | | | | | | | | | | | | | | | | | | | |-|                                                                
                      | | | | | | | | | | | | | | | | | | | | | | |   |---------------------------------------------------taxid177190  
                      |-| | | | | | | | | | | | | | | | | | | | | |                                                                    
                        | | | | | | | | | | | | | | | | | | | | | | |-----------------------------------------------------taxid538545  
                        | | | | | | | | | | | | | | | | | | | | | | |                                                                  
                        | | | | | | | | | | | | | | | | | | | | | | | |---------------------------------------------------taxid538548  
                        | | | | | | | | | | | | | | | | | | | | | | | |                                                                
                        | | | | | | | | | | | | | | | | | | | | | | |-| |-------------------------------------------------taxid538544  
                        | | | | | | | | | | | | | | | | | | | | | | | |-|                                                              
                        | | | | | | | | | | | | | | | | | | | | | | |   |-------------------------------------------------taxid538546  
                        | | | | | | | | | | | | | | | | | | | | | | |                                                                  
                        | | | | | | | | | | | | | | | | | | | | | | |   |-------------------------------------------------taxid442957  
                        | | | | | | | | | | | | | | | | | | | | | | | |-|                                                              
                        | | | | | | | | | | | | | | | | | | | | | | | | |-------------------------------------------------taxid442958  
                        |-| | | | | | | | | | | | | | | | | | | | | | |                                                                
                          | | | | | | | | | | | | | | | | | | | | | | | |-------------------------------------------------taxid345297  
                          |-| | | | | | | | | | | | | | | | | | | | | |-|                                                              
                            |-| | | | | | | | | | | | | | | | | | | | | |-------------------------------------------------taxid398800  
                              | | | | | | | | | | | | | | | | | | | | |                                                                
                              | | | | | | | | | | | | | | | | | | | | | |-------------------------------------------------taxid301961  
                              | | | | | | | | | | | | | | | | | | | | |-|                                                              
                              | | | | | | | | | | | | | | | | | | | | | |-------------------------------------------------taxid301962  
                              |-| | | | | | | | | | | | | | | | | | | |                                                                
                                | | | | | | | | | | | | | | | | | | | | |-------------------------------------------------taxid177121  
                                | | | | | | | | | | | | | | | | | | | |-|                                                              
                                | | | | | | | | | | | | | | | | | | | | |-------------------------------------------------taxid177122  
                                | | | | | | | | | | | | | | | | | | | |                                                                
                                | | | | | | | | | | | | | | | | | | | | |-------------------------------------------------taxid345582  
                                | | | | | | | | | | | | | | | | | | | | |                                                              
                                |-| | | | | | | | | | | | | | | | | | |-| |-----------------------------------------------taxid538543  
                                  | | | | | | | | | | | | | | | | | | | |-|                                                            
                                  | | | | | | | | | | | | | | | | | | |   |-----------------------------------------------taxid538547  
                                  | | | | | | | | | | | | | | | | | | |                                                                
                                  | | | | | | | | | | | | | | | | | | | |-------------------------------------------------taxid187161  
                                  | | | | | | | | | | | | | | | | | | | |                                                              
                                  | | | | | | | | | | | | | | | | | | | |   |---------------------------------------------taxid177138  
                                  |-| | | | | | | | | | | | | | | | | | | |-|                                                          
                                    | | | | | | | | | | | | | | | | | |-| | |---------------------------------------------taxid177139  
                                    |-| | | | | | | | | | | | | | | | | |-|                                                            
                                      | | | | | | | | | | | | | | | | |   | |---------------------------------------------taxid187167  
                                      |-| | | | | | | | | | | | | | | |   |-|                                                          
                                        |-| | | | | | | | | | | | | | |     |---------------------------------------------taxid187168  
                                          | | | | | | | | | | | | | | |                                                                
                                          | | | | | | | | | | |-| | | |   |-----------------------------------------------taxid402055  
                                          |-| | | | | | | | | | | | | | |-|                                                            
                                            |-| | | | | | | | | |-| | | | |-----------------------------------------------taxid402056  
                                              | | | | | | | | |   | | | |                                                              
                                              | | | | | | | | |   |-| | | |-----------------------------------------------taxid388536  
                                              | | | | | | | | |     | | | |                                                            
                                              | | | | | | | | |     | | | | |---------------------------------------------taxid205005  
                                              | | | | | | | | |     | | | | |                                                          
                                              | | | | | | | | |     |-| | | | |-------------------------------------------taxid538558  
                                              | | | | | | | | |       |-| | | |                                                        
                                              | | | | | | | | |       | | | | | |-----------------------------------------taxid538561  
                                              |-| | | | | | | |       | |-| | | |                                                      
                                                | | | | | | | |       |   |-| | |-----------------------------------------taxid538552  
                                                |-| | | | | | |       |     |-| |                                                      
                                                  | | | | | | |       |       |-|-----------------------------------------taxid538560  
                                                  |-| | | | | |       |         |                                                      
                                                    |-| | | | |       |         | |---------------------------------------taxid538557  
                                                      |-| | | |       |         |-|                                                    
                                                        |-| | |       |           |---------------------------------------taxid538559  
                                                          |-| |       |                                                                
                                                            |-|       |   |-----------------------------------------------taxid515581  
                                                              |       | |-|                                                            
                                                              |       | | |-----------------------------------------------taxid556272  
                                                              |       | |                                                              
                                                              |       | | |-----------------------------------------------taxid533026  
                                                              |       | | |                                                            
                                                              |       | | |-----------------------------------------------taxid345296  
                                                              |       | | |                                                            
                                                              |       | | |-----------------------------------------------taxid526549  
                                                              |       | | |                                                            
                                                              |       | | | |---------------------------------------------taxid542562  
                                                              |       | | | |                                                          
                                                              |       | | | |---------------------------------------------taxid381529  
                                                              |       | | | |                                                          
                                                              |       |-| | |---------------------------------------------taxid381534  
                                                              |         | | |                                                          
                                                              |         |-| |---------------------------------------------taxid542563  
                                                              |           | |                                                          
                                                              |           | |---------------------------------------------taxid381531  
                                                              |           |-|                                                          
                                                              |             |---------------------------------------------taxid381530  
                                                              |             |                                                          
                                                              |             |---------------------------------------------taxid381532  
                                                              |             |                                                          
                                                              |             |---------------------------------------------taxid381533  
                                                              |             |                                                          
                                                              |             | |-------------------------------------------taxid526548  
                                                              |             |-|                                                        
                                                              |               |-------------------------------------------taxid542945  
                                                              |                                                                        
                                                              | |---------------------------------------------------------taxid128982  
                                                              | |                                                                      
                                                              | | |-------------------------------------------------------EPI176625    
                                                              | | |                                                                    
                                                              | | |-------------------------------------------------------EPI176618    
                                                              | | |                                                                    
                                                              | | |-------------------------------------------------------EPI178399    
                                                              | | |                                                                    
                                                              | | |-------------------------------------------------------EPI177307    
                                                              | | |                                                                    
                                                              | | |-------------------------------------------------------EPI177313    
                                                              | | |                                                                    
                                                              | | |-------------------------------------------------------taxid641501  
                                                              | | |                                                                    
                                                              | | |-------------------------------------------------------EPI178293    
                                                              | | |                                                                    
                                                              | | |-------------------------------------------------------EPI178416    
                                                              | | |                                                                    
                                                              | | |-------------------------------------------------------EPI176644    
                                                              | | |                                                                    
                                                              | | |-------------------------------------------------------taxid642261  
                                                              | | |                                                                    
                                                              | | |-------------------------------------------------------EPI177310    
                                                              | | |                                                                    
                                                              | | |-------------------------------------------------------EPI178263    
                                                              | | |                                                                    
                                                              | | |-------------------------------------------------------EPI177354    
                                                              | | |                                                                    
                                                              | | |-------------------------------------------------------EPI178404    
                                                              | | |                                                                    
                                                              | | |-------------------------------------------------------EPI177361    
                                                              | | |                                                                    
                                                              | | |-------------------------------------------------------EPI177345    
                                                              | | |                                                                    
                                                              | | |-------------------------------------------------------EPI178480    
                                                              | | |                                                                    
                                                              | | |-------------------------------------------------------EPI178471    
                                                              | | |                                                                    
                                                              | | |-------------------------------------------------------EPI176627    
                                                              | | |                                                                    
                                                              | | |-------------------------------------------------------EPI176622    
                                                              | | |                                                                    
                                                              | | |-------------------------------------------------------taxid641809  
                                                              | | |                                                                    
                                                              | | |-------------------------------------------------------EPI176612    
                                                              | | |                                                                    
                                                              | | |-------------------------------------------------------EPI178253    
                                                              | | |                                                                    
                                                              | | |-------------------------------------------------------EPI178258    
                                                              | | |                                                                    
                                                              | | |-------------------------------------------------------EPI178491    
                                                              | | |                                                                    
                                                              |-| |-------------------------------------------------------EPI178455    
                                                                |-|                                                                    
                                                                  |-------------------------------------------------------EPI178268    
                                                                  |                                                                    
                                                                  |-------------------------------------------------------EPI178409    
                                                                  |                                                                    
                                                                  |-------------------------------------------------------EPI176646    
                                                                  |                                                                    
                                                                  |-------------------------------------------------------EPI177951    
                                                                  |                                                                    
                                                                  | |-----------------------------------------------------EPI178448    
                                                                  | |                                                                  
                                                                  |-|-----------------------------------------------------EPI177275    
                                                                  | |                                                                  
                                                                  | |-----------------------------------------------------taxid641808  
                                                                  |                                                                    
                                                                  | |-----------------------------------------------------taxid641812  
                                                                  | |                                                                  
                                                                  | |-----------------------------------------------------taxid641811  
                                                                  | |                                                                  
                                                                  | |-----------------------------------------------------EPI177303    
                                                                  |-|                                                                  
                                                                  | |-----------------------------------------------------EPI177295    
                                                                  | |                                                                  
                                                                  | |-----------------------------------------------------EPI177427    
                                                                  | |                                                                  
                                                                  | |-----------------------------------------------------EPI178377    
                                                                  |                                                                    
                                                                  | |-----------------------------------------------------EPI178385    
                                                                  | |                                                                  
                                                                  | |-----------------------------------------------------EPI177398    
                                                                  | |                                                                  
                                                                  | |-----------------------------------------------------EPI177394    
                                                                  | |                                                                  
                                                                  | |-----------------------------------------------------EPI177406    
                                                                  | |                                                                  
                                                                  | |-----------------------------------------------------EPI177418    
                                                                  | |                                                                  
                                                                  | |-----------------------------------------------------EPI177389    
                                                                  | |                                                                  
                                                                  |-|-----------------------------------------------------EPI178429    
                                                                    |                                                                  
                                                                    |-----------------------------------------------------EPI177423    
                                                                    |                                                                  
                                                                    |-----------------------------------------------------EPI177413    
                                                                    |                                                                  
                                                                    |-----------------------------------------------------EPI177383    
                                                                    |                                                                  
                                                                    |-----------------------------------------------------EPI177376    
                                                                    |                                                                  
                                                                    |-----------------------------------------------------EPI177372    
                                                                    |                                                                  
                                                                    |-----------------------------------------------------EPI178294    
