Status : Transforming : 1 of 1 --  of transformations applied
Status : Transforming Finished
Status : Diagnosis : 0 Recalculating original tree
Status : Diagnosis Finished
Status : Diagnosis : 1 of 1 -- Recalculating trees
Status : Diagnosis Finished
Status : RAS + TBR : 0 
Status : RAS + TBR : 0 Searching on tree number 1
Status : Wagner : 2 of 24 -- Wagner tree with cost 3.
Status : Wagner : 3 of 24 -- Wagner tree with cost 4.
Status : Wagner : 4 of 24 -- Wagner tree with cost 4.
Status : Wagner : 5 of 24 -- Wagner tree with cost 5.
Status : Wagner : 6 of 24 -- Wagner tree with cost 463.
Status : Wagner : 7 of 24 -- Wagner tree with cost 464.
Status : Wagner : 8 of 24 -- Wagner tree with cost 489.
Status : Wagner : 9 of 24 -- Wagner tree with cost 508.
Status : Wagner : 10 of 24 -- Wagner tree with cost 508.
Status : Wagner : 11 of 24 -- Wagner tree with cost 1046.
Status : Wagner : 12 of 24 -- Wagner tree with cost 1046.
Status : Wagner : 13 of 24 -- Wagner tree with cost 1048.
Status : Wagner : 14 of 24 -- Wagner tree with cost 1050.
Status : Wagner : 15 of 24 -- Wagner tree with cost 1405.
Status : Wagner : 16 of 24 -- Wagner tree with cost 1406.
Status : Wagner : 17 of 24 -- Wagner tree with cost 1409.
Status : Wagner : 18 of 24 -- Wagner tree with cost 1410.
Status : Wagner : 19 of 24 -- Wagner tree with cost 1413.
Status : Wagner : 20 of 24 -- Wagner tree with cost 1461.
Status : Wagner : 21 of 24 -- Wagner tree with cost 1461.
Status : Wagner : 22 of 24 -- Wagner tree with cost 1461.
Status : Wagner : 23 of 24 -- Wagner tree with cost 1470.
Status : Wagner Finished
Status : Building Wagner Tree Finished
Status : TBR : 1455 Searching
Information : 
                Timer:
                   1 seconds
Information : 
                Timer:
                   2 seconds
Information : 
                Timer:
                   3 seconds
Information : 
                Timer:
                   4 seconds
Information : 
                Timer:
                   5 seconds
Information : 
                Timer:
                   6 seconds
Information : 
                Timer:
                   7 seconds
Information : 
                Timer:
                   8 seconds
Status : TBR Finished
Status : Automated Search : 0 Best tree: 1455.; Time left: 2 m, 47 s; Hits: 1
Status : Transforming : 1 of 1 --  of transformations applied
Status : Transforming Finished
Status : Diagnosis : 1 of 1 -- Recalculating trees
Status : Diagnosis Finished
Status : test: Implied Alignments : 1 of 47 -- vertices calculated
Status : test: Implied Alignments : 2 of 47 -- vertices calculated
Status : test: Implied Alignments : 3 of 47 -- vertices calculated
Status : test: Implied Alignments : 4 of 47 -- vertices calculated
Status : test: Implied Alignments : 5 of 47 -- vertices calculated
Status : test: Implied Alignments : 6 of 47 -- vertices calculated
Status : test: Implied Alignments : 7 of 47 -- vertices calculated
Status : test: Implied Alignments : 8 of 47 -- vertices calculated
Status : test: Implied Alignments : 9 of 47 -- vertices calculated
Status : test: Implied Alignments : 10 of 47 -- vertices calculated
Status : test: Implied Alignments : 11 of 47 -- vertices calculated
Status : test: Implied Alignments : 12 of 47 -- vertices calculated
Status : test: Implied Alignments : 13 of 47 -- vertices calculated
Status : test: Implied Alignments : 14 of 47 -- vertices calculated
Status : test: Implied Alignments : 15 of 47 -- vertices calculated
Status : test: Implied Alignments : 16 of 47 -- vertices calculated
Status : test: Implied Alignments : 17 of 47 -- vertices calculated
Status : test: Implied Alignments : 18 of 47 -- vertices calculated
Status : test: Implied Alignments : 19 of 47 -- vertices calculated
Status : test: Implied Alignments : 20 of 47 -- vertices calculated
Status : test: Implied Alignments : 21 of 47 -- vertices calculated
Status : test: Implied Alignments : 22 of 47 -- vertices calculated
Status : test: Implied Alignments : 23 of 47 -- vertices calculated
Status : test: Implied Alignments : 24 of 47 -- vertices calculated
Status : test: Implied Alignments : 25 of 47 -- vertices calculated
Status : test: Implied Alignments : 26 of 47 -- vertices calculated
Status : test: Implied Alignments : 27 of 47 -- vertices calculated
Status : test: Implied Alignments : 28 of 47 -- vertices calculated
Status : test: Implied Alignments : 29 of 47 -- vertices calculated
Status : test: Implied Alignments : 30 of 47 -- vertices calculated
Status : test: Implied Alignments : 31 of 47 -- vertices calculated
Status : test: Implied Alignments : 32 of 47 -- vertices calculated
Status : test: Implied Alignments : 33 of 47 -- vertices calculated
Status : test: Implied Alignments : 34 of 47 -- vertices calculated
Status : test: Implied Alignments : 35 of 47 -- vertices calculated
Status : test: Implied Alignments : 36 of 47 -- vertices calculated
Status : test: Implied Alignments : 37 of 47 -- vertices calculated
Status : test: Implied Alignments : 38 of 47 -- vertices calculated
Status : test: Implied Alignments : 39 of 47 -- vertices calculated
Status : test: Implied Alignments : 40 of 47 -- vertices calculated
Status : test: Implied Alignments : 41 of 47 -- vertices calculated
Status : test: Implied Alignments : 42 of 47 -- vertices calculated
Status : test: Implied Alignments : 43 of 47 -- vertices calculated
Status : test: Implied Alignments : 44 of 47 -- vertices calculated
Status : test: Implied Alignments : 45 of 47 -- vertices calculated
Status : test: Implied Alignments Finished
Status : Static Approximation Finished
Status : Loading Characters : 0 of 24 -- Storing the character specifications
Status : Loading Characters : 1 of 24 -- Storing the character specifications
Status : Loading Characters : 2 of 24 -- Storing the character specifications
Status : Loading Characters : 3 of 24 -- Storing the character specifications
Status : Loading Characters : 4 of 24 -- Storing the character specifications
Status : Loading Characters : 5 of 24 -- Storing the character specifications
Status : Loading Characters : 6 of 24 -- Storing the character specifications
Status : Loading Characters : 7 of 24 -- Storing the character specifications
Status : Loading Characters : 8 of 24 -- Storing the character specifications
Status : Loading Characters : 9 of 24 -- Storing the character specifications
Status :
Loading Characters : 10 of 24 -- Storing the character specifications
Status :
Loading Characters : 11 of 24 -- Storing the character specifications
Status :
Loading Characters : 12 of 24 -- Storing the character specifications
Status :
Loading Characters : 13 of 24 -- Storing the character specifications
Status :
Loading Characters : 14 of 24 -- Storing the character specifications
Status :
Loading Characters : 15 of 24 -- Storing the character specifications
Status :
Loading Characters : 16 of 24 -- Storing the character specifications
Status :
Loading Characters : 17 of 24 -- Storing the character specifications
Status :
Loading Characters : 18 of 24 -- Storing the character specifications
Status :
Loading Characters : 19 of 24 -- Storing the character specifications
Status :
Loading Characters : 20 of 24 -- Storing the character specifications
Status :
Loading Characters : 21 of 24 -- Storing the character specifications
Status :
Loading Characters : 22 of 24 -- Storing the character specifications
Status :
Loading Characters : 23 of 24 -- Storing the character specifications
Status :
Loading Characters : 24 of 24 -- Storing the character specifications
Status : Loading Characters Finished
Status : Transforming : 1 of 1 --  of transformations applied
Status : Transforming Finished
Status : Diagnosis : 0 Recalculating original tree
Status : Diagnosis Finished
Status : Diagnosis : 1 of 1 -- Recalculating trees
Status : Diagnosis Finished
Status : Perturb Iteration : 1 of 4 -- 
Status : Ratcheting : 0 of 1 -- trees in the current optimum
Status : Diagnosis : 0 Recalculating original tree
Status : Diagnosis Finished
Status : Ratcheting : 1 of 1 -- trees in the current optimum
Status : TBR : 1855 Searching
Status : TBR : 1852 Searching
Status : TBR Finished
Status : Diagnosis : 0 Recalculating original tree
Status : Diagnosis Finished
Status : Ratcheting Finished
Status : Perturb Iteration : 2 of 4 -- 
Status : Ratcheting : 0 of 1 -- trees in the current optimum
Status : Diagnosis : 0 Recalculating original tree
Status : Diagnosis Finished
Status : Ratcheting : 1 of 1 -- trees in the current optimum
Status : TBR : 1797 Searching
Status : TBR Finished
Status : Diagnosis : 0 Recalculating original tree
Status : Diagnosis Finished
Status : Ratcheting Finished
Status : Perturb Iteration : 3 of 4 -- 
Status : Ratcheting : 0 of 1 -- trees in the current optimum
Status : Diagnosis : 0 Recalculating original tree
Status : Diagnosis Finished
Status : Ratcheting : 1 of 1 -- trees in the current optimum
Status : TBR : 1829 Searching
Status : TBR Finished
Status : Diagnosis : 0 Recalculating original tree
Status : Diagnosis Finished
Status : Ratcheting Finished
Status : Perturb Iteration : 4 of 4 -- 
Status : Ratcheting : 0 of 1 -- trees in the current optimum
Status : Diagnosis : 0 Recalculating original tree
Status : Diagnosis Finished
Status : Ratcheting : 1 of 1 -- trees in the current optimum
Status : TBR : 1834 Searching
Status : TBR Finished
Status : Diagnosis : 0 Recalculating original tree
Status : Diagnosis Finished
Status : Ratcheting Finished
Status : Perturb Iteration Finished
Status : Diagnosis : 0 Recalculating original tree
Status : Diagnosis Finished
Status : TBR : 1454 Searching
Information : 
                Timer:
                   1 seconds
Information : 
                Timer:
                   2 seconds
Information : 
                Timer:
                   3 seconds
Information : 
                Timer:
                   4 seconds
Information : 
                Timer:
                   5 seconds
Information : 
                Timer:
                   6 seconds
Information : 
                Timer:
                   7 seconds
Information : 
                Timer:
                   8 seconds
Status : TBR Finished
Status : Automated Search : 0 Best tree: 1454.; Time left: 2 m, 33 s; Hits: 1
Status : RAS + TBR : 0 Searching on tree number 2
Status : Wagner : 2 of 24 -- Wagner tree with cost 469.
Status : Wagner : 3 of 24 -- Wagner tree with cost 487.
Status : Wagner : 4 of 24 -- Wagner tree with cost 503.
Status : Wagner : 5 of 24 -- Wagner tree with cost 506.
Status : Wagner : 6 of 24 -- Wagner tree with cost 508.
Status : Wagner : 7 of 24 -- Wagner tree with cost 511.
Status : Wagner : 8 of 24 -- Wagner tree with cost 513.
Status : Wagner : 9 of 24 -- Wagner tree with cost 513.
Status : Wagner : 10 of 24 -- Wagner tree with cost 515.
Status : Wagner : 11 of 24 -- Wagner tree with cost 516.
Status : Wagner : 12 of 24 -- Wagner tree with cost 1066.
Status : Wagner : 13 of 24 -- Wagner tree with cost 1066.
Status : Wagner : 14 of 24 -- Wagner tree with cost 1417.
Status : Wagner : 15 of 24 -- Wagner tree with cost 1417.
Status : Wagner : 16 of 24 -- Wagner tree with cost 1417.
Status : Wagner : 17 of 24 -- Wagner tree with cost 1417.
Status : Wagner : 18 of 24 -- Wagner tree with cost 1417.
Status : Wagner : 19 of 24 -- Wagner tree with cost 1423.
Status : Wagner : 20 of 24 -- Wagner tree with cost 1423.
Status : Wagner : 21 of 24 -- Wagner tree with cost 1424.
Status : Wagner : 22 of 24 -- Wagner tree with cost 1433.
Status : Wagner : 23 of 24 -- Wagner tree with cost 1490.
Status : Wagner Finished
Status : Building Wagner Tree Finished
Status : TBR : 1454 Searching
Information : 
                Timer:
                   1 seconds
Information : 
                Timer:
                   2 seconds
Information : 
                Timer:
                   3 seconds
Information : 
                Timer:
                   4 seconds
Information : 
                Timer:
                   5 seconds
Information : 
                Timer:
                   6 seconds
Information : 
                Timer:
                   7 seconds
Status : TBR Finished
Status : Automated Search : 0 Best tree: 1454.; Time left: 2 m, 21 s; Hits: 2
Status : Transforming : 1 of 1 --  of transformations applied
Status : Transforming Finished
Status : Diagnosis : 1 of 1 -- Recalculating trees
Status : Diagnosis Finished
Status : test: Implied Alignments : 1 of 47 -- vertices calculated
Status : test: Implied Alignments : 2 of 47 -- vertices calculated
Status : test: Implied Alignments : 3 of 47 -- vertices calculated
Status : test: Implied Alignments : 4 of 47 -- vertices calculated
Status : test: Implied Alignments : 5 of 47 -- vertices calculated
Status : test: Implied Alignments : 6 of 47 -- vertices calculated
Status : test: Implied Alignments : 7 of 47 -- vertices calculated
Status : test: Implied Alignments : 8 of 47 -- vertices calculated
Status : test: Implied Alignments : 9 of 47 -- vertices calculated
Status : test: Implied Alignments : 10 of 47 -- vertices calculated
Status : test: Implied Alignments : 11 of 47 -- vertices calculated
Status : test: Implied Alignments : 12 of 47 -- vertices calculated
Status : test: Implied Alignments : 13 of 47 -- vertices calculated
Status : test: Implied Alignments : 14 of 47 -- vertices calculated
Status : test: Implied Alignments : 15 of 47 -- vertices calculated
Status : test: Implied Alignments : 16 of 47 -- vertices calculated
Status : test: Implied Alignments : 17 of 47 -- vertices calculated
Status : test: Implied Alignments : 18 of 47 -- vertices calculated
Status : test: Implied Alignments : 19 of 47 -- vertices calculated
Status : test: Implied Alignments : 20 of 47 -- vertices calculated
Status : test: Implied Alignments : 21 of 47 -- vertices calculated
Status : test: Implied Alignments : 22 of 47 -- vertices calculated
Status : test: Implied Alignments : 23 of 47 -- vertices calculated
Status : test: Implied Alignments : 24 of 47 -- vertices calculated
Status : test: Implied Alignments : 25 of 47 -- vertices calculated
Status : test: Implied Alignments : 26 of 47 -- vertices calculated
Status : test: Implied Alignments : 27 of 47 -- vertices calculated
Status : test: Implied Alignments : 28 of 47 -- vertices calculated
Status : test: Implied Alignments : 29 of 47 -- vertices calculated
Status : test: Implied Alignments : 30 of 47 -- vertices calculated
Status : test: Implied Alignments : 31 of 47 -- vertices calculated
Status : test: Implied Alignments : 32 of 47 -- vertices calculated
Status : test: Implied Alignments : 33 of 47 -- vertices calculated
Status : test: Implied Alignments : 34 of 47 -- vertices calculated
Status : test: Implied Alignments : 35 of 47 -- vertices calculated
Status : test: Implied Alignments : 36 of 47 -- vertices calculated
Status : test: Implied Alignments : 37 of 47 -- vertices calculated
Status : test: Implied Alignments : 38 of 47 -- vertices calculated
Status : test: Implied Alignments : 39 of 47 -- vertices calculated
Status : test: Implied Alignments : 40 of 47 -- vertices calculated
Status : test: Implied Alignments : 41 of 47 -- vertices calculated
Status : test: Implied Alignments : 42 of 47 -- vertices calculated
Status : test: Implied Alignments : 43 of 47 -- vertices calculated
Status : test: Implied Alignments : 44 of 47 -- vertices calculated
Status : test: Implied Alignments : 45 of 47 -- vertices calculated
Status : test: Implied Alignments Finished
Status : Static Approximation Finished
Status : Loading Characters : 0 of 24 -- Storing the character specifications
Status : Loading Characters : 1 of 24 -- Storing the character specifications
Status : Loading Characters : 2 of 24 -- Storing the character specifications
Status : Loading Characters : 3 of 24 -- Storing the character specifications
Status : Loading Characters : 4 of 24 -- Storing the character specifications
Status : Loading Characters : 5 of 24 -- Storing the character specifications
Status : Loading Characters : 6 of 24 -- Storing the character specifications
Status : Loading Characters : 7 of 24 -- Storing the character specifications
Status : Loading Characters : 8 of 24 -- Storing the character specifications
Status : Loading Characters : 9 of 24 -- Storing the character specifications
Status :
Loading Characters : 10 of 24 -- Storing the character specifications
Status :
Loading Characters : 11 of 24 -- Storing the character specifications
Status :
Loading Characters : 12 of 24 -- Storing the character specifications
Status :
Loading Characters : 13 of 24 -- Storing the character specifications
Status :
Loading Characters : 14 of 24 -- Storing the character specifications
Status :
Loading Characters : 15 of 24 -- Storing the character specifications
Status :
Loading Characters : 16 of 24 -- Storing the character specifications
Status :
Loading Characters : 17 of 24 -- Storing the character specifications
Status :
Loading Characters : 18 of 24 -- Storing the character specifications
Status :
Loading Characters : 19 of 24 -- Storing the character specifications
Status :
Loading Characters : 20 of 24 -- Storing the character specifications
Status :
Loading Characters : 21 of 24 -- Storing the character specifications
Status :
Loading Characters : 22 of 24 -- Storing the character specifications
Status :
Loading Characters : 23 of 24 -- Storing the character specifications
Status :
Loading Characters : 24 of 24 -- Storing the character specifications
Status : Loading Characters Finished
Status : Transforming : 1 of 1 --  of transformations applied
Status : Transforming Finished
Status : Diagnosis : 0 Recalculating original tree
Status : Diagnosis Finished
Status : Diagnosis : 1 of 1 -- Recalculating trees
Status : Diagnosis Finished
Status : Perturb Iteration : 1 of 4 -- 
Status : Ratcheting : 0 of 1 -- trees in the current optimum
Status : Diagnosis : 0 Recalculating original tree
Status : Diagnosis Finished
Status : Ratcheting : 1 of 1 -- trees in the current optimum
Status : TBR : 1803 Searching
Status : TBR Finished
Status : Diagnosis : 0 Recalculating original tree
Status : Diagnosis Finished
Status : Ratcheting Finished
Status : Perturb Iteration : 2 of 4 -- 
Status : Ratcheting : 0 of 1 -- trees in the current optimum
Status : Diagnosis : 0 Recalculating original tree
Status : Diagnosis Finished
Status : Ratcheting : 1 of 1 -- trees in the current optimum
Status : TBR : 1861 Searching
Status : TBR Finished
Status : Diagnosis : 0 Recalculating original tree
Status : Diagnosis Finished
Status : Ratcheting Finished
Status : Perturb Iteration : 3 of 4 -- 
Status : Ratcheting : 0 of 1 -- trees in the current optimum
Status : Diagnosis : 0 Recalculating original tree
Status : Diagnosis Finished
Status : Ratcheting : 1 of 1 -- trees in the current optimum
Status : TBR : 1848 Searching
Status : TBR Finished
Status : Diagnosis : 0 Recalculating original tree
Status : Diagnosis Finished
Status : Ratcheting Finished
Status : Perturb Iteration : 4 of 4 -- 
Status : Ratcheting : 0 of 1 -- trees in the current optimum
Status : Diagnosis : 0 Recalculating original tree
Status : Diagnosis Finished
Status : Ratcheting : 1 of 1 -- trees in the current optimum
Status : TBR : 1835 Searching
Status : TBR Finished
Status : Diagnosis : 0 Recalculating original tree
Status : Diagnosis Finished
Status : Ratcheting Finished
Status : Perturb Iteration Finished
Status : Diagnosis : 0 Recalculating original tree
Status : Diagnosis Finished
Status : Automated Search : 0 Best tree: 1454.; Time left: 2 m, 17 s; Hits: 3
Status : RAS + TBR : 0 Searching on tree number 3
Status : Wagner : 2 of 24 -- Wagner tree with cost 468.
Status : Wagner : 3 of 24 -- Wagner tree with cost 468.
Status : Wagner : 4 of 24 -- Wagner tree with cost 469.
Status : Wagner : 5 of 24 -- Wagner tree with cost 484.
Status : Wagner : 6 of 24 -- Wagner tree with cost 822.
Status : Wagner : 7 of 24 -- Wagner tree with cost 838.
Status : Wagner : 8 of 24 -- Wagner tree with cost 838.
Status : Wagner : 9 of 24 -- Wagner tree with cost 838.
Status : Wagner : 10 of 24 -- Wagner tree with cost 842.
Status : Wagner : 11 of 24 -- Wagner tree with cost 844.
Status : Wagner : 12 of 24 -- Wagner tree with cost 845.
Status : Wagner : 13 of 24 -- Wagner tree with cost 851.
Status : Wagner : 14 of 24 -- Wagner tree with cost 851.
Status : Wagner : 15 of 24 -- Wagner tree with cost 905.
Status : Wagner : 16 of 24 -- Wagner tree with cost 905.
Status : Wagner : 17 of 24 -- Wagner tree with cost 907.
Status : Wagner : 18 of 24 -- Wagner tree with cost 917.
Status : Wagner : 19 of 24 -- Wagner tree with cost 918.
Status : Wagner : 20 of 24 -- Wagner tree with cost 919.
Status : Wagner : 21 of 24 -- Wagner tree with cost 921.
Status : Wagner : 22 of 24 -- Wagner tree with cost 1479.
Status : Wagner : 23 of 24 -- Wagner tree with cost 1484.
Status : Wagner Finished
Status : Building Wagner Tree Finished
Status : TBR : 1454 Searching
Information : 
                Timer:
                   5 seconds
Information : 
                Timer:
                   6 seconds
Information : 
                Timer:
                   7 seconds
Information : 
                Timer:
                   8 seconds
Information : 
                Timer:
                   9 seconds
Information : 
                Timer:
                   10 seconds
Information : 
                Timer:
                   11 seconds
Status : TBR Finished
Status : Automated Search : 0 Best tree: 1454.; Time left: 2 m, 1 s; Hits: 4
Status : Transforming : 1 of 1 --  of transformations applied
Status : Transforming Finished
Status : Diagnosis : 1 of 1 -- Recalculating trees
Status : Diagnosis Finished
Status : test: Implied Alignments : 1 of 47 -- vertices calculated
Status : test: Implied Alignments : 2 of 47 -- vertices calculated
Status : test: Implied Alignments : 3 of 47 -- vertices calculated
Status : test: Implied Alignments : 4 of 47 -- vertices calculated
Status : test: Implied Alignments : 5 of 47 -- vertices calculated
Status : test: Implied Alignments : 6 of 47 -- vertices calculated
Status : test: Implied Alignments : 7 of 47 -- vertices calculated
Status : test: Implied Alignments : 8 of 47 -- vertices calculated
Status : test: Implied Alignments : 9 of 47 -- vertices calculated
Status : test: Implied Alignments : 10 of 47 -- vertices calculated
Status : test: Implied Alignments : 11 of 47 -- vertices calculated
Status : test: Implied Alignments : 12 of 47 -- vertices calculated
Status : test: Implied Alignments : 13 of 47 -- vertices calculated
Status : test: Implied Alignments : 14 of 47 -- vertices calculated
Status : test: Implied Alignments : 15 of 47 -- vertices calculated
Status : test: Implied Alignments : 16 of 47 -- vertices calculated
Status : test: Implied Alignments : 17 of 47 -- vertices calculated
Status : test: Implied Alignments : 18 of 47 -- vertices calculated
Status : test: Implied Alignments : 19 of 47 -- vertices calculated
Status : test: Implied Alignments : 20 of 47 -- vertices calculated
Status : test: Implied Alignments : 21 of 47 -- vertices calculated
Status : test: Implied Alignments : 22 of 47 -- vertices calculated
Status : test: Implied Alignments : 23 of 47 -- vertices calculated
Status : test: Implied Alignments : 24 of 47 -- vertices calculated
Status : test: Implied Alignments : 25 of 47 -- vertices calculated
Status : test: Implied Alignments : 26 of 47 -- vertices calculated
Status : test: Implied Alignments : 27 of 47 -- vertices calculated
Status : test: Implied Alignments : 28 of 47 -- vertices calculated
Status : test: Implied Alignments : 29 of 47 -- vertices calculated
Status : test: Implied Alignments : 30 of 47 -- vertices calculated
Status : test: Implied Alignments : 31 of 47 -- vertices calculated
Status : test: Implied Alignments : 32 of 47 -- vertices calculated
Status : test: Implied Alignments : 33 of 47 -- vertices calculated
Status : test: Implied Alignments : 34 of 47 -- vertices calculated
Status : test: Implied Alignments : 35 of 47 -- vertices calculated
Status : test: Implied Alignments : 36 of 47 -- vertices calculated
Status : test: Implied Alignments : 37 of 47 -- vertices calculated
Status : test: Implied Alignments : 38 of 47 -- vertices calculated
Status : test: Implied Alignments : 39 of 47 -- vertices calculated
Status : test: Implied Alignments : 40 of 47 -- vertices calculated
Status : test: Implied Alignments : 41 of 47 -- vertices calculated
Status : test: Implied Alignments : 42 of 47 -- vertices calculated
Status : test: Implied Alignments : 43 of 47 -- vertices calculated
Status : test: Implied Alignments : 44 of 47 -- vertices calculated
Status : test: Implied Alignments : 45 of 47 -- vertices calculated
Status : test: Implied Alignments Finished
Status : Static Approximation Finished
Status : Loading Characters : 0 of 24 -- Storing the character specifications
Status : Loading Characters : 1 of 24 -- Storing the character specifications
Status : Loading Characters : 2 of 24 -- Storing the character specifications
Status : Loading Characters : 3 of 24 -- Storing the character specifications
Status : Loading Characters : 4 of 24 -- Storing the character specifications
Status : Loading Characters : 5 of 24 -- Storing the character specifications
Status : Loading Characters : 6 of 24 -- Storing the character specifications
Status : Loading Characters : 7 of 24 -- Storing the character specifications
Status : Loading Characters : 8 of 24 -- Storing the character specifications
Status : Loading Characters : 9 of 24 -- Storing the character specifications
Status :
Loading Characters : 10 of 24 -- Storing the character specifications
Status :
Loading Characters : 11 of 24 -- Storing the character specifications
Status :
Loading Characters : 12 of 24 -- Storing the character specifications
Status :
Loading Characters : 13 of 24 -- Storing the character specifications
Status :
Loading Characters : 14 of 24 -- Storing the character specifications
Status :
Loading Characters : 15 of 24 -- Storing the character specifications
Status :
Loading Characters : 16 of 24 -- Storing the character specifications
Status :
Loading Characters : 17 of 24 -- Storing the character specifications
Status :
Loading Characters : 18 of 24 -- Storing the character specifications
Status :
Loading Characters : 19 of 24 -- Storing the character specifications
Status :
Loading Characters : 20 of 24 -- Storing the character specifications
Status :
Loading Characters : 21 of 24 -- Storing the character specifications
Status :
Loading Characters : 22 of 24 -- Storing the character specifications
Status :
Loading Characters : 23 of 24 -- Storing the character specifications
Status :
Loading Characters : 24 of 24 -- Storing the character specifications
Status : Loading Characters Finished
Status : Transforming : 1 of 1 --  of transformations applied
Status : Transforming Finished
Status : Diagnosis : 0 Recalculating original tree
Status : Diagnosis Finished
Status : Diagnosis : 1 of 1 -- Recalculating trees
Status : Diagnosis Finished
Status : Perturb Iteration : 1 of 4 -- 
Status : Ratcheting : 0 of 1 -- trees in the current optimum
Status : Diagnosis : 0 Recalculating original tree
Status : Diagnosis Finished
Status : Ratcheting : 1 of 1 -- trees in the current optimum
Status : TBR : 1811 Searching
Status : TBR : 1810 Searching
Status : TBR Finished
Status : Diagnosis : 0 Recalculating original tree
Status : Diagnosis Finished
Status : Ratcheting Finished
Status : Perturb Iteration : 2 of 4 -- 
Status : Ratcheting : 0 of 1 -- trees in the current optimum
Status : Diagnosis : 0 Recalculating original tree
Status : Diagnosis Finished
Status : Ratcheting : 1 of 1 -- trees in the current optimum
Status : TBR : 1821 Searching
Status : TBR Finished
Status : Diagnosis : 0 Recalculating original tree
Status : Diagnosis Finished
Status : Ratcheting Finished
Status : Perturb Iteration : 3 of 4 -- 
Status : Ratcheting : 0 of 1 -- trees in the current optimum
Status : Diagnosis : 0 Recalculating original tree
Status : Diagnosis Finished
Status : Ratcheting : 1 of 1 -- trees in the current optimum
Status : TBR : 1845 Searching
Status : TBR Finished
Status : Diagnosis : 0 Recalculating original tree
Status : Diagnosis Finished
Status : Ratcheting Finished
Status : Perturb Iteration : 4 of 4 -- 
Status : Ratcheting : 0 of 1 -- trees in the current optimum
Status : Diagnosis : 0 Recalculating original tree
Status : Diagnosis Finished
Status : Ratcheting : 1 of 1 -- trees in the current optimum
Status : TBR : 1799 Searching
Status : TBR Finished
Status : Diagnosis : 0 Recalculating original tree
Status : Diagnosis Finished
Status : Ratcheting Finished
Status : Perturb Iteration Finished
Status : Diagnosis : 0 Recalculating original tree
Status : Diagnosis Finished
Status : TBR : 1453 Searching
Information : 
                Timer:
                   5 seconds
Information : 
                Timer:
                   6 seconds
Information : 
                Timer:
                   7 seconds
Information : 
                Timer:
                   8 seconds
Information : 
                Timer:
                   9 seconds
Information : 
                Timer:
                   10 seconds
Information : 
                Timer:
                   11 seconds
Status : TBR Finished
Status : Automated Search : 0 Best tree: 1453.; Time left: 1 m, 45 s; Hits: 1
Status : RAS + TBR : 0 Searching on tree number 4
Status : Wagner : 2 of 24 -- Wagner tree with cost 28.
Status : Wagner : 3 of 24 -- Wagner tree with cost 42.
Status : Wagner : 4 of 24 -- Wagner tree with cost 499.
Status : Wagner : 5 of 24 -- Wagner tree with cost 501.
Status : Wagner : 6 of 24 -- Wagner tree with cost 503.
Status : Wagner : 7 of 24 -- Wagner tree with cost 515.
Status : Wagner : 8 of 24 -- Wagner tree with cost 515.
Status : Wagner : 9 of 24 -- Wagner tree with cost 516.
Status : Wagner : 10 of 24 -- Wagner tree with cost 517.
Status : Wagner : 11 of 24 -- Wagner tree with cost 569.
Status : Wagner : 12 of 24 -- Wagner tree with cost 910.
Status : Wagner : 13 of 24 -- Wagner tree with cost 911.
Status : Wagner : 14 of 24 -- Wagner tree with cost 912.
Status : Wagner : 15 of 24 -- Wagner tree with cost 912.
Status : Wagner : 16 of 24 -- Wagner tree with cost 913.
Status : Wagner : 17 of 24 -- Wagner tree with cost 916.
Status : Wagner : 18 of 24 -- Wagner tree with cost 917.
Status : Wagner : 19 of 24 -- Wagner tree with cost 917.
Status : Wagner : 20 of 24 -- Wagner tree with cost 917.
Status : Wagner : 21 of 24 -- Wagner tree with cost 922.
Status : Wagner : 22 of 24 -- Wagner tree with cost 1469.
Status : Wagner : 23 of 24 -- Wagner tree with cost 1471.
Status : Wagner Finished
Status : Building Wagner Tree Finished
Status : TBR : 1454 Searching
Information : 
                Timer:
                   1 seconds
Information : 
                Timer:
                   2 seconds
Information : 
                Timer:
                   3 seconds
Information : 
                Timer:
                   4 seconds
Information : 
                Timer:
                   5 seconds
Information : 
                Timer:
                   6 seconds
Information : 
                Timer:
                   7 seconds
Information : 
                Timer:
                   8 seconds
Status : TBR Finished
Status : Automated Search : 0 Best tree: 1453.; Time left: 1 m, 33 s; Hits: 1
Status : Transforming : 1 of 1 --  of transformations applied
Status : Transforming Finished
Status : Diagnosis : 1 of 1 -- Recalculating trees
Status : Diagnosis Finished
Status : test: Implied Alignments : 1 of 47 -- vertices calculated
Status : test: Implied Alignments : 2 of 47 -- vertices calculated
Status : test: Implied Alignments : 3 of 47 -- vertices calculated
Status : test: Implied Alignments : 4 of 47 -- vertices calculated
Status : test: Implied Alignments : 5 of 47 -- vertices calculated
Status : test: Implied Alignments : 6 of 47 -- vertices calculated
Status : test: Implied Alignments : 7 of 47 -- vertices calculated
Status : test: Implied Alignments : 8 of 47 -- vertices calculated
Status : test: Implied Alignments : 9 of 47 -- vertices calculated
Status : test: Implied Alignments : 10 of 47 -- vertices calculated
Status : test: Implied Alignments : 11 of 47 -- vertices calculated
Status : test: Implied Alignments : 12 of 47 -- vertices calculated
Status : test: Implied Alignments : 13 of 47 -- vertices calculated
Status : test: Implied Alignments : 14 of 47 -- vertices calculated
Status : test: Implied Alignments : 15 of 47 -- vertices calculated
Status : test: Implied Alignments : 16 of 47 -- vertices calculated
Status : test: Implied Alignments : 17 of 47 -- vertices calculated
Status : test: Implied Alignments : 18 of 47 -- vertices calculated
Status : test: Implied Alignments : 19 of 47 -- vertices calculated
Status : test: Implied Alignments : 20 of 47 -- vertices calculated
Status : test: Implied Alignments : 21 of 47 -- vertices calculated
Status : test: Implied Alignments : 22 of 47 -- vertices calculated
Status : test: Implied Alignments : 23 of 47 -- vertices calculated
Status : test: Implied Alignments : 24 of 47 -- vertices calculated
Status : test: Implied Alignments : 25 of 47 -- vertices calculated
Status : test: Implied Alignments : 26 of 47 -- vertices calculated
Status : test: Implied Alignments : 27 of 47 -- vertices calculated
Status : test: Implied Alignments : 28 of 47 -- vertices calculated
Status : test: Implied Alignments : 29 of 47 -- vertices calculated
Status : test: Implied Alignments : 30 of 47 -- vertices calculated
Status : test: Implied Alignments : 31 of 47 -- vertices calculated
Status : test: Implied Alignments : 32 of 47 -- vertices calculated
Status : test: Implied Alignments : 33 of 47 -- vertices calculated
Status : test: Implied Alignments : 34 of 47 -- vertices calculated
Status : test: Implied Alignments : 35 of 47 -- vertices calculated
Status : test: Implied Alignments : 36 of 47 -- vertices calculated
Status : test: Implied Alignments : 37 of 47 -- vertices calculated
Status : test: Implied Alignments : 38 of 47 -- vertices calculated
Status : test: Implied Alignments : 39 of 47 -- vertices calculated
Status : test: Implied Alignments : 40 of 47 -- vertices calculated
Status : test: Implied Alignments : 41 of 47 -- vertices calculated
Status : test: Implied Alignments : 42 of 47 -- vertices calculated
Status : test: Implied Alignments : 43 of 47 -- vertices calculated
Status : test: Implied Alignments : 44 of 47 -- vertices calculated
Status : test: Implied Alignments : 45 of 47 -- vertices calculated
Status : test: Implied Alignments Finished
Status : Static Approximation Finished
Status : Loading Characters : 0 of 24 -- Storing the character specifications
Status : Loading Characters : 1 of 24 -- Storing the character specifications
Status : Loading Characters : 2 of 24 -- Storing the character specifications
Status : Loading Characters : 3 of 24 -- Storing the character specifications
Status : Loading Characters : 4 of 24 -- Storing the character specifications
Status : Loading Characters : 5 of 24 -- Storing the character specifications
Status : Loading Characters : 6 of 24 -- Storing the character specifications
Status : Loading Characters : 7 of 24 -- Storing the character specifications
Status : Loading Characters : 8 of 24 -- Storing the character specifications
Status : Loading Characters : 9 of 24 -- Storing the character specifications
Status :
Loading Characters : 10 of 24 -- Storing the character specifications
Status :
Loading Characters : 11 of 24 -- Storing the character specifications
Status :
Loading Characters : 12 of 24 -- Storing the character specifications
Status :
Loading Characters : 13 of 24 -- Storing the character specifications
Status :
Loading Characters : 14 of 24 -- Storing the character specifications
Status :
Loading Characters : 15 of 24 -- Storing the character specifications
Status :
Loading Characters : 16 of 24 -- Storing the character specifications
Status :
Loading Characters : 17 of 24 -- Storing the character specifications
Status :
Loading Characters : 18 of 24 -- Storing the character specifications
Status :
Loading Characters : 19 of 24 -- Storing the character specifications
Status :
Loading Characters : 20 of 24 -- Storing the character specifications
Status :
Loading Characters : 21 of 24 -- Storing the character specifications
Status :
Loading Characters : 22 of 24 -- Storing the character specifications
Status :
Loading Characters : 23 of 24 -- Storing the character specifications
Status :
Loading Characters : 24 of 24 -- Storing the character specifications
Status : Loading Characters Finished
Status : Transforming : 1 of 1 --  of transformations applied
Status : Transforming Finished
Status : Diagnosis : 0 Recalculating original tree
Status : Diagnosis Finished
Status : Diagnosis : 1 of 1 -- Recalculating trees
Status : Diagnosis Finished
Status : Perturb Iteration : 1 of 4 -- 
Status : Ratcheting : 0 of 1 -- trees in the current optimum
Status : Diagnosis : 0 Recalculating original tree
Status : Diagnosis Finished
Status : Ratcheting : 1 of 1 -- trees in the current optimum
Status : TBR : 1806 Searching
Status : TBR Finished
Status : Diagnosis : 0 Recalculating original tree
Status : Diagnosis Finished
Status : Ratcheting Finished
Status : Perturb Iteration : 2 of 4 -- 
Status : Ratcheting : 0 of 1 -- trees in the current optimum
Status : Diagnosis : 0 Recalculating original tree
Status : Diagnosis Finished
Status : Ratcheting : 1 of 1 -- trees in the current optimum
Status : TBR : 1818 Searching
Status : TBR Finished
Status : Diagnosis : 0 Recalculating original tree
Status : Diagnosis Finished
Status : Ratcheting Finished
Status : Perturb Iteration : 3 of 4 -- 
Status : Ratcheting : 0 of 1 -- trees in the current optimum
Status : Diagnosis : 0 Recalculating original tree
Status : Diagnosis Finished
Status : Ratcheting : 1 of 1 -- trees in the current optimum
Status : TBR : 1814 Searching
Status : TBR Finished
Status : Diagnosis : 0 Recalculating original tree
Status : Diagnosis Finished
Status : Ratcheting Finished
Status : Perturb Iteration : 4 of 4 -- 
Status : Ratcheting : 0 of 1 -- trees in the current optimum
Status : Diagnosis : 0 Recalculating original tree
Status : Diagnosis Finished
Status : Ratcheting : 1 of 1 -- trees in the current optimum
Status : TBR : 1821 Searching
Status : TBR Finished
Status : Diagnosis : 0 Recalculating original tree
Status : Diagnosis Finished
Status : Ratcheting Finished
Status : Perturb Iteration Finished
Status : Diagnosis : 0 Recalculating original tree
Status : Diagnosis Finished
Status : Automated Search : 0 Best tree: 1453.; Time left: 1 m, 29 s; Hits: 1
Status : RAS + TBR : 0 Searching on tree number 5
Status : Wagner : 2 of 24 -- Wagner tree with cost 468.
Status : Wagner : 3 of 24 -- Wagner tree with cost 483.
Status : Wagner : 4 of 24 -- Wagner tree with cost 486.
Status : Wagner : 5 of 24 -- Wagner tree with cost 500.
Status : Wagner : 6 of 24 -- Wagner tree with cost 506.
Status : Wagner : 7 of 24 -- Wagner tree with cost 515.
Status : Wagner : 8 of 24 -- Wagner tree with cost 516.
Status : Wagner : 9 of 24 -- Wagner tree with cost 518.
Status : Wagner : 10 of 24 -- Wagner tree with cost 518.
Status : Wagner : 11 of 24 -- Wagner tree with cost 519.
Status : Wagner : 12 of 24 -- Wagner tree with cost 860.
Status : Wagner : 13 of 24 -- Wagner tree with cost 861.
Status : Wagner : 14 of 24 -- Wagner tree with cost 866.
Status : Wagner : 15 of 24 -- Wagner tree with cost 866.
Status : Wagner : 16 of 24 -- Wagner tree with cost 868.
Status : Wagner : 17 of 24 -- Wagner tree with cost 1422.
Status : Wagner : 18 of 24 -- Wagner tree with cost 1423.
Status : Wagner : 19 of 24 -- Wagner tree with cost 1423.
Status : Wagner : 20 of 24 -- Wagner tree with cost 1481.
Status : Wagner : 21 of 24 -- Wagner tree with cost 1481.
Status : Wagner : 22 of 24 -- Wagner tree with cost 1481.
Status : Wagner : 23 of 24 -- Wagner tree with cost 1483.
Status : Wagner Finished
Status : Building Wagner Tree Finished
Status : TBR : 1453 Searching
Information : 
                Timer:
                   5 seconds
Information : 
                Timer:
                   6 seconds
Information : 
                Timer:
                   7 seconds
Information : 
                Timer:
                   8 seconds
Information : 
                Timer:
                   9 seconds
Information : 
                Timer:
                   10 seconds
Information : 
                Timer:
                   11 seconds
Status : TBR Finished
Status : TBR : 1453 Searching
Information : 
                Timer:
                   4 seconds
Information : 
                Timer:
                   5 seconds
Information : 
                Timer:
                   6 seconds
Information : 
                Timer:
                   7 seconds
Information : 
                Timer:
                   8 seconds
Status : TBR Finished
Status : Automated Search : 0 Best tree: 1453.; Time left: 1 m, 5 s; Hits: 2
Status : RAS + TBR : 0 Searching on tree number 6
Status : Wagner : 2 of 24 -- Wagner tree with cost 471.
Status : Wagner : 3 of 24 -- Wagner tree with cost 498.
Status : Wagner : 4 of 24 -- Wagner tree with cost 545.
Status : Wagner : 5 of 24 -- Wagner tree with cost 547.
Status : Wagner : 6 of 24 -- Wagner tree with cost 548.
Status : Wagner : 7 of 24 -- Wagner tree with cost 562.
Status : Wagner : 8 of 24 -- Wagner tree with cost 562.
Status : Wagner : 9 of 24 -- Wagner tree with cost 563.
Status : Wagner : 10 of 24 -- Wagner tree with cost 1109.
Status : Wagner : 11 of 24 -- Wagner tree with cost 1110.
Status : Wagner : 12 of 24 -- Wagner tree with cost 1110.
Status : Wagner : 13 of 24 -- Wagner tree with cost 1110.
Status : Wagner : 14 of 24 -- Wagner tree with cost 1112.
Status : Wagner : 15 of 24 -- Wagner tree with cost 1115.
Status : Wagner : 16 of 24 -- Wagner tree with cost 1124.
Status : Wagner : 17 of 24 -- Wagner tree with cost 1126.
Status : Wagner : 18 of 24 -- Wagner tree with cost 1129.
Status : Wagner : 19 of 24 -- Wagner tree with cost 1129.
Status : Wagner : 20 of 24 -- Wagner tree with cost 1483.
Status : Wagner : 21 of 24 -- Wagner tree with cost 1485.
Status : Wagner : 22 of 24 -- Wagner tree with cost 1485.
Status : Wagner : 23 of 24 -- Wagner tree with cost 1486.
Status : Wagner Finished
Status : Building Wagner Tree Finished
Status : TBR : 1454 Searching
Information : 
                Timer:
                   1 seconds
Information : 
                Timer:
                   2 seconds
Information : 
                Timer:
                   3 seconds
Information : 
                Timer:
                   4 seconds
Information : 
                Timer:
                   5 seconds
Information : 
                Timer:
                   6 seconds
Information : 
                Timer:
                   7 seconds
Status : TBR Finished
Status : TBR : 1454 Searching
Information : 
                Timer:
                   1 seconds
Information : 
                Timer:
                   2 seconds
Information : 
                Timer:
                   3 seconds
Information : 
                Timer:
                   4 seconds
Information : 
                Timer:
                   5 seconds
Status : TBR Finished
Status : Automated Search : 0 Best tree: 1453.; Time left: 46 s; Hits: 2
Status : Transforming : 1 of 1 --  of transformations applied
Status : Transforming Finished
Status : Diagnosis : 1 of 1 -- Recalculating trees
Status : Diagnosis Finished
Status : test: Implied Alignments : 1 of 47 -- vertices calculated
Status : test: Implied Alignments : 2 of 47 -- vertices calculated
Status : test: Implied Alignments : 3 of 47 -- vertices calculated
Status : test: Implied Alignments : 4 of 47 -- vertices calculated
Status : test: Implied Alignments : 5 of 47 -- vertices calculated
Status : test: Implied Alignments : 6 of 47 -- vertices calculated
Status : test: Implied Alignments : 7 of 47 -- vertices calculated
Status : test: Implied Alignments : 8 of 47 -- vertices calculated
Status : test: Implied Alignments : 9 of 47 -- vertices calculated
Status : test: Implied Alignments : 10 of 47 -- vertices calculated
Status : test: Implied Alignments : 11 of 47 -- vertices calculated
Status : test: Implied Alignments : 12 of 47 -- vertices calculated
Status : test: Implied Alignments : 13 of 47 -- vertices calculated
Status : test: Implied Alignments : 14 of 47 -- vertices calculated
Status : test: Implied Alignments : 15 of 47 -- vertices calculated
Status : test: Implied Alignments : 16 of 47 -- vertices calculated
Status : test: Implied Alignments : 17 of 47 -- vertices calculated
Status : test: Implied Alignments : 18 of 47 -- vertices calculated
Status : test: Implied Alignments : 19 of 47 -- vertices calculated
Status : test: Implied Alignments : 20 of 47 -- vertices calculated
Status : test: Implied Alignments : 21 of 47 -- vertices calculated
Status : test: Implied Alignments : 22 of 47 -- vertices calculated
Status : test: Implied Alignments : 23 of 47 -- vertices calculated
Status : test: Implied Alignments : 24 of 47 -- vertices calculated
Status : test: Implied Alignments : 25 of 47 -- vertices calculated
Status : test: Implied Alignments : 26 of 47 -- vertices calculated
Status : test: Implied Alignments : 27 of 47 -- vertices calculated
Status : test: Implied Alignments : 28 of 47 -- vertices calculated
Status : test: Implied Alignments : 29 of 47 -- vertices calculated
Status : test: Implied Alignments : 30 of 47 -- vertices calculated
Status : test: Implied Alignments : 31 of 47 -- vertices calculated
Status : test: Implied Alignments : 32 of 47 -- vertices calculated
Status : test: Implied Alignments : 33 of 47 -- vertices calculated
Status : test: Implied Alignments : 34 of 47 -- vertices calculated
Status : test: Implied Alignments : 35 of 47 -- vertices calculated
Status : test: Implied Alignments : 36 of 47 -- vertices calculated
Status : test: Implied Alignments : 37 of 47 -- vertices calculated
Status : test: Implied Alignments : 38 of 47 -- vertices calculated
Status : test: Implied Alignments : 39 of 47 -- vertices calculated
Status : test: Implied Alignments : 40 of 47 -- vertices calculated
Status : test: Implied Alignments : 41 of 47 -- vertices calculated
Status : test: Implied Alignments : 42 of 47 -- vertices calculated
Status : test: Implied Alignments : 43 of 47 -- vertices calculated
Status : test: Implied Alignments : 44 of 47 -- vertices calculated
Status : test: Implied Alignments : 45 of 47 -- vertices calculated
Status : test: Implied Alignments Finished
Status : Static Approximation Finished
Status : Loading Characters : 0 of 24 -- Storing the character specifications
Status : Loading Characters : 1 of 24 -- Storing the character specifications
Status : Loading Characters : 2 of 24 -- Storing the character specifications
Status : Loading Characters : 3 of 24 -- Storing the character specifications
Status : Loading Characters : 4 of 24 -- Storing the character specifications
Status : Loading Characters : 5 of 24 -- Storing the character specifications
Status : Loading Characters : 6 of 24 -- Storing the character specifications
Status : Loading Characters : 7 of 24 -- Storing the character specifications
Status : Loading Characters : 8 of 24 -- Storing the character specifications
Status : Loading Characters : 9 of 24 -- Storing the character specifications
Status :
Loading Characters : 10 of 24 -- Storing the character specifications
Status :
Loading Characters : 11 of 24 -- Storing the character specifications
Status :
Loading Characters : 12 of 24 -- Storing the character specifications
Status :
Loading Characters : 13 of 24 -- Storing the character specifications
Status :
Loading Characters : 14 of 24 -- Storing the character specifications
Status :
Loading Characters : 15 of 24 -- Storing the character specifications
Status :
Loading Characters : 16 of 24 -- Storing the character specifications
Status :
Loading Characters : 17 of 24 -- Storing the character specifications
Status :
Loading Characters : 18 of 24 -- Storing the character specifications
Status :
Loading Characters : 19 of 24 -- Storing the character specifications
Status :
Loading Characters : 20 of 24 -- Storing the character specifications
Status :
Loading Characters : 21 of 24 -- Storing the character specifications
Status :
Loading Characters : 22 of 24 -- Storing the character specifications
Status :
Loading Characters : 23 of 24 -- Storing the character specifications
Status :
Loading Characters : 24 of 24 -- Storing the character specifications
Status : Loading Characters Finished
Status : Transforming : 1 of 1 --  of transformations applied
Status : Transforming Finished
Status : Diagnosis : 0 Recalculating original tree
Status : Diagnosis Finished
Status : Diagnosis : 1 of 1 -- Recalculating trees
Status : Diagnosis Finished
Status : Perturb Iteration : 1 of 4 -- 
Status : Ratcheting : 0 of 1 -- trees in the current optimum
Status : Diagnosis : 0 Recalculating original tree
Status : Diagnosis Finished
Status : Ratcheting : 1 of 1 -- trees in the current optimum
Status : TBR : 1826 Searching
Status : TBR Finished
Status : Diagnosis : 0 Recalculating original tree
Status : Diagnosis Finished
Status : Ratcheting Finished
Status : Perturb Iteration : 2 of 4 -- 
Status : Ratcheting : 0 of 1 -- trees in the current optimum
Status : Diagnosis : 0 Recalculating original tree
Status : Diagnosis Finished
Status : Ratcheting : 1 of 1 -- trees in the current optimum
Status : TBR : 1833 Searching
Status : TBR Finished
Status : Diagnosis : 0 Recalculating original tree
Status : Diagnosis Finished
Status : Ratcheting Finished
Status : Perturb Iteration : 3 of 4 -- 
Status : Ratcheting : 0 of 1 -- trees in the current optimum
Status : Diagnosis : 0 Recalculating original tree
Status : Diagnosis Finished
Status : Ratcheting : 1 of 1 -- trees in the current optimum
Status : TBR : 1790 Searching
Status : TBR Finished
Status : Diagnosis : 0 Recalculating original tree
Status : Diagnosis Finished
Status : Ratcheting Finished
Status : Perturb Iteration : 4 of 4 -- 
Status : Ratcheting : 0 of 1 -- trees in the current optimum
Status : Diagnosis : 0 Recalculating original tree
Status : Diagnosis Finished
Status : Ratcheting : 1 of 1 -- trees in the current optimum
Status : TBR : 1818 Searching
Status : TBR Finished
Status : Diagnosis : 0 Recalculating original tree
Status : Diagnosis Finished
Status : Ratcheting Finished
Status : Perturb Iteration Finished
Status : Diagnosis : 0 Recalculating original tree
Status : Diagnosis Finished
Status : Automated Search : 0 Best tree: 1453.; Time left: 42 s; Hits: 2
Status : RAS + TBR Finished
Status : Automated Search : 0 Best tree: 1453.; Time left: 42 s; Hits: 2
Status : Fusing Trees : 0 Generation 1
Status : Tree Fusing : 0 of 1 -- 
Status : Tree Fusing : 1 of 1 -- 
Status :
Tree Fusing :
1 of 1 -- tree #6 [1454.] -> tree #1 [1455.]: tree with cost 1454.
Status :
Tree Fusing :
1 of 1 -- tree #6 [1454.] -> tree #1 [1455.]: tree with cost 1454.
Status : TBR : 1454 Searching
Information : 
                Timer:
                   1 seconds
Information : 
                Timer:
                   2 seconds
Information : 
                Timer:
                   6 seconds
Information : 
                Timer:
                   7 seconds
Information : 
                Timer:
                   8 seconds
Information : 
                Timer:
                   9 seconds
Information : 
                Timer:
                   10 seconds
Information : 
                Timer:
                   11 seconds
Status : TBR Finished
Status : Tree Fusing Finished
Status : Automated Search : 0 Best tree: 1453.; Time left: 28 s; Hits: 2
Status : Automated Search : 0 Best tree: 1453.; Time left: 28 s; Hits: 2
Status : Fusing Trees : 0 Generation 2
Status : Tree Fusing : 0 of 1 -- 
Status : Tree Fusing : 1 of 1 -- 
Status :
Tree Fusing :
1 of 1 -- tree #1 [1454.] -> tree #5 [1454.]: tree with cost 1454.
Status : Tree Fusing Finished
Status : Automated Search : 0 Best tree: 1453.; Time left: 28 s; Hits: 2
Status : Automated Search : 0 Best tree: 1453.; Time left: 28 s; Hits: 2
Status : Fusing Trees : 0 Generation 3
Status : Tree Fusing : 0 of 1 -- 
Status : Tree Fusing : 1 of 1 -- 
Status : Tree Fusing Finished
Status : Automated Search : 0 Best tree: 1453.; Time left: 28 s; Hits: 2
Status : Automated Search : 0 Best tree: 1453.; Time left: 28 s; Hits: 2
Status : Fusing Trees : 0 Generation 4
Status : Tree Fusing : 0 of 1 -- 
Status : Tree Fusing : 1 of 1 -- 
Status :
Tree Fusing :
1 of 1 -- tree #3 [1454.] -> tree #9 [1454.]: tree with cost 1454.
Status :
Tree Fusing :
1 of 1 -- tree #3 [1454.] -> tree #9 [1454.]: tree with cost 1454.
Status : Tree Fusing Finished
Status : Automated Search : 0 Best tree: 1453.; Time left: 26 s; Hits: 2
Status : Automated Search : 0 Best tree: 1453.; Time left: 26 s; Hits: 2
Status : Fusing Trees : 0 Generation 5
Status : Tree Fusing : 0 of 1 -- 
Status : Tree Fusing : 1 of 1 -- 
Status :
Tree Fusing :
1 of 1 -- tree #6 [1454.] -> tree #11 [1453.]: tree with cost 1453.
Status :
Tree Fusing :
1 of 1 -- tree #6 [1454.] -> tree #11 [1453.]: tree with cost 1454.
Status : Tree Fusing Finished
Status : Automated Search : 0 Best tree: 1453.; Time left: 25 s; Hits: 2
Status : Automated Search : 0 Best tree: 1453.; Time left: 25 s; Hits: 2
Status : Fusing Trees : 0 Generation 6
Status : Tree Fusing : 0 of 1 -- 
Status : Tree Fusing : 1 of 1 -- 
Status :
Tree Fusing :
1 of 1 -- tree #10 [1454.] -> tree #9 [1454.]: tree with cost 1454.
Status : Tree Fusing Finished
Status : Automated Search : 0 Best tree: 1453.; Time left: 24 s; Hits: 2
Status : Automated Search : 0 Best tree: 1453.; Time left: 24 s; Hits: 2
Status : Fusing Trees : 0 Generation 7
Status : Tree Fusing : 0 of 1 -- 
Status : Tree Fusing : 1 of 1 -- 
Status : Tree Fusing Finished
Status : Automated Search : 0 Best tree: 1453.; Time left: 24 s; Hits: 2
Status : Automated Search : 0 Best tree: 1453.; Time left: 24 s; Hits: 2
Status : Fusing Trees : 0 Generation 8
Status : Tree Fusing : 0 of 1 -- 
Status : Tree Fusing : 1 of 1 -- 
Status :
Tree Fusing :
1 of 1 -- tree #9 [1454.] -> tree #11 [1453.]: tree with cost 1453.
Status :
Tree Fusing :
1 of 1 -- tree #9 [1454.] -> tree #11 [1453.]: tree with cost 1454.
Status : Tree Fusing Finished
Status : Automated Search : 0 Best tree: 1453.; Time left: 23 s; Hits: 2
Status : Automated Search : 0 Best tree: 1453.; Time left: 23 s; Hits: 2
Status : Fusing Trees : 0 Generation 9
Status : Tree Fusing : 0 of 1 -- 
Status : Tree Fusing : 1 of 1 -- 
Status :
Tree Fusing :
1 of 1 -- tree #3 [1454.] -> tree #1 [1454.]: tree with cost 1454.
Status : Tree Fusing Finished
Status : Automated Search : 0 Best tree: 1453.; Time left: 22 s; Hits: 2
Status : Automated Search : 0 Best tree: 1453.; Time left: 22 s; Hits: 2
Status : Fusing Trees : 0 Generation 10
Status : Tree Fusing : 0 of 1 -- 
Status : Tree Fusing : 1 of 1 -- 
Status : Tree Fusing Finished
Status : Automated Search : 0 Best tree: 1453.; Time left: 22 s; Hits: 2
Status : Automated Search : 0 Best tree: 1453.; Time left: 22 s; Hits: 2
Status : Fusing Trees : 0 Generation 11
Status : Tree Fusing : 0 of 1 -- 
Status : Tree Fusing : 1 of 1 -- 
Status :
Tree Fusing :
1 of 1 -- tree #8 [1454.] -> tree #2 [1454.]: tree with cost 1453.
Status :
Tree Fusing :
1 of 1 -- tree #8 [1454.] -> tree #2 [1454.]: tree with cost 1454.
Status : TBR : 1453 Searching
Information : 
                Timer:
                   1 seconds
Information : 
                Timer:
                   2 seconds
Information : 
                Timer:
                   3 seconds
Information : 
                Timer:
                   4 seconds
Information : 
                Timer:
                   5 seconds
Information : 
                Timer:
                   6 seconds
Status : TBR Finished
Status : Tree Fusing Finished
Status : Automated Search : 0 Best tree: 1453.; Time left: 15 s; Hits: 3
Status : Automated Search : 0 Best tree: 1453.; Time left: 15 s; Hits: 3
Status : Fusing Trees : 0 Generation 12
Status : Tree Fusing : 0 of 1 -- 
Status : Tree Fusing : 1 of 1 -- 
Status :
Tree Fusing :
1 of 1 -- tree #4 [1454.] -> tree #2 [1454.]: tree with cost 1454.
Status : Tree Fusing Finished
Status : Automated Search : 0 Best tree: 1453.; Time left: 14 s; Hits: 3
Status : Automated Search : 0 Best tree: 1453.; Time left: 14 s; Hits: 3
Status : Fusing Trees : 0 Generation 13
Status : Tree Fusing : 0 of 1 -- 
Status : Tree Fusing : 1 of 1 -- 
Status :
Tree Fusing :
1 of 1 -- tree #9 [1454.] -> tree #8 [1454.]: tree with cost 1454.
Status : Tree Fusing Finished
Status : Automated Search : 0 Best tree: 1453.; Time left: 13 s; Hits: 3
Status : Automated Search : 0 Best tree: 1453.; Time left: 13 s; Hits: 3
Status : Fusing Trees : 0 Generation 14
Status : Tree Fusing : 0 of 1 -- 
Status : Tree Fusing : 1 of 1 -- 
Status : Tree Fusing Finished
Status : Automated Search : 0 Best tree: 1453.; Time left: 13 s; Hits: 3
Status : Automated Search : 0 Best tree: 1453.; Time left: 13 s; Hits: 3
Status : Fusing Trees : 0 Generation 15
Status : Tree Fusing : 0 of 1 -- 
Status : Tree Fusing : 1 of 1 -- 
Status :
Tree Fusing :
1 of 1 -- tree #10 [1453.] -> tree #7 [1454.]: tree with cost 1454.
Status :
Tree Fusing :
1 of 1 -- tree #10 [1453.] -> tree #7 [1454.]: tree with cost 1453.
Status :
Tree Fusing :
1 of 1 -- tree #10 [1453.] -> tree #7 [1454.]: tree with cost 1453.
Status : TBR : 1453 Searching
Information : 
                Timer:
                   5 seconds
Information : 
                Timer:
                   6 seconds
Information : 
                Timer:
                   7 seconds
Information : 
                Timer:
                   8 seconds
Information : 
                Timer:
                   9 seconds
Information : 
                Timer:
                   10 seconds
Information : 
                Timer:
                   11 seconds
Status : TBR Finished
Status : Tree Fusing Finished
Status : Automated Search : 0 Best tree: 1453.; Time left: -1 s; Hits: 4
Status : Fusing Trees Finished
Status : Diagnosis : 0 Recalculating original tree
Status : Diagnosis Finished
Status : Diagnosis : 1 of 12 -- Recalculating trees
Status : Diagnosis : 0 Recalculating original tree
Status : Diagnosis Finished
Status : Diagnosis : 2 of 12 -- Recalculating trees
Status : Diagnosis : 0 Recalculating original tree
Status : Diagnosis Finished
Status : Diagnosis : 3 of 12 -- Recalculating trees
Status : Diagnosis : 0 Recalculating original tree
Status : Diagnosis Finished
Status : Diagnosis : 4 of 12 -- Recalculating trees
Status : Diagnosis : 0 Recalculating original tree
Status : Diagnosis Finished
Status : Diagnosis : 5 of 12 -- Recalculating trees
Status : Diagnosis : 0 Recalculating original tree
Status : Diagnosis Finished
Status : Diagnosis : 6 of 12 -- Recalculating trees
Status : Diagnosis : 0 Recalculating original tree
Status : Diagnosis Finished
Status : Diagnosis : 7 of 12 -- Recalculating trees
Status : Diagnosis : 0 Recalculating original tree
Status : Diagnosis Finished
Status : Diagnosis : 8 of 12 -- Recalculating trees
Status : Diagnosis : 0 Recalculating original tree
Status : Diagnosis Finished
Status : Diagnosis : 9 of 12 -- Recalculating trees
Status : Diagnosis : 0 Recalculating original tree
Status : Diagnosis Finished
Status : Diagnosis : 10 of 12 -- Recalculating trees
Status : Diagnosis : 0 Recalculating original tree
Status : Diagnosis Finished
Status : Diagnosis : 11 of 12 -- Recalculating trees
Status : Diagnosis : 0 Recalculating original tree
Status : Diagnosis Finished
Status : Diagnosis : 12 of 12 -- Recalculating trees
Status : Diagnosis Finished
Status : Diagnosis : 0 Recalculating original tree
Status : Diagnosis Finished
Status : Diagnosis : 1 of 5 -- Recalculating trees
Status : Diagnosis : 0 Recalculating original tree
Status : Diagnosis Finished
Status : Diagnosis : 2 of 5 -- Recalculating trees
Status : Diagnosis : 0 Recalculating original tree
Status : Diagnosis Finished
Status : Diagnosis : 3 of 5 -- Recalculating trees
Status : Diagnosis : 0 Recalculating original tree
Status : Diagnosis Finished
Status : Diagnosis : 4 of 5 -- Recalculating trees
Status : Diagnosis : 0 Recalculating original tree
Status : Diagnosis Finished
Status : Diagnosis : 5 of 5 -- Recalculating trees
Status : Diagnosis Finished
Status : Diagnosis : 0 Recalculating original tree
Status : Diagnosis Finished
Status : Diagnosis : 1 of 5 -- Recalculating trees
Status : Diagnosis : 0 Recalculating original tree
Status : Diagnosis Finished
Status : Diagnosis : 2 of 5 -- Recalculating trees
Status : Diagnosis : 0 Recalculating original tree
Status : Diagnosis Finished
Status : Diagnosis : 3 of 5 -- Recalculating trees
Status : Diagnosis : 0 Recalculating original tree
Status : Diagnosis Finished
Status : Diagnosis : 4 of 5 -- Recalculating trees
Status : Diagnosis : 0 Recalculating original tree
Status : Diagnosis Finished
Status : Diagnosis : 5 of 5 -- Recalculating trees
Status : Diagnosis Finished
Status : Diagnosis : 0 Recalculating original tree
Status : Diagnosis Finished
Status : Diagnosis : 1 of 5 -- Recalculating trees
Status : Diagnosis : 0 Recalculating original tree
Status : Diagnosis Finished
Status : Diagnosis : 2 of 5 -- Recalculating trees
Status : Diagnosis : 0 Recalculating original tree
Status : Diagnosis Finished
Status : Diagnosis : 3 of 5 -- Recalculating trees
Status : Diagnosis : 0 Recalculating original tree
Status : Diagnosis Finished
Status : Diagnosis : 4 of 5 -- Recalculating trees
Status : Diagnosis : 0 Recalculating original tree
Status : Diagnosis Finished
Status : Diagnosis : 5 of 5 -- Recalculating trees
Status : Diagnosis Finished
Status : Diagnosis : 0 Recalculating original tree
Status : Diagnosis Finished
Status : Diagnosis : 1 of 13 -- Recalculating trees
Status : Diagnosis : 0 Recalculating original tree
Status : Diagnosis Finished
Status : Diagnosis : 2 of 13 -- Recalculating trees
Status : Diagnosis : 0 Recalculating original tree
Status : Diagnosis Finished
Status : Diagnosis : 3 of 13 -- Recalculating trees
Status : Diagnosis : 0 Recalculating original tree
Status : Diagnosis Finished
Status : Diagnosis : 4 of 13 -- Recalculating trees
Status : Diagnosis : 0 Recalculating original tree
Status : Diagnosis Finished
Status : Diagnosis : 5 of 13 -- Recalculating trees
Status : Diagnosis : 0 Recalculating original tree
Status : Diagnosis Finished
Status : Diagnosis : 6 of 13 -- Recalculating trees
Status : Diagnosis : 0 Recalculating original tree
Status : Diagnosis Finished
Status : Diagnosis : 7 of 13 -- Recalculating trees
Status : Diagnosis : 0 Recalculating original tree
Status : Diagnosis Finished
Status : Diagnosis : 8 of 13 -- Recalculating trees
Status : Diagnosis : 0 Recalculating original tree
Status : Diagnosis Finished
Status : Diagnosis : 9 of 13 -- Recalculating trees
Status : Diagnosis : 0 Recalculating original tree
Status : Diagnosis Finished
Status : Diagnosis : 10 of 13 -- Recalculating trees
Status : Diagnosis : 0 Recalculating original tree
Status : Diagnosis Finished
Status : Diagnosis : 11 of 13 -- Recalculating trees
Status : Diagnosis : 0 Recalculating original tree
Status : Diagnosis Finished
Status : Diagnosis : 12 of 13 -- Recalculating trees
Status : Diagnosis : 0 Recalculating original tree
Status : Diagnosis Finished
Status : Diagnosis : 13 of 13 -- Recalculating trees
Status : Diagnosis Finished
Status : Diagnosis : 0 Recalculating original tree
Status : Diagnosis Finished
Status : Diagnosis : 1 of 13 -- Recalculating trees
Status : Diagnosis : 0 Recalculating original tree
Status : Diagnosis Finished
Status : Diagnosis : 2 of 13 -- Recalculating trees
Status : Diagnosis : 0 Recalculating original tree
Status : Diagnosis Finished
Status : Diagnosis : 3 of 13 -- Recalculating trees
Status : Diagnosis : 0 Recalculating original tree
Status : Diagnosis Finished
Status : Diagnosis : 4 of 13 -- Recalculating trees
Status : Diagnosis : 0 Recalculating original tree
Status : Diagnosis Finished
Status : Diagnosis : 5 of 13 -- Recalculating trees
Status : Diagnosis : 0 Recalculating original tree
Status : Diagnosis Finished
Status : Diagnosis : 6 of 13 -- Recalculating trees
Status : Diagnosis : 0 Recalculating original tree
Status : Diagnosis Finished
Status : Diagnosis : 7 of 13 -- Recalculating trees
Status : Diagnosis : 0 Recalculating original tree
Status : Diagnosis Finished
Status : Diagnosis : 8 of 13 -- Recalculating trees
Status : Diagnosis : 0 Recalculating original tree
Status : Diagnosis Finished
Status : Diagnosis : 9 of 13 -- Recalculating trees
Status : Diagnosis : 0 Recalculating original tree
Status : Diagnosis Finished
Status : Diagnosis : 10 of 13 -- Recalculating trees
Status : Diagnosis : 0 Recalculating original tree
Status : Diagnosis Finished
Status : Diagnosis : 11 of 13 -- Recalculating trees
Status : Diagnosis : 0 Recalculating original tree
Status : Diagnosis Finished
Status : Diagnosis : 12 of 13 -- Recalculating trees
Status : Diagnosis : 0 Recalculating original tree
Status : Diagnosis Finished
Status : Diagnosis : 13 of 13 -- Recalculating trees
Status : Diagnosis Finished
Status : Automated Search Finished
Information :
The search evaluated 352 independent repetitions with ratchet and fusing for 993 generations. The shortest tree was found 349 times.
Status : test: Implied Alignments : 1 of 47 -- vertices calculated
Status : test: Implied Alignments : 2 of 47 -- vertices calculated
Status : test: Implied Alignments : 3 of 47 -- vertices calculated
Status : test: Implied Alignments : 4 of 47 -- vertices calculated
Status : test: Implied Alignments : 5 of 47 -- vertices calculated
Status : test: Implied Alignments : 6 of 47 -- vertices calculated
Status : test: Implied Alignments : 7 of 47 -- vertices calculated
Status : test: Implied Alignments : 8 of 47 -- vertices calculated
Status : test: Implied Alignments : 9 of 47 -- vertices calculated
Status : test: Implied Alignments : 10 of 47 -- vertices calculated
Status : test: Implied Alignments : 11 of 47 -- vertices calculated
Status : test: Implied Alignments : 12 of 47 -- vertices calculated
Status : test: Implied Alignments : 13 of 47 -- vertices calculated
Status : test: Implied Alignments : 14 of 47 -- vertices calculated
Status : test: Implied Alignments : 15 of 47 -- vertices calculated
Status : test: Implied Alignments : 16 of 47 -- vertices calculated
Status : test: Implied Alignments : 17 of 47 -- vertices calculated
Status : test: Implied Alignments : 18 of 47 -- vertices calculated
Status : test: Implied Alignments : 19 of 47 -- vertices calculated
Status : test: Implied Alignments : 20 of 47 -- vertices calculated
Status : test: Implied Alignments : 21 of 47 -- vertices calculated
Status : test: Implied Alignments : 22 of 47 -- vertices calculated
Status : test: Implied Alignments : 23 of 47 -- vertices calculated
Status : test: Implied Alignments : 24 of 47 -- vertices calculated
Status : test: Implied Alignments : 25 of 47 -- vertices calculated
Status : test: Implied Alignments : 26 of 47 -- vertices calculated
Status : test: Implied Alignments : 27 of 47 -- vertices calculated
Status : test: Implied Alignments : 28 of 47 -- vertices calculated
Status : test: Implied Alignments : 29 of 47 -- vertices calculated
Status : test: Implied Alignments : 30 of 47 -- vertices calculated
Status : test: Implied Alignments : 31 of 47 -- vertices calculated
Status : test: Implied Alignments : 32 of 47 -- vertices calculated
Status : test: Implied Alignments : 33 of 47 -- vertices calculated
Status : test: Implied Alignments : 34 of 47 -- vertices calculated
Status : test: Implied Alignments : 35 of 47 -- vertices calculated
Status : test: Implied Alignments : 36 of 47 -- vertices calculated
Status : test: Implied Alignments : 37 of 47 -- vertices calculated
Status : test: Implied Alignments : 38 of 47 -- vertices calculated
Status : test: Implied Alignments : 39 of 47 -- vertices calculated
Status : test: Implied Alignments : 40 of 47 -- vertices calculated
Status : test: Implied Alignments : 41 of 47 -- vertices calculated
Status : test: Implied Alignments : 42 of 47 -- vertices calculated
Status : test: Implied Alignments : 43 of 47 -- vertices calculated
Status : test: Implied Alignments : 44 of 47 -- vertices calculated
Status : test: Implied Alignments : 45 of 47 -- vertices calculated
Status : test: Implied Alignments Finished
Status : Static Approximation Finished
Status : Loading Characters : 0 of 24 -- Storing the character specifications
Status : Loading Characters : 1 of 24 -- Storing the character specifications
Status : Loading Characters : 2 of 24 -- Storing the character specifications
Status : Loading Characters : 3 of 24 -- Storing the character specifications
Status : Loading Characters : 4 of 24 -- Storing the character specifications
Status : Loading Characters : 5 of 24 -- Storing the character specifications
Status : Loading Characters : 6 of 24 -- Storing the character specifications
Status : Loading Characters : 7 of 24 -- Storing the character specifications
Status : Loading Characters : 8 of 24 -- Storing the character specifications
Status : Loading Characters : 9 of 24 -- Storing the character specifications
Status :
Loading Characters : 10 of 24 -- Storing the character specifications
Status :
Loading Characters : 11 of 24 -- Storing the character specifications
Status :
Loading Characters : 12 of 24 -- Storing the character specifications
Status :
Loading Characters : 13 of 24 -- Storing the character specifications
Status :
Loading Characters : 14 of 24 -- Storing the character specifications
Status :
Loading Characters : 15 of 24 -- Storing the character specifications
Status :
Loading Characters : 16 of 24 -- Storing the character specifications
Status :
Loading Characters : 17 of 24 -- Storing the character specifications
Status :
Loading Characters : 18 of 24 -- Storing the character specifications
Status :
Loading Characters : 19 of 24 -- Storing the character specifications
Status :
Loading Characters : 20 of 24 -- Storing the character specifications
Status :
Loading Characters : 21 of 24 -- Storing the character specifications
Status :
Loading Characters : 22 of 24 -- Storing the character specifications
Status :
Loading Characters : 23 of 24 -- Storing the character specifications
Status :
Loading Characters : 24 of 24 -- Storing the character specifications
Status : Loading Characters Finished
Status : Transforming : 1 of 1 --  of transformations applied
Status : Transforming Finished
Status : Diagnosis : 0 Recalculating original tree
Status : Diagnosis Finished
Status : Diagnosis : 1 of 1 -- Recalculating trees
Status : Diagnosis Finished
Status : Diagnosis : 0 Recalculating original tree
Status : Diagnosis Finished
Status : Diagnosis : 1 of 1 -- Recalculating trees
Status : Diagnosis Finished
Tree with cost 1453
  |--------------------NC_001608  
  |                               
  | |------------------AB050936   
  | |                             
  | |   |--------------AF173836   
  | |   |                         
  | | |-| |------------AY729654   
  | | | |-|                       
  | | |   |------------NC_006432  
  | | |                           
  | | |     |----------AF054908   
  | | |     |                     
  | | |     | |--------AY058895   
  | | |   |-| |                   
  | | |   | |-| |------EU051639   
  | | |   |   |-|                 
  | | |   |     |------Y09358     
  | | |   |                       
  | | |   | |----------NC_002549  
  | | | |-| |                     
  | | | | | |----------AF086833   
  | | | | | |                     
  | | | | |-|----------AF499101   
--| | | |   |                     
  |-| | |   |----------AY142960   
    | | |   |                     
    |-| |   |----------EBORNA     
      | |                         
      | | |------------EU051642   
      | | |                       
      | | |------------EU051649   
      | | |                       
      |-| |------------EU051644   
        | |                       
        | | |----------EU051640   
        | |-|                     
        | | |----------EU051641   
        |-|                       
          | |----------EU051645   
          |-|                     
          | |----------EU051646   
          |                       
          | |----------EU051648   
          | |                     
          |-| |--------EU051647   
            |-|                   
              |--------EU051650   
