Status : Transforming : 1 of 1 --  of transformations applied
Status : Transforming Finished
Status : RAS + TBR : 0 
Status : RAS + TBR : 0 Searching on tree number 1
Status : Wagner : 2 of 25 -- Wagner tree with cost 3.
Status : Wagner : 3 of 25 -- Wagner tree with cost 28.
Status : Wagner : 4 of 25 -- Wagner tree with cost 29.
Status : Wagner : 5 of 25 -- Wagner tree with cost 30.
Status : Wagner : 6 of 25 -- Wagner tree with cost 489.
Status : Wagner : 7 of 25 -- Wagner tree with cost 489.
Status : Wagner : 8 of 25 -- Wagner tree with cost 503.
Status : Wagner : 9 of 25 -- Wagner tree with cost 503.
Status : Wagner : 10 of 25 -- Wagner tree with cost 505.
Status : Wagner : 11 of 25 -- Wagner tree with cost 516.
Status : Wagner : 12 of 25 -- Wagner tree with cost 517.
Status : Wagner : 13 of 25 -- Wagner tree with cost 519.
Status : Wagner : 14 of 25 -- Wagner tree with cost 519.
Status : Wagner : 15 of 25 -- Wagner tree with cost 575.
Status : Wagner : 16 of 25 -- Wagner tree with cost 580.
Status : Wagner : 17 of 25 -- Wagner tree with cost 582.
Status : Wagner : 18 of 25 -- Wagner tree with cost 585.
Status : Wagner : 19 of 25 -- Wagner tree with cost 921.
Status : Wagner : 20 of 25 -- Wagner tree with cost 921.
Status : Wagner : 21 of 25 -- Wagner tree with cost 921.
Status : Wagner : 22 of 25 -- Wagner tree with cost 923.
Status : Wagner : 23 of 25 -- Wagner tree with cost 923.
Status : Wagner : 24 of 25 -- Wagner tree with cost 1473.
Status : Wagner Finished
Status : Building Wagner Tree Finished
Status : TBR : 1454 Searching
Information : 
                Timer:
                   1 seconds
Information : 
                Timer:
                   3 seconds
Information : 
                Timer:
                   5 seconds
Information : 
                Timer:
                   6 seconds
Information : 
                Timer:
                   7 seconds
Information : 
                Timer:
                   8 seconds
Information : 
                Timer:
                   9 seconds
Information : 
                Timer:
                   10 seconds
Information : 
                Timer:
                   11 seconds
Information : 
                Timer:
                   12 seconds
Information : 
                Timer:
                   13 seconds
Information : 
                Timer:
                   14 seconds
Information : 
                Timer:
                   15 seconds
Information : 
                Timer:
                   16 seconds
Information : 
                Timer:
                   17 seconds
Status : TBR Finished
Status : Automated Search : 0 Best tree: 1454.; Time left: 2 m, 35 s; Hits: 1
Status : Transforming : 1 of 1 --  of transformations applied
Status : Transforming Finished
Status : Diagnosis : 1 of 1 -- Recalculating trees
Status : Diagnosis Finished
Status : Implied Alignments : 1 of 49 -- vertices calculated
Status : Implied Alignments : 2 of 49 -- vertices calculated
Status : Implied Alignments : 3 of 49 -- vertices calculated
Status : Implied Alignments : 4 of 49 -- vertices calculated
Status : Implied Alignments : 5 of 49 -- vertices calculated
Status : Implied Alignments : 6 of 49 -- vertices calculated
Status : Implied Alignments : 7 of 49 -- vertices calculated
Status : Implied Alignments : 8 of 49 -- vertices calculated
Status : Implied Alignments : 9 of 49 -- vertices calculated
Status : Implied Alignments : 10 of 49 -- vertices calculated
Status : Implied Alignments : 11 of 49 -- vertices calculated
Status : Implied Alignments : 12 of 49 -- vertices calculated
Status : Implied Alignments : 13 of 49 -- vertices calculated
Status : Implied Alignments : 14 of 49 -- vertices calculated
Status : Implied Alignments : 15 of 49 -- vertices calculated
Status : Implied Alignments : 16 of 49 -- vertices calculated
Status : Implied Alignments : 17 of 49 -- vertices calculated
Status : Implied Alignments : 18 of 49 -- vertices calculated
Status : Implied Alignments : 19 of 49 -- vertices calculated
Status : Implied Alignments : 20 of 49 -- vertices calculated
Status : Implied Alignments : 21 of 49 -- vertices calculated
Status : Implied Alignments : 22 of 49 -- vertices calculated
Status : Implied Alignments : 23 of 49 -- vertices calculated
Status : Implied Alignments : 24 of 49 -- vertices calculated
Status : Implied Alignments : 25 of 49 -- vertices calculated
Status : Implied Alignments : 26 of 49 -- vertices calculated
Status : Implied Alignments : 27 of 49 -- vertices calculated
Status : Implied Alignments : 28 of 49 -- vertices calculated
Status : Implied Alignments : 29 of 49 -- vertices calculated
Status : Implied Alignments : 30 of 49 -- vertices calculated
Status : Implied Alignments : 31 of 49 -- vertices calculated
Status : Implied Alignments : 32 of 49 -- vertices calculated
Status : Implied Alignments : 33 of 49 -- vertices calculated
Status : Implied Alignments : 34 of 49 -- vertices calculated
Status : Implied Alignments : 35 of 49 -- vertices calculated
Status : Implied Alignments : 36 of 49 -- vertices calculated
Status : Implied Alignments : 37 of 49 -- vertices calculated
Status : Implied Alignments : 38 of 49 -- vertices calculated
Status : Implied Alignments : 39 of 49 -- vertices calculated
Status : Implied Alignments : 40 of 49 -- vertices calculated
Status : Implied Alignments : 41 of 49 -- vertices calculated
Status : Implied Alignments : 42 of 49 -- vertices calculated
Status : Implied Alignments : 43 of 49 -- vertices calculated
Status : Implied Alignments : 44 of 49 -- vertices calculated
Status : Implied Alignments : 45 of 49 -- vertices calculated
Status : Implied Alignments : 46 of 49 -- vertices calculated
Status : Implied Alignments : 47 of 49 -- vertices calculated
Status : Implied Alignments Finished
Status : Static Approximation Finished
Status : Loading Characters : 0 of 25 -- Storing the character specifications
Status : Loading Characters : 1 of 25 -- Storing the character specifications
Status : Loading Characters : 2 of 25 -- Storing the character specifications
Status : Loading Characters : 3 of 25 -- Storing the character specifications
Status : Loading Characters : 4 of 25 -- Storing the character specifications
Status : Loading Characters : 5 of 25 -- Storing the character specifications
Status : Loading Characters : 6 of 25 -- Storing the character specifications
Status : Loading Characters : 7 of 25 -- Storing the character specifications
Status : Loading Characters : 8 of 25 -- Storing the character specifications
Status : Loading Characters : 9 of 25 -- Storing the character specifications
Status :
Loading Characters : 10 of 25 -- Storing the character specifications
Status :
Loading Characters : 11 of 25 -- Storing the character specifications
Status :
Loading Characters : 12 of 25 -- Storing the character specifications
Status :
Loading Characters : 13 of 25 -- Storing the character specifications
Status :
Loading Characters : 14 of 25 -- Storing the character specifications
Status :
Loading Characters : 15 of 25 -- Storing the character specifications
Status :
Loading Characters : 16 of 25 -- Storing the character specifications
Status :
Loading Characters : 17 of 25 -- Storing the character specifications
Status :
Loading Characters : 18 of 25 -- Storing the character specifications
Status :
Loading Characters : 19 of 25 -- Storing the character specifications
Status :
Loading Characters : 20 of 25 -- Storing the character specifications
Status :
Loading Characters : 21 of 25 -- Storing the character specifications
Status :
Loading Characters : 22 of 25 -- Storing the character specifications
Status :
Loading Characters : 23 of 25 -- Storing the character specifications
Status :
Loading Characters : 24 of 25 -- Storing the character specifications
Status :
Loading Characters : 25 of 25 -- Storing the character specifications
Status : Loading Characters Finished
Status : Transforming : 1 of 1 --  of transformations applied
Status : Transforming Finished
Status : Diagnosis : 0 Recalculating original tree
Status : Diagnosis Finished
Status : Diagnosis : 1 of 1 -- Recalculating trees
Status : Diagnosis Finished
Status : Perturb Iteration : 1 of 4 -- 
Status : Ratcheting : 0 of 1 -- trees in the current optimum
Status : Diagnosis : 0 Recalculating original tree
Status : Diagnosis Finished
Status : Ratcheting : 1 of 1 -- trees in the current optimum
Status : TBR : 1868 Searching
Status : TBR Finished
Status : Diagnosis : 0 Recalculating original tree
Status : Diagnosis Finished
Status : Ratcheting Finished
Status : Perturb Iteration : 2 of 4 -- 
Status : Ratcheting : 0 of 1 -- trees in the current optimum
Status : Diagnosis : 0 Recalculating original tree
Status : Diagnosis Finished
Status : Ratcheting : 1 of 1 -- trees in the current optimum
Status : TBR : 1812 Searching
Status : TBR Finished
Status : Diagnosis : 0 Recalculating original tree
Status : Diagnosis Finished
Status : Ratcheting Finished
Status : Perturb Iteration : 3 of 4 -- 
Status : Ratcheting : 0 of 1 -- trees in the current optimum
Status : Diagnosis : 0 Recalculating original tree
Status : Diagnosis Finished
Status : Ratcheting : 1 of 1 -- trees in the current optimum
Status : TBR : 1796 Searching
Status : TBR Finished
Status : Diagnosis : 0 Recalculating original tree
Status : Diagnosis Finished
Status : Ratcheting Finished
Status : Perturb Iteration : 4 of 4 -- 
Status : Ratcheting : 0 of 1 -- trees in the current optimum
Status : Diagnosis : 0 Recalculating original tree
Status : Diagnosis Finished
Status : Ratcheting : 1 of 1 -- trees in the current optimum
Status : TBR : 1834 Searching
Status : TBR Finished
Status : Diagnosis : 0 Recalculating original tree
Status : Diagnosis Finished
Status : Ratcheting Finished
Status : Perturb Iteration Finished
Status : Diagnosis : 0 Recalculating original tree
Status : Diagnosis Finished
Status : Automated Search : 0 Best tree: 1454.; Time left: 2 m, 26 s; Hits: 2
Status : RAS + TBR : 0 Searching on tree number 2
Status : Wagner : 2 of 25 -- Wagner tree with cost 661.
Status : Wagner : 3 of 25 -- Wagner tree with cost 999.
Status : Wagner : 4 of 25 -- Wagner tree with cost 999.
Status : Wagner : 5 of 25 -- Wagner tree with cost 1019.
Status : Wagner : 6 of 25 -- Wagner tree with cost 1021.
Status : Wagner : 7 of 25 -- Wagner tree with cost 1022.
Status : Wagner : 8 of 25 -- Wagner tree with cost 1023.
Status : Wagner : 9 of 25 -- Wagner tree with cost 1023.
Status : Wagner : 10 of 25 -- Wagner tree with cost 1025.
Status : Wagner : 11 of 25 -- Wagner tree with cost 1042.
Status : Wagner : 12 of 25 -- Wagner tree with cost 1096.
Status : Wagner : 13 of 25 -- Wagner tree with cost 1096.
Status : Wagner : 14 of 25 -- Wagner tree with cost 1447.
Status : Wagner : 15 of 25 -- Wagner tree with cost 1447.
Status : Wagner : 16 of 25 -- Wagner tree with cost 1449.
Status : Wagner : 17 of 25 -- Wagner tree with cost 1451.
Status : Wagner : 18 of 25 -- Wagner tree with cost 1452.
Status : Wagner : 19 of 25 -- Wagner tree with cost 1453.
Status : Wagner : 20 of 25 -- Wagner tree with cost 1463.
Status : Wagner : 21 of 25 -- Wagner tree with cost 1463.
Status : Wagner : 22 of 25 -- Wagner tree with cost 1463.
Status : Wagner : 23 of 25 -- Wagner tree with cost 1463.
Status : Wagner : 24 of 25 -- Wagner tree with cost 1468.
Status : Wagner Finished
Status : Building Wagner Tree Finished
Status : TBR : 1454 Searching
Information : 
                Timer:
                   1 seconds
Information : 
                Timer:
                   3 seconds
Information : 
                Timer:
                   5 seconds
Information : 
                Timer:
                   6 seconds
Information : 
                Timer:
                   7 seconds
Information : 
                Timer:
                   8 seconds
Information : 
                Timer:
                   9 seconds
Information : 
                Timer:
                   10 seconds
Information : 
                Timer:
                   11 seconds
Information : 
                Timer:
                   12 seconds
Information : 
                Timer:
                   13 seconds
Information : 
                Timer:
                   14 seconds
Information : 
                Timer:
                   15 seconds
Information : 
                Timer:
                   16 seconds
Information : 
                Timer:
                   17 seconds
Status : TBR Finished
Status : TBR : 1454 Searching
Status : TBR : 1453 Searching
Information : 
                Timer:
                   1 seconds
Information : 
                Timer:
                   2 seconds
Information : 
                Timer:
                   3 seconds
Status : TBR Finished
Status : Automated Search : 0 Best tree: 1453.; Time left: 1 m, 49 s; Hits: 1
Status : RAS + TBR : 0 Searching on tree number 3
Status : Wagner : 2 of 25 -- Wagner tree with cost 471.
Status : Wagner : 3 of 25 -- Wagner tree with cost 473.
Status : Wagner : 4 of 25 -- Wagner tree with cost 476.
Status : Wagner : 5 of 25 -- Wagner tree with cost 478.
Status : Wagner : 6 of 25 -- Wagner tree with cost 501.
Status : Wagner : 7 of 25 -- Wagner tree with cost 501.
Status : Wagner : 8 of 25 -- Wagner tree with cost 501.
Status : Wagner : 9 of 25 -- Wagner tree with cost 516.
Status : Wagner : 10 of 25 -- Wagner tree with cost 516.
Status : Wagner : 11 of 25 -- Wagner tree with cost 517.
Status : Wagner : 12 of 25 -- Wagner tree with cost 517.
Status : Wagner : 13 of 25 -- Wagner tree with cost 563.
Status : Wagner : 14 of 25 -- Wagner tree with cost 563.
Status : Wagner : 15 of 25 -- Wagner tree with cost 1107.
Status : Wagner : 16 of 25 -- Wagner tree with cost 1107.
Status : Wagner : 17 of 25 -- Wagner tree with cost 1468.
Status : Wagner : 18 of 25 -- Wagner tree with cost 1469.
Status : Wagner : 19 of 25 -- Wagner tree with cost 1469.
Status : Wagner : 20 of 25 -- Wagner tree with cost 1479.
Status : Wagner : 21 of 25 -- Wagner tree with cost 1481.
Status : Wagner : 22 of 25 -- Wagner tree with cost 1488.
Status : Wagner : 23 of 25 -- Wagner tree with cost 1489.
Status : Wagner : 24 of 25 -- Wagner tree with cost 1490.
Status : Wagner Finished
Status : Building Wagner Tree Finished
Status : TBR : 1458 Searching
Information : 
                Timer:
                   1 seconds
Information : 
                Timer:
                   3 seconds
Information : 
                Timer:
                   10 seconds
Information : 
                Timer:
                   12 seconds
Information : 
                Timer:
                   13 seconds
Information : 
                Timer:
                   14 seconds
Information : 
                Timer:
                   15 seconds
Information : 
                Timer:
                   16 seconds
Information : 
                Timer:
                   17 seconds
Information : 
                Timer:
                   18 seconds
Information : 
                Timer:
                   19 seconds
Information : 
                Timer:
                   20 seconds
Information : 
                Timer:
                   21 seconds
Information : 
                Timer:
                   22 seconds
Status : TBR Finished
Status : Automated Search : 0 Best tree: 1453.; Time left: 1 m, 16 s; Hits: 1
Status : Transforming : 1 of 1 --  of transformations applied
Status : Transforming Finished
Status : Diagnosis : 1 of 1 -- Recalculating trees
Status : Diagnosis Finished
Status : Implied Alignments : 1 of 49 -- vertices calculated
Status : Implied Alignments : 2 of 49 -- vertices calculated
Status : Implied Alignments : 3 of 49 -- vertices calculated
Status : Implied Alignments : 4 of 49 -- vertices calculated
Status : Implied Alignments : 5 of 49 -- vertices calculated
Status : Implied Alignments : 6 of 49 -- vertices calculated
Status : Implied Alignments : 7 of 49 -- vertices calculated
Status : Implied Alignments : 8 of 49 -- vertices calculated
Status : Implied Alignments : 9 of 49 -- vertices calculated
Status : Implied Alignments : 10 of 49 -- vertices calculated
Status : Implied Alignments : 11 of 49 -- vertices calculated
Status : Implied Alignments : 12 of 49 -- vertices calculated
Status : Implied Alignments : 13 of 49 -- vertices calculated
Status : Implied Alignments : 14 of 49 -- vertices calculated
Status : Implied Alignments : 15 of 49 -- vertices calculated
Status : Implied Alignments : 16 of 49 -- vertices calculated
Status : Implied Alignments : 17 of 49 -- vertices calculated
Status : Implied Alignments : 18 of 49 -- vertices calculated
Status : Implied Alignments : 19 of 49 -- vertices calculated
Status : Implied Alignments : 20 of 49 -- vertices calculated
Status : Implied Alignments : 21 of 49 -- vertices calculated
Status : Implied Alignments : 22 of 49 -- vertices calculated
Status : Implied Alignments : 23 of 49 -- vertices calculated
Status : Implied Alignments : 24 of 49 -- vertices calculated
Status : Implied Alignments : 25 of 49 -- vertices calculated
Status : Implied Alignments : 26 of 49 -- vertices calculated
Status : Implied Alignments : 27 of 49 -- vertices calculated
Status : Implied Alignments : 28 of 49 -- vertices calculated
Status : Implied Alignments : 29 of 49 -- vertices calculated
Status : Implied Alignments : 30 of 49 -- vertices calculated
Status : Implied Alignments : 31 of 49 -- vertices calculated
Status : Implied Alignments : 32 of 49 -- vertices calculated
Status : Implied Alignments : 33 of 49 -- vertices calculated
Status : Implied Alignments : 34 of 49 -- vertices calculated
Status : Implied Alignments : 35 of 49 -- vertices calculated
Status : Implied Alignments : 36 of 49 -- vertices calculated
Status : Implied Alignments : 37 of 49 -- vertices calculated
Status : Implied Alignments : 38 of 49 -- vertices calculated
Status : Implied Alignments : 39 of 49 -- vertices calculated
Status : Implied Alignments : 40 of 49 -- vertices calculated
Status : Implied Alignments : 41 of 49 -- vertices calculated
Status : Implied Alignments : 42 of 49 -- vertices calculated
Status : Implied Alignments : 43 of 49 -- vertices calculated
Status : Implied Alignments : 44 of 49 -- vertices calculated
Status : Implied Alignments : 45 of 49 -- vertices calculated
Status : Implied Alignments : 46 of 49 -- vertices calculated
Status : Implied Alignments : 47 of 49 -- vertices calculated
Status : Implied Alignments Finished
Status : Static Approximation Finished
Status : Loading Characters : 0 of 25 -- Storing the character specifications
Status : Loading Characters : 1 of 25 -- Storing the character specifications
Status : Loading Characters : 2 of 25 -- Storing the character specifications
Status : Loading Characters : 3 of 25 -- Storing the character specifications
Status : Loading Characters : 4 of 25 -- Storing the character specifications
Status : Loading Characters : 5 of 25 -- Storing the character specifications
Status : Loading Characters : 6 of 25 -- Storing the character specifications
Status : Loading Characters : 7 of 25 -- Storing the character specifications
Status : Loading Characters : 8 of 25 -- Storing the character specifications
Status : Loading Characters : 9 of 25 -- Storing the character specifications
Status :
Loading Characters : 10 of 25 -- Storing the character specifications
Status :
Loading Characters : 11 of 25 -- Storing the character specifications
Status :
Loading Characters : 12 of 25 -- Storing the character specifications
Status :
Loading Characters : 13 of 25 -- Storing the character specifications
Status :
Loading Characters : 14 of 25 -- Storing the character specifications
Status :
Loading Characters : 15 of 25 -- Storing the character specifications
Status :
Loading Characters : 16 of 25 -- Storing the character specifications
Status :
Loading Characters : 17 of 25 -- Storing the character specifications
Status :
Loading Characters : 18 of 25 -- Storing the character specifications
Status :
Loading Characters : 19 of 25 -- Storing the character specifications
Status :
Loading Characters : 20 of 25 -- Storing the character specifications
Status :
Loading Characters : 21 of 25 -- Storing the character specifications
Status :
Loading Characters : 22 of 25 -- Storing the character specifications
Status :
Loading Characters : 23 of 25 -- Storing the character specifications
Status :
Loading Characters : 24 of 25 -- Storing the character specifications
Status :
Loading Characters : 25 of 25 -- Storing the character specifications
Status : Loading Characters Finished
Status : Transforming : 1 of 1 --  of transformations applied
Status : Transforming Finished
Status : Diagnosis : 0 Recalculating original tree
Status : Diagnosis Finished
Status : Diagnosis : 1 of 1 -- Recalculating trees
Status : Diagnosis Finished
Status : Perturb Iteration : 1 of 4 -- 
Status : Ratcheting : 0 of 1 -- trees in the current optimum
Status : Diagnosis : 0 Recalculating original tree
Status : Diagnosis Finished
Status : Ratcheting : 1 of 1 -- trees in the current optimum
Status : TBR : 1817 Searching
Status : TBR Finished
Status : Diagnosis : 0 Recalculating original tree
Status : Diagnosis Finished
Status : Ratcheting Finished
Status : Perturb Iteration : 2 of 4 -- 
Status : Ratcheting : 0 of 1 -- trees in the current optimum
Status : Diagnosis : 0 Recalculating original tree
Status : Diagnosis Finished
Status : Ratcheting : 1 of 1 -- trees in the current optimum
Status : TBR : 1794 Searching
Status : TBR Finished
Status : Diagnosis : 0 Recalculating original tree
Status : Diagnosis Finished
Status : Ratcheting Finished
Status : Perturb Iteration : 3 of 4 -- 
Status : Ratcheting : 0 of 1 -- trees in the current optimum
Status : Diagnosis : 0 Recalculating original tree
Status : Diagnosis Finished
Status : Ratcheting : 1 of 1 -- trees in the current optimum
Status : TBR : 1788 Searching
Status : TBR Finished
Status : Diagnosis : 0 Recalculating original tree
Status : Diagnosis Finished
Status : Ratcheting Finished
Status : Perturb Iteration : 4 of 4 -- 
Status : Ratcheting : 0 of 1 -- trees in the current optimum
Status : Diagnosis : 0 Recalculating original tree
Status : Diagnosis Finished
Status : Ratcheting : 1 of 1 -- trees in the current optimum
Status : TBR : 1792 Searching
Status : TBR Finished
Status : Diagnosis : 0 Recalculating original tree
Status : Diagnosis Finished
Status : Ratcheting Finished
Status : Perturb Iteration Finished
Status : Diagnosis : 0 Recalculating original tree
Status : Diagnosis Finished
Status : Automated Search : 0 Best tree: 1453.; Time left: 1 m, 7 s; Hits: 1
Status : RAS + TBR : 0 Searching on tree number 4
Status : Wagner : 2 of 25 -- Wagner tree with cost 469.
Status : Wagner : 3 of 25 -- Wagner tree with cost 471.
Status : Wagner : 4 of 25 -- Wagner tree with cost 493.
Status : Wagner : 5 of 25 -- Wagner tree with cost 494.
Status : Wagner : 6 of 25 -- Wagner tree with cost 1032.
Status : Wagner : 7 of 25 -- Wagner tree with cost 1034.
Status : Wagner : 8 of 25 -- Wagner tree with cost 1382.
Status : Wagner : 9 of 25 -- Wagner tree with cost 1382.
Status : Wagner : 10 of 25 -- Wagner tree with cost 1385.
Status : Wagner : 11 of 25 -- Wagner tree with cost 1403.
Status : Wagner : 12 of 25 -- Wagner tree with cost 1463.
Status : Wagner : 13 of 25 -- Wagner tree with cost 1465.
Status : Wagner : 14 of 25 -- Wagner tree with cost 1466.
Status : Wagner : 15 of 25 -- Wagner tree with cost 1466.
Status : Wagner : 16 of 25 -- Wagner tree with cost 1468.
Status : Wagner : 17 of 25 -- Wagner tree with cost 1468.
Status : Wagner : 18 of 25 -- Wagner tree with cost 1468.
Status : Wagner : 19 of 25 -- Wagner tree with cost 1475.
Status : Wagner : 20 of 25 -- Wagner tree with cost 1475.
Status : Wagner : 21 of 25 -- Wagner tree with cost 1483.
Status : Wagner : 22 of 25 -- Wagner tree with cost 1483.
Status : Wagner : 23 of 25 -- Wagner tree with cost 1486.
Status : Wagner : 24 of 25 -- Wagner tree with cost 1486.
Status : Wagner Finished
Status : Building Wagner Tree Finished
Status : TBR : 1453 Searching
Information : 
                Timer:
                   1 seconds
Information : 
                Timer:
                   12 seconds
Information : 
                Timer:
                   13 seconds
Information : 
                Timer:
                   14 seconds
Information : 
                Timer:
                   15 seconds
Information : 
                Timer:
                   16 seconds
Information : 
                Timer:
                   17 seconds
Information : 
                Timer:
                   18 seconds
Information : 
                Timer:
                   19 seconds
Information : 
                Timer:
                   20 seconds
Information : 
                Timer:
                   21 seconds
Information : 
                Timer:
                   22 seconds
Information : 
                Timer:
                   23 seconds
Information : 
                Timer:
                   24 seconds
Information : 
                Timer:
                   25 seconds
Status : TBR Finished
Status : TBR : 1453 Searching
Information : 
                Timer:
                   1 seconds
Information : 
                Timer:
                   2 seconds
Information : 
                Timer:
                   3 seconds
Information : 
                Timer:
                   4 seconds
Information : 
                Timer:
                   5 seconds
Information : 
                Timer:
                   6 seconds
Information : 
                Timer:
                   7 seconds
Information : 
                Timer:
                   8 seconds
Information : 
                Timer:
                   9 seconds
Status : TBR Finished
Status : Automated Search : 0 Best tree: 1453.; Time left: 24 s; Hits: 2
Status : RAS + TBR Finished
Status : Automated Search : 0 Best tree: 1453.; Time left: 24 s; Hits: 2
Status : Fusing Trees : 0 Generation 1
Status : Tree Fusing : 0 of 1 -- 
Status : Tree Fusing : 1 of 1 -- 
Status :
Tree Fusing :
1 of 1 -- tree #1 [1458.] -> tree #4 [1453.]: tree with cost 1456.
Status :
Tree Fusing :
1 of 1 -- tree #1 [1458.] -> tree #4 [1453.]: tree with cost 1458.
Status : Tree Fusing Finished
Status : Automated Search : 0 Best tree: 1453.; Time left: 21 s; Hits: 2
Status : Automated Search : 0 Best tree: 1453.; Time left: 21 s; Hits: 2
Status : Fusing Trees : 0 Generation 2
Status : Tree Fusing : 0 of 1 -- 
Status : Tree Fusing : 1 of 1 -- 
Status :
Tree Fusing :
1 of 1 -- tree #1 [1458.] -> tree #4 [1453.]: tree with cost 1456.
Status :
Tree Fusing :
1 of 1 -- tree #1 [1458.] -> tree #4 [1453.]: tree with cost 1458.
Status : Tree Fusing Finished
Status : Automated Search : 0 Best tree: 1453.; Time left: 19 s; Hits: 2
Status : Automated Search : 0 Best tree: 1453.; Time left: 19 s; Hits: 2
Status : Fusing Trees : 0 Generation 3
Status : Tree Fusing : 0 of 1 -- 
Status : Tree Fusing : 1 of 1 -- 
Status :
Tree Fusing :
1 of 1 -- tree #2 [1454.] -> tree #5 [1453.]: tree with cost 1453.
Status :
Tree Fusing :
1 of 1 -- tree #2 [1454.] -> tree #5 [1453.]: tree with cost 1454.
Status : Tree Fusing Finished
Status : Automated Search : 0 Best tree: 1453.; Time left: 16 s; Hits: 2
Status : Automated Search : 0 Best tree: 1453.; Time left: 16 s; Hits: 2
Status : Fusing Trees : 0 Generation 4
Status : Tree Fusing : 0 of 1 -- 
Status : Tree Fusing : 1 of 1 -- 
Status :
Tree Fusing :
1 of 1 -- tree #5 [1453.] -> tree #5 [1453.]: tree with cost 1453.
Status : Tree Fusing Finished
Status : Automated Search : 0 Best tree: 1453.; Time left: 15 s; Hits: 2
Status : Automated Search : 0 Best tree: 1453.; Time left: 15 s; Hits: 2
Status : Fusing Trees : 0 Generation 5
Status : Tree Fusing : 0 of 1 -- 
Status : Tree Fusing : 1 of 1 -- 
Status :
Tree Fusing :
1 of 1 -- tree #4 [1454.] -> tree #5 [1453.]: tree with cost 1453.
Status :
Tree Fusing :
1 of 1 -- tree #4 [1454.] -> tree #5 [1453.]: tree with cost 1454.
Status : Tree Fusing Finished
Status : Automated Search : 0 Best tree: 1453.; Time left: 12 s; Hits: 2
Status : Automated Search : 0 Best tree: 1453.; Time left: 12 s; Hits: 2
Status : Fusing Trees : 0 Generation 6
Status : Tree Fusing : 0 of 1 -- 
Status : Tree Fusing : 1 of 1 -- 
Status :
Tree Fusing :
1 of 1 -- tree #3 [1454.] -> tree #5 [1453.]: tree with cost 1453.
Status :
Tree Fusing :
1 of 1 -- tree #3 [1454.] -> tree #5 [1453.]: tree with cost 1454.
Status : Tree Fusing Finished
Status : Automated Search : 0 Best tree: 1453.; Time left: 9 s; Hits: 2
Status : Automated Search : 0 Best tree: 1453.; Time left: 9 s; Hits: 2
Status : Fusing Trees : 0 Generation 7
Status : Tree Fusing : 0 of 1 -- 
Status : Tree Fusing : 1 of 1 -- 
Status :
Tree Fusing :
1 of 1 -- tree #1 [1458.] -> tree #3 [1454.]: tree with cost 1458.
Status : Tree Fusing Finished
Status : Automated Search : 0 Best tree: 1453.; Time left: 8 s; Hits: 2
Status : Automated Search : 0 Best tree: 1453.; Time left: 8 s; Hits: 2
Status : Fusing Trees : 0 Generation 8
Status : Tree Fusing : 0 of 1 -- 
Status : Tree Fusing : 1 of 1 -- 
Status :
Tree Fusing :
1 of 1 -- tree #1 [1458.] -> tree #2 [1454.]: tree with cost 1458.
Status : Tree Fusing Finished
Status : Automated Search : 0 Best tree: 1453.; Time left: 6 s; Hits: 2
Status : Automated Search : 0 Best tree: 1453.; Time left: 6 s; Hits: 2
Status : Fusing Trees : 0 Generation 9
Status : Tree Fusing : 0 of 1 -- 
Status : Tree Fusing : 1 of 1 -- 
Status :
Tree Fusing :
1 of 1 -- tree #1 [1458.] -> tree #1 [1454.]: tree with cost 1458.
Status : Tree Fusing Finished
Status : Automated Search : 0 Best tree: 1453.; Time left: 5 s; Hits: 2
Status : Automated Search : 0 Best tree: 1453.; Time left: 5 s; Hits: 2
Status : Fusing Trees : 0 Generation 10
Status : Tree Fusing : 0 of 1 -- 
Status : Tree Fusing : 1 of 1 -- 
Status :
Tree Fusing :
1 of 1 -- tree #5 [1453.] -> tree #1 [1458.]: tree with cost 1454.
Status :
Tree Fusing :
1 of 1 -- tree #5 [1453.] -> tree #1 [1458.]: tree with cost 1453.
Status : TBR : 1453 Searching
Information : 
                Timer:
                   1 seconds
Status : TBR Finished
Status : Tree Fusing Finished
Status : Automated Search : 0 Best tree: 1453.; Time left: -0 s; Hits: 3
Status : Fusing Trees Finished
Status : Diagnosis : 0 Recalculating original tree
Status : Diagnosis Finished
Status : Diagnosis : 1 of 4 -- Recalculating trees
Status : Diagnosis : 0 Recalculating original tree
Status : Diagnosis Finished
Status : Diagnosis : 2 of 4 -- Recalculating trees
Status : Diagnosis : 0 Recalculating original tree
Status : Diagnosis Finished
Status : Diagnosis : 3 of 4 -- Recalculating trees
Status : Diagnosis : 0 Recalculating original tree
Status : Diagnosis Finished
Status : Diagnosis : 4 of 4 -- Recalculating trees
Status : Diagnosis Finished
Status : Diagnosis : 0 Recalculating original tree
Status : Diagnosis Finished
Status : Diagnosis : 1 of 3 -- Recalculating trees
Status : Diagnosis : 0 Recalculating original tree
Status : Diagnosis Finished
Status : Diagnosis : 2 of 3 -- Recalculating trees
Status : Diagnosis : 0 Recalculating original tree
Status : Diagnosis Finished
Status : Diagnosis : 3 of 3 -- Recalculating trees
Status : Diagnosis Finished
Status : Diagnosis : 0 Recalculating original tree
Status : Diagnosis Finished
Status : Diagnosis : 1 of 5 -- Recalculating trees
Status : Diagnosis : 0 Recalculating original tree
Status : Diagnosis Finished
Status : Diagnosis : 2 of 5 -- Recalculating trees
Status : Diagnosis : 0 Recalculating original tree
Status : Diagnosis Finished
Status : Diagnosis : 3 of 5 -- Recalculating trees
Status : Diagnosis : 0 Recalculating original tree
Status : Diagnosis Finished
Status : Diagnosis : 4 of 5 -- Recalculating trees
Status : Diagnosis : 0 Recalculating original tree
Status : Diagnosis Finished
Status : Diagnosis : 5 of 5 -- Recalculating trees
Status : Diagnosis Finished
Status : Diagnosis : 0 Recalculating original tree
Status : Diagnosis Finished
Status : Diagnosis : 1 of 10 -- Recalculating trees
Status : Diagnosis : 0 Recalculating original tree
Status : Diagnosis Finished
Status : Diagnosis : 2 of 10 -- Recalculating trees
Status : Diagnosis : 0 Recalculating original tree
Status : Diagnosis Finished
Status : Diagnosis : 3 of 10 -- Recalculating trees
Status : Diagnosis : 0 Recalculating original tree
Status : Diagnosis Finished
Status : Diagnosis : 4 of 10 -- Recalculating trees
Status : Diagnosis : 0 Recalculating original tree
Status : Diagnosis Finished
Status : Diagnosis : 5 of 10 -- Recalculating trees
Status : Diagnosis : 0 Recalculating original tree
Status : Diagnosis Finished
Status : Diagnosis : 6 of 10 -- Recalculating trees
Status : Diagnosis : 0 Recalculating original tree
Status : Diagnosis Finished
Status : Diagnosis : 7 of 10 -- Recalculating trees
Status : Diagnosis : 0 Recalculating original tree
Status : Diagnosis Finished
Status : Diagnosis : 8 of 10 -- Recalculating trees
Status : Diagnosis : 0 Recalculating original tree
Status : Diagnosis Finished
Status : Diagnosis : 9 of 10 -- Recalculating trees
Status : Diagnosis : 0 Recalculating original tree
Status : Diagnosis Finished
Status : Diagnosis : 10 of 10 -- Recalculating trees
Status : Diagnosis Finished
Status : Diagnosis : 0 Recalculating original tree
Status : Diagnosis Finished
Status : Diagnosis : 1 of 13 -- Recalculating trees
Status : Diagnosis : 0 Recalculating original tree
Status : Diagnosis Finished
Status : Diagnosis : 2 of 13 -- Recalculating trees
Status : Diagnosis : 0 Recalculating original tree
Status : Diagnosis Finished
Status : Diagnosis : 3 of 13 -- Recalculating trees
Status : Diagnosis : 0 Recalculating original tree
Status : Diagnosis Finished
Status : Diagnosis : 4 of 13 -- Recalculating trees
Status : Diagnosis : 0 Recalculating original tree
Status : Diagnosis Finished
Status : Diagnosis : 5 of 13 -- Recalculating trees
Status : Diagnosis : 0 Recalculating original tree
Status : Diagnosis Finished
Status : Diagnosis : 6 of 13 -- Recalculating trees
Status : Diagnosis : 0 Recalculating original tree
Status : Diagnosis Finished
Status : Diagnosis : 7 of 13 -- Recalculating trees
Status : Diagnosis : 0 Recalculating original tree
Status : Diagnosis Finished
Status : Diagnosis : 8 of 13 -- Recalculating trees
Status : Diagnosis : 0 Recalculating original tree
Status : Diagnosis Finished
Status : Diagnosis : 9 of 13 -- Recalculating trees
Status : Diagnosis : 0 Recalculating original tree
Status : Diagnosis Finished
Status : Diagnosis : 10 of 13 -- Recalculating trees
Status : Diagnosis : 0 Recalculating original tree
Status : Diagnosis Finished
Status : Diagnosis : 11 of 13 -- Recalculating trees
Status : Diagnosis : 0 Recalculating original tree
Status : Diagnosis Finished
Status : Diagnosis : 12 of 13 -- Recalculating trees
Status : Diagnosis : 0 Recalculating original tree
Status : Diagnosis Finished
Status : Diagnosis : 13 of 13 -- Recalculating trees
Status : Diagnosis Finished
Status : Diagnosis : 0 Recalculating original tree
Status : Diagnosis Finished
Status : Diagnosis : 1 of 14 -- Recalculating trees
Status : Diagnosis : 0 Recalculating original tree
Status : Diagnosis Finished
Status : Diagnosis : 2 of 14 -- Recalculating trees
Status : Diagnosis : 0 Recalculating original tree
Status : Diagnosis Finished
Status : Diagnosis : 3 of 14 -- Recalculating trees
Status : Diagnosis : 0 Recalculating original tree
Status : Diagnosis Finished
Status : Diagnosis : 4 of 14 -- Recalculating trees
Status : Diagnosis : 0 Recalculating original tree
Status : Diagnosis Finished
Status : Diagnosis : 5 of 14 -- Recalculating trees
Status : Diagnosis : 0 Recalculating original tree
Status : Diagnosis Finished
Status : Diagnosis : 6 of 14 -- Recalculating trees
Status : Diagnosis : 0 Recalculating original tree
Status : Diagnosis Finished
Status : Diagnosis : 7 of 14 -- Recalculating trees
Status : Diagnosis : 0 Recalculating original tree
Status : Diagnosis Finished
Status : Diagnosis : 8 of 14 -- Recalculating trees
Status : Diagnosis : 0 Recalculating original tree
Status : Diagnosis Finished
Status : Diagnosis : 9 of 14 -- Recalculating trees
Status : Diagnosis : 0 Recalculating original tree
Status : Diagnosis Finished
Status : Diagnosis : 10 of 14 -- Recalculating trees
Status : Diagnosis : 0 Recalculating original tree
Status : Diagnosis Finished
Status : Diagnosis : 11 of 14 -- Recalculating trees
Status : Diagnosis : 0 Recalculating original tree
Status : Diagnosis Finished
Status : Diagnosis : 12 of 14 -- Recalculating trees
Status : Diagnosis : 0 Recalculating original tree
Status : Diagnosis Finished
Status : Diagnosis : 13 of 14 -- Recalculating trees
Status : Diagnosis : 0 Recalculating original tree
Status : Diagnosis Finished
Status : Diagnosis : 14 of 14 -- Recalculating trees
Status : Diagnosis Finished
Status : Automated Search Finished
Information :
The search evaluated 184 independent repetitions with ratchet and fusing for 393 generations. The shortest tree was found 171 times.
Status : Implied Alignments : 1 of 49 -- vertices calculated
Status : Implied Alignments : 2 of 49 -- vertices calculated
Status : Implied Alignments : 3 of 49 -- vertices calculated
Status : Implied Alignments : 4 of 49 -- vertices calculated
Status : Implied Alignments : 5 of 49 -- vertices calculated
Status : Implied Alignments : 6 of 49 -- vertices calculated
Status : Implied Alignments : 7 of 49 -- vertices calculated
Status : Implied Alignments : 8 of 49 -- vertices calculated
Status : Implied Alignments : 9 of 49 -- vertices calculated
Status : Implied Alignments : 10 of 49 -- vertices calculated
Status : Implied Alignments : 11 of 49 -- vertices calculated
Status : Implied Alignments : 12 of 49 -- vertices calculated
Status : Implied Alignments : 13 of 49 -- vertices calculated
Status : Implied Alignments : 14 of 49 -- vertices calculated
Status : Implied Alignments : 15 of 49 -- vertices calculated
Status : Implied Alignments : 16 of 49 -- vertices calculated
Status : Implied Alignments : 17 of 49 -- vertices calculated
Status : Implied Alignments : 18 of 49 -- vertices calculated
Status : Implied Alignments : 19 of 49 -- vertices calculated
Status : Implied Alignments : 20 of 49 -- vertices calculated
Status : Implied Alignments : 21 of 49 -- vertices calculated
Status : Implied Alignments : 22 of 49 -- vertices calculated
Status : Implied Alignments : 23 of 49 -- vertices calculated
Status : Implied Alignments : 24 of 49 -- vertices calculated
Status : Implied Alignments : 25 of 49 -- vertices calculated
Status : Implied Alignments : 26 of 49 -- vertices calculated
Status : Implied Alignments : 27 of 49 -- vertices calculated
Status : Implied Alignments : 28 of 49 -- vertices calculated
Status : Implied Alignments : 29 of 49 -- vertices calculated
Status : Implied Alignments : 30 of 49 -- vertices calculated
Status : Implied Alignments : 31 of 49 -- vertices calculated
Status : Implied Alignments : 32 of 49 -- vertices calculated
Status : Implied Alignments : 33 of 49 -- vertices calculated
Status : Implied Alignments : 34 of 49 -- vertices calculated
Status : Implied Alignments : 35 of 49 -- vertices calculated
Status : Implied Alignments : 36 of 49 -- vertices calculated
Status : Implied Alignments : 37 of 49 -- vertices calculated
Status : Implied Alignments : 38 of 49 -- vertices calculated
Status : Implied Alignments : 39 of 49 -- vertices calculated
Status : Implied Alignments : 40 of 49 -- vertices calculated
Status : Implied Alignments : 41 of 49 -- vertices calculated
Status : Implied Alignments : 42 of 49 -- vertices calculated
Status : Implied Alignments : 43 of 49 -- vertices calculated
Status : Implied Alignments : 44 of 49 -- vertices calculated
Status : Implied Alignments : 45 of 49 -- vertices calculated
Status : Implied Alignments : 46 of 49 -- vertices calculated
Status : Implied Alignments : 47 of 49 -- vertices calculated
Status : Implied Alignments Finished
Status : Static Approximation Finished
Status : Loading Characters : 0 of 25 -- Storing the character specifications
Status : Loading Characters : 1 of 25 -- Storing the character specifications
Status : Loading Characters : 2 of 25 -- Storing the character specifications
Status : Loading Characters : 3 of 25 -- Storing the character specifications
Status : Loading Characters : 4 of 25 -- Storing the character specifications
Status : Loading Characters : 5 of 25 -- Storing the character specifications
Status : Loading Characters : 6 of 25 -- Storing the character specifications
Status : Loading Characters : 7 of 25 -- Storing the character specifications
Status : Loading Characters : 8 of 25 -- Storing the character specifications
Status : Loading Characters : 9 of 25 -- Storing the character specifications
Status :
Loading Characters : 10 of 25 -- Storing the character specifications
Status :
Loading Characters : 11 of 25 -- Storing the character specifications
Status :
Loading Characters : 12 of 25 -- Storing the character specifications
Status :
Loading Characters : 13 of 25 -- Storing the character specifications
Status :
Loading Characters : 14 of 25 -- Storing the character specifications
Status :
Loading Characters : 15 of 25 -- Storing the character specifications
Status :
Loading Characters : 16 of 25 -- Storing the character specifications
Status :
Loading Characters : 17 of 25 -- Storing the character specifications
Status :
Loading Characters : 18 of 25 -- Storing the character specifications
Status :
Loading Characters : 19 of 25 -- Storing the character specifications
Status :
Loading Characters : 20 of 25 -- Storing the character specifications
Status :
Loading Characters : 21 of 25 -- Storing the character specifications
Status :
Loading Characters : 22 of 25 -- Storing the character specifications
Status :
Loading Characters : 23 of 25 -- Storing the character specifications
Status :
Loading Characters : 24 of 25 -- Storing the character specifications
Status :
Loading Characters : 25 of 25 -- Storing the character specifications
Status : Loading Characters Finished
Status : Transforming : 1 of 1 --  of transformations applied
Status : Transforming Finished
Status : Diagnosis : 0 Recalculating original tree
Status : Diagnosis Finished
Status : Diagnosis : 1 of 1 -- Recalculating trees
Status : Diagnosis Finished
Status : Diagnosis : 0 Recalculating original tree
Status : Diagnosis Finished
Status : Diagnosis : 1 of 1 -- Recalculating trees
Status : Diagnosis Finished
Tree with cost 1453
  |--------------------NC_001608  
  |                               
  | |------------------AB050936   
  | |                             
  | |     |------------AF173836   
  | |   |-|                       
  | |   | |------------Robert     
  | | |-|                         
  | | | | |------------AY729654   
  | | | |-|                       
  | | |   |------------NC_006432  
  | | |                           
  | | |     |----------AF054908   
  | | |     |                     
  | | |     | |--------AY058895   
  | | |   |-| |                   
  | | |   | |-| |------EU051639   
  | | |   |   |-|                 
  | | |   |     |------Y09358     
  | | |   |                       
  | | |   | |----------AF086833   
  | | | |-| |                     
  | | | | | |----------EBORNA     
  | | | | | |                     
--| | | | |-|----------NC_002549  
  |-| | |   |                     
    | | |   |----------AF499101   
    |-| |   |                     
      | |   |----------AY142960   
      | |                         
      | | |------------EU051642   
      | | |                       
      | | |------------EU051644   
      | | |                       
      |-| |------------EU051649   
        | |                       
        | | |----------EU051645   
        | |-|                     
        | | |----------EU051646   
        |-|                       
          | |----------EU051640   
          |-|                     
          | |----------EU051641   
          |                       
          | |----------EU051648   
          | |                     
          |-| |--------EU051647   
            |-|                   
              |--------EU051650   
