Status : Transforming : 1 of 1 --  of transformations applied
Status : Transforming Finished
Status : Diagnosis : 0 Recalculating original tree
Status : Diagnosis Finished
Status : Diagnosis : 1 of 1 -- Recalculating trees
Status : Diagnosis Finished
Status : RAS + TBR : 0 
Status : RAS + TBR : 0 Searching on tree number 1
Status : Wagner : 2 of 24 -- Wagner tree with cost 23.
Status : Wagner : 3 of 24 -- Wagner tree with cost 679.
Status : Wagner : 4 of 24 -- Wagner tree with cost 679.
Status : Wagner : 5 of 24 -- Wagner tree with cost 1014.
Status : Wagner : 6 of 24 -- Wagner tree with cost 1025.
Status : Wagner : 7 of 24 -- Wagner tree with cost 1033.
Status : Wagner : 8 of 24 -- Wagner tree with cost 1036.
Status : Wagner : 9 of 24 -- Wagner tree with cost 1053.
Status : Wagner : 10 of 24 -- Wagner tree with cost 1106.
Status : Wagner : 11 of 24 -- Wagner tree with cost 1109.
Status : Wagner : 12 of 24 -- Wagner tree with cost 1109.
Status : Wagner : 13 of 24 -- Wagner tree with cost 1110.
Status : Wagner : 14 of 24 -- Wagner tree with cost 1113.
Status : Wagner : 15 of 24 -- Wagner tree with cost 1113.
Status : Wagner : 16 of 24 -- Wagner tree with cost 1113.
Status : Wagner : 17 of 24 -- Wagner tree with cost 1115.
Status : Wagner : 18 of 24 -- Wagner tree with cost 1117.
Status : Wagner : 19 of 24 -- Wagner tree with cost 1117.
Status : Wagner : 20 of 24 -- Wagner tree with cost 1118.
Status : Wagner : 21 of 24 -- Wagner tree with cost 1119.
Status : Wagner : 22 of 24 -- Wagner tree with cost 1476.
Status : Wagner : 23 of 24 -- Wagner tree with cost 1477.
Status : Wagner Finished
Status : Building Wagner Tree Finished
Status : TBR : 1462 Searching
Information : 
                Timer:
                   1 seconds
Information : 
                Timer:
                   5 seconds
Information : 
                Timer:
                   6 seconds
Information : 
                Timer:
                   7 seconds
Information : 
                Timer:
                   8 seconds
Information : 
                Timer:
                   9 seconds
Information : 
                Timer:
                   10 seconds
Information : 
                Timer:
                   11 seconds
Information : 
                Timer:
                   12 seconds
Status : TBR Finished
Status : TBR : 1462 Searching
Information : 
                Timer:
                   1 seconds
Information : 
                Timer:
                   2 seconds
Status : TBR : 1458 Searching
Information : 
                Timer:
                   3 seconds
Information : 
                Timer:
                   4 seconds
Information : 
                Timer:
                   5 seconds
Status : TBR : 1457 Searching
Information : 
                Timer:
                   6 seconds
Status : TBR Finished
Status : Automated Search : 0 Best tree: 1457.; Time left: 2 m, 35 s; Hits: 1
Status : RAS + TBR : 0 Searching on tree number 2
Status : Wagner : 2 of 24 -- Wagner tree with cost 34.
Status : Wagner : 3 of 24 -- Wagner tree with cost 43.
Status : Wagner : 4 of 24 -- Wagner tree with cost 48.
Status : Wagner : 5 of 24 -- Wagner tree with cost 515.
Status : Wagner : 6 of 24 -- Wagner tree with cost 524.
Status : Wagner : 7 of 24 -- Wagner tree with cost 567.
Status : Wagner : 8 of 24 -- Wagner tree with cost 570.
Status : Wagner : 9 of 24 -- Wagner tree with cost 573.
Status : Wagner : 10 of 24 -- Wagner tree with cost 574.
Status : Wagner : 11 of 24 -- Wagner tree with cost 575.
Status : Wagner : 12 of 24 -- Wagner tree with cost 577.
Status : Wagner : 13 of 24 -- Wagner tree with cost 578.
Status : Wagner : 14 of 24 -- Wagner tree with cost 581.
Status : Wagner : 15 of 24 -- Wagner tree with cost 581.
Status : Wagner : 16 of 24 -- Wagner tree with cost 582.
Status : Wagner : 17 of 24 -- Wagner tree with cost 925.
Status : Wagner : 18 of 24 -- Wagner tree with cost 927.
Status : Wagner : 19 of 24 -- Wagner tree with cost 927.
Status : Wagner : 20 of 24 -- Wagner tree with cost 928.
Status : Wagner : 21 of 24 -- Wagner tree with cost 1476.
Status : Wagner : 22 of 24 -- Wagner tree with cost 1476.
Status : Wagner : 23 of 24 -- Wagner tree with cost 1476.
Status : Wagner Finished
Status : Building Wagner Tree Finished
Status : TBR : 1459 Searching
Information : 
                Timer:
                   1 seconds
Information : 
                Timer:
                   3 seconds
Information : 
                Timer:
                   4 seconds
Information : 
                Timer:
                   5 seconds
Information : 
                Timer:
                   6 seconds
Information : 
                Timer:
                   7 seconds
Information : 
                Timer:
                   8 seconds
Information : 
                Timer:
                   9 seconds
Status : TBR Finished
Status : TBR : 1459 Searching
Information : 
                Timer:
                   1 seconds
Information : 
                Timer:
                   3 seconds
Information : 
                Timer:
                   4 seconds
Status : TBR Finished
Status : Automated Search : 0 Best tree: 1457.; Time left: 2 m, 14 s; Hits: 1
Status : Transforming : 1 of 1 --  of transformations applied
Status : Transforming Finished
Status : Diagnosis : 1 of 1 -- Recalculating trees
Status : Diagnosis Finished
Status : test: Implied Alignments : 1 of 47 -- vertices calculated
Status : test: Implied Alignments : 2 of 47 -- vertices calculated
Status : test: Implied Alignments : 3 of 47 -- vertices calculated
Status : test: Implied Alignments : 4 of 47 -- vertices calculated
Status : test: Implied Alignments : 5 of 47 -- vertices calculated
Status : test: Implied Alignments : 6 of 47 -- vertices calculated
Status : test: Implied Alignments : 7 of 47 -- vertices calculated
Status : test: Implied Alignments : 8 of 47 -- vertices calculated
Status : test: Implied Alignments : 9 of 47 -- vertices calculated
Status : test: Implied Alignments : 10 of 47 -- vertices calculated
Status : test: Implied Alignments : 11 of 47 -- vertices calculated
Status : test: Implied Alignments : 12 of 47 -- vertices calculated
Status : test: Implied Alignments : 13 of 47 -- vertices calculated
Status : test: Implied Alignments : 14 of 47 -- vertices calculated
Status : test: Implied Alignments : 15 of 47 -- vertices calculated
Status : test: Implied Alignments : 16 of 47 -- vertices calculated
Status : test: Implied Alignments : 17 of 47 -- vertices calculated
Status : test: Implied Alignments : 18 of 47 -- vertices calculated
Status : test: Implied Alignments : 19 of 47 -- vertices calculated
Status : test: Implied Alignments : 20 of 47 -- vertices calculated
Status : test: Implied Alignments : 21 of 47 -- vertices calculated
Status : test: Implied Alignments : 22 of 47 -- vertices calculated
Status : test: Implied Alignments : 23 of 47 -- vertices calculated
Status : test: Implied Alignments : 24 of 47 -- vertices calculated
Status : test: Implied Alignments : 25 of 47 -- vertices calculated
Status : test: Implied Alignments : 26 of 47 -- vertices calculated
Status : test: Implied Alignments : 27 of 47 -- vertices calculated
Status : test: Implied Alignments : 28 of 47 -- vertices calculated
Status : test: Implied Alignments : 29 of 47 -- vertices calculated
Status : test: Implied Alignments : 30 of 47 -- vertices calculated
Status : test: Implied Alignments : 31 of 47 -- vertices calculated
Status : test: Implied Alignments : 32 of 47 -- vertices calculated
Status : test: Implied Alignments : 33 of 47 -- vertices calculated
Status : test: Implied Alignments : 34 of 47 -- vertices calculated
Status : test: Implied Alignments : 35 of 47 -- vertices calculated
Status : test: Implied Alignments : 36 of 47 -- vertices calculated
Status : test: Implied Alignments : 37 of 47 -- vertices calculated
Status : test: Implied Alignments : 38 of 47 -- vertices calculated
Status : test: Implied Alignments : 39 of 47 -- vertices calculated
Status : test: Implied Alignments : 40 of 47 -- vertices calculated
Status : test: Implied Alignments : 41 of 47 -- vertices calculated
Status : test: Implied Alignments : 42 of 47 -- vertices calculated
Status : test: Implied Alignments : 43 of 47 -- vertices calculated
Status : test: Implied Alignments : 44 of 47 -- vertices calculated
Status : test: Implied Alignments : 45 of 47 -- vertices calculated
Status : test: Implied Alignments Finished
Status : Static Approximation Finished
Status : Loading Characters : 0 of 24 -- Storing the character specifications
Status : Loading Characters : 1 of 24 -- Storing the character specifications
Status : Loading Characters : 2 of 24 -- Storing the character specifications
Status : Loading Characters : 3 of 24 -- Storing the character specifications
Status : Loading Characters : 4 of 24 -- Storing the character specifications
Status : Loading Characters : 5 of 24 -- Storing the character specifications
Status : Loading Characters : 6 of 24 -- Storing the character specifications
Status : Loading Characters : 7 of 24 -- Storing the character specifications
Status : Loading Characters : 8 of 24 -- Storing the character specifications
Status : Loading Characters : 9 of 24 -- Storing the character specifications
Status :
Loading Characters : 10 of 24 -- Storing the character specifications
Status :
Loading Characters : 11 of 24 -- Storing the character specifications
Status :
Loading Characters : 12 of 24 -- Storing the character specifications
Status :
Loading Characters : 13 of 24 -- Storing the character specifications
Status :
Loading Characters : 14 of 24 -- Storing the character specifications
Status :
Loading Characters : 15 of 24 -- Storing the character specifications
Status :
Loading Characters : 16 of 24 -- Storing the character specifications
Status :
Loading Characters : 17 of 24 -- Storing the character specifications
Status :
Loading Characters : 18 of 24 -- Storing the character specifications
Status :
Loading Characters : 19 of 24 -- Storing the character specifications
Status :
Loading Characters : 20 of 24 -- Storing the character specifications
Status :
Loading Characters : 21 of 24 -- Storing the character specifications
Status :
Loading Characters : 22 of 24 -- Storing the character specifications
Status :
Loading Characters : 23 of 24 -- Storing the character specifications
Status :
Loading Characters : 24 of 24 -- Storing the character specifications
Status : Loading Characters Finished
Status : Transforming : 1 of 1 --  of transformations applied
Status : Transforming Finished
Status : Diagnosis : 0 Recalculating original tree
Status : Diagnosis Finished
Status : Diagnosis : 1 of 1 -- Recalculating trees
Status : Diagnosis Finished
Status : Perturb Iteration : 1 of 4 -- 
Status : Ratcheting : 0 of 1 -- trees in the current optimum
Status : Diagnosis : 0 Recalculating original tree
Status : Diagnosis Finished
Status : Ratcheting : 1 of 1 -- trees in the current optimum
Status : TBR : 1842 Searching
Status : TBR : 1841 Searching
Status : TBR Finished
Status : Diagnosis : 0 Recalculating original tree
Status : Diagnosis Finished
Status : Ratcheting Finished
Status : Perturb Iteration : 2 of 4 -- 
Status : Ratcheting : 0 of 1 -- trees in the current optimum
Status : Diagnosis : 0 Recalculating original tree
Status : Diagnosis Finished
Status : Ratcheting : 1 of 1 -- trees in the current optimum
Status : TBR : 1827 Searching
Status : TBR Finished
Status : Diagnosis : 0 Recalculating original tree
Status : Diagnosis Finished
Status : Ratcheting Finished
Status : Perturb Iteration : 3 of 4 -- 
Status : Ratcheting : 0 of 1 -- trees in the current optimum
Status : Diagnosis : 0 Recalculating original tree
Status : Diagnosis Finished
Status : Ratcheting : 1 of 1 -- trees in the current optimum
Status : TBR : 1848 Searching
Status : TBR Finished
Status : Diagnosis : 0 Recalculating original tree
Status : Diagnosis Finished
Status : Ratcheting Finished
Status : Perturb Iteration : 4 of 4 -- 
Status : Ratcheting : 0 of 1 -- trees in the current optimum
Status : Diagnosis : 0 Recalculating original tree
Status : Diagnosis Finished
Status : Ratcheting : 1 of 1 -- trees in the current optimum
Status : TBR : 1830 Searching
Status : TBR Finished
Status : Diagnosis : 0 Recalculating original tree
Status : Diagnosis Finished
Status : Ratcheting Finished
Status : Perturb Iteration Finished
Status : Diagnosis : 0 Recalculating original tree
Status : Diagnosis Finished
Status : TBR : 1457 Searching
Information : 
                Timer:
                   1 seconds
Information : 
                Timer:
                   2 seconds
Information : 
                Timer:
                   3 seconds
Information : 
                Timer:
                   4 seconds
Information : 
                Timer:
                   5 seconds
Information : 
                Timer:
                   6 seconds
Information : 
                Timer:
                   7 seconds
Information : 
                Timer:
                   8 seconds
Status : TBR Finished
Status : Automated Search : 0 Best tree: 1457.; Time left: 2 m, 1 s; Hits: 2
Status : RAS + TBR : 0 Searching on tree number 3
Status : Wagner : 2 of 24 -- Wagner tree with cost 30.
Status : Wagner : 3 of 24 -- Wagner tree with cost 486.
Status : Wagner : 4 of 24 -- Wagner tree with cost 489.
Status : Wagner : 5 of 24 -- Wagner tree with cost 503.
Status : Wagner : 6 of 24 -- Wagner tree with cost 506.
Status : Wagner : 7 of 24 -- Wagner tree with cost 507.
Status : Wagner : 8 of 24 -- Wagner tree with cost 508.
Status : Wagner : 9 of 24 -- Wagner tree with cost 508.
Status : Wagner : 10 of 24 -- Wagner tree with cost 509.
Status : Wagner : 11 of 24 -- Wagner tree with cost 565.
Status : Wagner : 12 of 24 -- Wagner tree with cost 565.
Status : Wagner : 13 of 24 -- Wagner tree with cost 565.
Status : Wagner : 14 of 24 -- Wagner tree with cost 565.
Status : Wagner : 15 of 24 -- Wagner tree with cost 567.
Status : Wagner : 16 of 24 -- Wagner tree with cost 905.
Status : Wagner : 17 of 24 -- Wagner tree with cost 915.
Status : Wagner : 18 of 24 -- Wagner tree with cost 918.
Status : Wagner : 19 of 24 -- Wagner tree with cost 918.
Status : Wagner : 20 of 24 -- Wagner tree with cost 920.
Status : Wagner : 21 of 24 -- Wagner tree with cost 925.
Status : Wagner : 22 of 24 -- Wagner tree with cost 925.
Status : Wagner : 23 of 24 -- Wagner tree with cost 926.
Status : Wagner Finished
Status : Building Wagner Tree Finished
Status : TBR : 1457 Searching
Information : 
                Timer:
                   1 seconds
Information : 
                Timer:
                   2 seconds
Information : 
                Timer:
                   3 seconds
Information : 
                Timer:
                   4 seconds
Information : 
                Timer:
                   5 seconds
Information : 
                Timer:
                   6 seconds
Information : 
                Timer:
                   7 seconds
Information : 
                Timer:
                   8 seconds
Status : TBR Finished
Status : Automated Search : 0 Best tree: 1457.; Time left: 1 m, 48 s; Hits: 3
Status : Transforming : 1 of 1 --  of transformations applied
Status : Transforming Finished
Status : Diagnosis : 1 of 1 -- Recalculating trees
Status : Diagnosis Finished
Status : test: Implied Alignments : 1 of 47 -- vertices calculated
Status : test: Implied Alignments : 2 of 47 -- vertices calculated
Status : test: Implied Alignments : 3 of 47 -- vertices calculated
Status : test: Implied Alignments : 4 of 47 -- vertices calculated
Status : test: Implied Alignments : 5 of 47 -- vertices calculated
Status : test: Implied Alignments : 6 of 47 -- vertices calculated
Status : test: Implied Alignments : 7 of 47 -- vertices calculated
Status : test: Implied Alignments : 8 of 47 -- vertices calculated
Status : test: Implied Alignments : 9 of 47 -- vertices calculated
Status : test: Implied Alignments : 10 of 47 -- vertices calculated
Status : test: Implied Alignments : 11 of 47 -- vertices calculated
Status : test: Implied Alignments : 12 of 47 -- vertices calculated
Status : test: Implied Alignments : 13 of 47 -- vertices calculated
Status : test: Implied Alignments : 14 of 47 -- vertices calculated
Status : test: Implied Alignments : 15 of 47 -- vertices calculated
Status : test: Implied Alignments : 16 of 47 -- vertices calculated
Status : test: Implied Alignments : 17 of 47 -- vertices calculated
Status : test: Implied Alignments : 18 of 47 -- vertices calculated
Status : test: Implied Alignments : 19 of 47 -- vertices calculated
Status : test: Implied Alignments : 20 of 47 -- vertices calculated
Status : test: Implied Alignments : 21 of 47 -- vertices calculated
Status : test: Implied Alignments : 22 of 47 -- vertices calculated
Status : test: Implied Alignments : 23 of 47 -- vertices calculated
Status : test: Implied Alignments : 24 of 47 -- vertices calculated
Status : test: Implied Alignments : 25 of 47 -- vertices calculated
Status : test: Implied Alignments : 26 of 47 -- vertices calculated
Status : test: Implied Alignments : 27 of 47 -- vertices calculated
Status : test: Implied Alignments : 28 of 47 -- vertices calculated
Status : test: Implied Alignments : 29 of 47 -- vertices calculated
Status : test: Implied Alignments : 30 of 47 -- vertices calculated
Status : test: Implied Alignments : 31 of 47 -- vertices calculated
Status : test: Implied Alignments : 32 of 47 -- vertices calculated
Status : test: Implied Alignments : 33 of 47 -- vertices calculated
Status : test: Implied Alignments : 34 of 47 -- vertices calculated
Status : test: Implied Alignments : 35 of 47 -- vertices calculated
Status : test: Implied Alignments : 36 of 47 -- vertices calculated
Status : test: Implied Alignments : 37 of 47 -- vertices calculated
Status : test: Implied Alignments : 38 of 47 -- vertices calculated
Status : test: Implied Alignments : 39 of 47 -- vertices calculated
Status : test: Implied Alignments : 40 of 47 -- vertices calculated
Status : test: Implied Alignments : 41 of 47 -- vertices calculated
Status : test: Implied Alignments : 42 of 47 -- vertices calculated
Status : test: Implied Alignments : 43 of 47 -- vertices calculated
Status : test: Implied Alignments : 44 of 47 -- vertices calculated
Status : test: Implied Alignments : 45 of 47 -- vertices calculated
Status : test: Implied Alignments Finished
Status : Static Approximation Finished
Status : Loading Characters : 0 of 24 -- Storing the character specifications
Status : Loading Characters : 1 of 24 -- Storing the character specifications
Status : Loading Characters : 2 of 24 -- Storing the character specifications
Status : Loading Characters : 3 of 24 -- Storing the character specifications
Status : Loading Characters : 4 of 24 -- Storing the character specifications
Status : Loading Characters : 5 of 24 -- Storing the character specifications
Status : Loading Characters : 6 of 24 -- Storing the character specifications
Status : Loading Characters : 7 of 24 -- Storing the character specifications
Status : Loading Characters : 8 of 24 -- Storing the character specifications
Status : Loading Characters : 9 of 24 -- Storing the character specifications
Status :
Loading Characters : 10 of 24 -- Storing the character specifications
Status :
Loading Characters : 11 of 24 -- Storing the character specifications
Status :
Loading Characters : 12 of 24 -- Storing the character specifications
Status :
Loading Characters : 13 of 24 -- Storing the character specifications
Status :
Loading Characters : 14 of 24 -- Storing the character specifications
Status :
Loading Characters : 15 of 24 -- Storing the character specifications
Status :
Loading Characters : 16 of 24 -- Storing the character specifications
Status :
Loading Characters : 17 of 24 -- Storing the character specifications
Status :
Loading Characters : 18 of 24 -- Storing the character specifications
Status :
Loading Characters : 19 of 24 -- Storing the character specifications
Status :
Loading Characters : 20 of 24 -- Storing the character specifications
Status :
Loading Characters : 21 of 24 -- Storing the character specifications
Status :
Loading Characters : 22 of 24 -- Storing the character specifications
Status :
Loading Characters : 23 of 24 -- Storing the character specifications
Status :
Loading Characters : 24 of 24 -- Storing the character specifications
Status : Loading Characters Finished
Status : Transforming : 1 of 1 --  of transformations applied
Status : Transforming Finished
Status : Diagnosis : 0 Recalculating original tree
Status : Diagnosis Finished
Status : Diagnosis : 1 of 1 -- Recalculating trees
Status : Diagnosis Finished
Status : Perturb Iteration : 1 of 4 -- 
Status : Ratcheting : 0 of 1 -- trees in the current optimum
Status : Diagnosis : 0 Recalculating original tree
Status : Diagnosis Finished
Status : Ratcheting : 1 of 1 -- trees in the current optimum
Status : TBR : 1831 Searching
Status : TBR : 1830 Searching
Status : TBR Finished
Status : Diagnosis : 0 Recalculating original tree
Status : Diagnosis Finished
Status : Ratcheting Finished
Status : Perturb Iteration : 2 of 4 -- 
Status : Ratcheting : 0 of 1 -- trees in the current optimum
Status : Diagnosis : 0 Recalculating original tree
Status : Diagnosis Finished
Status : Ratcheting : 1 of 1 -- trees in the current optimum
Status : TBR : 1829 Searching
Status : TBR Finished
Status : Diagnosis : 0 Recalculating original tree
Status : Diagnosis Finished
Status : Ratcheting Finished
Status : Perturb Iteration : 3 of 4 -- 
Status : Ratcheting : 0 of 1 -- trees in the current optimum
Status : Diagnosis : 0 Recalculating original tree
Status : Diagnosis Finished
Status : Ratcheting : 1 of 1 -- trees in the current optimum
Status : TBR : 1837 Searching
Status : TBR Finished
Status : Diagnosis : 0 Recalculating original tree
Status : Diagnosis Finished
Status : Ratcheting Finished
Status : Perturb Iteration : 4 of 4 -- 
Status : Ratcheting : 0 of 1 -- trees in the current optimum
Status : Diagnosis : 0 Recalculating original tree
Status : Diagnosis Finished
Status : Ratcheting : 1 of 1 -- trees in the current optimum
Status : TBR : 1812 Searching
Status : TBR Finished
Status : Diagnosis : 0 Recalculating original tree
Status : Diagnosis Finished
Status : Ratcheting Finished
Status : Perturb Iteration Finished
Status : Diagnosis : 0 Recalculating original tree
Status : Diagnosis Finished
Status : TBR : 1457 Searching
Information : 
                Timer:
                   1 seconds
Information : 
                Timer:
                   2 seconds
Information : 
                Timer:
                   3 seconds
Information : 
                Timer:
                   4 seconds
Information : 
                Timer:
                   5 seconds
Information : 
                Timer:
                   6 seconds
Information : 
                Timer:
                   7 seconds
Information : 
                Timer:
                   8 seconds
Status : TBR Finished
Status : Automated Search : 0 Best tree: 1457.; Time left: 1 m, 36 s; Hits: 4
Status : RAS + TBR : 0 Searching on tree number 4
Status : Wagner : 2 of 24 -- Wagner tree with cost 3.
Status : Wagner : 3 of 24 -- Wagner tree with cost 38.
Status : Wagner : 4 of 24 -- Wagner tree with cost 502.
Status : Wagner : 5 of 24 -- Wagner tree with cost 516.
Status : Wagner : 6 of 24 -- Wagner tree with cost 518.
Status : Wagner : 7 of 24 -- Wagner tree with cost 519.
Status : Wagner : 8 of 24 -- Wagner tree with cost 524.
Status : Wagner : 9 of 24 -- Wagner tree with cost 1058.
Status : Wagner : 10 of 24 -- Wagner tree with cost 1061.
Status : Wagner : 11 of 24 -- Wagner tree with cost 1062.
Status : Wagner : 12 of 24 -- Wagner tree with cost 1423.
Status : Wagner : 13 of 24 -- Wagner tree with cost 1424.
Status : Wagner : 14 of 24 -- Wagner tree with cost 1425.
Status : Wagner : 15 of 24 -- Wagner tree with cost 1425.
Status : Wagner : 16 of 24 -- Wagner tree with cost 1425.
Status : Wagner : 17 of 24 -- Wagner tree with cost 1425.
Status : Wagner : 18 of 24 -- Wagner tree with cost 1425.
Status : Wagner : 19 of 24 -- Wagner tree with cost 1427.
Status : Wagner : 20 of 24 -- Wagner tree with cost 1428.
Status : Wagner : 21 of 24 -- Wagner tree with cost 1438.
Status : Wagner : 22 of 24 -- Wagner tree with cost 1487.
Status : Wagner : 23 of 24 -- Wagner tree with cost 1490.
Status : Wagner Finished
Status : Building Wagner Tree Finished
Status : TBR : 1457 Searching
Information : 
                Timer:
                   5 seconds
Information : 
                Timer:
                   6 seconds
Information : 
                Timer:
                   7 seconds
Information : 
                Timer:
                   8 seconds
Information : 
                Timer:
                   9 seconds
Information : 
                Timer:
                   10 seconds
Information : 
                Timer:
                   11 seconds
Information : 
                Timer:
                   12 seconds
Status : TBR Finished
Status : TBR : 1457 Searching
Information : 
                Timer:
                   1 seconds
Information : 
                Timer:
                   2 seconds
Information : 
                Timer:
                   3 seconds
Information : 
                Timer:
                   4 seconds
Information : 
                Timer:
                   5 seconds
Status : TBR Finished
Status : Automated Search : 0 Best tree: 1457.; Time left: 1 m, 14 s; Hits: 5
Status : RAS + TBR : 0 Searching on tree number 5
Status : Wagner : 2 of 24 -- Wagner tree with cost 4.
Status : Wagner : 3 of 24 -- Wagner tree with cost 6.
Status : Wagner : 4 of 24 -- Wagner tree with cost 8.
Status : Wagner : 5 of 24 -- Wagner tree with cost 33.
Status : Wagner : 6 of 24 -- Wagner tree with cost 35.
Status : Wagner : 7 of 24 -- Wagner tree with cost 494.
Status : Wagner : 8 of 24 -- Wagner tree with cost 508.
Status : Wagner : 9 of 24 -- Wagner tree with cost 508.
Status : Wagner : 10 of 24 -- Wagner tree with cost 508.
Status : Wagner : 11 of 24 -- Wagner tree with cost 511.
Status : Wagner : 12 of 24 -- Wagner tree with cost 519.
Status : Wagner : 13 of 24 -- Wagner tree with cost 520.
Status : Wagner : 14 of 24 -- Wagner tree with cost 521.
Status : Wagner : 15 of 24 -- Wagner tree with cost 521.
Status : Wagner : 16 of 24 -- Wagner tree with cost 521.
Status : Wagner : 17 of 24 -- Wagner tree with cost 1056.
Status : Wagner : 18 of 24 -- Wagner tree with cost 1109.
Status : Wagner : 19 of 24 -- Wagner tree with cost 1464.
Status : Wagner : 20 of 24 -- Wagner tree with cost 1464.
Status : Wagner : 21 of 24 -- Wagner tree with cost 1470.
Status : Wagner : 22 of 24 -- Wagner tree with cost 1470.
Status : Wagner : 23 of 24 -- Wagner tree with cost 1475.
Status : Wagner Finished
Status : Building Wagner Tree Finished
Status : TBR : 1457 Searching
Information : 
                Timer:
                   1 seconds
Information : 
                Timer:
                   2 seconds
Information : 
                Timer:
                   3 seconds
Information : 
                Timer:
                   4 seconds
Information : 
                Timer:
                   5 seconds
Information : 
                Timer:
                   6 seconds
Information : 
                Timer:
                   7 seconds
Information : 
                Timer:
                   8 seconds
Status : TBR Finished
Status : Automated Search : 0 Best tree: 1457.; Time left: 1 m, 1 s; Hits: 6
Status : Transforming : 1 of 1 --  of transformations applied
Status : Transforming Finished
Status : Diagnosis : 1 of 1 -- Recalculating trees
Status : Diagnosis Finished
Status : test: Implied Alignments : 1 of 47 -- vertices calculated
Status : test: Implied Alignments : 2 of 47 -- vertices calculated
Status : test: Implied Alignments : 3 of 47 -- vertices calculated
Status : test: Implied Alignments : 4 of 47 -- vertices calculated
Status : test: Implied Alignments : 5 of 47 -- vertices calculated
Status : test: Implied Alignments : 6 of 47 -- vertices calculated
Status : test: Implied Alignments : 7 of 47 -- vertices calculated
Status : test: Implied Alignments : 8 of 47 -- vertices calculated
Status : test: Implied Alignments : 9 of 47 -- vertices calculated
Status : test: Implied Alignments : 10 of 47 -- vertices calculated
Status : test: Implied Alignments : 11 of 47 -- vertices calculated
Status : test: Implied Alignments : 12 of 47 -- vertices calculated
Status : test: Implied Alignments : 13 of 47 -- vertices calculated
Status : test: Implied Alignments : 14 of 47 -- vertices calculated
Status : test: Implied Alignments : 15 of 47 -- vertices calculated
Status : test: Implied Alignments : 16 of 47 -- vertices calculated
Status : test: Implied Alignments : 17 of 47 -- vertices calculated
Status : test: Implied Alignments : 18 of 47 -- vertices calculated
Status : test: Implied Alignments : 19 of 47 -- vertices calculated
Status : test: Implied Alignments : 20 of 47 -- vertices calculated
Status : test: Implied Alignments : 21 of 47 -- vertices calculated
Status : test: Implied Alignments : 22 of 47 -- vertices calculated
Status : test: Implied Alignments : 23 of 47 -- vertices calculated
Status : test: Implied Alignments : 24 of 47 -- vertices calculated
Status : test: Implied Alignments : 25 of 47 -- vertices calculated
Status : test: Implied Alignments : 26 of 47 -- vertices calculated
Status : test: Implied Alignments : 27 of 47 -- vertices calculated
Status : test: Implied Alignments : 28 of 47 -- vertices calculated
Status : test: Implied Alignments : 29 of 47 -- vertices calculated
Status : test: Implied Alignments : 30 of 47 -- vertices calculated
Status : test: Implied Alignments : 31 of 47 -- vertices calculated
Status : test: Implied Alignments : 32 of 47 -- vertices calculated
Status : test: Implied Alignments : 33 of 47 -- vertices calculated
Status : test: Implied Alignments : 34 of 47 -- vertices calculated
Status : test: Implied Alignments : 35 of 47 -- vertices calculated
Status : test: Implied Alignments : 36 of 47 -- vertices calculated
Status : test: Implied Alignments : 37 of 47 -- vertices calculated
Status : test: Implied Alignments : 38 of 47 -- vertices calculated
Status : test: Implied Alignments : 39 of 47 -- vertices calculated
Status : test: Implied Alignments : 40 of 47 -- vertices calculated
Status : test: Implied Alignments : 41 of 47 -- vertices calculated
Status : test: Implied Alignments : 42 of 47 -- vertices calculated
Status : test: Implied Alignments : 43 of 47 -- vertices calculated
Status : test: Implied Alignments : 44 of 47 -- vertices calculated
Status : test: Implied Alignments : 45 of 47 -- vertices calculated
Status : test: Implied Alignments Finished
Status : Static Approximation Finished
Status : Loading Characters : 0 of 24 -- Storing the character specifications
Status : Loading Characters : 1 of 24 -- Storing the character specifications
Status : Loading Characters : 2 of 24 -- Storing the character specifications
Status : Loading Characters : 3 of 24 -- Storing the character specifications
Status : Loading Characters : 4 of 24 -- Storing the character specifications
Status : Loading Characters : 5 of 24 -- Storing the character specifications
Status : Loading Characters : 6 of 24 -- Storing the character specifications
Status : Loading Characters : 7 of 24 -- Storing the character specifications
Status : Loading Characters : 8 of 24 -- Storing the character specifications
Status : Loading Characters : 9 of 24 -- Storing the character specifications
Status :
Loading Characters : 10 of 24 -- Storing the character specifications
Status :
Loading Characters : 11 of 24 -- Storing the character specifications
Status :
Loading Characters : 12 of 24 -- Storing the character specifications
Status :
Loading Characters : 13 of 24 -- Storing the character specifications
Status :
Loading Characters : 14 of 24 -- Storing the character specifications
Status :
Loading Characters : 15 of 24 -- Storing the character specifications
Status :
Loading Characters : 16 of 24 -- Storing the character specifications
Status :
Loading Characters : 17 of 24 -- Storing the character specifications
Status :
Loading Characters : 18 of 24 -- Storing the character specifications
Status :
Loading Characters : 19 of 24 -- Storing the character specifications
Status :
Loading Characters : 20 of 24 -- Storing the character specifications
Status :
Loading Characters : 21 of 24 -- Storing the character specifications
Status :
Loading Characters : 22 of 24 -- Storing the character specifications
Status :
Loading Characters : 23 of 24 -- Storing the character specifications
Status :
Loading Characters : 24 of 24 -- Storing the character specifications
Status : Loading Characters Finished
Status : Transforming : 1 of 1 --  of transformations applied
Status : Transforming Finished
Status : Diagnosis : 0 Recalculating original tree
Status : Diagnosis Finished
Status : Diagnosis : 1 of 1 -- Recalculating trees
Status : Diagnosis Finished
Status : Perturb Iteration : 1 of 4 -- 
Status : Ratcheting : 0 of 1 -- trees in the current optimum
Status : Diagnosis : 0 Recalculating original tree
Status : Diagnosis Finished
Status : Ratcheting : 1 of 1 -- trees in the current optimum
Status : TBR : 1824 Searching
Status : TBR : 1821 Searching
Status : TBR Finished
Status : Diagnosis : 0 Recalculating original tree
Status : Diagnosis Finished
Status : Ratcheting Finished
Status : Perturb Iteration : 2 of 4 -- 
Status : Ratcheting : 0 of 1 -- trees in the current optimum
Status : Diagnosis : 0 Recalculating original tree
Status : Diagnosis Finished
Status : Ratcheting : 1 of 1 -- trees in the current optimum
Status : TBR : 1834 Searching
Status : TBR Finished
Status : Diagnosis : 0 Recalculating original tree
Status : Diagnosis Finished
Status : Ratcheting Finished
Status : Perturb Iteration : 3 of 4 -- 
Status : Ratcheting : 0 of 1 -- trees in the current optimum
Status : Diagnosis : 0 Recalculating original tree
Status : Diagnosis Finished
Status : Ratcheting : 1 of 1 -- trees in the current optimum
Status : TBR : 1826 Searching
Status : TBR Finished
Status : Diagnosis : 0 Recalculating original tree
Status : Diagnosis Finished
Status : Ratcheting Finished
Status : Perturb Iteration : 4 of 4 -- 
Status : Ratcheting : 0 of 1 -- trees in the current optimum
Status : Diagnosis : 0 Recalculating original tree
Status : Diagnosis Finished
Status : Ratcheting : 1 of 1 -- trees in the current optimum
Status : TBR : 1831 Searching
Status : TBR Finished
Status : Diagnosis : 0 Recalculating original tree
Status : Diagnosis Finished
Status : Ratcheting Finished
Status : Perturb Iteration Finished
Status : Diagnosis : 0 Recalculating original tree
Status : Diagnosis Finished
Status : TBR : 1457 Searching
Information : 
                Timer:
                   1 seconds
Information : 
                Timer:
                   2 seconds
Information : 
                Timer:
                   3 seconds
Information : 
                Timer:
                   4 seconds
Information : 
                Timer:
                   5 seconds
Information : 
                Timer:
                   6 seconds
Information : 
                Timer:
                   7 seconds
Information : 
                Timer:
                   8 seconds
Status : TBR Finished
Status : Automated Search : 0 Best tree: 1457.; Time left: 49 s; Hits: 7
Status : RAS + TBR Finished
Status : Automated Search : 0 Best tree: 1457.; Time left: 49 s; Hits: 7
Status : Fusing Trees : 0 Generation 1
Status : Tree Fusing : 0 of 1 -- 
Status : Tree Fusing : 1 of 1 -- 
Status :
Tree Fusing :
1 of 1 -- tree #1 [1459.] -> tree #3 [1457.]: tree with cost 1458.
Status :
Tree Fusing :
1 of 1 -- tree #1 [1459.] -> tree #3 [1457.]: tree with cost 1459.
Status : Tree Fusing Finished
Status : Automated Search : 0 Best tree: 1457.; Time left: 47 s; Hits: 7
Status : Automated Search : 0 Best tree: 1457.; Time left: 47 s; Hits: 7
Status : Fusing Trees : 0 Generation 2
Status : Tree Fusing : 0 of 1 -- 
Status : Tree Fusing : 1 of 1 -- 
Status :
Tree Fusing :
1 of 1 -- tree #5 [1457.] -> tree #7 [1457.]: tree with cost 1457.
Status : Tree Fusing Finished
Status : Automated Search : 0 Best tree: 1457.; Time left: 47 s; Hits: 7
Status : Automated Search : 0 Best tree: 1457.; Time left: 47 s; Hits: 7
Status : Fusing Trees : 0 Generation 3
Status : Tree Fusing : 0 of 1 -- 
Status : Tree Fusing : 1 of 1 -- 
Status :
Tree Fusing :
1 of 1 -- tree #8 [1457.] -> tree #6 [1457.]: tree with cost 1457.
Status : Tree Fusing Finished
Status : Automated Search : 0 Best tree: 1457.; Time left: 46 s; Hits: 7
Status : Automated Search : 0 Best tree: 1457.; Time left: 46 s; Hits: 7
Status : Fusing Trees : 0 Generation 4
Status : Tree Fusing : 0 of 1 -- 
Status : Tree Fusing : 1 of 1 -- 
Status : Tree Fusing Finished
Status : Automated Search : 0 Best tree: 1457.; Time left: 46 s; Hits: 7
Status : Automated Search : 0 Best tree: 1457.; Time left: 46 s; Hits: 7
Status : Fusing Trees : 0 Generation 5
Status : Tree Fusing : 0 of 1 -- 
Status : Tree Fusing : 1 of 1 -- 
Status :
Tree Fusing :
1 of 1 -- tree #6 [1457.] -> tree #5 [1457.]: tree with cost 1457.
Status : Tree Fusing Finished
Status : Automated Search : 0 Best tree: 1457.; Time left: 45 s; Hits: 7
Status : Automated Search : 0 Best tree: 1457.; Time left: 45 s; Hits: 7
Status : Fusing Trees : 0 Generation 6
Status : Tree Fusing : 0 of 1 -- 
Status : Tree Fusing : 1 of 1 -- 
Status :
Tree Fusing :
1 of 1 -- tree #8 [1457.] -> tree #7 [1457.]: tree with cost 1457.
Status : Tree Fusing Finished
Status : Automated Search : 0 Best tree: 1457.; Time left: 45 s; Hits: 7
Status : Automated Search : 0 Best tree: 1457.; Time left: 45 s; Hits: 7
Status : Fusing Trees : 0 Generation 7
Status : Tree Fusing : 0 of 1 -- 
Status : Tree Fusing : 1 of 1 -- 
Status :
Tree Fusing :
1 of 1 -- tree #1 [1459.] -> tree #8 [1457.]: tree with cost 1459.
Status : Tree Fusing Finished
Status : Automated Search : 0 Best tree: 1457.; Time left: 44 s; Hits: 7
Status : Automated Search : 0 Best tree: 1457.; Time left: 44 s; Hits: 7
Status : Fusing Trees : 0 Generation 8
Status : Tree Fusing : 0 of 1 -- 
Status : Tree Fusing : 1 of 1 -- 
Status :
Tree Fusing :
1 of 1 -- tree #9 [1457.] -> tree #4 [1457.]: tree with cost 1456.
Status :
Tree Fusing :
1 of 1 -- tree #9 [1457.] -> tree #4 [1457.]: tree with cost 1457.
Status : TBR : 1456 Searching
Information : 
                Timer:
                   1 seconds
Information : 
                Timer:
                   2 seconds
Information : 
                Timer:
                   3 seconds
Information : 
                Timer:
                   4 seconds
Information : 
                Timer:
                   5 seconds
Information : 
                Timer:
                   6 seconds
Information : 
                Timer:
                   7 seconds
Status : TBR Finished
Status : Tree Fusing Finished
Status : Automated Search : 0 Best tree: 1456.; Time left: 35 s; Hits: 8
Status : Automated Search : 0 Best tree: 1456.; Time left: 35 s; Hits: 8
Status : Fusing Trees : 0 Generation 9
Status : Tree Fusing : 0 of 1 -- 
Status : Tree Fusing : 1 of 1 -- 
Status :
Tree Fusing :
1 of 1 -- tree #2 [1457.] -> tree #7 [1457.]: tree with cost 1458.
Status : Tree Fusing Finished
Status : Automated Search : 0 Best tree: 1456.; Time left: 35 s; Hits: 8
Status : Automated Search : 0 Best tree: 1456.; Time left: 35 s; Hits: 8
Status : Fusing Trees : 0 Generation 10
Status : Tree Fusing : 0 of 1 -- 
Status : Tree Fusing : 1 of 1 -- 
Status :
Tree Fusing :
1 of 1 -- tree #8 [1457.] -> tree #3 [1457.]: tree with cost 1457.
Status : Tree Fusing Finished
Status : Automated Search : 0 Best tree: 1456.; Time left: 34 s; Hits: 8
Status : Automated Search : 0 Best tree: 1456.; Time left: 34 s; Hits: 8
Status : Fusing Trees : 0 Generation 11
Status : Tree Fusing : 0 of 1 -- 
Status : Tree Fusing : 1 of 1 -- 
Status :
Tree Fusing :
1 of 1 -- tree #8 [1457.] -> tree #3 [1457.]: tree with cost 1457.
Status : Tree Fusing Finished
Status : Automated Search : 0 Best tree: 1456.; Time left: 33 s; Hits: 8
Status : Automated Search : 0 Best tree: 1456.; Time left: 33 s; Hits: 8
Status : Fusing Trees : 0 Generation 12
Status : Tree Fusing : 0 of 1 -- 
Status : Tree Fusing : 1 of 1 -- 
Status :
Tree Fusing :
1 of 1 -- tree #9 [1456.] -> tree #1 [1457.]: tree with cost 1457.
Status : Tree Fusing Finished
Status : Automated Search : 0 Best tree: 1456.; Time left: 32 s; Hits: 8
Status : Automated Search : 0 Best tree: 1456.; Time left: 32 s; Hits: 8
Status : Fusing Trees : 0 Generation 13
Status : Tree Fusing : 0 of 1 -- 
Status : Tree Fusing : 1 of 1 -- 
Status :
Tree Fusing :
1 of 1 -- tree #9 [1456.] -> tree #8 [1457.]: tree with cost 1457.
Status :
Tree Fusing :
1 of 1 -- tree #9 [1456.] -> tree #8 [1457.]: tree with cost 1456.
Status : TBR : 1456 Searching
Information : 
                Timer:
                   5 seconds
Information : 
                Timer:
                   6 seconds
Information : 
                Timer:
                   7 seconds
Information : 
                Timer:
                   8 seconds
Information : 
                Timer:
                   9 seconds
Information : 
                Timer:
                   10 seconds
Information : 
                Timer:
                   11 seconds
Status : TBR Finished
Status : Tree Fusing Finished
Status : Automated Search : 0 Best tree: 1456.; Time left: 20 s; Hits: 9
Status : Automated Search : 0 Best tree: 1456.; Time left: 20 s; Hits: 9
Status : Fusing Trees : 0 Generation 14
Status : Tree Fusing : 0 of 1 -- 
Status : Tree Fusing : 1 of 1 -- 
Status :
Tree Fusing :
1 of 1 -- tree #6 [1457.] -> tree #3 [1457.]: tree with cost 1457.
Status : Tree Fusing Finished
Status : Automated Search : 0 Best tree: 1456.; Time left: 19 s; Hits: 9
Status : Automated Search : 0 Best tree: 1456.; Time left: 19 s; Hits: 9
Status : Fusing Trees : 0 Generation 15
Status : Tree Fusing : 0 of 1 -- 
Status : Tree Fusing : 1 of 1 -- 
Status :
Tree Fusing :
1 of 1 -- tree #1 [1457.] -> tree #1 [1457.]: tree with cost 1456.
Status :
Tree Fusing :
1 of 1 -- tree #1 [1457.] -> tree #1 [1457.]: tree with cost 1457.
Status : Tree Fusing Finished
Status : Automated Search : 0 Best tree: 1456.; Time left: 18 s; Hits: 10
Status : Automated Search : 0 Best tree: 1456.; Time left: 18 s; Hits: 10
Status : Fusing Trees : 0 Generation 16
Status : Tree Fusing : 0 of 1 -- 
Status : Tree Fusing : 1 of 1 -- 
Status :
Tree Fusing :
1 of 1 -- tree #4 [1457.] -> tree #7 [1456.]: tree with cost 1456.
Status :
Tree Fusing :
1 of 1 -- tree #4 [1457.] -> tree #7 [1456.]: tree with cost 1457.
Status : Tree Fusing Finished
Status : Automated Search : 0 Best tree: 1456.; Time left: 16 s; Hits: 10
Status : Automated Search : 0 Best tree: 1456.; Time left: 16 s; Hits: 10
Status : Fusing Trees : 0 Generation 17
Status : Tree Fusing : 0 of 1 -- 
Status : Tree Fusing : 1 of 1 -- 
Status : Tree Fusing Finished
Status : Automated Search : 0 Best tree: 1456.; Time left: 16 s; Hits: 10
Status : Automated Search : 0 Best tree: 1456.; Time left: 16 s; Hits: 10
Status : Fusing Trees : 0 Generation 18
Status : Tree Fusing : 0 of 1 -- 
Status : Tree Fusing : 1 of 1 -- 
Status :
Tree Fusing :
1 of 1 -- tree #3 [1457.] -> tree #7 [1456.]: tree with cost 1457.
Status :
Tree Fusing :
1 of 1 -- tree #3 [1457.] -> tree #7 [1456.]: tree with cost 1456.
Status : Tree Fusing Finished
Status : Automated Search : 0 Best tree: 1456.; Time left: 15 s; Hits: 10
Status : Automated Search : 0 Best tree: 1456.; Time left: 15 s; Hits: 10
Status : Fusing Trees : 0 Generation 19
Status : Tree Fusing : 0 of 1 -- 
Status : Tree Fusing : 1 of 1 -- 
Status :
Tree Fusing :
1 of 1 -- tree #3 [1457.] -> tree #5 [1457.]: tree with cost 1457.
Status : Tree Fusing Finished
Status : Automated Search : 0 Best tree: 1456.; Time left: 14 s; Hits: 10
Status : TBR : 1456 Searching
Information : 
                Timer:
                   1 seconds
Information : 
                Timer:
                   2 seconds
Information : 
                Timer:
                   3 seconds
Information : 
                Timer:
                   4 seconds
Information : 
                Timer:
                   5 seconds
Information : 
                Timer:
                   6 seconds
Information : 
                Timer:
                   7 seconds
Status : TBR Finished
Status : Automated Search : 0 Best tree: 1456.; Time left: 6 s; Hits: 10
Status : Fusing Trees Finished
Status : RAS + TBR : 0 
Status : RAS + TBR : 0 Searching on tree number 6
Status : Wagner : 2 of 24 -- Wagner tree with cost 28.
Status : Wagner : 3 of 24 -- Wagner tree with cost 28.
Status : Wagner : 4 of 24 -- Wagner tree with cost 31.
Status : Wagner : 5 of 24 -- Wagner tree with cost 31.
Status : Wagner : 6 of 24 -- Wagner tree with cost 489.
Status : Wagner : 7 of 24 -- Wagner tree with cost 541.
Status : Wagner : 8 of 24 -- Wagner tree with cost 542.
Status : Wagner : 9 of 24 -- Wagner tree with cost 544.
Status : Wagner : 10 of 24 -- Wagner tree with cost 545.
Status : Wagner : 11 of 24 -- Wagner tree with cost 563.
Status : Wagner : 12 of 24 -- Wagner tree with cost 566.
Status : Wagner : 13 of 24 -- Wagner tree with cost 570.
Status : Wagner : 14 of 24 -- Wagner tree with cost 570.
Status : Wagner : 15 of 24 -- Wagner tree with cost 572.
Status : Wagner : 16 of 24 -- Wagner tree with cost 581.
Status : Wagner : 17 of 24 -- Wagner tree with cost 583.
Status : Wagner : 18 of 24 -- Wagner tree with cost 583.
Status : Wagner : 19 of 24 -- Wagner tree with cost 925.
Status : Wagner : 20 of 24 -- Wagner tree with cost 1472.
Status : Wagner : 21 of 24 -- Wagner tree with cost 1472.
Status : Wagner : 22 of 24 -- Wagner tree with cost 1473.
Status : Wagner : 23 of 24 -- Wagner tree with cost 1474.
Status : Wagner Finished
Status : Building Wagner Tree Finished
Status : TBR : 1457 Searching
Status : TBR Finished
Status : Automated Search : 0 Best tree: 1456.; Time left: -0 s; Hits: 10
Status : Transforming : 1 of 1 --  of transformations applied
Status : Transforming Finished
Status : Diagnosis : 1 of 1 -- Recalculating trees
Status : Diagnosis Finished
Status : test: Implied Alignments : 1 of 47 -- vertices calculated
Status : test: Implied Alignments : 2 of 47 -- vertices calculated
Status : test: Implied Alignments : 3 of 47 -- vertices calculated
Status : test: Implied Alignments : 4 of 47 -- vertices calculated
Status : test: Implied Alignments : 5 of 47 -- vertices calculated
Status : test: Implied Alignments : 6 of 47 -- vertices calculated
Status : test: Implied Alignments : 7 of 47 -- vertices calculated
Status : test: Implied Alignments : 8 of 47 -- vertices calculated
Status : test: Implied Alignments : 9 of 47 -- vertices calculated
Status : test: Implied Alignments : 10 of 47 -- vertices calculated
Status : test: Implied Alignments : 11 of 47 -- vertices calculated
Status : test: Implied Alignments : 12 of 47 -- vertices calculated
Status : test: Implied Alignments : 13 of 47 -- vertices calculated
Status : test: Implied Alignments : 14 of 47 -- vertices calculated
Status : test: Implied Alignments : 15 of 47 -- vertices calculated
Status : test: Implied Alignments : 16 of 47 -- vertices calculated
Status : test: Implied Alignments : 17 of 47 -- vertices calculated
Status : test: Implied Alignments : 18 of 47 -- vertices calculated
Status : test: Implied Alignments : 19 of 47 -- vertices calculated
Status : test: Implied Alignments : 20 of 47 -- vertices calculated
Status : test: Implied Alignments : 21 of 47 -- vertices calculated
Status : test: Implied Alignments : 22 of 47 -- vertices calculated
Status : test: Implied Alignments : 23 of 47 -- vertices calculated
Status : test: Implied Alignments : 24 of 47 -- vertices calculated
Status : test: Implied Alignments : 25 of 47 -- vertices calculated
Status : test: Implied Alignments : 26 of 47 -- vertices calculated
Status : test: Implied Alignments : 27 of 47 -- vertices calculated
Status : test: Implied Alignments : 28 of 47 -- vertices calculated
Status : test: Implied Alignments : 29 of 47 -- vertices calculated
Status : test: Implied Alignments : 30 of 47 -- vertices calculated
Status : test: Implied Alignments : 31 of 47 -- vertices calculated
Status : test: Implied Alignments : 32 of 47 -- vertices calculated
Status : test: Implied Alignments : 33 of 47 -- vertices calculated
Status : test: Implied Alignments : 34 of 47 -- vertices calculated
Status : test: Implied Alignments : 35 of 47 -- vertices calculated
Status : test: Implied Alignments : 36 of 47 -- vertices calculated
Status : test: Implied Alignments : 37 of 47 -- vertices calculated
Status : test: Implied Alignments : 38 of 47 -- vertices calculated
Status : test: Implied Alignments : 39 of 47 -- vertices calculated
Status : test: Implied Alignments : 40 of 47 -- vertices calculated
Status : test: Implied Alignments : 41 of 47 -- vertices calculated
Status : test: Implied Alignments : 42 of 47 -- vertices calculated
Status : test: Implied Alignments : 43 of 47 -- vertices calculated
Status : test: Implied Alignments : 44 of 47 -- vertices calculated
Status : test: Implied Alignments : 45 of 47 -- vertices calculated
Status : test: Implied Alignments Finished
Status : Static Approximation Finished
Status : Loading Characters : 0 of 24 -- Storing the character specifications
Status : Loading Characters : 1 of 24 -- Storing the character specifications
Status : Loading Characters : 2 of 24 -- Storing the character specifications
Status : Loading Characters : 3 of 24 -- Storing the character specifications
Status : Loading Characters : 4 of 24 -- Storing the character specifications
Status : Loading Characters : 5 of 24 -- Storing the character specifications
Status : Loading Characters : 6 of 24 -- Storing the character specifications
Status : Loading Characters : 7 of 24 -- Storing the character specifications
Status : Loading Characters : 8 of 24 -- Storing the character specifications
Status : Loading Characters : 9 of 24 -- Storing the character specifications
Status :
Loading Characters : 10 of 24 -- Storing the character specifications
Status :
Loading Characters : 11 of 24 -- Storing the character specifications
Status :
Loading Characters : 12 of 24 -- Storing the character specifications
Status :
Loading Characters : 13 of 24 -- Storing the character specifications
Status :
Loading Characters : 14 of 24 -- Storing the character specifications
Status :
Loading Characters : 15 of 24 -- Storing the character specifications
Status :
Loading Characters : 16 of 24 -- Storing the character specifications
Status :
Loading Characters : 17 of 24 -- Storing the character specifications
Status :
Loading Characters : 18 of 24 -- Storing the character specifications
Status :
Loading Characters : 19 of 24 -- Storing the character specifications
Status :
Loading Characters : 20 of 24 -- Storing the character specifications
Status :
Loading Characters : 21 of 24 -- Storing the character specifications
Status :
Loading Characters : 22 of 24 -- Storing the character specifications
Status :
Loading Characters : 23 of 24 -- Storing the character specifications
Status :
Loading Characters : 24 of 24 -- Storing the character specifications
Status : Loading Characters Finished
Status : Transforming : 1 of 1 --  of transformations applied
Status : Transforming Finished
Status : Diagnosis : 0 Recalculating original tree
Status : Diagnosis Finished
Status : Diagnosis : 1 of 1 -- Recalculating trees
Status : Diagnosis Finished
Status : Perturb Iteration Finished
Status : Diagnosis : 0 Recalculating original tree
Status : Diagnosis Finished
Status : Automated Search : 0 Best tree: 1456.; Time left: -2 s; Hits: 10
Status : RAS + TBR Finished
Status : Fusing Trees : 0 
Status : Fusing Trees Finished
Status : Diagnosis : 0 Recalculating original tree
Status : Diagnosis Finished
Status : Diagnosis : 1 of 6 -- Recalculating trees
Status : Diagnosis : 0 Recalculating original tree
Status : Diagnosis Finished
Status : Diagnosis : 2 of 6 -- Recalculating trees
Status : Diagnosis : 0 Recalculating original tree
Status : Diagnosis Finished
Status : Diagnosis : 3 of 6 -- Recalculating trees
Status : Diagnosis : 0 Recalculating original tree
Status : Diagnosis Finished
Status : Diagnosis : 4 of 6 -- Recalculating trees
Status : Diagnosis : 0 Recalculating original tree
Status : Diagnosis Finished
Status : Diagnosis : 5 of 6 -- Recalculating trees
Status : Diagnosis : 0 Recalculating original tree
Status : Diagnosis Finished
Status : Diagnosis : 6 of 6 -- Recalculating trees
Status : Diagnosis Finished
Status : Diagnosis : 0 Recalculating original tree
Status : Diagnosis Finished
Status : Diagnosis : 1 of 5 -- Recalculating trees
Status : Diagnosis : 0 Recalculating original tree
Status : Diagnosis Finished
Status : Diagnosis : 2 of 5 -- Recalculating trees
Status : Diagnosis : 0 Recalculating original tree
Status : Diagnosis Finished
Status : Diagnosis : 3 of 5 -- Recalculating trees
Status : Diagnosis : 0 Recalculating original tree
Status : Diagnosis Finished
Status : Diagnosis : 4 of 5 -- Recalculating trees
Status : Diagnosis : 0 Recalculating original tree
Status : Diagnosis Finished
Status : Diagnosis : 5 of 5 -- Recalculating trees
Status : Diagnosis Finished
Status : Diagnosis : 0 Recalculating original tree
Status : Diagnosis Finished
Status : Diagnosis : 1 of 6 -- Recalculating trees
Status : Diagnosis : 0 Recalculating original tree
Status : Diagnosis Finished
Status : Diagnosis : 2 of 6 -- Recalculating trees
Status : Diagnosis : 0 Recalculating original tree
Status : Diagnosis Finished
Status : Diagnosis : 3 of 6 -- Recalculating trees
Status : Diagnosis : 0 Recalculating original tree
Status : Diagnosis Finished
Status : Diagnosis : 4 of 6 -- Recalculating trees
Status : Diagnosis : 0 Recalculating original tree
Status : Diagnosis Finished
Status : Diagnosis : 5 of 6 -- Recalculating trees
Status : Diagnosis : 0 Recalculating original tree
Status : Diagnosis Finished
Status : Diagnosis : 6 of 6 -- Recalculating trees
Status : Diagnosis Finished
Status : Diagnosis : 0 Recalculating original tree
Status : Diagnosis Finished
Status : Diagnosis : 1 of 8 -- Recalculating trees
Status : Diagnosis : 0 Recalculating original tree
Status : Diagnosis Finished
Status : Diagnosis : 2 of 8 -- Recalculating trees
Status : Diagnosis : 0 Recalculating original tree
Status : Diagnosis Finished
Status : Diagnosis : 3 of 8 -- Recalculating trees
Status : Diagnosis : 0 Recalculating original tree
Status : Diagnosis Finished
Status : Diagnosis : 4 of 8 -- Recalculating trees
Status : Diagnosis : 0 Recalculating original tree
Status : Diagnosis Finished
Status : Diagnosis : 5 of 8 -- Recalculating trees
Status : Diagnosis : 0 Recalculating original tree
Status : Diagnosis Finished
Status : Diagnosis : 6 of 8 -- Recalculating trees
Status : Diagnosis : 0 Recalculating original tree
Status : Diagnosis Finished
Status : Diagnosis : 7 of 8 -- Recalculating trees
Status : Diagnosis : 0 Recalculating original tree
Status : Diagnosis Finished
Status : Diagnosis : 8 of 8 -- Recalculating trees
Status : Diagnosis Finished
Status : Diagnosis : 0 Recalculating original tree
Status : Diagnosis Finished
Status : Diagnosis : 1 of 11 -- Recalculating trees
Status : Diagnosis : 0 Recalculating original tree
Status : Diagnosis Finished
Status : Diagnosis : 2 of 11 -- Recalculating trees
Status : Diagnosis : 0 Recalculating original tree
Status : Diagnosis Finished
Status : Diagnosis : 3 of 11 -- Recalculating trees
Status : Diagnosis : 0 Recalculating original tree
Status : Diagnosis Finished
Status : Diagnosis : 4 of 11 -- Recalculating trees
Status : Diagnosis : 0 Recalculating original tree
Status : Diagnosis Finished
Status : Diagnosis : 5 of 11 -- Recalculating trees
Status : Diagnosis : 0 Recalculating original tree
Status : Diagnosis Finished
Status : Diagnosis : 6 of 11 -- Recalculating trees
Status : Diagnosis : 0 Recalculating original tree
Status : Diagnosis Finished
Status : Diagnosis : 7 of 11 -- Recalculating trees
Status : Diagnosis : 0 Recalculating original tree
Status : Diagnosis Finished
Status : Diagnosis : 8 of 11 -- Recalculating trees
Status : Diagnosis : 0 Recalculating original tree
Status : Diagnosis Finished
Status : Diagnosis : 9 of 11 -- Recalculating trees
Status : Diagnosis : 0 Recalculating original tree
Status : Diagnosis Finished
Status : Diagnosis : 10 of 11 -- Recalculating trees
Status : Diagnosis : 0 Recalculating original tree
Status : Diagnosis Finished
Status : Diagnosis : 11 of 11 -- Recalculating trees
Status : Diagnosis Finished
Status : Diagnosis : 0 Recalculating original tree
Status : Diagnosis Finished
Status : Diagnosis : 1 of 16 -- Recalculating trees
Status : Diagnosis : 0 Recalculating original tree
Status : Diagnosis Finished
Status : Diagnosis : 2 of 16 -- Recalculating trees
Status : Diagnosis : 0 Recalculating original tree
Status : Diagnosis Finished
Status : Diagnosis : 3 of 16 -- Recalculating trees
Status : Diagnosis : 0 Recalculating original tree
Status : Diagnosis Finished
Status : Diagnosis : 4 of 16 -- Recalculating trees
Status : Diagnosis : 0 Recalculating original tree
Status : Diagnosis Finished
Status : Diagnosis : 5 of 16 -- Recalculating trees
Status : Diagnosis : 0 Recalculating original tree
Status : Diagnosis Finished
Status : Diagnosis : 6 of 16 -- Recalculating trees
Status : Diagnosis : 0 Recalculating original tree
Status : Diagnosis Finished
Status : Diagnosis : 7 of 16 -- Recalculating trees
Status : Diagnosis : 0 Recalculating original tree
Status : Diagnosis Finished
Status : Diagnosis : 8 of 16 -- Recalculating trees
Status : Diagnosis : 0 Recalculating original tree
Status : Diagnosis Finished
Status : Diagnosis : 9 of 16 -- Recalculating trees
Status : Diagnosis : 0 Recalculating original tree
Status : Diagnosis Finished
Status : Diagnosis : 10 of 16 -- Recalculating trees
Status : Diagnosis : 0 Recalculating original tree
Status : Diagnosis Finished
Status : Diagnosis : 11 of 16 -- Recalculating trees
Status : Diagnosis : 0 Recalculating original tree
Status : Diagnosis Finished
Status : Diagnosis : 12 of 16 -- Recalculating trees
Status : Diagnosis : 0 Recalculating original tree
Status : Diagnosis Finished
Status : Diagnosis : 13 of 16 -- Recalculating trees
Status : Diagnosis : 0 Recalculating original tree
Status : Diagnosis Finished
Status : Diagnosis : 14 of 16 -- Recalculating trees
Status : Diagnosis : 0 Recalculating original tree
Status : Diagnosis Finished
Status : Diagnosis : 15 of 16 -- Recalculating trees
Status : Diagnosis : 0 Recalculating original tree
Status : Diagnosis Finished
Status : Diagnosis : 16 of 16 -- Recalculating trees
Status : Diagnosis Finished
Status : Automated Search Finished
Information :
The search evaluated 340 independent repetitions with ratchet and fusing for 911 generations. The shortest tree was found 370 times.
Status : test: Implied Alignments : 1 of 47 -- vertices calculated
Status : test: Implied Alignments : 2 of 47 -- vertices calculated
Status : test: Implied Alignments : 3 of 47 -- vertices calculated
Status : test: Implied Alignments : 4 of 47 -- vertices calculated
Status : test: Implied Alignments : 5 of 47 -- vertices calculated
Status : test: Implied Alignments : 6 of 47 -- vertices calculated
Status : test: Implied Alignments : 7 of 47 -- vertices calculated
Status : test: Implied Alignments : 8 of 47 -- vertices calculated
Status : test: Implied Alignments : 9 of 47 -- vertices calculated
Status : test: Implied Alignments : 10 of 47 -- vertices calculated
Status : test: Implied Alignments : 11 of 47 -- vertices calculated
Status : test: Implied Alignments : 12 of 47 -- vertices calculated
Status : test: Implied Alignments : 13 of 47 -- vertices calculated
Status : test: Implied Alignments : 14 of 47 -- vertices calculated
Status : test: Implied Alignments : 15 of 47 -- vertices calculated
Status : test: Implied Alignments : 16 of 47 -- vertices calculated
Status : test: Implied Alignments : 17 of 47 -- vertices calculated
Status : test: Implied Alignments : 18 of 47 -- vertices calculated
Status : test: Implied Alignments : 19 of 47 -- vertices calculated
Status : test: Implied Alignments : 20 of 47 -- vertices calculated
Status : test: Implied Alignments : 21 of 47 -- vertices calculated
Status : test: Implied Alignments : 22 of 47 -- vertices calculated
Status : test: Implied Alignments : 23 of 47 -- vertices calculated
Status : test: Implied Alignments : 24 of 47 -- vertices calculated
Status : test: Implied Alignments : 25 of 47 -- vertices calculated
Status : test: Implied Alignments : 26 of 47 -- vertices calculated
Status : test: Implied Alignments : 27 of 47 -- vertices calculated
Status : test: Implied Alignments : 28 of 47 -- vertices calculated
Status : test: Implied Alignments : 29 of 47 -- vertices calculated
Status : test: Implied Alignments : 30 of 47 -- vertices calculated
Status : test: Implied Alignments : 31 of 47 -- vertices calculated
Status : test: Implied Alignments : 32 of 47 -- vertices calculated
Status : test: Implied Alignments : 33 of 47 -- vertices calculated
Status : test: Implied Alignments : 34 of 47 -- vertices calculated
Status : test: Implied Alignments : 35 of 47 -- vertices calculated
Status : test: Implied Alignments : 36 of 47 -- vertices calculated
Status : test: Implied Alignments : 37 of 47 -- vertices calculated
Status : test: Implied Alignments : 38 of 47 -- vertices calculated
Status : test: Implied Alignments : 39 of 47 -- vertices calculated
Status : test: Implied Alignments : 40 of 47 -- vertices calculated
Status : test: Implied Alignments : 41 of 47 -- vertices calculated
Status : test: Implied Alignments : 42 of 47 -- vertices calculated
Status : test: Implied Alignments : 43 of 47 -- vertices calculated
Status : test: Implied Alignments : 44 of 47 -- vertices calculated
Status : test: Implied Alignments : 45 of 47 -- vertices calculated
Status : test: Implied Alignments Finished
Status : Static Approximation Finished
Status : Loading Characters : 0 of 24 -- Storing the character specifications
Status : Loading Characters : 1 of 24 -- Storing the character specifications
Status : Loading Characters : 2 of 24 -- Storing the character specifications
Status : Loading Characters : 3 of 24 -- Storing the character specifications
Status : Loading Characters : 4 of 24 -- Storing the character specifications
Status : Loading Characters : 5 of 24 -- Storing the character specifications
Status : Loading Characters : 6 of 24 -- Storing the character specifications
Status : Loading Characters : 7 of 24 -- Storing the character specifications
Status : Loading Characters : 8 of 24 -- Storing the character specifications
Status : Loading Characters : 9 of 24 -- Storing the character specifications
Status :
Loading Characters : 10 of 24 -- Storing the character specifications
Status :
Loading Characters : 11 of 24 -- Storing the character specifications
Status :
Loading Characters : 12 of 24 -- Storing the character specifications
Status :
Loading Characters : 13 of 24 -- Storing the character specifications
Status :
Loading Characters : 14 of 24 -- Storing the character specifications
Status :
Loading Characters : 15 of 24 -- Storing the character specifications
Status :
Loading Characters : 16 of 24 -- Storing the character specifications
Status :
Loading Characters : 17 of 24 -- Storing the character specifications
Status :
Loading Characters : 18 of 24 -- Storing the character specifications
Status :
Loading Characters : 19 of 24 -- Storing the character specifications
Status :
Loading Characters : 20 of 24 -- Storing the character specifications
Status :
Loading Characters : 21 of 24 -- Storing the character specifications
Status :
Loading Characters : 22 of 24 -- Storing the character specifications
Status :
Loading Characters : 23 of 24 -- Storing the character specifications
Status :
Loading Characters : 24 of 24 -- Storing the character specifications
Status : Loading Characters Finished
Status : Transforming : 1 of 1 --  of transformations applied
Status : Transforming Finished
Status : Diagnosis : 0 Recalculating original tree
Status : Diagnosis Finished
Status : Diagnosis : 1 of 1 -- Recalculating trees
Status : Diagnosis Finished
Status : Diagnosis : 0 Recalculating original tree
Status : Diagnosis Finished
Status : Diagnosis : 1 of 1 -- Recalculating trees
Status : Diagnosis Finished
Tree with cost 1456
  |--------------------NC_001608  
  |                               
  | |------------------AB050936   
  | |                             
  | |   |--------------AF173836   
  | |   |                         
  | | |-| |------------AY729654   
  | | | |-|                       
  | | |   |------------NC_006432  
  | | |                           
  | | |     |----------AF054908   
  | | |     |                     
  | | |     | |--------AY058895   
  | | |   |-| |                   
  | | |   | |-| |------EU051639   
  | | |   |   |-|                 
  | | |   |     |------Y09358     
  | | |   |                       
  | | |   | |----------EBORNA     
  | | | |-| |                     
  | | | | | |----------AY142960   
  | | | | | |                     
  | | | | |-|----------NC_002549  
--| | | |   |                     
  |-| | |   |----------AF086833   
    | | |   |                     
    |-| |   |----------AF499101   
      | |                         
      | | |------------EU051648   
      | | |                       
      | | | |----------EU051647   
      | | |-|                     
      |-| | |----------EU051650   
        | |                       
        | | |----------EU051644   
        | | |                     
        | | |----------EU051642   
        |-| |                     
          | |----------EU051649   
          | |                     
          |-| |--------EU051645   
            |-|                   
            | |--------EU051646   
            |                     
            | |--------EU051640   
            |-|                   
              |--------EU051641   
