Status : Transforming : 1 of 1 --  of transformations applied
Status : Transforming Finished
Status : RAS + TBR : 0 
Status : RAS + TBR : 0 Searching on tree number 1
Status : Wagner : 2 of 24 -- Wagner tree with cost 3.
Status : Wagner : 3 of 24 -- Wagner tree with cost 32.
Status : Wagner : 4 of 24 -- Wagner tree with cost 42.
Status : Wagner : 5 of 24 -- Wagner tree with cost 501.
Status : Wagner : 6 of 24 -- Wagner tree with cost 502.
Status : Wagner : 7 of 24 -- Wagner tree with cost 504.
Status : Wagner : 8 of 24 -- Wagner tree with cost 507.
Status : Wagner : 9 of 24 -- Wagner tree with cost 507.
Status : Wagner : 10 of 24 -- Wagner tree with cost 518.
Status : Wagner : 11 of 24 -- Wagner tree with cost 519.
Status : Wagner : 12 of 24 -- Wagner tree with cost 869.
Status : Wagner : 13 of 24 -- Wagner tree with cost 870.
Status : Wagner : 14 of 24 -- Wagner tree with cost 875.
Status : Wagner : 15 of 24 -- Wagner tree with cost 875.
Status : Wagner : 16 of 24 -- Wagner tree with cost 876.
Status : Wagner : 17 of 24 -- Wagner tree with cost 879.
Status : Wagner : 18 of 24 -- Wagner tree with cost 879.
Status : Wagner : 19 of 24 -- Wagner tree with cost 880.
Status : Wagner : 20 of 24 -- Wagner tree with cost 881.
Status : Wagner : 21 of 24 -- Wagner tree with cost 923.
Status : Wagner : 22 of 24 -- Wagner tree with cost 923.
Status : Wagner : 23 of 24 -- Wagner tree with cost 1473.
Status : Wagner Finished
Status : Building Wagner Tree Finished
Status : TBR : 1454 Searching
Information : 
                Timer:
                   1 seconds
Information : 
                Timer:
                   2 seconds
Information : 
                Timer:
                   3 seconds
Information : 
                Timer:
                   4 seconds
Information : 
                Timer:
                   5 seconds
Information : 
                Timer:
                   6 seconds
Information : 
                Timer:
                   7 seconds
Information : 
                Timer:
                   8 seconds
Status : TBR Finished
Status : Automated Search : 0 Best tree: 1454.; Time left: 2 m, 47 s; Hits: 1
Status : Transforming : 1 of 1 --  of transformations applied
Status : Transforming Finished
Status : Diagnosis : 1 of 1 -- Recalculating trees
Status : Diagnosis Finished
Status : Implied Alignments : 1 of 47 -- vertices calculated
Status : Implied Alignments : 2 of 47 -- vertices calculated
Status : Implied Alignments : 3 of 47 -- vertices calculated
Status : Implied Alignments : 4 of 47 -- vertices calculated
Status : Implied Alignments : 5 of 47 -- vertices calculated
Status : Implied Alignments : 6 of 47 -- vertices calculated
Status : Implied Alignments : 7 of 47 -- vertices calculated
Status : Implied Alignments : 8 of 47 -- vertices calculated
Status : Implied Alignments : 9 of 47 -- vertices calculated
Status : Implied Alignments : 10 of 47 -- vertices calculated
Status : Implied Alignments : 11 of 47 -- vertices calculated
Status : Implied Alignments : 12 of 47 -- vertices calculated
Status : Implied Alignments : 13 of 47 -- vertices calculated
Status : Implied Alignments : 14 of 47 -- vertices calculated
Status : Implied Alignments : 15 of 47 -- vertices calculated
Status : Implied Alignments : 16 of 47 -- vertices calculated
Status : Implied Alignments : 17 of 47 -- vertices calculated
Status : Implied Alignments : 18 of 47 -- vertices calculated
Status : Implied Alignments : 19 of 47 -- vertices calculated
Status : Implied Alignments : 20 of 47 -- vertices calculated
Status : Implied Alignments : 21 of 47 -- vertices calculated
Status : Implied Alignments : 22 of 47 -- vertices calculated
Status : Implied Alignments : 23 of 47 -- vertices calculated
Status : Implied Alignments : 24 of 47 -- vertices calculated
Status : Implied Alignments : 25 of 47 -- vertices calculated
Status : Implied Alignments : 26 of 47 -- vertices calculated
Status : Implied Alignments : 27 of 47 -- vertices calculated
Status : Implied Alignments : 28 of 47 -- vertices calculated
Status : Implied Alignments : 29 of 47 -- vertices calculated
Status : Implied Alignments : 30 of 47 -- vertices calculated
Status : Implied Alignments : 31 of 47 -- vertices calculated
Status : Implied Alignments : 32 of 47 -- vertices calculated
Status : Implied Alignments : 33 of 47 -- vertices calculated
Status : Implied Alignments : 34 of 47 -- vertices calculated
Status : Implied Alignments : 35 of 47 -- vertices calculated
Status : Implied Alignments : 36 of 47 -- vertices calculated
Status : Implied Alignments : 37 of 47 -- vertices calculated
Status : Implied Alignments : 38 of 47 -- vertices calculated
Status : Implied Alignments : 39 of 47 -- vertices calculated
Status : Implied Alignments : 40 of 47 -- vertices calculated
Status : Implied Alignments : 41 of 47 -- vertices calculated
Status : Implied Alignments : 42 of 47 -- vertices calculated
Status : Implied Alignments : 43 of 47 -- vertices calculated
Status : Implied Alignments : 44 of 47 -- vertices calculated
Status : Implied Alignments : 45 of 47 -- vertices calculated
Status : Implied Alignments Finished
Status : Static Approximation Finished
Status : Loading Characters : 0 of 24 -- Storing the character specifications
Status : Loading Characters : 1 of 24 -- Storing the character specifications
Status : Loading Characters : 2 of 24 -- Storing the character specifications
Status : Loading Characters : 3 of 24 -- Storing the character specifications
Status : Loading Characters : 4 of 24 -- Storing the character specifications
Status : Loading Characters : 5 of 24 -- Storing the character specifications
Status : Loading Characters : 6 of 24 -- Storing the character specifications
Status : Loading Characters : 7 of 24 -- Storing the character specifications
Status : Loading Characters : 8 of 24 -- Storing the character specifications
Status : Loading Characters : 9 of 24 -- Storing the character specifications
Status :
Loading Characters : 10 of 24 -- Storing the character specifications
Status :
Loading Characters : 11 of 24 -- Storing the character specifications
Status :
Loading Characters : 12 of 24 -- Storing the character specifications
Status :
Loading Characters : 13 of 24 -- Storing the character specifications
Status :
Loading Characters : 14 of 24 -- Storing the character specifications
Status :
Loading Characters : 15 of 24 -- Storing the character specifications
Status :
Loading Characters : 16 of 24 -- Storing the character specifications
Status :
Loading Characters : 17 of 24 -- Storing the character specifications
Status :
Loading Characters : 18 of 24 -- Storing the character specifications
Status :
Loading Characters : 19 of 24 -- Storing the character specifications
Status :
Loading Characters : 20 of 24 -- Storing the character specifications
Status :
Loading Characters : 21 of 24 -- Storing the character specifications
Status :
Loading Characters : 22 of 24 -- Storing the character specifications
Status :
Loading Characters : 23 of 24 -- Storing the character specifications
Status :
Loading Characters : 24 of 24 -- Storing the character specifications
Status : Loading Characters Finished
Status : Transforming : 1 of 1 --  of transformations applied
Status : Transforming Finished
Status : Diagnosis : 0 Recalculating original tree
Status : Diagnosis Finished
Status : Diagnosis : 1 of 1 -- Recalculating trees
Status : Diagnosis Finished
Status : Perturb Iteration : 1 of 4 -- 
Status : Ratcheting : 0 of 1 -- trees in the current optimum
Status : Diagnosis : 0 Recalculating original tree
Status : Diagnosis Finished
Status : Ratcheting : 1 of 1 -- trees in the current optimum
Status : TBR : 1826 Searching
Status : TBR Finished
Status : Diagnosis : 0 Recalculating original tree
Status : Diagnosis Finished
Status : Ratcheting Finished
Status : Perturb Iteration : 2 of 4 -- 
Status : Ratcheting : 0 of 1 -- trees in the current optimum
Status : Diagnosis : 0 Recalculating original tree
Status : Diagnosis Finished
Status : Ratcheting : 1 of 1 -- trees in the current optimum
Status : TBR : 1793 Searching
Status : TBR Finished
Status : Diagnosis : 0 Recalculating original tree
Status : Diagnosis Finished
Status : Ratcheting Finished
Status : Perturb Iteration : 3 of 4 -- 
Status : Ratcheting : 0 of 1 -- trees in the current optimum
Status : Diagnosis : 0 Recalculating original tree
Status : Diagnosis Finished
Status : Ratcheting : 1 of 1 -- trees in the current optimum
Status : TBR : 1814 Searching
Status : TBR Finished
Status : Diagnosis : 0 Recalculating original tree
Status : Diagnosis Finished
Status : Ratcheting Finished
Status : Perturb Iteration : 4 of 4 -- 
Status : Ratcheting : 0 of 1 -- trees in the current optimum
Status : Diagnosis : 0 Recalculating original tree
Status : Diagnosis Finished
Status : Ratcheting : 1 of 1 -- trees in the current optimum
Status : TBR : 1844 Searching
Status : TBR Finished
Status : Diagnosis : 0 Recalculating original tree
Status : Diagnosis Finished
Status : Ratcheting Finished
Status : Perturb Iteration Finished
Status : Diagnosis : 0 Recalculating original tree
Status : Diagnosis Finished
Status : Automated Search : 0 Best tree: 1454.; Time left: 2 m, 42 s; Hits: 2
Status : RAS + TBR : 0 Searching on tree number 2
Status : Wagner : 2 of 24 -- Wagner tree with cost 663.
Status : Wagner : 3 of 24 -- Wagner tree with cost 665.
Status : Wagner : 4 of 24 -- Wagner tree with cost 689.
Status : Wagner : 5 of 24 -- Wagner tree with cost 704.
Status : Wagner : 6 of 24 -- Wagner tree with cost 706.
Status : Wagner : 7 of 24 -- Wagner tree with cost 708.
Status : Wagner : 8 of 24 -- Wagner tree with cost 710.
Status : Wagner : 9 of 24 -- Wagner tree with cost 709.
Status : Wagner : 10 of 24 -- Wagner tree with cost 709.
Status : Wagner : 11 of 24 -- Wagner tree with cost 723.
Status : Wagner : 12 of 24 -- Wagner tree with cost 724.
Status : Wagner : 13 of 24 -- Wagner tree with cost 1062.
Status : Wagner : 14 of 24 -- Wagner tree with cost 1062.
Status : Wagner : 15 of 24 -- Wagner tree with cost 1062.
Status : Wagner : 16 of 24 -- Wagner tree with cost 1063.
Status : Wagner : 17 of 24 -- Wagner tree with cost 1066.
Status : Wagner : 18 of 24 -- Wagner tree with cost 1067.
Status : Wagner : 19 of 24 -- Wagner tree with cost 1069.
Status : Wagner : 20 of 24 -- Wagner tree with cost 1069.
Status : Wagner : 21 of 24 -- Wagner tree with cost 1120.
Status : Wagner : 22 of 24 -- Wagner tree with cost 1123.
Status : Wagner : 23 of 24 -- Wagner tree with cost 1475.
Status : Wagner Finished
Status : Building Wagner Tree Finished
Status : TBR : 1459 Searching
Information : 
                Timer:
                   1 seconds
Information : 
                Timer:
                   5 seconds
Information : 
                Timer:
                   6 seconds
Information : 
                Timer:
                   7 seconds
Information : 
                Timer:
                   8 seconds
Information : 
                Timer:
                   9 seconds
Information : 
                Timer:
                   10 seconds
Information : 
                Timer:
                   11 seconds
Information : 
                Timer:
                   12 seconds
Status : TBR Finished
Status : Automated Search : 0 Best tree: 1454.; Time left: 2 m, 26 s; Hits: 2
Status : Transforming : 1 of 1 --  of transformations applied
Status : Transforming Finished
Status : Diagnosis : 1 of 1 -- Recalculating trees
Status : Diagnosis Finished
Status : Implied Alignments : 1 of 47 -- vertices calculated
Status : Implied Alignments : 2 of 47 -- vertices calculated
Status : Implied Alignments : 3 of 47 -- vertices calculated
Status : Implied Alignments : 4 of 47 -- vertices calculated
Status : Implied Alignments : 5 of 47 -- vertices calculated
Status : Implied Alignments : 6 of 47 -- vertices calculated
Status : Implied Alignments : 7 of 47 -- vertices calculated
Status : Implied Alignments : 8 of 47 -- vertices calculated
Status : Implied Alignments : 9 of 47 -- vertices calculated
Status : Implied Alignments : 10 of 47 -- vertices calculated
Status : Implied Alignments : 11 of 47 -- vertices calculated
Status : Implied Alignments : 12 of 47 -- vertices calculated
Status : Implied Alignments : 13 of 47 -- vertices calculated
Status : Implied Alignments : 14 of 47 -- vertices calculated
Status : Implied Alignments : 15 of 47 -- vertices calculated
Status : Implied Alignments : 16 of 47 -- vertices calculated
Status : Implied Alignments : 17 of 47 -- vertices calculated
Status : Implied Alignments : 18 of 47 -- vertices calculated
Status : Implied Alignments : 19 of 47 -- vertices calculated
Status : Implied Alignments : 20 of 47 -- vertices calculated
Status : Implied Alignments : 21 of 47 -- vertices calculated
Status : Implied Alignments : 22 of 47 -- vertices calculated
Status : Implied Alignments : 23 of 47 -- vertices calculated
Status : Implied Alignments : 24 of 47 -- vertices calculated
Status : Implied Alignments : 25 of 47 -- vertices calculated
Status : Implied Alignments : 26 of 47 -- vertices calculated
Status : Implied Alignments : 27 of 47 -- vertices calculated
Status : Implied Alignments : 28 of 47 -- vertices calculated
Status : Implied Alignments : 29 of 47 -- vertices calculated
Status : Implied Alignments : 30 of 47 -- vertices calculated
Status : Implied Alignments : 31 of 47 -- vertices calculated
Status : Implied Alignments : 32 of 47 -- vertices calculated
Status : Implied Alignments : 33 of 47 -- vertices calculated
Status : Implied Alignments : 34 of 47 -- vertices calculated
Status : Implied Alignments : 35 of 47 -- vertices calculated
Status : Implied Alignments : 36 of 47 -- vertices calculated
Status : Implied Alignments : 37 of 47 -- vertices calculated
Status : Implied Alignments : 38 of 47 -- vertices calculated
Status : Implied Alignments : 39 of 47 -- vertices calculated
Status : Implied Alignments : 40 of 47 -- vertices calculated
Status : Implied Alignments : 41 of 47 -- vertices calculated
Status : Implied Alignments : 42 of 47 -- vertices calculated
Status : Implied Alignments : 43 of 47 -- vertices calculated
Status : Implied Alignments : 44 of 47 -- vertices calculated
Status : Implied Alignments : 45 of 47 -- vertices calculated
Status : Implied Alignments Finished
Status : Static Approximation Finished
Status : Loading Characters : 0 of 24 -- Storing the character specifications
Status : Loading Characters : 1 of 24 -- Storing the character specifications
Status : Loading Characters : 2 of 24 -- Storing the character specifications
Status : Loading Characters : 3 of 24 -- Storing the character specifications
Status : Loading Characters : 4 of 24 -- Storing the character specifications
Status : Loading Characters : 5 of 24 -- Storing the character specifications
Status : Loading Characters : 6 of 24 -- Storing the character specifications
Status : Loading Characters : 7 of 24 -- Storing the character specifications
Status : Loading Characters : 8 of 24 -- Storing the character specifications
Status : Loading Characters : 9 of 24 -- Storing the character specifications
Status :
Loading Characters : 10 of 24 -- Storing the character specifications
Status :
Loading Characters : 11 of 24 -- Storing the character specifications
Status :
Loading Characters : 12 of 24 -- Storing the character specifications
Status :
Loading Characters : 13 of 24 -- Storing the character specifications
Status :
Loading Characters : 14 of 24 -- Storing the character specifications
Status :
Loading Characters : 15 of 24 -- Storing the character specifications
Status :
Loading Characters : 16 of 24 -- Storing the character specifications
Status :
Loading Characters : 17 of 24 -- Storing the character specifications
Status :
Loading Characters : 18 of 24 -- Storing the character specifications
Status :
Loading Characters : 19 of 24 -- Storing the character specifications
Status :
Loading Characters : 20 of 24 -- Storing the character specifications
Status :
Loading Characters : 21 of 24 -- Storing the character specifications
Status :
Loading Characters : 22 of 24 -- Storing the character specifications
Status :
Loading Characters : 23 of 24 -- Storing the character specifications
Status :
Loading Characters : 24 of 24 -- Storing the character specifications
Status : Loading Characters Finished
Status : Transforming : 1 of 1 --  of transformations applied
Status : Transforming Finished
Status : Diagnosis : 0 Recalculating original tree
Status : Diagnosis Finished
Status : Diagnosis : 1 of 1 -- Recalculating trees
Status : Diagnosis Finished
Status : Perturb Iteration : 1 of 4 -- 
Status : Ratcheting : 0 of 1 -- trees in the current optimum
Status : Diagnosis : 0 Recalculating original tree
Status : Diagnosis Finished
Status : Ratcheting : 1 of 1 -- trees in the current optimum
Status : TBR : 1842 Searching
Status : TBR Finished
Status : Diagnosis : 0 Recalculating original tree
Status : Diagnosis Finished
Status : Ratcheting Finished
Status : Perturb Iteration : 2 of 4 -- 
Status : Ratcheting : 0 of 1 -- trees in the current optimum
Status : Diagnosis : 0 Recalculating original tree
Status : Diagnosis Finished
Status : Ratcheting : 1 of 1 -- trees in the current optimum
Status : TBR : 1814 Searching
Status : TBR Finished
Status : Diagnosis : 0 Recalculating original tree
Status : Diagnosis Finished
Status : Ratcheting Finished
Status : Perturb Iteration : 3 of 4 -- 
Status : Ratcheting : 0 of 1 -- trees in the current optimum
Status : Diagnosis : 0 Recalculating original tree
Status : Diagnosis Finished
Status : Ratcheting : 1 of 1 -- trees in the current optimum
Status : TBR : 1845 Searching
Status : TBR Finished
Status : Diagnosis : 0 Recalculating original tree
Status : Diagnosis Finished
Status : Ratcheting Finished
Status : Perturb Iteration : 4 of 4 -- 
Status : Ratcheting : 0 of 1 -- trees in the current optimum
Status : Diagnosis : 0 Recalculating original tree
Status : Diagnosis Finished
Status : Ratcheting : 1 of 1 -- trees in the current optimum
Status : TBR : 1855 Searching
Status : TBR Finished
Status : Diagnosis : 0 Recalculating original tree
Status : Diagnosis Finished
Status : Ratcheting Finished
Status : Perturb Iteration Finished
Status : Diagnosis : 0 Recalculating original tree
Status : Diagnosis Finished
Status : Automated Search : 0 Best tree: 1454.; Time left: 2 m, 22 s; Hits: 3
Status : RAS + TBR : 0 Searching on tree number 3
Status : Wagner : 2 of 24 -- Wagner tree with cost 26.
Status : Wagner : 3 of 24 -- Wagner tree with cost 484.
Status : Wagner : 4 of 24 -- Wagner tree with cost 485.
Status : Wagner : 5 of 24 -- Wagner tree with cost 487.
Status : Wagner : 6 of 24 -- Wagner tree with cost 490.
Status : Wagner : 7 of 24 -- Wagner tree with cost 837.
Status : Wagner : 8 of 24 -- Wagner tree with cost 838.
Status : Wagner : 9 of 24 -- Wagner tree with cost 839.
Status : Wagner : 10 of 24 -- Wagner tree with cost 883.
Status : Wagner : 11 of 24 -- Wagner tree with cost 901.
Status : Wagner : 12 of 24 -- Wagner tree with cost 906.
Status : Wagner : 13 of 24 -- Wagner tree with cost 1455.
Status : Wagner : 14 of 24 -- Wagner tree with cost 1455.
Status : Wagner : 15 of 24 -- Wagner tree with cost 1456.
Status : Wagner : 16 of 24 -- Wagner tree with cost 1456.
Status : Wagner : 17 of 24 -- Wagner tree with cost 1456.
Status : Wagner : 18 of 24 -- Wagner tree with cost 1458.
Status : Wagner : 19 of 24 -- Wagner tree with cost 1466.
Status : Wagner : 20 of 24 -- Wagner tree with cost 1469.
Status : Wagner : 21 of 24 -- Wagner tree with cost 1469.
Status : Wagner : 22 of 24 -- Wagner tree with cost 1470.
Status : Wagner : 23 of 24 -- Wagner tree with cost 1471.
Status : Wagner Finished
Status : Building Wagner Tree Finished
Status : TBR : 1454 Searching
Information : 
                Timer:
                   1 seconds
Information : 
                Timer:
                   2 seconds
Information : 
                Timer:
                   3 seconds
Information : 
                Timer:
                   4 seconds
Information : 
                Timer:
                   5 seconds
Information : 
                Timer:
                   6 seconds
Information : 
                Timer:
                   7 seconds
Information : 
                Timer:
                   8 seconds
Status : TBR Finished
Status : Automated Search : 0 Best tree: 1454.; Time left: 2 m, 10 s; Hits: 4
Status : Transforming : 1 of 1 --  of transformations applied
Status : Transforming Finished
Status : Diagnosis : 1 of 1 -- Recalculating trees
Status : Diagnosis Finished
Status : Implied Alignments : 1 of 47 -- vertices calculated
Status : Implied Alignments : 2 of 47 -- vertices calculated
Status : Implied Alignments : 3 of 47 -- vertices calculated
Status : Implied Alignments : 4 of 47 -- vertices calculated
Status : Implied Alignments : 5 of 47 -- vertices calculated
Status : Implied Alignments : 6 of 47 -- vertices calculated
Status : Implied Alignments : 7 of 47 -- vertices calculated
Status : Implied Alignments : 8 of 47 -- vertices calculated
Status : Implied Alignments : 9 of 47 -- vertices calculated
Status : Implied Alignments : 10 of 47 -- vertices calculated
Status : Implied Alignments : 11 of 47 -- vertices calculated
Status : Implied Alignments : 12 of 47 -- vertices calculated
Status : Implied Alignments : 13 of 47 -- vertices calculated
Status : Implied Alignments : 14 of 47 -- vertices calculated
Status : Implied Alignments : 15 of 47 -- vertices calculated
Status : Implied Alignments : 16 of 47 -- vertices calculated
Status : Implied Alignments : 17 of 47 -- vertices calculated
Status : Implied Alignments : 18 of 47 -- vertices calculated
Status : Implied Alignments : 19 of 47 -- vertices calculated
Status : Implied Alignments : 20 of 47 -- vertices calculated
Status : Implied Alignments : 21 of 47 -- vertices calculated
Status : Implied Alignments : 22 of 47 -- vertices calculated
Status : Implied Alignments : 23 of 47 -- vertices calculated
Status : Implied Alignments : 24 of 47 -- vertices calculated
Status : Implied Alignments : 25 of 47 -- vertices calculated
Status : Implied Alignments : 26 of 47 -- vertices calculated
Status : Implied Alignments : 27 of 47 -- vertices calculated
Status : Implied Alignments : 28 of 47 -- vertices calculated
Status : Implied Alignments : 29 of 47 -- vertices calculated
Status : Implied Alignments : 30 of 47 -- vertices calculated
Status : Implied Alignments : 31 of 47 -- vertices calculated
Status : Implied Alignments : 32 of 47 -- vertices calculated
Status : Implied Alignments : 33 of 47 -- vertices calculated
Status : Implied Alignments : 34 of 47 -- vertices calculated
Status : Implied Alignments : 35 of 47 -- vertices calculated
Status : Implied Alignments : 36 of 47 -- vertices calculated
Status : Implied Alignments : 37 of 47 -- vertices calculated
Status : Implied Alignments : 38 of 47 -- vertices calculated
Status : Implied Alignments : 39 of 47 -- vertices calculated
Status : Implied Alignments : 40 of 47 -- vertices calculated
Status : Implied Alignments : 41 of 47 -- vertices calculated
Status : Implied Alignments : 42 of 47 -- vertices calculated
Status : Implied Alignments : 43 of 47 -- vertices calculated
Status : Implied Alignments : 44 of 47 -- vertices calculated
Status : Implied Alignments : 45 of 47 -- vertices calculated
Status : Implied Alignments Finished
Status : Static Approximation Finished
Status : Loading Characters : 0 of 24 -- Storing the character specifications
Status : Loading Characters : 1 of 24 -- Storing the character specifications
Status : Loading Characters : 2 of 24 -- Storing the character specifications
Status : Loading Characters : 3 of 24 -- Storing the character specifications
Status : Loading Characters : 4 of 24 -- Storing the character specifications
Status : Loading Characters : 5 of 24 -- Storing the character specifications
Status : Loading Characters : 6 of 24 -- Storing the character specifications
Status : Loading Characters : 7 of 24 -- Storing the character specifications
Status : Loading Characters : 8 of 24 -- Storing the character specifications
Status : Loading Characters : 9 of 24 -- Storing the character specifications
Status :
Loading Characters : 10 of 24 -- Storing the character specifications
Status :
Loading Characters : 11 of 24 -- Storing the character specifications
Status :
Loading Characters : 12 of 24 -- Storing the character specifications
Status :
Loading Characters : 13 of 24 -- Storing the character specifications
Status :
Loading Characters : 14 of 24 -- Storing the character specifications
Status :
Loading Characters : 15 of 24 -- Storing the character specifications
Status :
Loading Characters : 16 of 24 -- Storing the character specifications
Status :
Loading Characters : 17 of 24 -- Storing the character specifications
Status :
Loading Characters : 18 of 24 -- Storing the character specifications
Status :
Loading Characters : 19 of 24 -- Storing the character specifications
Status :
Loading Characters : 20 of 24 -- Storing the character specifications
Status :
Loading Characters : 21 of 24 -- Storing the character specifications
Status :
Loading Characters : 22 of 24 -- Storing the character specifications
Status :
Loading Characters : 23 of 24 -- Storing the character specifications
Status :
Loading Characters : 24 of 24 -- Storing the character specifications
Status : Loading Characters Finished
Status : Transforming : 1 of 1 --  of transformations applied
Status : Transforming Finished
Status : Diagnosis : 0 Recalculating original tree
Status : Diagnosis Finished
Status : Diagnosis : 1 of 1 -- Recalculating trees
Status : Diagnosis Finished
Status : Perturb Iteration : 1 of 4 -- 
Status : Ratcheting : 0 of 1 -- trees in the current optimum
Status : Diagnosis : 0 Recalculating original tree
Status : Diagnosis Finished
Status : Ratcheting : 1 of 1 -- trees in the current optimum
Status : TBR : 1801 Searching
Status : TBR : 1800 Searching
Status : TBR Finished
Status : Diagnosis : 0 Recalculating original tree
Status : Diagnosis Finished
Status : Ratcheting Finished
Status : Perturb Iteration : 2 of 4 -- 
Status : Ratcheting : 0 of 1 -- trees in the current optimum
Status : Diagnosis : 0 Recalculating original tree
Status : Diagnosis Finished
Status : Ratcheting : 1 of 1 -- trees in the current optimum
Status : TBR : 1821 Searching
Status : TBR Finished
Status : Diagnosis : 0 Recalculating original tree
Status : Diagnosis Finished
Status : Ratcheting Finished
Status : Perturb Iteration : 3 of 4 -- 
Status : Ratcheting : 0 of 1 -- trees in the current optimum
Status : Diagnosis : 0 Recalculating original tree
Status : Diagnosis Finished
Status : Ratcheting : 1 of 1 -- trees in the current optimum
Status : TBR : 1788 Searching
Status : TBR Finished
Status : Diagnosis : 0 Recalculating original tree
Status : Diagnosis Finished
Status : Ratcheting Finished
Status : Perturb Iteration : 4 of 4 -- 
Status : Ratcheting : 0 of 1 -- trees in the current optimum
Status : Diagnosis : 0 Recalculating original tree
Status : Diagnosis Finished
Status : Ratcheting : 1 of 1 -- trees in the current optimum
Status : TBR : 1791 Searching
Status : TBR Finished
Status : Diagnosis : 0 Recalculating original tree
Status : Diagnosis Finished
Status : Ratcheting Finished
Status : Perturb Iteration Finished
Status : Diagnosis : 0 Recalculating original tree
Status : Diagnosis Finished
Status : TBR : 1455 Searching
Information : 
                Timer:
                   1 seconds
Information : 
                Timer:
                   2 seconds
Information : 
                Timer:
                   3 seconds
Information : 
                Timer:
                   4 seconds
Information : 
                Timer:
                   5 seconds
Information : 
                Timer:
                   6 seconds
Information : 
                Timer:
                   7 seconds
Information : 
                Timer:
                   8 seconds
Information : 
                Timer:
                   9 seconds
Status : TBR Finished
Status : Automated Search : 0 Best tree: 1454.; Time left: 1 m, 57 s; Hits: 4
Status : RAS + TBR : 0 Searching on tree number 4
Status : Wagner : 2 of 24 -- Wagner tree with cost 460.
Status : Wagner : 3 of 24 -- Wagner tree with cost 511.
Status : Wagner : 4 of 24 -- Wagner tree with cost 541.
Status : Wagner : 5 of 24 -- Wagner tree with cost 543.
Status : Wagner : 6 of 24 -- Wagner tree with cost 543.
Status : Wagner : 7 of 24 -- Wagner tree with cost 555.
Status : Wagner : 8 of 24 -- Wagner tree with cost 557.
Status : Wagner : 9 of 24 -- Wagner tree with cost 559.
Status : Wagner : 10 of 24 -- Wagner tree with cost 560.
Status : Wagner : 11 of 24 -- Wagner tree with cost 560.
Status : Wagner : 12 of 24 -- Wagner tree with cost 560.
Status : Wagner : 13 of 24 -- Wagner tree with cost 560.
Status : Wagner : 14 of 24 -- Wagner tree with cost 561.
Status : Wagner : 15 of 24 -- Wagner tree with cost 563.
Status : Wagner : 16 of 24 -- Wagner tree with cost 563.
Status : Wagner : 17 of 24 -- Wagner tree with cost 573.
Status : Wagner : 18 of 24 -- Wagner tree with cost 580.
Status : Wagner : 19 of 24 -- Wagner tree with cost 585.
Status : Wagner : 20 of 24 -- Wagner tree with cost 586.
Status : Wagner : 21 of 24 -- Wagner tree with cost 586.
Status : Wagner : 22 of 24 -- Wagner tree with cost 925.
Status : Wagner : 23 of 24 -- Wagner tree with cost 925.
Status : Wagner Finished
Status : Building Wagner Tree Finished
Status : TBR : 1458 Searching
Information : 
                Timer:
                   1 seconds
Information : 
                Timer:
                   4 seconds
Information : 
                Timer:
                   5 seconds
Information : 
                Timer:
                   6 seconds
Information : 
                Timer:
                   7 seconds
Information : 
                Timer:
                   8 seconds
Information : 
                Timer:
                   9 seconds
Information : 
                Timer:
                   10 seconds
Status : TBR Finished
Status : TBR : 1458 Searching
Information : 
                Timer:
                   2 seconds
Information : 
                Timer:
                   3 seconds
Information : 
                Timer:
                   4 seconds
Information : 
                Timer:
                   5 seconds
Status : TBR Finished
Status : Automated Search : 0 Best tree: 1454.; Time left: 1 m, 36 s; Hits: 4
Status : Transforming : 1 of 1 --  of transformations applied
Status : Transforming Finished
Status : Diagnosis : 1 of 1 -- Recalculating trees
Status : Diagnosis Finished
Status : Implied Alignments : 1 of 47 -- vertices calculated
Status : Implied Alignments : 2 of 47 -- vertices calculated
Status : Implied Alignments : 3 of 47 -- vertices calculated
Status : Implied Alignments : 4 of 47 -- vertices calculated
Status : Implied Alignments : 5 of 47 -- vertices calculated
Status : Implied Alignments : 6 of 47 -- vertices calculated
Status : Implied Alignments : 7 of 47 -- vertices calculated
Status : Implied Alignments : 8 of 47 -- vertices calculated
Status : Implied Alignments : 9 of 47 -- vertices calculated
Status : Implied Alignments : 10 of 47 -- vertices calculated
Status : Implied Alignments : 11 of 47 -- vertices calculated
Status : Implied Alignments : 12 of 47 -- vertices calculated
Status : Implied Alignments : 13 of 47 -- vertices calculated
Status : Implied Alignments : 14 of 47 -- vertices calculated
Status : Implied Alignments : 15 of 47 -- vertices calculated
Status : Implied Alignments : 16 of 47 -- vertices calculated
Status : Implied Alignments : 17 of 47 -- vertices calculated
Status : Implied Alignments : 18 of 47 -- vertices calculated
Status : Implied Alignments : 19 of 47 -- vertices calculated
Status : Implied Alignments : 20 of 47 -- vertices calculated
Status : Implied Alignments : 21 of 47 -- vertices calculated
Status : Implied Alignments : 22 of 47 -- vertices calculated
Status : Implied Alignments : 23 of 47 -- vertices calculated
Status : Implied Alignments : 24 of 47 -- vertices calculated
Status : Implied Alignments : 25 of 47 -- vertices calculated
Status : Implied Alignments : 26 of 47 -- vertices calculated
Status : Implied Alignments : 27 of 47 -- vertices calculated
Status : Implied Alignments : 28 of 47 -- vertices calculated
Status : Implied Alignments : 29 of 47 -- vertices calculated
Status : Implied Alignments : 30 of 47 -- vertices calculated
Status : Implied Alignments : 31 of 47 -- vertices calculated
Status : Implied Alignments : 32 of 47 -- vertices calculated
Status : Implied Alignments : 33 of 47 -- vertices calculated
Status : Implied Alignments : 34 of 47 -- vertices calculated
Status : Implied Alignments : 35 of 47 -- vertices calculated
Status : Implied Alignments : 36 of 47 -- vertices calculated
Status : Implied Alignments : 37 of 47 -- vertices calculated
Status : Implied Alignments : 38 of 47 -- vertices calculated
Status : Implied Alignments : 39 of 47 -- vertices calculated
Status : Implied Alignments : 40 of 47 -- vertices calculated
Status : Implied Alignments : 41 of 47 -- vertices calculated
Status : Implied Alignments : 42 of 47 -- vertices calculated
Status : Implied Alignments : 43 of 47 -- vertices calculated
Status : Implied Alignments : 44 of 47 -- vertices calculated
Status : Implied Alignments : 45 of 47 -- vertices calculated
Status : Implied Alignments Finished
Status : Static Approximation Finished
Status : Loading Characters : 0 of 24 -- Storing the character specifications
Status : Loading Characters : 1 of 24 -- Storing the character specifications
Status : Loading Characters : 2 of 24 -- Storing the character specifications
Status : Loading Characters : 3 of 24 -- Storing the character specifications
Status : Loading Characters : 4 of 24 -- Storing the character specifications
Status : Loading Characters : 5 of 24 -- Storing the character specifications
Status : Loading Characters : 6 of 24 -- Storing the character specifications
Status : Loading Characters : 7 of 24 -- Storing the character specifications
Status : Loading Characters : 8 of 24 -- Storing the character specifications
Status : Loading Characters : 9 of 24 -- Storing the character specifications
Status :
Loading Characters : 10 of 24 -- Storing the character specifications
Status :
Loading Characters : 11 of 24 -- Storing the character specifications
Status :
Loading Characters : 12 of 24 -- Storing the character specifications
Status :
Loading Characters : 13 of 24 -- Storing the character specifications
Status :
Loading Characters : 14 of 24 -- Storing the character specifications
Status :
Loading Characters : 15 of 24 -- Storing the character specifications
Status :
Loading Characters : 16 of 24 -- Storing the character specifications
Status :
Loading Characters : 17 of 24 -- Storing the character specifications
Status :
Loading Characters : 18 of 24 -- Storing the character specifications
Status :
Loading Characters : 19 of 24 -- Storing the character specifications
Status :
Loading Characters : 20 of 24 -- Storing the character specifications
Status :
Loading Characters : 21 of 24 -- Storing the character specifications
Status :
Loading Characters : 22 of 24 -- Storing the character specifications
Status :
Loading Characters : 23 of 24 -- Storing the character specifications
Status :
Loading Characters : 24 of 24 -- Storing the character specifications
Status : Loading Characters Finished
Status : Transforming : 1 of 1 --  of transformations applied
Status : Transforming Finished
Status : Diagnosis : 0 Recalculating original tree
Status : Diagnosis Finished
Status : Diagnosis : 1 of 1 -- Recalculating trees
Status : Diagnosis Finished
Status : Perturb Iteration : 1 of 4 -- 
Status : Ratcheting : 0 of 1 -- trees in the current optimum
Status : Diagnosis : 0 Recalculating original tree
Status : Diagnosis Finished
Status : Ratcheting : 1 of 1 -- trees in the current optimum
Status : TBR : 1808 Searching
Status : TBR Finished
Status : Diagnosis : 0 Recalculating original tree
Status : Diagnosis Finished
Status : Ratcheting Finished
Status : Perturb Iteration : 2 of 4 -- 
Status : Ratcheting : 0 of 1 -- trees in the current optimum
Status : Diagnosis : 0 Recalculating original tree
Status : Diagnosis Finished
Status : Ratcheting : 1 of 1 -- trees in the current optimum
Status : TBR : 1807 Searching
Status : TBR Finished
Status : Diagnosis : 0 Recalculating original tree
Status : Diagnosis Finished
Status : Ratcheting Finished
Status : Perturb Iteration : 3 of 4 -- 
Status : Ratcheting : 0 of 1 -- trees in the current optimum
Status : Diagnosis : 0 Recalculating original tree
Status : Diagnosis Finished
Status : Ratcheting : 1 of 1 -- trees in the current optimum
Status : TBR : 1852 Searching
Status : TBR Finished
Status : Diagnosis : 0 Recalculating original tree
Status : Diagnosis Finished
Status : Ratcheting Finished
Status : Perturb Iteration : 4 of 4 -- 
Status : Ratcheting : 0 of 1 -- trees in the current optimum
Status : Diagnosis : 0 Recalculating original tree
Status : Diagnosis Finished
Status : Ratcheting : 1 of 1 -- trees in the current optimum
Status : TBR : 1820 Searching
Status : TBR Finished
Status : Diagnosis : 0 Recalculating original tree
Status : Diagnosis Finished
Status : Ratcheting Finished
Status : Perturb Iteration Finished
Status : Diagnosis : 0 Recalculating original tree
Status : Diagnosis Finished
Status : Automated Search : 0 Best tree: 1454.; Time left: 1 m, 32 s; Hits: 4
Status : RAS + TBR : 0 Searching on tree number 5
Status : Wagner : 2 of 24 -- Wagner tree with cost 26.
Status : Wagner : 3 of 24 -- Wagner tree with cost 491.
Status : Wagner : 4 of 24 -- Wagner tree with cost 492.
Status : Wagner : 5 of 24 -- Wagner tree with cost 831.
Status : Wagner : 6 of 24 -- Wagner tree with cost 833.
Status : Wagner : 7 of 24 -- Wagner tree with cost 876.
Status : Wagner : 8 of 24 -- Wagner tree with cost 897.
Status : Wagner : 9 of 24 -- Wagner tree with cost 1459.
Status : Wagner : 10 of 24 -- Wagner tree with cost 1461.
Status : Wagner : 11 of 24 -- Wagner tree with cost 1465.
Status : Wagner : 12 of 24 -- Wagner tree with cost 1467.
Status : Wagner : 13 of 24 -- Wagner tree with cost 1468.
Status : Wagner : 14 of 24 -- Wagner tree with cost 1470.
Status : Wagner : 15 of 24 -- Wagner tree with cost 1480.
Status : Wagner : 16 of 24 -- Wagner tree with cost 1480.
Status : Wagner : 17 of 24 -- Wagner tree with cost 1481.
Status : Wagner : 18 of 24 -- Wagner tree with cost 1482.
Status : Wagner : 19 of 24 -- Wagner tree with cost 1482.
Status : Wagner : 20 of 24 -- Wagner tree with cost 1485.
Status : Wagner : 21 of 24 -- Wagner tree with cost 1485.
Status : Wagner : 22 of 24 -- Wagner tree with cost 1485.
Status : Wagner : 23 of 24 -- Wagner tree with cost 1486.
Status : Wagner Finished
Status : Building Wagner Tree Finished
Status : TBR : 1453 Searching
Information : 
                Timer:
                   5 seconds
Information : 
                Timer:
                   6 seconds
Information : 
                Timer:
                   7 seconds
Information : 
                Timer:
                   8 seconds
Information : 
                Timer:
                   9 seconds
Information : 
                Timer:
                   10 seconds
Information : 
                Timer:
                   11 seconds
Status : TBR Finished
Status : TBR : 1453 Searching
Information : 
                Timer:
                   1 seconds
Information : 
                Timer:
                   2 seconds
Information : 
                Timer:
                   3 seconds
Information : 
                Timer:
                   4 seconds
Status : TBR Finished
Status : Automated Search : 0 Best tree: 1453.; Time left: 1 m, 12 s; Hits: 1
Status : RAS + TBR : 0 Searching on tree number 6
Status : Wagner : 2 of 24 -- Wagner tree with cost 486.
Status : Wagner : 3 of 24 -- Wagner tree with cost 805.
Status : Wagner : 4 of 24 -- Wagner tree with cost 828.
Status : Wagner : 5 of 24 -- Wagner tree with cost 828.
Status : Wagner : 6 of 24 -- Wagner tree with cost 829.
Status : Wagner : 7 of 24 -- Wagner tree with cost 878.
Status : Wagner : 8 of 24 -- Wagner tree with cost 895.
Status : Wagner : 9 of 24 -- Wagner tree with cost 896.
Status : Wagner : 10 of 24 -- Wagner tree with cost 899.
Status : Wagner : 11 of 24 -- Wagner tree with cost 900.
Status : Wagner : 12 of 24 -- Wagner tree with cost 902.
Status : Wagner : 13 of 24 -- Wagner tree with cost 902.
Status : Wagner : 14 of 24 -- Wagner tree with cost 904.
Status : Wagner : 15 of 24 -- Wagner tree with cost 1461.
Status : Wagner : 16 of 24 -- Wagner tree with cost 1461.
Status : Wagner : 17 of 24 -- Wagner tree with cost 1461.
Status : Wagner : 18 of 24 -- Wagner tree with cost 1466.
Status : Wagner : 19 of 24 -- Wagner tree with cost 1470.
Status : Wagner : 20 of 24 -- Wagner tree with cost 1470.
Status : Wagner : 21 of 24 -- Wagner tree with cost 1479.
Status : Wagner : 22 of 24 -- Wagner tree with cost 1480.
Status : Wagner : 23 of 24 -- Wagner tree with cost 1480.
Status : Wagner Finished
Status : Building Wagner Tree Finished
Status : TBR : 1453 Searching
Information : 
                Timer:
                   1 seconds
Information : 
                Timer:
                   2 seconds
Information : 
                Timer:
                   3 seconds
Information : 
                Timer:
                   4 seconds
Information : 
                Timer:
                   5 seconds
Status : TBR Finished
Status : Automated Search : 0 Best tree: 1453.; Time left: 1 m, 1 s; Hits: 2
Status : Transforming : 1 of 1 --  of transformations applied
Status : Transforming Finished
Status : Diagnosis : 1 of 1 -- Recalculating trees
Status : Diagnosis Finished
Status : Implied Alignments : 1 of 47 -- vertices calculated
Status : Implied Alignments : 2 of 47 -- vertices calculated
Status : Implied Alignments : 3 of 47 -- vertices calculated
Status : Implied Alignments : 4 of 47 -- vertices calculated
Status : Implied Alignments : 5 of 47 -- vertices calculated
Status : Implied Alignments : 6 of 47 -- vertices calculated
Status : Implied Alignments : 7 of 47 -- vertices calculated
Status : Implied Alignments : 8 of 47 -- vertices calculated
Status : Implied Alignments : 9 of 47 -- vertices calculated
Status : Implied Alignments : 10 of 47 -- vertices calculated
Status : Implied Alignments : 11 of 47 -- vertices calculated
Status : Implied Alignments : 12 of 47 -- vertices calculated
Status : Implied Alignments : 13 of 47 -- vertices calculated
Status : Implied Alignments : 14 of 47 -- vertices calculated
Status : Implied Alignments : 15 of 47 -- vertices calculated
Status : Implied Alignments : 16 of 47 -- vertices calculated
Status : Implied Alignments : 17 of 47 -- vertices calculated
Status : Implied Alignments : 18 of 47 -- vertices calculated
Status : Implied Alignments : 19 of 47 -- vertices calculated
Status : Implied Alignments : 20 of 47 -- vertices calculated
Status : Implied Alignments : 21 of 47 -- vertices calculated
Status : Implied Alignments : 22 of 47 -- vertices calculated
Status : Implied Alignments : 23 of 47 -- vertices calculated
Status : Implied Alignments : 24 of 47 -- vertices calculated
Status : Implied Alignments : 25 of 47 -- vertices calculated
Status : Implied Alignments : 26 of 47 -- vertices calculated
Status : Implied Alignments : 27 of 47 -- vertices calculated
Status : Implied Alignments : 28 of 47 -- vertices calculated
Status : Implied Alignments : 29 of 47 -- vertices calculated
Status : Implied Alignments : 30 of 47 -- vertices calculated
Status : Implied Alignments : 31 of 47 -- vertices calculated
Status : Implied Alignments : 32 of 47 -- vertices calculated
Status : Implied Alignments : 33 of 47 -- vertices calculated
Status : Implied Alignments : 34 of 47 -- vertices calculated
Status : Implied Alignments : 35 of 47 -- vertices calculated
Status : Implied Alignments : 36 of 47 -- vertices calculated
Status : Implied Alignments : 37 of 47 -- vertices calculated
Status : Implied Alignments : 38 of 47 -- vertices calculated
Status : Implied Alignments : 39 of 47 -- vertices calculated
Status : Implied Alignments : 40 of 47 -- vertices calculated
Status : Implied Alignments : 41 of 47 -- vertices calculated
Status : Implied Alignments : 42 of 47 -- vertices calculated
Status : Implied Alignments : 43 of 47 -- vertices calculated
Status : Implied Alignments : 44 of 47 -- vertices calculated
Status : Implied Alignments : 45 of 47 -- vertices calculated
Status : Implied Alignments Finished
Status : Static Approximation Finished
Status : Loading Characters : 0 of 24 -- Storing the character specifications
Status : Loading Characters : 1 of 24 -- Storing the character specifications
Status : Loading Characters : 2 of 24 -- Storing the character specifications
Status : Loading Characters : 3 of 24 -- Storing the character specifications
Status : Loading Characters : 4 of 24 -- Storing the character specifications
Status : Loading Characters : 5 of 24 -- Storing the character specifications
Status : Loading Characters : 6 of 24 -- Storing the character specifications
Status : Loading Characters : 7 of 24 -- Storing the character specifications
Status : Loading Characters : 8 of 24 -- Storing the character specifications
Status : Loading Characters : 9 of 24 -- Storing the character specifications
Status :
Loading Characters : 10 of 24 -- Storing the character specifications
Status :
Loading Characters : 11 of 24 -- Storing the character specifications
Status :
Loading Characters : 12 of 24 -- Storing the character specifications
Status :
Loading Characters : 13 of 24 -- Storing the character specifications
Status :
Loading Characters : 14 of 24 -- Storing the character specifications
Status :
Loading Characters : 15 of 24 -- Storing the character specifications
Status :
Loading Characters : 16 of 24 -- Storing the character specifications
Status :
Loading Characters : 17 of 24 -- Storing the character specifications
Status :
Loading Characters : 18 of 24 -- Storing the character specifications
Status :
Loading Characters : 19 of 24 -- Storing the character specifications
Status :
Loading Characters : 20 of 24 -- Storing the character specifications
Status :
Loading Characters : 21 of 24 -- Storing the character specifications
Status :
Loading Characters : 22 of 24 -- Storing the character specifications
Status :
Loading Characters : 23 of 24 -- Storing the character specifications
Status :
Loading Characters : 24 of 24 -- Storing the character specifications
Status : Loading Characters Finished
Status : Transforming : 1 of 1 --  of transformations applied
Status : Transforming Finished
Status : Diagnosis : 0 Recalculating original tree
Status : Diagnosis Finished
Status : Diagnosis : 1 of 1 -- Recalculating trees
Status : Diagnosis Finished
Status : Perturb Iteration : 1 of 4 -- 
Status : Ratcheting : 0 of 1 -- trees in the current optimum
Status : Diagnosis : 0 Recalculating original tree
Status : Diagnosis Finished
Status : Ratcheting : 1 of 1 -- trees in the current optimum
Status : TBR : 1823 Searching
Status : TBR Finished
Status : Diagnosis : 0 Recalculating original tree
Status : Diagnosis Finished
Status : Ratcheting Finished
Status : Perturb Iteration : 2 of 4 -- 
Status : Ratcheting : 0 of 1 -- trees in the current optimum
Status : Diagnosis : 0 Recalculating original tree
Status : Diagnosis Finished
Status : Ratcheting : 1 of 1 -- trees in the current optimum
Status : TBR : 1807 Searching
Status : TBR Finished
Status : Diagnosis : 0 Recalculating original tree
Status : Diagnosis Finished
Status : Ratcheting Finished
Status : Perturb Iteration : 3 of 4 -- 
Status : Ratcheting : 0 of 1 -- trees in the current optimum
Status : Diagnosis : 0 Recalculating original tree
Status : Diagnosis Finished
Status : Ratcheting : 1 of 1 -- trees in the current optimum
Status : TBR : 1826 Searching
Status : TBR Finished
Status : Diagnosis : 0 Recalculating original tree
Status : Diagnosis Finished
Status : Ratcheting Finished
Status : Perturb Iteration : 4 of 4 -- 
Status : Ratcheting : 0 of 1 -- trees in the current optimum
Status : Diagnosis : 0 Recalculating original tree
Status : Diagnosis Finished
Status : Ratcheting : 1 of 1 -- trees in the current optimum
Status : TBR : 1816 Searching
Status : TBR Finished
Status : Diagnosis : 0 Recalculating original tree
Status : Diagnosis Finished
Status : Ratcheting Finished
Status : Perturb Iteration Finished
Status : Diagnosis : 0 Recalculating original tree
Status : Diagnosis Finished
Status : Automated Search : 0 Best tree: 1453.; Time left: 57 s; Hits: 2
Status : RAS + TBR Finished
Status : Automated Search : 0 Best tree: 1453.; Time left: 57 s; Hits: 2
Status : Fusing Trees : 0 Generation 1
Status : Tree Fusing : 0 of 1 -- 
Status : Tree Fusing : 1 of 1 -- 
Status :
Tree Fusing :
1 of 1 -- tree #11 [1453.] -> tree #2 [1458.]: tree with cost 1454.
Status :
Tree Fusing :
1 of 1 -- tree #11 [1453.] -> tree #2 [1458.]: tree with cost 1453.
Status : TBR : 1453 Searching
Information : 
                Timer:
                   5 seconds
Information : 
                Timer:
                   6 seconds
Information : 
                Timer:
                   7 seconds
Information : 
                Timer:
                   8 seconds
Information : 
                Timer:
                   9 seconds
Information : 
                Timer:
                   10 seconds
Information : 
                Timer:
                   11 seconds
Status : TBR Finished
Status : Tree Fusing Finished
Status : Automated Search : 0 Best tree: 1453.; Time left: 44 s; Hits: 3
Status : Automated Search : 0 Best tree: 1453.; Time left: 44 s; Hits: 3
Status : Fusing Trees : 0 Generation 2
Status : Tree Fusing : 0 of 1 -- 
Status : Tree Fusing : 1 of 1 -- 
Status :
Tree Fusing :
1 of 1 -- tree #1 [1458.] -> tree #1 [1455.]: tree with cost 1458.
Status : Tree Fusing Finished
Status : Automated Search : 0 Best tree: 1453.; Time left: 44 s; Hits: 3
Status : Automated Search : 0 Best tree: 1453.; Time left: 44 s; Hits: 3
Status : Fusing Trees : 0 Generation 3
Status : Tree Fusing : 0 of 1 -- 
Status : Tree Fusing : 1 of 1 -- 
Status : Tree Fusing Finished
Status : Automated Search : 0 Best tree: 1453.; Time left: 44 s; Hits: 3
Status : Automated Search : 0 Best tree: 1453.; Time left: 44 s; Hits: 3
Status : Fusing Trees : 0 Generation 4
Status : Tree Fusing : 0 of 1 -- 
Status : Tree Fusing : 1 of 1 -- 
Status :
Tree Fusing :
1 of 1 -- tree #10 [1453.] -> tree #2 [1455.]: tree with cost 1453.
Status :
Tree Fusing :
1 of 1 -- tree #10 [1453.] -> tree #2 [1455.]: tree with cost 1454.
Status : TBR : 1453 Searching
Information : 
                Timer:
                   1 seconds
Information : 
                Timer:
                   5 seconds
Information : 
                Timer:
                   6 seconds
Information : 
                Timer:
                   7 seconds
Information : 
                Timer:
                   8 seconds
Information : 
                Timer:
                   9 seconds
Information : 
                Timer:
                   10 seconds
Information : 
                Timer:
                   11 seconds
Status : TBR Finished
Status : Tree Fusing Finished
Status : Automated Search : 0 Best tree: 1453.; Time left: 30 s; Hits: 4
Status : Automated Search : 0 Best tree: 1453.; Time left: 30 s; Hits: 4
Status : Fusing Trees : 0 Generation 5
Status : Tree Fusing : 0 of 1 -- 
Status : Tree Fusing : 1 of 1 -- 
Status :
Tree Fusing :
1 of 1 -- tree #9 [1453.] -> tree #10 [1453.]: tree with cost 1453.
Status :
Tree Fusing :
1 of 1 -- tree #9 [1453.] -> tree #10 [1453.]: tree with cost 1453.
Status : Tree Fusing Finished
Status : Automated Search : 0 Best tree: 1453.; Time left: 29 s; Hits: 4
Status : Automated Search : 0 Best tree: 1453.; Time left: 29 s; Hits: 4
Status : Fusing Trees : 0 Generation 6
Status : Tree Fusing : 0 of 1 -- 
Status : Tree Fusing : 1 of 1 -- 
Status :
Tree Fusing :
1 of 1 -- tree #3 [1454.] -> tree #9 [1453.]: tree with cost 1453.
Status :
Tree Fusing :
1 of 1 -- tree #3 [1454.] -> tree #9 [1453.]: tree with cost 1454.
Status : Tree Fusing Finished
Status : Automated Search : 0 Best tree: 1453.; Time left: 28 s; Hits: 4
Status : Automated Search : 0 Best tree: 1453.; Time left: 28 s; Hits: 4
Status : Fusing Trees : 0 Generation 7
Status : Tree Fusing : 0 of 1 -- 
Status : Tree Fusing : 1 of 1 -- 
Status :
Tree Fusing :
1 of 1 -- tree #11 [1453.] -> tree #7 [1454.]: tree with cost 1454.
Status :
Tree Fusing :
1 of 1 -- tree #11 [1453.] -> tree #7 [1454.]: tree with cost 1453.
Status : TBR : 1453 Searching
Information : 
                Timer:
                   6 seconds
Information : 
                Timer:
                   7 seconds
Information : 
                Timer:
                   8 seconds
Information : 
                Timer:
                   9 seconds
Information : 
                Timer:
                   10 seconds
Information : 
                Timer:
                   11 seconds
Status : TBR Finished
Status : Tree Fusing Finished
Status : Automated Search : 0 Best tree: 1453.; Time left: 14 s; Hits: 5
Status : Automated Search : 0 Best tree: 1453.; Time left: 14 s; Hits: 5
Status : Fusing Trees : 0 Generation 8
Status : Tree Fusing : 0 of 1 -- 
Status : Tree Fusing : 1 of 1 -- 
Status :
Tree Fusing :
1 of 1 -- tree #9 [1453.] -> tree #3 [1454.]: tree with cost 1454.
Status :
Tree Fusing :
1 of 1 -- tree #9 [1453.] -> tree #3 [1454.]: tree with cost 1453.
Status : TBR : 1453 Searching
Information : 
                Timer:
                   1 seconds
Information : 
                Timer:
                   2 seconds
Information : 
                Timer:
                   3 seconds
Information : 
                Timer:
                   4 seconds
Information : 
                Timer:
                   5 seconds
Information : 
                Timer:
                   10 seconds
Information : 
                Timer:
                   11 seconds
Status : TBR Finished
Status : Tree Fusing Finished
Status : Automated Search : 0 Best tree: 1453.; Time left: 1 s; Hits: 6
Status : Automated Search : 0 Best tree: 1453.; Time left: 1 s; Hits: 6
Status : Fusing Trees : 0 Generation 9
Status : Tree Fusing : 0 of 1 -- 
Status : Tree Fusing : 1 of 1 -- 
Status :
Tree Fusing :
1 of 1 -- tree #8 [1453.] -> tree #5 [1454.]: tree with cost 1454.
Status : Tree Fusing Finished
Status : Automated Search : 0 Best tree: 1453.; Time left: 0 s; Hits: 6
Status : Automated Search : 0 Best tree: 1453.; Time left: 0 s; Hits: 6
Status : Fusing Trees : 0 Generation 10
Status : Tree Fusing : 0 of 1 -- 
Status : Tree Fusing : 1 of 1 -- 
Status :
Tree Fusing :
1 of 1 -- tree #1 [1454.] -> tree #10 [1453.]: tree with cost 1453.
Status :
Tree Fusing :
1 of 1 -- tree #1 [1454.] -> tree #10 [1453.]: tree with cost 1454.
Status : Tree Fusing Finished
Status : Automated Search : 0 Best tree: 1453.; Time left: -1 s; Hits: 6
Status : Fusing Trees Finished
Status : Diagnosis : 0 Recalculating original tree
Status : Diagnosis Finished
Status : Diagnosis : 1 of 4 -- Recalculating trees
Status : Diagnosis : 0 Recalculating original tree
Status : Diagnosis Finished
Status : Diagnosis : 2 of 4 -- Recalculating trees
Status : Diagnosis : 0 Recalculating original tree
Status : Diagnosis Finished
Status : Diagnosis : 3 of 4 -- Recalculating trees
Status : Diagnosis : 0 Recalculating original tree
Status : Diagnosis Finished
Status : Diagnosis : 4 of 4 -- Recalculating trees
Status : Diagnosis Finished
Status : Diagnosis : 0 Recalculating original tree
Status : Diagnosis Finished
Status : Diagnosis : 1 of 2 -- Recalculating trees
Status : Diagnosis : 0 Recalculating original tree
Status : Diagnosis Finished
Status : Diagnosis : 2 of 2 -- Recalculating trees
Status : Diagnosis Finished
Status : Diagnosis : 0 Recalculating original tree
Status : Diagnosis Finished
Status : Diagnosis : 1 of 7 -- Recalculating trees
Status : Diagnosis : 0 Recalculating original tree
Status : Diagnosis Finished
Status : Diagnosis : 2 of 7 -- Recalculating trees
Status : Diagnosis : 0 Recalculating original tree
Status : Diagnosis Finished
Status : Diagnosis : 3 of 7 -- Recalculating trees
Status : Diagnosis : 0 Recalculating original tree
Status : Diagnosis Finished
Status : Diagnosis : 4 of 7 -- Recalculating trees
Status : Diagnosis : 0 Recalculating original tree
Status : Diagnosis Finished
Status : Diagnosis : 5 of 7 -- Recalculating trees
Status : Diagnosis : 0 Recalculating original tree
Status : Diagnosis Finished
Status : Diagnosis : 6 of 7 -- Recalculating trees
Status : Diagnosis : 0 Recalculating original tree
Status : Diagnosis Finished
Status : Diagnosis : 7 of 7 -- Recalculating trees
Status : Diagnosis Finished
Status : Diagnosis : 0 Recalculating original tree
Status : Diagnosis Finished
Status : Diagnosis : 1 of 8 -- Recalculating trees
Status : Diagnosis : 0 Recalculating original tree
Status : Diagnosis Finished
Status : Diagnosis : 2 of 8 -- Recalculating trees
Status : Diagnosis : 0 Recalculating original tree
Status : Diagnosis Finished
Status : Diagnosis : 3 of 8 -- Recalculating trees
Status : Diagnosis : 0 Recalculating original tree
Status : Diagnosis Finished
Status : Diagnosis : 4 of 8 -- Recalculating trees
Status : Diagnosis : 0 Recalculating original tree
Status : Diagnosis Finished
Status : Diagnosis : 5 of 8 -- Recalculating trees
Status : Diagnosis : 0 Recalculating original tree
Status : Diagnosis Finished
Status : Diagnosis : 6 of 8 -- Recalculating trees
Status : Diagnosis : 0 Recalculating original tree
Status : Diagnosis Finished
Status : Diagnosis : 7 of 8 -- Recalculating trees
Status : Diagnosis : 0 Recalculating original tree
Status : Diagnosis Finished
Status : Diagnosis : 8 of 8 -- Recalculating trees
Status : Diagnosis Finished
Status : Diagnosis : 0 Recalculating original tree
Status : Diagnosis Finished
Status : Diagnosis : 1 of 10 -- Recalculating trees
Status : Diagnosis : 0 Recalculating original tree
Status : Diagnosis Finished
Status : Diagnosis : 2 of 10 -- Recalculating trees
Status : Diagnosis : 0 Recalculating original tree
Status : Diagnosis Finished
Status : Diagnosis : 3 of 10 -- Recalculating trees
Status : Diagnosis : 0 Recalculating original tree
Status : Diagnosis Finished
Status : Diagnosis : 4 of 10 -- Recalculating trees
Status : Diagnosis : 0 Recalculating original tree
Status : Diagnosis Finished
Status : Diagnosis : 5 of 10 -- Recalculating trees
Status : Diagnosis : 0 Recalculating original tree
Status : Diagnosis Finished
Status : Diagnosis : 6 of 10 -- Recalculating trees
Status : Diagnosis : 0 Recalculating original tree
Status : Diagnosis Finished
Status : Diagnosis : 7 of 10 -- Recalculating trees
Status : Diagnosis : 0 Recalculating original tree
Status : Diagnosis Finished
Status : Diagnosis : 8 of 10 -- Recalculating trees
Status : Diagnosis : 0 Recalculating original tree
Status : Diagnosis Finished
Status : Diagnosis : 9 of 10 -- Recalculating trees
Status : Diagnosis : 0 Recalculating original tree
Status : Diagnosis Finished
Status : Diagnosis : 10 of 10 -- Recalculating trees
Status : Diagnosis Finished
Status : Diagnosis : 0 Recalculating original tree
Status : Diagnosis Finished
Status : Diagnosis : 1 of 15 -- Recalculating trees
Status : Diagnosis : 0 Recalculating original tree
Status : Diagnosis Finished
Status : Diagnosis : 2 of 15 -- Recalculating trees
Status : Diagnosis : 0 Recalculating original tree
Status : Diagnosis Finished
Status : Diagnosis : 3 of 15 -- Recalculating trees
Status : Diagnosis : 0 Recalculating original tree
Status : Diagnosis Finished
Status : Diagnosis : 4 of 15 -- Recalculating trees
Status : Diagnosis : 0 Recalculating original tree
Status : Diagnosis Finished
Status : Diagnosis : 5 of 15 -- Recalculating trees
Status : Diagnosis : 0 Recalculating original tree
Status : Diagnosis Finished
Status : Diagnosis : 6 of 15 -- Recalculating trees
Status : Diagnosis : 0 Recalculating original tree
Status : Diagnosis Finished
Status : Diagnosis : 7 of 15 -- Recalculating trees
Status : Diagnosis : 0 Recalculating original tree
Status : Diagnosis Finished
Status : Diagnosis : 8 of 15 -- Recalculating trees
Status : Diagnosis : 0 Recalculating original tree
Status : Diagnosis Finished
Status : Diagnosis : 9 of 15 -- Recalculating trees
Status : Diagnosis : 0 Recalculating original tree
Status : Diagnosis Finished
Status : Diagnosis : 10 of 15 -- Recalculating trees
Status : Diagnosis : 0 Recalculating original tree
Status : Diagnosis Finished
Status : Diagnosis : 11 of 15 -- Recalculating trees
Status : Diagnosis : 0 Recalculating original tree
Status : Diagnosis Finished
Status : Diagnosis : 12 of 15 -- Recalculating trees
Status : Diagnosis : 0 Recalculating original tree
Status : Diagnosis Finished
Status : Diagnosis : 13 of 15 -- Recalculating trees
Status : Diagnosis : 0 Recalculating original tree
Status : Diagnosis Finished
Status : Diagnosis : 14 of 15 -- Recalculating trees
Status : Diagnosis : 0 Recalculating original tree
Status : Diagnosis Finished
Status : Diagnosis : 15 of 15 -- Recalculating trees
Status : Diagnosis Finished
Status : Automated Search Finished
Information :
The search evaluated 243 independent repetitions with ratchet and fusing for 593 generations. The shortest tree was found 299 times.
Status : Implied Alignments : 1 of 47 -- vertices calculated
Status : Implied Alignments : 2 of 47 -- vertices calculated
Status : Implied Alignments : 3 of 47 -- vertices calculated
Status : Implied Alignments : 4 of 47 -- vertices calculated
Status : Implied Alignments : 5 of 47 -- vertices calculated
Status : Implied Alignments : 6 of 47 -- vertices calculated
Status : Implied Alignments : 7 of 47 -- vertices calculated
Status : Implied Alignments : 8 of 47 -- vertices calculated
Status : Implied Alignments : 9 of 47 -- vertices calculated
Status : Implied Alignments : 10 of 47 -- vertices calculated
Status : Implied Alignments : 11 of 47 -- vertices calculated
Status : Implied Alignments : 12 of 47 -- vertices calculated
Status : Implied Alignments : 13 of 47 -- vertices calculated
Status : Implied Alignments : 14 of 47 -- vertices calculated
Status : Implied Alignments : 15 of 47 -- vertices calculated
Status : Implied Alignments : 16 of 47 -- vertices calculated
Status : Implied Alignments : 17 of 47 -- vertices calculated
Status : Implied Alignments : 18 of 47 -- vertices calculated
Status : Implied Alignments : 19 of 47 -- vertices calculated
Status : Implied Alignments : 20 of 47 -- vertices calculated
Status : Implied Alignments : 21 of 47 -- vertices calculated
Status : Implied Alignments : 22 of 47 -- vertices calculated
Status : Implied Alignments : 23 of 47 -- vertices calculated
Status : Implied Alignments : 24 of 47 -- vertices calculated
Status : Implied Alignments : 25 of 47 -- vertices calculated
Status : Implied Alignments : 26 of 47 -- vertices calculated
Status : Implied Alignments : 27 of 47 -- vertices calculated
Status : Implied Alignments : 28 of 47 -- vertices calculated
Status : Implied Alignments : 29 of 47 -- vertices calculated
Status : Implied Alignments : 30 of 47 -- vertices calculated
Status : Implied Alignments : 31 of 47 -- vertices calculated
Status : Implied Alignments : 32 of 47 -- vertices calculated
Status : Implied Alignments : 33 of 47 -- vertices calculated
Status : Implied Alignments : 34 of 47 -- vertices calculated
Status : Implied Alignments : 35 of 47 -- vertices calculated
Status : Implied Alignments : 36 of 47 -- vertices calculated
Status : Implied Alignments : 37 of 47 -- vertices calculated
Status : Implied Alignments : 38 of 47 -- vertices calculated
Status : Implied Alignments : 39 of 47 -- vertices calculated
Status : Implied Alignments : 40 of 47 -- vertices calculated
Status : Implied Alignments : 41 of 47 -- vertices calculated
Status : Implied Alignments : 42 of 47 -- vertices calculated
Status : Implied Alignments : 43 of 47 -- vertices calculated
Status : Implied Alignments : 44 of 47 -- vertices calculated
Status : Implied Alignments : 45 of 47 -- vertices calculated
Status : Implied Alignments Finished
Status : Static Approximation Finished
Status : Loading Characters : 0 of 24 -- Storing the character specifications
Status : Loading Characters : 1 of 24 -- Storing the character specifications
Status : Loading Characters : 2 of 24 -- Storing the character specifications
Status : Loading Characters : 3 of 24 -- Storing the character specifications
Status : Loading Characters : 4 of 24 -- Storing the character specifications
Status : Loading Characters : 5 of 24 -- Storing the character specifications
Status : Loading Characters : 6 of 24 -- Storing the character specifications
Status : Loading Characters : 7 of 24 -- Storing the character specifications
Status : Loading Characters : 8 of 24 -- Storing the character specifications
Status : Loading Characters : 9 of 24 -- Storing the character specifications
Status :
Loading Characters : 10 of 24 -- Storing the character specifications
Status :
Loading Characters : 11 of 24 -- Storing the character specifications
Status :
Loading Characters : 12 of 24 -- Storing the character specifications
Status :
Loading Characters : 13 of 24 -- Storing the character specifications
Status :
Loading Characters : 14 of 24 -- Storing the character specifications
Status :
Loading Characters : 15 of 24 -- Storing the character specifications
Status :
Loading Characters : 16 of 24 -- Storing the character specifications
Status :
Loading Characters : 17 of 24 -- Storing the character specifications
Status :
Loading Characters : 18 of 24 -- Storing the character specifications
Status :
Loading Characters : 19 of 24 -- Storing the character specifications
Status :
Loading Characters : 20 of 24 -- Storing the character specifications
Status :
Loading Characters : 21 of 24 -- Storing the character specifications
Status :
Loading Characters : 22 of 24 -- Storing the character specifications
Status :
Loading Characters : 23 of 24 -- Storing the character specifications
Status :
Loading Characters : 24 of 24 -- Storing the character specifications
Status : Loading Characters Finished
Status : Transforming : 1 of 1 --  of transformations applied
Status : Transforming Finished
Status : Diagnosis : 0 Recalculating original tree
Status : Diagnosis Finished
Status : Diagnosis : 1 of 1 -- Recalculating trees
Status : Diagnosis Finished
Status : Diagnosis : 0 Recalculating original tree
Status : Diagnosis Finished
Status : Diagnosis : 1 of 1 -- Recalculating trees
Status : Diagnosis Finished
Tree with cost 1453
  |--------------------NC_001608  
  |                               
  | |------------------AB050936   
  | |                             
  | |   |--------------AF173836   
  | |   |                         
  | | |-| |------------AY729654   
  | | | |-|                       
  | | |   |------------NC_006432  
  | | |                           
  | | |     |----------AF054908   
  | | |     |                     
  | | |     | |--------AY058895   
  | | |   |-| |                   
  | | |   | |-| |------EU051639   
  | | |   |   |-|                 
  | | |   |     |------Y09358     
  | | |   |                       
  | | |   | |----------AY142960   
  | | | |-| |                     
  | | | | | |----------NC_002549  
  | | | | | |                     
  | | | | |-|----------EBORNA     
--| | | |   |                     
  |-| | |   |----------AF086833   
    | | |   |                     
    |-| |   |----------AF499101   
      | |                         
      | | |------------EU051648   
      | | |                       
      | | | |----------EU051647   
      | | |-|                     
      |-| | |----------EU051650   
        | |                       
        | | |----------EU051649   
        | | |                     
        | | |----------EU051644   
        |-| |                     
          | |----------EU051642   
          | |                     
          |-| |--------EU051640   
            |-|                   
            | |--------EU051641   
            |                     
            | |--------EU051645   
            |-|                   
              |--------EU051646   
