Status : Transforming : 1 of 1 --  of transformations applied
Status : Transforming Finished
Status : Diagnosis : 1 of 1 -- Recalculating trees
Status : Diagnosis Finished
Status : Diagnosis : 0 Recalculating original tree
Status : Diagnosis Finished
Status : Diagnosis : 1 of 1 -- Recalculating trees
Status : Diagnosis Finished
Tree with cost 2176
  |-----------------------------------------------------------------------taxid382847  
  |                                                                                    
  | |---------------------------------------------------------------------taxid624781  
  | |                                                                                  
  | |   |-----------------------------------------------------------------taxid624782  
  | | |-|                                                                              
  | | | |-----------------------------------------------------------------taxid624786  
  | |-|                                                                                
  | | | |-----------------------------------------------------------------taxid624785  
  | | |-|                                                                              
  | |   |-----------------------------------------------------------------taxid624787  
  | |                                                                                  
  | | |-------------------------------------------------------------------taxid624778  
  | | |                                                                                
  | | | |-----------------------------------------------------------------taxid624788  
  | | | |                                                                              
  | | | | |---------------------------------------------------------------taxid624777  
  | | | | |                                                                            
  | | | | |   |-----------------------------------------------------------taxid624780  
  | | | | |   |                                                                        
  | | | | |   | |---------------------------------------------------------taxid166942  
  | | | | |   | |                                                                      
  | | | | |   | |   |-----------------------------------------------------taxid487074  
  | | | | |   | |   |                                                                  
  | | | | |   | |   |   |-------------------------------------------------taxid374441  
  | | | | |   | |   |   |                                                              
  | | | | |   | |   |   | |-----------------------------------------------taxid571201  
  | | | | |   | |   |   | |                                                            
  | | | | |   | |   |   | | |---------------------------------------------taxid169165  
  | | | | |   | |   |   | | |                                                          
  | | | | |   | |   | |-| | | |-------------------------------------------taxid161497  
  | | | | |   | |   | | |-| | |                                                        
  | | | | |   | |   | |   |-| | |-----------------------------------------taxid169160  
  | | | | |   | |   | |     |-| |                                                      
  | | | | |   | |   | |       |-| |---------------------------------------taxid161500  
  | | | | |   | |   | |         |-|                                                    
  | | | | |   | |   | |           |---------------------------------------taxid161501  
  | | | | |   | |   | |                                                                
  | | | | |   | |   | | |-------------------------------------------------taxid519832  
  | | | | |   | | |-| | |                                                              
  | | | | |   | | | | | | |-----------------------------------------------taxid519831  
  | | | | |   | | | | | | |                                                            
  | | | | |   | | | | | | |   |-------------------------------------------taxid488881  
  | | | | |   | | | |-| | | |-|                                                        
  | | | | |   | | |   | | | | |-------------------------------------------taxid488885  
  | | | | |   | | |   | | | |                                                          
  | | | | |   | | |   | | | | |-------------------------------------------taxid411157  
  | | | | |   | | |   |-| | | |                                                        
  | | | | |   | | |     |-| | | |-----------------------------------------taxid519834  
  | | | | |   | | |       |-| | |                                                      
  | | | | |   | | |         | | | |---------------------------------------taxid519833  
  | | | | |   | | |         |-| | |                                                    
  | | | | |   | | |           |-| | |-------------------------------------taxid488884  
  | | | | |   | | |             |-| |                                                  
  | | | | |   | | |               |-| |-----------------------------------taxid488882  
  | | | | |   | | |                 |-|                                                
  | | | | |   | | |                   |-----------------------------------taxid594672  
  | | | | |   | | |                                                                    
  | | | | |   | | |   |---------------------------------------------------taxid161502  
  | | | | |   | | |   |                                                                
  | | | | |   | | | |-| |-------------------------------------------------taxid161498  
  | | | | |   | | | | |-|                                                              
  | | | | |   | | | |   |-------------------------------------------------taxid161499  
  | | | | |   | | | |                                                                  
  | | | | |   | | | |   |-------------------------------------------------taxid614035  
  | | | | | |-| | | |   |                                                              
  | | | | | | |-| | |   | |-----------------------------------------------taxid374442  
  | | | | | |   | | |   | |                                                            
  | | | | | |   | | |   | |   |-------------------------------------------taxid455318  
  | | | | | |   | | |   | | |-|                                                        
  | | | | | |   | | |   | | | |-------------------------------------------taxid619318  
  | | | | | |   | | | |-| | |                                                          
  | | | | | |   | | | | |-| | |-------------------------------------------taxid374443  
  | | | | | |   | | | |   |-| |                                                        
  | | | | | |   | | | |     | |-------------------------------------------taxid456289  
  | | | | | |   |-| | |     |-|                                                        
  | | | | | |     | | |       | |-----------------------------------------taxid456270  
  | | | | | |     | | |       |-|                                                      
  | | | | | |     | | |         |-----------------------------------------taxid456283  
  | | | | | |     | | |                                                                
  | | | | | |     | | | |-------------------------------------------------taxid641501  
  | | | | | |     | | | |                                                              
  | | | | | |     | | | |-------------------------------------------------taxid641810  
  | | | | | |     | | | |                                                              
  | | | | | |     | | | | |-----------------------------------------------EPI177291    
  | | | | | |     | | | | |                                                            
  | | | | | |     |-| | | |-----------------------------------------------taxid641807  
  | | | | | |       | | | |                                                            
  | | | | | |       | | | |-----------------------------------------------EPI177316    
  | | | | | |       | | | |                                                            
  | | | | | |       | | | |-----------------------------------------------EPI176601    
  | | | | | |       |-| | |                                                            
  | | | | | |         | | |-----------------------------------------------EPI176593    
  | | | | | |         | | |                                                            
  | | | | | |         | | |-----------------------------------------------EPI177301    
  | | | | | |         | | |                                                            
  | | | | | |         |-| |-----------------------------------------------taxid641811  
  | | | | | |           | |                                                            
  | | | | | |           |-|-----------------------------------------------EPI176598    
  | | | | | |             |                                                            
  | | | | | |             | |---------------------------------------------EPI176588    
  | | | | | |             | |                                                          
  | | | | | |             | |---------------------------------------------EPI176638    
  | | | | | |             | |                                                          
  | | | | | |             | |---------------------------------------------taxid641812  
  | | | | | |             | |                                                          
  | | | | | |             |-|---------------------------------------------EPI176636    
  | | | | | |               |                                                          
  | | | | | |               |---------------------------------------------EPI176642    
  | | | | | |               |                                                          
  | | | | | |               | |-------------------------------------------EPI177278    
  | | | | | |               |-|                                                        
  | | | | | |                 |-------------------------------------------EPI177280    
  | | | | | |                                                                          
  | | | | | |   |---------------------------------------------------------taxid624776  
  | | | | | |   |                                                                      
  | | | | | |   | |-------------------------------------------------------taxid624784  
  | | | | | | |-| |                                                                    
  | | | | | | | |-| |-----------------------------------------------------taxid161504  
  | | | | | | |   |-|                                                                  
  | | | | | | |     |-----------------------------------------------------taxid169169  
  | | | | | | |                                                                        
  | | | | | | | |---------------------------------------------------------taxid624775  
  | | | | | | | |                                                                      
  | | | | | | | | |-------------------------------------------------------taxid624773  
  | | | | | | | | |                                                                    
  | | | | | | | | |   |---------------------------------------------------taxid624774  
  | | | | | | | | | |-|                                                                
  | | | | | | | | | | |---------------------------------------------------taxid624779  
  | | | | | | | | | |                                                                  
  | | | | | | | | | | |---------------------------------------------------taxid166943  
  | | | | | | | | | | |                                                                
  | | | | | | | | | | |   |-----------------------------------------------taxid441583  
  | | | | | | | | | | | |-|                                                            
  | | | | | | | | | | | | |-----------------------------------------------taxid441584  
--| | | | | | | | | |-| |                                                              
  |-| | | | | | | | | |-| |-----------------------------------------------taxid88299   
    | | | | | | | | |   | |                                                            
    | | | | | | | | |   |-| |---------------------------------------------taxid166940  
    | | | | | | | | |     |-|                                                          
    | | | | | | | | |       |---------------------------------------------taxid173717  
    |-| | | | | | | |                                                                  
      |-| | | | | | | |---------------------------------------------------taxid624772  
        |-| | | | | | |                                                                
          | | | | | | |   |-----------------------------------------------taxid402527  
          | | | | | | |   |                                                            
          | | | | | | |   | |---------------------------------------------taxid11448   
          | | | | | | |   | |                                                          
          | | | | | | |   | | |-------------------------------------------taxid222752  
          | | | | | | |   | | |                                                        
          | | | | | | |   | | |   |---------------------------------------taxid183786  
          | | | | | | |   | | |   |                                                    
          | | | | | | | |-| | | |-| |-------------------------------------taxid183787  
          | | | | | | | | |-| | | |-|                                                  
          | | | | | | | |   |-| |   |-------------------------------------taxid352348  
          | | | | | | | |     | |                                                      
          | | | | | | | |     |-| |---------------------------------------taxid400733  
          | | | | | | | |       | |                                                    
          | | | | | | | |       |-|---------------------------------------taxid222746  
          | | | | | | | |         |                                                    
          | | | | | | | |         |---------------------------------------taxid551235  
          | | | | | | | |                                                              
          | | | | | | | |   |---------------------------------------------taxid426736  
          | | | | | | | |   |                                                          
          | | | | | | | |   | |-------------------------------------------taxid400735  
          | | | | | | | | |-| |                                                        
          | | | | | | | | | |-| |-----------------------------------------taxid424895  
          |-| | | | | | | |   |-|                                                      
            | | | | | | | |     |-----------------------------------------taxid449402  
            | | | | | | | |                                                            
            | | | | | | | |   |-------------------------------------------taxid173720  
            | | | | | | | | |-|                                                        
            | | | | | | | | | |-------------------------------------------taxid367715  
            | | | | | | | | |                                                          
            | | | | | | | | |   |-----------------------------------------taxid222750  
            | | | | | | | | |   |                                                      
            | | | | | | | | | |-| |---------------------------------------taxid222740  
            | | | | | | | | | | |-|                                                    
            | | | | | | | | | |   |---------------------------------------taxid352555  
            | | | | | | | | | |                                                        
            | | | | | | | | | |     |-------------------------------------taxid273378  
            | | | | | | | | | |     |                                                  
            | | | | | | | | | |   |-|-------------------------------------taxid273379  
            | | | | | | | | | |   | |                                                  
            | | | | | | | | | |   | |-------------------------------------taxid355933  
            | | | | | | | | | |   |                                                    
            | | | | | | | | | |   |   |-----------------------------------taxid573044  
            | | | | | | | | | |   |   |                                                
            | | | | | | | | | |   | |-| |---------------------------------taxid573042  
            | | | | | | | | | |   | | |-|                                              
            | | | | | | | | | |   | |   |---------------------------------taxid573043  
            | | | | | | | | | |   | |                                                  
            | | | | | | | | | |   | | |-----------------------------------taxid338846  
            |-| | | | | | | | |   | | |                                                
              | | | | | | | | |   | | | |---------------------------------taxid576797  
              | | | | | | | | | |-| | | |                                              
              |-| | | | | | | | | | | | | |-------------------------------taxid512956  
                |-| | | | | | | | | | | |-|                                            
                  |-| | | | | | | |-| | | |-------------------------------taxid576798  
                    | | | | | | |   | | |                                              
                    | | | | | | |   |-| |   |-----------------------------taxid503283  
                    | | | | | | |     |-| |-|                                          
                    | | | | | | |       | | |-----------------------------taxid512991  
                    | | | | | | |       | |                                            
                    | | | | | | |       |-| |-----------------------------taxid576796  
                    | | | | | | |         | |                                          
                    |-| | | | | |         |-|-----------------------------taxid503260  
                      | | | | | |           |                                          
                      | | | | | |           |-----------------------------taxid576795  
                      | | | | | |                                                      
                      | | | | | |     |-----------------------------------taxid273377  
                      |-| | | | |   |-|                                                
                        | | | | |   | |-----------------------------------taxid355931  
                        | | | | | |-|                                                  
                        | | | | | | | |-----------------------------------taxid371207  
                        | | | | | | |-|                                                
                        | | | | | |   |-----------------------------------taxid371208  
                        |-| | | | |                                                    
                          | | | | |     |---------------------------------taxid129775  
                          | | | | |   |-|                                              
                          |-| | | |   | |---------------------------------taxid400734  
                            | | | | |-|                                                
                            | | | | | | |---------------------------------taxid142940  
                            |-| | | | |-|                                              
                              | | | |   |---------------------------------taxid371204  
                              | | | |                                                  
                              | | | | |-----------------------------------taxid404165  
                              | | | | |                                                
                              | | | | |   |-------------------------------taxid135659  
                              | | | | |   |                                            
                              | | | | | |-| |-----------------------------taxid135658  
                              | | | | | | |-|                                          
                              |-| | | | |   |-----------------------------taxid135660  
                                | | | | |                                              
                                | | | | | |-------------------------------taxid176676  
                                | | | | | |                                            
                                | | | | | |   |---------------------------taxid186168  
                                | | | | | | |-|                                        
                                | | | | | | | |---------------------------taxid496743  
                                | | | | | | |                                          
                                | | | | | | | |---------------------------taxid274838  
                                |-| | | | | |-|                                        
                                  | | | | | | |---------------------------taxid404177  
                                  | | | | | |                                          
                                  | | | | | | |---------------------------taxid196434  
                                  |-| | | | | |                                        
                                    | | | | | |---------------------------taxid196441  
                                    | | | | | |                                        
                                    |-| | | | | |-------------------------taxid196428  
                                      | | | |-|-|                                      
                                      |-| | | | |-------------------------taxid222142  
                                        | | | |                                        
                                        |-| | | |-------------------------taxid222140  
                                          |-| |-|                                      
                                            |   |-------------------------taxid222144  
                                            |                                          
                                            |   |-------------------------taxid404183  
                                            |   |                                      
                                            | |-| |-----------------------taxid303925  
                                            | | |-|                                    
                                            | |   |-----------------------taxid404156  
                                            | |                                        
                                            | | |-------------------------taxid432077  
                                            | | |                                      
                                            |-| |-------------------------taxid274848  
                                              | |                                      
                                              |-| |-----------------------taxid295670  
                                                | |                                    
                                                |-|-----------------------taxid374987  
                                                  |                                    
                                                  |-----------------------taxid374988  
